2023-02-16 09:17:19,835 : INFO : root : Loading config.
2023-02-16 09:17:20,163 : INFO : ConfigProcessor : Config spec file cache created: C:\Users\student\AppData\Local\Temp\config_spec.mpf_cache
2023-02-16 09:17:20,163 : INFO : YamlMultifileConfigLoader : Machine config file #1: config.yaml
2023-02-16 09:17:20,163 : INFO : ConfigProcessor : Loading config from file c:\users\student\mpfenv\lib\site-packages\mpf\mpfconfig.yaml.
2023-02-16 09:17:20,223 : INFO : ConfigProcessor : Loading config: c:\users\student\mpfenv\lib\site-packages\mpf\mpfconfig.yaml
2023-02-16 09:17:20,224 : INFO : ConfigProcessor : Loading config from file C:\Users\student\pinball\cobraPinTest1\config\config.yaml.
2023-02-16 09:17:20,254 : INFO : ConfigProcessor : Loading config: C:\Users\student\pinball\cobraPinTest1\config\config.yaml
2023-02-16 09:17:20,256 : INFO : ConfigProcessor : Config file cache created: C:\Users\student\AppData\Local\Temp\f1427cd4cbc9163bc2263f349f0fb463.mpf_cache
2023-02-16 09:17:20,321 : INFO : ConfigProcessor : Loading config from file c:\users\student\mpfenv\lib\site-packages\mpf\modes\attract\config\attract.yaml.
2023-02-16 09:17:20,322 : INFO : ConfigProcessor : Loading config: c:\users\student\mpfenv\lib\site-packages\mpf\modes\attract\config\attract.yaml
2023-02-16 09:17:20,323 : INFO : ConfigProcessor : Loading config from file C:\Users\student\pinball\cobraPinTest1\modes\attract\config\attract.yaml.
2023-02-16 09:17:20,324 : INFO : ConfigProcessor : Loading config: C:\Users\student\pinball\cobraPinTest1\modes\attract\config\attract.yaml
2023-02-16 09:17:20,324 : INFO : ConfigProcessor : Config file cache created: C:\Users\student\AppData\Local\Temp\32ed7ad340ce8029344f8b9ff63edc80.mpf_cache
2023-02-16 09:17:20,325 : INFO : ConfigProcessor : Loading config from file c:\users\student\mpfenv\lib\site-packages\mpf\modes\game\config\game.yaml.
2023-02-16 09:17:20,326 : INFO : ConfigProcessor : Loading config: c:\users\student\mpfenv\lib\site-packages\mpf\modes\game\config\game.yaml
2023-02-16 09:17:20,327 : INFO : ConfigProcessor : Config file cache created: C:\Users\student\AppData\Local\Temp\8696bd5a5a040ff67990be11cb4d3c0c.mpf_cache
2023-02-16 09:17:20,327 : INFO : ConfigProcessor : Loading config from file C:\Users\student\pinball\cobraPinTest1\modes\base\config\base.yaml.
2023-02-16 09:17:20,336 : INFO : ConfigProcessor : Loading config: C:\Users\student\pinball\cobraPinTest1\modes\base\config\base.yaml
2023-02-16 09:17:20,336 : INFO : ConfigProcessor : Config file cache created: C:\Users\student\AppData\Local\Temp\4675a535c8328a9c278c807d999ed109.mpf_cache
2023-02-16 09:17:20,337 : INFO : ConfigProcessor : Loading config from file C:\Users\student\pinball\cobraPinTest1\modes\reentry\config\reentry.yaml.
2023-02-16 09:17:20,348 : INFO : ConfigProcessor : Loading config: C:\Users\student\pinball\cobraPinTest1\modes\reentry\config\reentry.yaml
2023-02-16 09:17:20,348 : INFO : ConfigProcessor : Config file cache created: C:\Users\student\AppData\Local\Temp\0c8438cab3480347c0c749fa494946a2.mpf_cache
2023-02-16 09:17:20,349 : INFO : ConfigProcessor : Loading config from file C:\Users\student\pinball\cobraPinTest1\modes\attract\shows\.\attract_display_loop.yaml.
2023-02-16 09:17:20,359 : INFO : ConfigProcessor : Loading config: C:\Users\student\pinball\cobraPinTest1\modes\attract\shows\.\attract_display_loop.yaml
2023-02-16 09:17:20,360 : INFO : ConfigProcessor : Config file cache created: C:\Users\student\AppData\Local\Temp\f8d2c2cf3ea01f085365ea23fa51a701.mpf_cache
2023-02-16 09:17:20,360 : INFO : ConfigProcessor : Loading config from file C:\Users\student\pinball\cobraPinTest1\modes\attract\shows\.\attract_light_show.yaml.
2023-02-16 09:17:20,364 : INFO : ConfigProcessor : Loading config: C:\Users\student\pinball\cobraPinTest1\modes\attract\shows\.\attract_light_show.yaml
2023-02-16 09:17:20,364 : INFO : ConfigProcessor : Config file cache created: C:\Users\student\AppData\Local\Temp\30bd992f4b62a9b099207aebeb59554c.mpf_cache
2023-02-16 09:17:20,365 : INFO : Machine : Mission Pinball Framework Core Engine v0.55.0
2023-02-16 09:17:20,365 : INFO : Machine : Command line arguments: {'no_load_cache': True, 'create_config_cache': True, 'bcp': True, 'configfile': ['config.yaml'], 'force_assets_load': False, 'jsonlogging': False, 'logfile': 'logs\\2023-02-16-09-17-19-mpf-DESKTOP-0JH7ARL.log', 'pause': False, 'production': False, 'text_ui': True, 'loglevel': 15, 'consoleloglevel': 20, 'force_platform': None, 'syslog_address': None, 'mc_file_name': None, 'no_sound': False}
2023-02-16 09:17:20,365 : INFO : Machine : MPF path: c:\users\student\mpfenv\lib\site-packages\mpf
2023-02-16 09:17:20,365 : INFO : Machine : Machine path: C:\Users\student\pinball\cobraPinTest1
2023-02-16 09:17:20,365 : INFO : Machine : Platform: win32
2023-02-16 09:17:20,365 : INFO : Machine : Python executable location: c:\users\student\mpfenv\scripts\python.exe
2023-02-16 09:17:20,365 : INFO : Machine : Python version: 3.7.8 (64-bit)
2023-02-16 09:17:20,367 : INFO : Machine : Initialise MPF.
2023-02-16 09:17:20,529 : INFO : EventManager : Event: ======'machine_var_credits_string'====== Args={'value': 'FREE PLAY', 'prev_value': None, 'change': True}
2023-02-16 09:17:20,569 : INFO : EventManager : Event: ======'machine_var_master_volume'====== Args={'value': 0.5, 'prev_value': None, 'change': True}
2023-02-16 09:17:20,569 : INFO : EventManager : Event: ======'machine_var_player1_score'====== Args={'value': 1500, 'prev_value': None, 'change': True}
2023-02-16 09:17:20,569 : INFO : EventManager : Event: ======'machine_var_mpf_version'====== Args={'value': 'MPF v0.55.0', 'prev_value': None, 'change': True}
2023-02-16 09:17:20,569 : INFO : EventManager : Event: ======'machine_var_mpf_extended_version'====== Args={'value': 'MPF v0.55.0, Config version:5, Show version: 5, BCP version:1.1', 'prev_value': None, 'change': True}
2023-02-16 09:17:20,569 : INFO : EventManager : Event: ======'machine_var_python_version'====== Args={'value': '3.7.8', 'prev_value': None, 'change': True}
2023-02-16 09:17:20,570 : INFO : EventManager : Event: ======'machine_var_platform'====== Args={'value': 'Windows-10-10.0.19041-SP0', 'prev_value': None, 'change': True}
2023-02-16 09:17:20,570 : INFO : EventManager : Event: ======'machine_var_platform_system'====== Args={'value': 'Windows', 'prev_value': None, 'change': True}
2023-02-16 09:17:20,570 : INFO : EventManager : Event: ======'machine_var_platform_release'====== Args={'value': '10', 'prev_value': None, 'change': True}
2023-02-16 09:17:20,570 : INFO : EventManager : Event: ======'machine_var_platform_version'====== Args={'value': '10.0.19041', 'prev_value': None, 'change': True}
2023-02-16 09:17:20,570 : INFO : EventManager : Event: ======'machine_var_platform_machine'====== Args={'value': 'AMD64', 'prev_value': None, 'change': True}
2023-02-16 09:17:20,570 : INFO : EventManager : Event: ======'init_phase_1'====== Args={}
2023-02-16 09:17:20,585 : INFO : EventManager : Event: ======'logicblock_reentry_switch_counter_updated'====== Args={'value': 0, 'enabled': True}
2023-02-16 09:17:20,585 : INFO : EventManager : Event: ======'logicblock_reentry_switch_counter_updated'====== Args={'value': 0, 'enabled': True}
2023-02-16 09:17:20,586 : INFO : EventManager : Event: ======'init_phase_2'====== Args={}
2023-02-16 09:17:20,586 : INFO : SwitchController : Found active switch: ('0-0-8', <Platform.Virtual>) <switch.s_trough1>
2023-02-16 09:17:20,588 : INFO : EventManager : Event: ======'bcp_connection_attempt'====== Args={'name': 'local_display', 'host': 'localhost', 'port': 5050}
2023-02-16 09:17:20,590 : INFO : BCPClientSocket : Connecting BCP to 'local_display' at localhost:5050...
2023-02-16 09:17:22,635 : INFO : BCPClientSocket : Connected BCP to 'local_display' localhost:5050
2023-02-16 09:17:22,637 : INFO : EventManager : Event: ======'bcp_clients_connected'====== Args={}
2023-02-16 09:17:22,652 : INFO : ball_device.bd_trough : BCH: Initial count: 1
2023-02-16 09:17:22,652 : INFO : EventManager : Event: ======'machine_var_mc_version'====== Args={'value': 'MPF-MC v0.55.0', 'prev_value': None, 'change': True}
2023-02-16 09:17:22,652 : INFO : EventManager : Event: ======'machine_var_mc_extended_version'====== Args={'value': 'MPF-MC v0.55.0 (config_version=5, BCP v1.1, Requires MPF v0.55.0-dev.49)', 'prev_value': None, 'change': True}
2023-02-16 09:17:22,654 : INFO : ball_device.bd_trough : State: idle
2023-02-16 09:17:22,666 : INFO : ball_device.bd_plunger : BCH: Initial count: 0
2023-02-16 09:17:22,666 : INFO : ball_device.bd_plunger : State: idle
2023-02-16 09:17:22,723 : INFO : EventManager : Event: ======'init_phase_3'====== Args={}
2023-02-16 09:17:22,726 : INFO : EventManager : Event: ======'init_phase_4'====== Args={}
2023-02-16 09:17:22,726 : INFO : BallController : Initial balls found: 1
2023-02-16 09:17:22,728 : INFO : EventManager : Event: ======'machine_var_audits_events_game_ended'====== Args={'value': 0, 'prev_value': None, 'change': True}
2023-02-16 09:17:22,729 : INFO : EventManager : Event: ======'machine_var_audits_events_game_started'====== Args={'value': 0, 'prev_value': None, 'change': True}
2023-02-16 09:17:22,729 : INFO : EventManager : Event: ======'machine_var_audits_player_score'====== Args={'value': {'average': 1800.0, 'top': [2000, 1900, 1500], 'total': 3}, 'prev_value': None, 'change': True}
2023-02-16 09:17:22,729 : INFO : EventManager : Event: ======'machine_var_audits_shots_my_first_shot'====== Args={'value': 113, 'prev_value': None, 'change': True}
2023-02-16 09:17:22,729 : INFO : EventManager : Event: ======'machine_var_audits_shots_my_first_shot_mode2'====== Args={'value': 72, 'prev_value': None, 'change': True}
2023-02-16 09:17:22,729 : INFO : EventManager : Event: ======'machine_var_audits_shots_reentryL_shot'====== Args={'value': 67, 'prev_value': None, 'change': True}
2023-02-16 09:17:22,730 : INFO : EventManager : Event: ======'machine_var_audits_shots_reentryM_shot'====== Args={'value': 66, 'prev_value': None, 'change': True}
2023-02-16 09:17:22,731 : INFO : EventManager : Event: ======'machine_var_audits_shots_reentryR_shot'====== Args={'value': 50, 'prev_value': None, 'change': True}
2023-02-16 09:17:22,731 : INFO : EventManager : Event: ======'machine_var_audits_shots_reentry_shot'====== Args={'value': 9, 'prev_value': None, 'change': True}
2023-02-16 09:17:22,731 : INFO : EventManager : Event: ======'machine_var_audits_switches_s_blackhole_kicker'====== Args={'value': 0, 'prev_value': None, 'change': True}
2023-02-16 09:17:22,732 : INFO : EventManager : Event: ======'machine_var_audits_switches_s_bonus_lane'====== Args={'value': 0, 'prev_value': None, 'change': True}
2023-02-16 09:17:22,732 : INFO : EventManager : Event: ======'machine_var_audits_switches_s_booster_drop_target_1'====== Args={'value': 0, 'prev_value': None, 'change': True}
2023-02-16 09:17:22,732 : INFO : EventManager : Event: ======'machine_var_audits_switches_s_booster_drop_target_2'====== Args={'value': 0, 'prev_value': None, 'change': True}
2023-02-16 09:17:22,732 : INFO : EventManager : Event: ======'machine_var_audits_switches_s_booster_drop_target_3'====== Args={'value': 0, 'prev_value': None, 'change': True}
2023-02-16 09:17:22,732 : INFO : EventManager : Event: ======'machine_var_audits_switches_s_comet_spot_1'====== Args={'value': 0, 'prev_value': None, 'change': True}
2023-02-16 09:17:22,733 : INFO : EventManager : Event: ======'machine_var_audits_switches_s_comet_spot_2'====== Args={'value': 0, 'prev_value': None, 'change': True}
2023-02-16 09:17:22,733 : INFO : EventManager : Event: ======'machine_var_audits_switches_s_comet_spot_3'====== Args={'value': 0, 'prev_value': None, 'change': True}
2023-02-16 09:17:22,733 : INFO : EventManager : Event: ======'machine_var_audits_switches_s_engine_bumper_1'====== Args={'value': 0, 'prev_value': None, 'change': True}
2023-02-16 09:17:22,733 : INFO : EventManager : Event: ======'machine_var_audits_switches_s_engine_bumper_2'====== Args={'value': 0, 'prev_value': None, 'change': True}
2023-02-16 09:17:22,734 : INFO : EventManager : Event: ======'machine_var_audits_switches_s_engine_bumper_3'====== Args={'value': 0, 'prev_value': None, 'change': True}
2023-02-16 09:17:22,734 : INFO : EventManager : Event: ======'machine_var_audits_switches_s_fuel_chute_1'====== Args={'value': 0, 'prev_value': None, 'change': True}
2023-02-16 09:17:22,734 : INFO : EventManager : Event: ======'machine_var_audits_switches_s_fuel_chute_2'====== Args={'value': 0, 'prev_value': None, 'change': True}
2023-02-16 09:17:22,734 : INFO : EventManager : Event: ======'machine_var_audits_switches_s_fuel_chute_3'====== Args={'value': 0, 'prev_value': None, 'change': True}
2023-02-16 09:17:22,734 : INFO : EventManager : Event: ======'machine_var_audits_switches_s_fuel_chute_4'====== Args={'value': 0, 'prev_value': None, 'change': True}
2023-02-16 09:17:22,735 : INFO : EventManager : Event: ======'machine_var_audits_switches_s_fuel_chute_5'====== Args={'value': 0, 'prev_value': None, 'change': True}
2023-02-16 09:17:22,735 : INFO : EventManager : Event: ======'machine_var_audits_switches_s_fuel_chute_6'====== Args={'value': 0, 'prev_value': None, 'change': True}
2023-02-16 09:17:22,735 : INFO : EventManager : Event: ======'machine_var_audits_switches_s_fuel_flag'====== Args={'value': 0, 'prev_value': None, 'change': True}
2023-02-16 09:17:22,735 : INFO : EventManager : Event: ======'machine_var_audits_switches_s_fuel_spot_1'====== Args={'value': 0, 'prev_value': None, 'change': True}
2023-02-16 09:17:22,736 : INFO : EventManager : Event: ======'machine_var_audits_switches_s_fuel_spot_2'====== Args={'value': 0, 'prev_value': None, 'change': True}
2023-02-16 09:17:22,736 : INFO : EventManager : Event: ======'machine_var_audits_switches_s_fuel_spot_3'====== Args={'value': 0, 'prev_value': None, 'change': True}
2023-02-16 09:17:22,737 : INFO : EventManager : Event: ======'machine_var_audits_switches_s_green_wormhole'====== Args={'value': 0, 'prev_value': None, 'change': True}
2023-02-16 09:17:22,737 : INFO : EventManager : Event: ======'machine_var_audits_switches_s_hyperspace_flag'====== Args={'value': 0, 'prev_value': None, 'change': True}
2023-02-16 09:17:22,737 : INFO : EventManager : Event: ======'machine_var_audits_switches_s_hyperspacekicker'====== Args={'value': 0, 'prev_value': None, 'change': True}
2023-02-16 09:17:22,738 : INFO : EventManager : Event: ======'machine_var_audits_switches_s_launch_lane_1'====== Args={'value': 0, 'prev_value': None, 'change': True}
2023-02-16 09:17:22,738 : INFO : EventManager : Event: ======'machine_var_audits_switches_s_launch_lane_2'====== Args={'value': 0, 'prev_value': None, 'change': True}
2023-02-16 09:17:22,738 : INFO : EventManager : Event: ======'machine_var_audits_switches_s_launch_lane_3'====== Args={'value': 0, 'prev_value': None, 'change': True}
2023-02-16 09:17:22,739 : INFO : EventManager : Event: ======'machine_var_audits_switches_s_launch_ramp'====== Args={'value': 0, 'prev_value': None, 'change': True}
2023-02-16 09:17:22,739 : INFO : EventManager : Event: ======'machine_var_audits_switches_s_left_attack_bumper'====== Args={'value': 0, 'prev_value': None, 'change': True}
2023-02-16 09:17:22,739 : INFO : EventManager : Event: ======'machine_var_audits_switches_s_left_flipper'====== Args={'value': 455, 'prev_value': None, 'change': True}
2023-02-16 09:17:22,739 : INFO : EventManager : Event: ======'machine_var_audits_switches_s_left_out_lane'====== Args={'value': 0, 'prev_value': None, 'change': True}
2023-02-16 09:17:22,740 : INFO : EventManager : Event: ======'machine_var_audits_switches_s_left_out_lane_kicker'====== Args={'value': 0, 'prev_value': None, 'change': True}
2023-02-16 09:17:22,740 : INFO : EventManager : Event: ======'machine_var_audits_switches_s_left_return_lane'====== Args={'value': 0, 'prev_value': None, 'change': True}
2023-02-16 09:17:22,740 : INFO : EventManager : Event: ======'machine_var_audits_switches_s_lower_attack_bumper'====== Args={'value': 0, 'prev_value': None, 'change': True}
2023-02-16 09:17:22,740 : INFO : EventManager : Event: ======'machine_var_audits_switches_s_lower_left_rebound'====== Args={'value': 0, 'prev_value': None, 'change': True}
2023-02-16 09:17:22,741 : INFO : EventManager : Event: ======'machine_var_audits_switches_s_lower_left_slingshot'====== Args={'value': 0, 'prev_value': None, 'change': True}
2023-02-16 09:17:22,741 : INFO : EventManager : Event: ======'machine_var_audits_switches_s_lower_right_rebound'====== Args={'value': 0, 'prev_value': None, 'change': True}
2023-02-16 09:17:22,741 : INFO : EventManager : Event: ======'machine_var_audits_switches_s_lower_right_slingshot'====== Args={'value': 0, 'prev_value': None, 'change': True}
2023-02-16 09:17:22,742 : INFO : EventManager : Event: ======'machine_var_audits_switches_s_medal_drop_left'====== Args={'value': 0, 'prev_value': None, 'change': True}
2023-02-16 09:17:22,742 : INFO : EventManager : Event: ======'machine_var_audits_switches_s_medal_drop_middle'====== Args={'value': 0, 'prev_value': None, 'change': True}
2023-02-16 09:17:22,743 : INFO : EventManager : Event: ======'machine_var_audits_switches_s_medal_drop_right'====== Args={'value': 0, 'prev_value': None, 'change': True}
2023-02-16 09:17:22,743 : INFO : EventManager : Event: ======'machine_var_audits_switches_s_mission_spot_1'====== Args={'value': 0, 'prev_value': None, 'change': True}
2023-02-16 09:17:22,744 : INFO : EventManager : Event: ======'machine_var_audits_switches_s_mission_spot_2'====== Args={'value': 0, 'prev_value': None, 'change': True}
2023-02-16 09:17:22,745 : INFO : EventManager : Event: ======'machine_var_audits_switches_s_mission_spot_3'====== Args={'value': 0, 'prev_value': None, 'change': True}
2023-02-16 09:17:22,745 : INFO : EventManager : Event: ======'machine_var_audits_switches_s_multiplier_left'====== Args={'value': 0, 'prev_value': None, 'change': True}
2023-02-16 09:17:22,746 : INFO : EventManager : Event: ======'machine_var_audits_switches_s_multiplier_middle'====== Args={'value': 0, 'prev_value': None, 'change': True}
2023-02-16 09:17:22,746 : INFO : EventManager : Event: ======'machine_var_audits_switches_s_multiplier_right'====== Args={'value': 0, 'prev_value': None, 'change': True}
2023-02-16 09:17:22,747 : INFO : EventManager : Event: ======'machine_var_audits_switches_s_plunger'====== Args={'value': 69, 'prev_value': None, 'change': True}
2023-02-16 09:17:22,748 : INFO : EventManager : Event: ======'machine_var_audits_switches_s_radiationspot_1'====== Args={'value': 0, 'prev_value': None, 'change': True}
2023-02-16 09:17:22,749 : INFO : EventManager : Event: ======'machine_var_audits_switches_s_radiationspot_2'====== Args={'value': 0, 'prev_value': None, 'change': True}
2023-02-16 09:17:22,749 : INFO : EventManager : Event: ======'machine_var_audits_switches_s_radiationspot_3'====== Args={'value': 0, 'prev_value': None, 'change': True}
2023-02-16 09:17:22,749 : INFO : EventManager : Event: ======'machine_var_audits_switches_s_red_wormhole'====== Args={'value': 0, 'prev_value': None, 'change': True}
2023-02-16 09:17:22,750 : INFO : EventManager : Event: ======'machine_var_audits_switches_s_reentry_left'====== Args={'value': 402, 'prev_value': None, 'change': True}
2023-02-16 09:17:22,750 : INFO : EventManager : Event: ======'machine_var_audits_switches_s_reentry_middle'====== Args={'value': 126, 'prev_value': None, 'change': True}
2023-02-16 09:17:22,750 : INFO : EventManager : Event: ======'machine_var_audits_switches_s_reentry_right'====== Args={'value': 96, 'prev_value': None, 'change': True}
2023-02-16 09:17:22,751 : INFO : EventManager : Event: ======'machine_var_audits_switches_s_right_flipper'====== Args={'value': 183, 'prev_value': None, 'change': True}
2023-02-16 09:17:22,751 : INFO : EventManager : Event: ======'machine_var_audits_switches_s_right_inlane'====== Args={'value': 0, 'prev_value': None, 'change': True}
2023-02-16 09:17:22,751 : INFO : EventManager : Event: ======'machine_var_audits_switches_s_right_out_lane'====== Args={'value': 0, 'prev_value': None, 'change': True}
2023-02-16 09:17:22,751 : INFO : EventManager : Event: ======'machine_var_audits_switches_s_right_out_lane_kicker'====== Args={'value': 0, 'prev_value': None, 'change': True}
2023-02-16 09:17:22,752 : INFO : EventManager : Event: ======'machine_var_audits_switches_s_right_return_lane'====== Args={'value': 0, 'prev_value': None, 'change': True}
2023-02-16 09:17:22,752 : INFO : EventManager : Event: ======'machine_var_audits_switches_s_satellite_bumper'====== Args={'value': 0, 'prev_value': None, 'change': True}
2023-02-16 09:17:22,752 : INFO : EventManager : Event: ======'machine_var_audits_switches_s_secondary_outlane_kicker'====== Args={'value': 0, 'prev_value': None, 'change': True}
2023-02-16 09:17:22,753 : INFO : EventManager : Event: ======'machine_var_audits_switches_s_skill_shot_1'====== Args={'value': 0, 'prev_value': None, 'change': True}
2023-02-16 09:17:22,753 : INFO : EventManager : Event: ======'machine_var_audits_switches_s_skill_shot_2'====== Args={'value': 0, 'prev_value': None, 'change': True}
2023-02-16 09:17:22,754 : INFO : EventManager : Event: ======'machine_var_audits_switches_s_skill_shot_3'====== Args={'value': 0, 'prev_value': None, 'change': True}
2023-02-16 09:17:22,754 : INFO : EventManager : Event: ======'machine_var_audits_switches_s_skill_shot_4'====== Args={'value': 0, 'prev_value': None, 'change': True}
2023-02-16 09:17:22,755 : INFO : EventManager : Event: ======'machine_var_audits_switches_s_skill_shot_5'====== Args={'value': 0, 'prev_value': None, 'change': True}
2023-02-16 09:17:22,756 : INFO : EventManager : Event: ======'machine_var_audits_switches_s_skill_shot_6'====== Args={'value': 0, 'prev_value': None, 'change': True}
2023-02-16 09:17:22,756 : INFO : EventManager : Event: ======'machine_var_audits_switches_s_skill_shot_lane'====== Args={'value': 0, 'prev_value': None, 'change': True}
2023-02-16 09:17:22,757 : INFO : EventManager : Event: ======'machine_var_audits_switches_s_spacewarp_rollover'====== Args={'value': 0, 'prev_value': None, 'change': True}
2023-02-16 09:17:22,757 : INFO : EventManager : Event: ======'machine_var_audits_switches_s_start'====== Args={'value': 1, 'prev_value': None, 'change': True}
2023-02-16 09:17:22,758 : INFO : EventManager : Event: ======'machine_var_audits_switches_s_trough1'====== Args={'value': 28, 'prev_value': None, 'change': True}
2023-02-16 09:17:22,758 : INFO : EventManager : Event: ======'machine_var_audits_switches_s_trough2'====== Args={'value': 0, 'prev_value': None, 'change': True}
2023-02-16 09:17:22,758 : INFO : EventManager : Event: ======'machine_var_audits_switches_s_trough3'====== Args={'value': 0, 'prev_value': None, 'change': True}
2023-02-16 09:17:22,759 : INFO : EventManager : Event: ======'machine_var_audits_switches_s_trough4'====== Args={'value': 0, 'prev_value': None, 'change': True}
2023-02-16 09:17:22,759 : INFO : EventManager : Event: ======'machine_var_audits_switches_s_trough5'====== Args={'value': 0, 'prev_value': None, 'change': True}
2023-02-16 09:17:22,760 : INFO : EventManager : Event: ======'machine_var_audits_switches_s_trough6'====== Args={'value': 0, 'prev_value': None, 'change': True}
2023-02-16 09:17:22,760 : INFO : EventManager : Event: ======'machine_var_audits_switches_s_trough_jam'====== Args={'value': 0, 'prev_value': None, 'change': True}
2023-02-16 09:17:22,760 : INFO : EventManager : Event: ======'machine_var_audits_switches_s_upper_attack_bumper'====== Args={'value': 0, 'prev_value': None, 'change': True}
2023-02-16 09:17:22,761 : INFO : EventManager : Event: ======'machine_var_audits_switches_s_upper_left_rebound'====== Args={'value': 0, 'prev_value': None, 'change': True}
2023-02-16 09:17:22,761 : INFO : EventManager : Event: ======'machine_var_audits_switches_s_upper_right_rebound'====== Args={'value': 0, 'prev_value': None, 'change': True}
2023-02-16 09:17:22,762 : INFO : EventManager : Event: ======'machine_var_audits_switches_s_wormhole_target'====== Args={'value': 0, 'prev_value': None, 'change': True}
2023-02-16 09:17:22,762 : INFO : EventManager : Event: ======'machine_var_audits_switches_s_yellow_wormhole'====== Args={'value': 0, 'prev_value': None, 'change': True}
2023-02-16 09:17:22,763 : INFO : EventManager : Event: ======'init_phase_5'====== Args={}
2023-02-16 09:17:22,775 : INFO : EventManager : Event: ======'init_done'====== Args={}
2023-02-16 09:17:22,776 : INFO : EventManager : Event: ======'machine_reset_phase_1'====== Args={}
2023-02-16 09:17:22,778 : INFO : EventManager : Event: ======'slide_welcome_slide_removed'====== Args={'_from_bcp': True}
2023-02-16 09:17:22,780 : INFO : EventManager : Event: ======'slide_welcome_slide_created'====== Args={'_from_bcp': True}
2023-02-16 09:17:22,781 : INFO : EventManager : Event: ======'machine_reset_phase_2'====== Args={}
2023-02-16 09:17:22,781 : INFO : EventManager : Event: ======'machine_reset_phase_3'====== Args={}
2023-02-16 09:17:22,782 : INFO : EventManager : Event: ======'slide_welcome_slide_active'====== Args={'_from_bcp': True}
2023-02-16 09:17:22,782 : INFO : EventManager : Event: ======'reset_complete'====== Args={}
2023-02-16 09:17:22,782 : INFO : EventManager : Event: ======'mode_attract_will_start'====== Args={}
2023-02-16 09:17:22,783 : INFO : EventManager : Event: ======'mode_attract_starting'====== Args={}
2023-02-16 09:17:22,783 : INFO : Mode.attract : Started. Priority: 10
2023-02-16 09:17:22,783 : INFO : EventManager : Event: ======'modes_active_modes_changed'====== Args={}
2023-02-16 09:17:22,784 : INFO : EventManager : Event: ======'mode_attract_started'====== Args={}
2023-02-16 09:17:22,784 : INFO : EventManager : Event: ======'collecting_balls_complete'====== Args={}
2023-02-16 09:17:22,804 : INFO : EventManager : Event: ======'slide_awesome_slide_created'====== Args={'_from_bcp': True}
2023-02-16 09:17:22,804 : INFO : EventManager : Event: ======'slide_awesome_slide_active'====== Args={'_from_bcp': True}
2023-02-16 09:17:22,805 : INFO : Machine : Starting the main run loop.
2023-02-16 09:17:22,871 : INFO : BcpServer : New client connected.
2023-02-16 09:17:25,803 : INFO : EventManager : Event: ======'slide_press_start_created'====== Args={'_from_bcp': True}
2023-02-16 09:17:25,807 : INFO : EventManager : Event: ======'slide_press_start_active'====== Args={'_from_bcp': True}
2023-02-16 09:17:28,798 : INFO : EventManager : Event: ======'slide_mission_pinball_created'====== Args={'_from_bcp': True}
2023-02-16 09:17:28,799 : INFO : EventManager : Event: ======'slide_mission_pinball_active'====== Args={'_from_bcp': True}
2023-02-16 09:17:31,791 : INFO : EventManager : Event: ======'slide_last_game_score_slide_created'====== Args={'_from_bcp': True}
2023-02-16 09:17:31,794 : INFO : EventManager : Event: ======'slide_last_game_score_slide_active'====== Args={'_from_bcp': True}
2023-02-16 09:17:33,561 : INFO : SwitchController : <<<<<<< 's_start' active >>>>>>>
2023-02-16 09:17:33,597 : INFO : SwitchController : <<<<<<< 's_start' inactive >>>>>>>
2023-02-16 09:17:33,597 : INFO : EventManager : Event: ======'request_to_start_game'====== Args={}
2023-02-16 09:17:33,599 : INFO : EventManager : Event: ======'game_start'====== Args={'buttons': [], 'hold_time': 0.031000000002677552}
2023-02-16 09:17:33,599 : INFO : EventManager : Event: ======'mode_game_will_start'====== Args={'buttons': [], 'hold_time': 0.031000000002677552}
2023-02-16 09:17:33,601 : INFO : EventManager : Event: ======'mode_game_starting'====== Args={'buttons': [], 'hold_time': 0.031000000002677552}
2023-02-16 09:17:33,602 : INFO : EventManager : Event: ======'mode_attract_will_stop'====== Args={}
2023-02-16 09:17:33,604 : INFO : EventManager : Event: ======'mode_attract_stopping'====== Args={}
2023-02-16 09:17:33,606 : INFO : Mode.attract : Stopped.
2023-02-16 09:17:33,606 : INFO : EventManager : Event: ======'modes_active_modes_changed'====== Args={}
2023-02-16 09:17:33,608 : INFO : EventManager : Event: ======'mode_attract_stopped'====== Args={}
2023-02-16 09:17:33,609 : INFO : EventManager : Event: ======'clear'====== Args={'key': 'attract'}
2023-02-16 09:17:33,611 : INFO : Mode.game : Started. Priority: 20
2023-02-16 09:17:33,611 : INFO : EventManager : Event: ======'modes_active_modes_changed'====== Args={}
2023-02-16 09:17:33,613 : INFO : EventManager : Event: ======'mode_game_started'====== Args={'buttons': [], 'hold_time': 0.031000000002677552}
2023-02-16 09:17:33,623 : INFO : EventManager : Event: ======'game_will_start'====== Args={}
2023-02-16 09:17:33,624 : INFO : EventManager : Event: ======'slide_awesome_slide_removed'====== Args={'_from_bcp': True}
2023-02-16 09:17:33,624 : INFO : EventManager : Event: ======'slide_press_start_removed'====== Args={'_from_bcp': True}
2023-02-16 09:17:33,624 : INFO : EventManager : Event: ======'slide_mission_pinball_removed'====== Args={'_from_bcp': True}
2023-02-16 09:17:33,624 : INFO : EventManager : Event: ======'slide_last_game_score_slide_removed'====== Args={'_from_bcp': True}
2023-02-16 09:17:33,625 : INFO : EventManager : Event: ======'slide_welcome_slide_active'====== Args={'_from_bcp': True}
2023-02-16 09:17:33,625 : INFO : EventManager : Event: ======'game_starting'====== Args={'game': <Mode.game>}
2023-02-16 09:17:33,626 : INFO : EventManager : Event: ======'player_add_request'====== Args={}
2023-02-16 09:17:33,626 : INFO : EventManager : Event: ======'player_will_add'====== Args={'number': 1}
2023-02-16 09:17:33,626 : INFO : EventManager : Event: ======'player_adding'====== Args={'player': <Player 1>, 'number': 1}
2023-02-16 09:17:33,626 : INFO : EventManager : Event: ======'player_added'====== Args={'player': <Player 1>, 'num': 1}
2023-02-16 09:17:33,627 : INFO : Mode.game : Player added successfully. Total players: 1
2023-02-16 09:17:33,627 : INFO : EventManager : Event: ======'player_index'====== Args={'value': 0, 'prev_value': 0, 'change': 0, 'player_num': 1}
2023-02-16 09:17:33,627 : INFO : EventManager : Event: ======'player_number'====== Args={'value': 1, 'prev_value': 1, 'change': 0, 'player_num': 1}
2023-02-16 09:17:33,627 : INFO : EventManager : Event: ======'player_score'====== Args={'value': 0, 'prev_value': 0, 'change': 0, 'player_num': 1}
2023-02-16 09:17:33,628 : INFO : EventManager : Event: ======'game_started'====== Args={}
2023-02-16 09:17:33,633 : INFO : EventManager : Event: ======'player_turn_will_start'====== Args={'player': <Player 1>, 'number': 1}
2023-02-16 09:17:33,642 : INFO : EventManager : Event: ======'player_turn_starting'====== Args={'player': <Player 1>, 'number': 1}
2023-02-16 09:17:33,643 : INFO : EventManager : Event: ======'player_ball'====== Args={'value': 1, 'prev_value': 0, 'change': 1, 'player_num': 1}
2023-02-16 09:17:33,643 : INFO : EventManager : Event: ======'player_turn_started'====== Args={'player': <Player 1>, 'number': 1}
2023-02-16 09:17:33,644 : INFO : EventManager : Event: ======'ball_will_start'====== Args={'player': 1, 'ball': 1, 'balls_remaining': 2, 'is_extra_ball': False}
2023-02-16 09:17:33,646 : INFO : EventManager : Event: ======'ball_starting'====== Args={'player': 1, 'ball': 1, 'balls_remaining': 2, 'is_extra_ball': False}
2023-02-16 09:17:33,647 : INFO : EventManager : Event: ======'mode_base_will_start'====== Args={'queue': <QueuedEvent>, 'player': 1, 'ball': 1, 'balls_remaining': 2, 'is_extra_ball': False}
2023-02-16 09:17:33,647 : INFO : EventManager : Event: ======'player_shot_my_first_shot_enabled'====== Args={'value': True, 'prev_value': 0, 'change': 1, 'player_num': 1}
2023-02-16 09:17:33,648 : INFO : EventManager : Event: ======'mode_base_starting'====== Args={'queue': <QueuedEvent>, 'player': 1, 'ball': 1, 'balls_remaining': 2, 'is_extra_ball': False}
2023-02-16 09:17:33,648 : INFO : Mode.base : Started. Priority: 100
2023-02-16 09:17:33,648 : INFO : EventManager : Event: ======'modes_active_modes_changed'====== Args={}
2023-02-16 09:17:33,649 : INFO : EventManager : Event: ======'mode_base_started'====== Args={'queue': <QueuedEvent>, 'player': 1, 'ball': 1, 'balls_remaining': 2, 'is_extra_ball': False}
2023-02-16 09:17:33,650 : INFO : EventManager : Event: ======'balls_in_play'====== Args={'balls': 1}
2023-02-16 09:17:33,650 : INFO : EventManager : Event: ======'ball_started'====== Args={'player': 1, 'ball': 1, 'balls_remaining': 2, 'is_extra_ball': False}
2023-02-16 09:17:33,672 : INFO : EventManager : Event: ======'single_player_ball_started'====== Args={}
2023-02-16 09:17:33,672 : INFO : EventManager : Event: ======'slide_base.slide_player-mode_base_started_created'====== Args={'_from_bcp': True}
2023-02-16 09:17:33,673 : INFO : EventManager : Event: ======'slide__global.slide_player-ball_started_created'====== Args={'_from_bcp': True}
2023-02-16 09:17:33,673 : INFO : EventManager : Event: ======'slide_base.slide_player-mode_base_started_active'====== Args={'_from_bcp': True}
2023-02-16 09:17:33,673 : INFO : EventManager : Event: ======'ball_start_target'====== Args={'target': 'playfield'}
2023-02-16 09:17:33,674 : INFO : ball_device.bd_plunger : Setting up player-controlled eject. Balls: 1, Target: <playfield.playfield>, player_controlled_eject_event: None
2023-02-16 09:17:33,674 : INFO : EventManager : Event: ======'balldevice_balls_available'====== Args={}
2023-02-16 09:17:33,675 : INFO : ball_device.bd_trough : State: waiting_for_target_ready
2023-02-16 09:17:33,675 : INFO : EventManager : Event: ======'balldevice_bd_trough_ball_eject_attempt'====== Args={'balls': 1, 'target': <ball_device.bd_plunger>, 'source': <ball_device.bd_trough>, 'mechanical_eject': True, 'num_attempts': 0}
2023-02-16 09:17:33,675 : INFO : ball_device.bd_plunger : State: waiting_for_ball
2023-02-16 09:17:33,676 : INFO : ball_device.bd_trough : State: ejecting
2023-02-16 09:17:33,676 : INFO : ball_device.bd_trough : Ejecting ball to <ball_device.bd_plunger>
2023-02-16 09:17:33,676 : INFO : EventManager : Event: ======'balldevice_bd_trough_ejecting_ball'====== Args={'balls': 1, 'target': <ball_device.bd_plunger>, 'source': <ball_device.bd_trough>, 'mechanical_eject': True, 'num_attempts': 0}
2023-02-16 09:17:33,676 : INFO : ball_device.bd_trough : Wait for ball to leave device
2023-02-16 09:17:33,677 : INFO : coil.c_trough_eject : Pulsing Driver for 10ms (1.0 pulse_power)
2023-02-16 09:17:37,677 : INFO : SwitchController : <<<<<<< 's_trough1' inactive >>>>>>>
2023-02-16 09:17:37,684 : INFO : ball_device.bd_trough : State: ball_left
2023-02-16 09:17:37,684 : INFO : ball_device.bd_trough : Ball left
2023-02-16 09:17:37,684 : INFO : ball_device.bd_trough : Wait for confirm with timeout 10.0
2023-02-16 09:17:40,597 : INFO : SwitchController : <<<<<<< 's_plunger' active >>>>>>>
2023-02-16 09:17:40,598 : INFO : EventManager : Event: ======'machine_var_audits_switches_s_plunger'====== Args={'value': 70, 'prev_value': 69, 'change': 1}
2023-02-16 09:17:41,089 : INFO : ball_device.bd_plunger : Received ball from <ball_device.bd_trough>
2023-02-16 09:17:41,090 : INFO : EventManager : Event: ======'balldevice_bd_plunger_ball_enter'====== Args={'new_balls': 1, 'unclaimed_balls': 0, 'new_available_balls': 0, 'device': <ball_device.bd_plunger>}
2023-02-16 09:17:41,092 : INFO : EventManager : Event: ======'balldevice_bd_plunger_ball_entered'====== Args={'new_balls': 0, 'device': <ball_device.bd_plunger>}
2023-02-16 09:17:41,092 : INFO : EventManager : Event: ======'balldevice_bd_plunger_ball_count_changed'====== Args={'balls': 1}
2023-02-16 09:17:41,093 : INFO : ball_device.bd_trough : Got eject confirm
2023-02-16 09:17:41,093 : INFO : ball_device.bd_trough : Eject successful
2023-02-16 09:17:41,093 : INFO : EventManager : Event: ======'balldevice_bd_trough_ball_eject_success'====== Args={'balls': 1, 'target': <ball_device.bd_plunger>}
2023-02-16 09:17:41,095 : INFO : EventManager : Event: ======'balldevice_bd_trough_ball_count_changed'====== Args={'balls': 0}
2023-02-16 09:17:41,095 : INFO : ball_device.bd_trough : State: idle
2023-02-16 09:17:41,096 : INFO : ball_device.bd_plunger : State: waiting_for_target_ready
2023-02-16 09:17:41,096 : INFO : EventManager : Event: ======'balldevice_bd_plunger_ball_eject_attempt'====== Args={'balls': 1, 'target': <playfield.playfield>, 'source': <ball_device.bd_plunger>, 'mechanical_eject': True, 'num_attempts': 0}
2023-02-16 09:17:41,097 : INFO : ball_device.bd_plunger : State: ejecting
2023-02-16 09:17:41,097 : INFO : ball_device.bd_plunger : Ejecting ball to <playfield.playfield>
2023-02-16 09:17:41,097 : INFO : EventManager : Event: ======'balldevice_bd_plunger_ejecting_ball'====== Args={'balls': 1, 'target': <playfield.playfield>, 'source': <ball_device.bd_plunger>, 'mechanical_eject': True, 'num_attempts': 0}
2023-02-16 09:17:41,098 : INFO : ball_device.bd_plunger : Wait for ball to leave device
2023-02-16 09:17:41,625 : INFO : SwitchController : <<<<<<< 's_plunger' inactive >>>>>>>
2023-02-16 09:17:41,629 : INFO : ball_device.bd_plunger : State: ball_left
2023-02-16 09:17:41,629 : INFO : ball_device.bd_plunger : Ball left
2023-02-16 09:17:41,629 : INFO : ball_device.bd_plunger : Wait for confirm with timeout 10.0
2023-02-16 09:17:47,598 : INFO : EventManager : Event: ======'reentry_start'====== Args={'_from_bcp': True}
2023-02-16 09:17:47,600 : INFO : EventManager : Event: ======'mode_reentry_will_start'====== Args={}
2023-02-16 09:17:47,602 : INFO : EventManager : Event: ======'player_shot_reentryL_shot_enabled'====== Args={'value': True, 'prev_value': 0, 'change': 1, 'player_num': 1}
2023-02-16 09:17:47,604 : INFO : EventManager : Event: ======'player_shot_reentryM_shot_enabled'====== Args={'value': True, 'prev_value': 0, 'change': 1, 'player_num': 1}
2023-02-16 09:17:47,606 : INFO : EventManager : Event: ======'player_shot_reentryR_shot_enabled'====== Args={'value': True, 'prev_value': 0, 'change': 1, 'player_num': 1}
2023-02-16 09:17:47,608 : INFO : EventManager : Event: ======'reentry_shot_complete'====== Args={'state': 'off'}
2023-02-16 09:17:47,609 : INFO : EventManager : Event: ======'reentry_shot_off_complete'====== Args={}
2023-02-16 09:17:47,615 : INFO : EventManager : Event: ======'mode_reentry_starting'====== Args={}
2023-02-16 09:17:47,616 : INFO : Mode.reentry : Started. Priority: 200
2023-02-16 09:17:47,617 : INFO : EventManager : Event: ======'modes_active_modes_changed'====== Args={}
2023-02-16 09:17:47,618 : INFO : EventManager : Event: ======'mode_reentry_started'====== Args={}
2023-02-16 09:17:48,265 : INFO : SwitchController : <<<<<<< 's_reentry_left' active >>>>>>>
2023-02-16 09:17:48,266 : INFO : EventManager : Event: ======'playfield_active'====== Args={}
2023-02-16 09:17:48,266 : INFO : EventManager : Event: ======'playfield_active'====== Args={}
2023-02-16 09:17:48,267 : INFO : EventManager : Event: ======'s_reentry_left_active'====== Args={}
2023-02-16 09:17:48,268 : INFO : EventManager : Event: ======'sw_playfield_active'====== Args={}
2023-02-16 09:17:48,269 : INFO : EventManager : Event: ======'machine_var_audits_switches_s_reentry_left'====== Args={'value': 403, 'prev_value': 402, 'change': 1}
2023-02-16 09:17:48,270 : INFO : EventManager : Event: ======'player_shot_reentryL_shot'====== Args={'value': 1, 'prev_value': 0, 'change': 1, 'player_num': 1}
2023-02-16 09:17:48,270 : INFO : EventManager : Event: ======'machine_var_audits_shots_reentryL_shot'====== Args={'value': 68, 'prev_value': 67, 'change': 1}
2023-02-16 09:17:48,271 : INFO : EventManager : Event: ======'reentryL_shot_hit'====== Args={'profile': 'reentry', 'state': 'off', 'advancing': True}
2023-02-16 09:17:48,271 : INFO : EventManager : Event: ======'reentryL_shot_reentry_hit'====== Args={'profile': 'reentry', 'state': 'off', 'advancing': True}
2023-02-16 09:17:48,271 : INFO : EventManager : Event: ======'reentryL_shot_reentry_off_hit'====== Args={'profile': 'reentry', 'state': 'off', 'advancing': True}
2023-02-16 09:17:48,272 : INFO : EventManager : Event: ======'reentryL_shot_off_hit'====== Args={'profile': 'reentry', 'state': 'off', 'advancing': True}
2023-02-16 09:17:48,272 : INFO : EventManager : Event: ======'logicblock_reentry_switch_counter_updated'====== Args={'value': 1, 'enabled': True}
2023-02-16 09:17:48,279 : INFO : EventManager : Event: ======'reentry_sound_active'====== Args={'count': 1}
2023-02-16 09:17:48,280 : INFO : EventManager : Event: ======'reentry_shot_hit'====== Args={}
2023-02-16 09:17:48,280 : INFO : EventManager : Event: ======'reentry_shot_off_hit'====== Args={}
2023-02-16 09:17:48,280 : INFO : EventManager : Event: ======'player_score'====== Args={'value': 1000, 'prev_value': 0, 'change': 1000, 'player_num': 1}
2023-02-16 09:17:48,281 : INFO : EventManager : Event: ======'playfield_active'====== Args={}
2023-02-16 09:17:48,291 : INFO : ball_device.bd_plunger : Got eject confirm
2023-02-16 09:17:48,291 : INFO : ball_device.bd_plunger : Eject successful
2023-02-16 09:17:48,291 : INFO : EventManager : Event: ======'balldevice_bd_plunger_ball_eject_success'====== Args={'balls': 1, 'target': <playfield.playfield>}
2023-02-16 09:17:48,292 : INFO : EventManager : Event: ======'balldevice_playfield_ball_enter'====== Args={'new_balls': 1, 'unclaimed_balls': 1, 'device': <playfield.playfield>}
2023-02-16 09:17:48,292 : INFO : EventManager : Event: ======'playfield_ball_count_change'====== Args={'balls': 1, 'change': 1}
2023-02-16 09:17:48,293 : INFO : EventManager : Event: ======'balldevice_bd_plunger_ball_count_changed'====== Args={'balls': 0}
2023-02-16 09:17:48,293 : INFO : ball_device.bd_plunger : State: idle
2023-02-16 09:17:48,423 : INFO : SwitchController : <<<<<<< 's_reentry_left' inactive >>>>>>>
2023-02-16 09:17:49,817 : INFO : SwitchController : <<<<<<< 's_reentry_middle' active >>>>>>>
2023-02-16 09:17:49,818 : INFO : EventManager : Event: ======'s_reentry_middle_active'====== Args={}
2023-02-16 09:17:49,818 : INFO : EventManager : Event: ======'sw_playfield_active'====== Args={}
2023-02-16 09:17:49,819 : INFO : EventManager : Event: ======'machine_var_audits_switches_s_reentry_middle'====== Args={'value': 127, 'prev_value': 126, 'change': 1}
2023-02-16 09:17:49,821 : INFO : EventManager : Event: ======'player_shot_reentryM_shot'====== Args={'value': 1, 'prev_value': 0, 'change': 1, 'player_num': 1}
2023-02-16 09:17:49,822 : INFO : EventManager : Event: ======'machine_var_audits_shots_reentryM_shot'====== Args={'value': 67, 'prev_value': 66, 'change': 1}
2023-02-16 09:17:49,823 : INFO : EventManager : Event: ======'reentryM_shot_hit'====== Args={'profile': 'reentry', 'state': 'off', 'advancing': True}
2023-02-16 09:17:49,823 : INFO : EventManager : Event: ======'reentryM_shot_reentry_hit'====== Args={'profile': 'reentry', 'state': 'off', 'advancing': True}
2023-02-16 09:17:49,823 : INFO : EventManager : Event: ======'reentryM_shot_reentry_off_hit'====== Args={'profile': 'reentry', 'state': 'off', 'advancing': True}
2023-02-16 09:17:49,824 : INFO : EventManager : Event: ======'reentryM_shot_off_hit'====== Args={'profile': 'reentry', 'state': 'off', 'advancing': True}
2023-02-16 09:17:49,824 : INFO : EventManager : Event: ======'reentry_shot_hit'====== Args={}
2023-02-16 09:17:49,824 : INFO : EventManager : Event: ======'reentry_shot_off_hit'====== Args={}
2023-02-16 09:17:49,824 : INFO : EventManager : Event: ======'player_score'====== Args={'value': 2000, 'prev_value': 1000, 'change': 1000, 'player_num': 1}
2023-02-16 09:17:49,968 : INFO : SwitchController : <<<<<<< 's_reentry_middle' inactive >>>>>>>
2023-02-16 09:17:51,083 : INFO : SwitchController : <<<<<<< 's_reentry_right' active >>>>>>>
2023-02-16 09:17:51,084 : INFO : EventManager : Event: ======'s_reentry_right_active'====== Args={}
2023-02-16 09:17:51,085 : INFO : EventManager : Event: ======'machine_var_audits_switches_s_reentry_right'====== Args={'value': 97, 'prev_value': 96, 'change': 1}
2023-02-16 09:17:51,089 : INFO : EventManager : Event: ======'player_shot_reentryR_shot'====== Args={'value': 1, 'prev_value': 0, 'change': 1, 'player_num': 1}
2023-02-16 09:17:51,099 : INFO : EventManager : Event: ======'machine_var_audits_shots_reentryR_shot'====== Args={'value': 51, 'prev_value': 50, 'change': 1}
2023-02-16 09:17:51,099 : INFO : EventManager : Event: ======'reentryR_shot_hit'====== Args={'profile': 'reentry', 'state': 'off', 'advancing': True}
2023-02-16 09:17:51,099 : INFO : EventManager : Event: ======'reentryR_shot_reentry_hit'====== Args={'profile': 'reentry', 'state': 'off', 'advancing': True}
2023-02-16 09:17:51,100 : INFO : EventManager : Event: ======'reentryR_shot_reentry_off_hit'====== Args={'profile': 'reentry', 'state': 'off', 'advancing': True}
2023-02-16 09:17:51,100 : INFO : EventManager : Event: ======'reentryR_shot_off_hit'====== Args={'profile': 'reentry', 'state': 'off', 'advancing': True}
2023-02-16 09:17:51,100 : INFO : EventManager : Event: ======'reentry_shot_complete'====== Args={'state': 'lit'}
2023-02-16 09:17:51,100 : INFO : EventManager : Event: ======'reentry_shot_lit_complete'====== Args={}
2023-02-16 09:17:51,100 : INFO : EventManager : Event: ======'reentry_shot_hit'====== Args={}
2023-02-16 09:17:51,100 : INFO : EventManager : Event: ======'reentry_shot_off_hit'====== Args={}
2023-02-16 09:17:51,101 : ERROR : asyncio : Exception in callback EventManager.process_event_queue()
handle: <Handle EventManager.process_event_queue()>
Traceback (most recent call last):
  File "c:\users\student\mpfenv\lib\site-packages\mpf\core\events.py", line 695, in _run_handlers
    result = handler.callback(**merged_kwargs)
  File "c:\users\student\mpfenv\lib\site-packages\mpf\core\config_player.py", line 329, in config_play_callback
    **kwargs)
  File "c:\users\student\mpfenv\lib\site-packages\mpf\config_players\show_player.py", line 60, in play
    self._update_show(show.name, show_settings, context, queue, start_time, show_tokens)
  File "c:\users\student\mpfenv\lib\site-packages\mpf\config_players\show_player.py", line 224, in _update_show
    action(key, instance_dict, show_name, show_settings, queue, start_time, placeholder_args)
  File "c:\users\student\mpfenv\lib\site-packages\mpf\config_players\show_player.py", line 118, in _play
    start_running, stop_callback)
  File "c:\users\student\mpfenv\lib\site-packages\mpf\core\show_controller.py", line 139, in replace_or_advance_show
    start_callback=start_callback
  File "c:\users\student\mpfenv\lib\site-packages\mpf\assets\show.py", line 299, in play_with_config
    show_config=show_config)
  File "c:\users\student\mpfenv\lib\site-packages\mpf\assets\show.py", line 519, in __init__
    self.show_steps = self.show.get_show_steps_with_token(self.show_config.show_tokens)
  File "c:\users\student\mpfenv\lib\site-packages\mpf\assets\show.py", line 425, in get_show_steps_with_token
    step[key] = self.machine.show_controller.show_players[key].expand_config_entry(value)
  File "c:\users\student\mpfenv\lib\site-packages\mpf\config_players\device_config_player.py", line 27, in expand_config_entry
    devices = self._expand_device(device)
  File "c:\users\student\mpfenv\lib\site-packages\mpf\config_players\device_config_player.py", line 118, in _expand_device
    101)
  File "c:\users\student\mpfenv\lib\site-packages\mpf\core\logging.py", line 173, in raise_config_error
    from source_exception
mpf.exceptions.config_file_error.ConfigFileError: Config File Error in light_player: Could not find a lights device with name or tag reentry_shot, from list ['reentry_shot'] Error Code: CFE-light_player-101 (https://docs.missionpinball.org/en/0.55/logs/CFE-light_player-101.html)

The above exception was the direct cause of the following exception:

Traceback (most recent call last):
  File "C:\Program Files\Python37\lib\asyncio\events.py", line 88, in _run
    self._context.run(self._callback, *self._args)
  File "c:\users\student\mpfenv\lib\site-packages\mpf\core\events.py", line 782, in process_event_queue
    **event[3])
  File "c:\users\student\mpfenv\lib\site-packages\mpf\core\events.py", line 741, in _process_event
    result = self._run_handlers(event, ev_type, kwargs)
  File "c:\users\student\mpfenv\lib\site-packages\mpf\core\events.py", line 697, in _run_handlers
    raise Exception("Exception while processing {} for event {}. {}".format(handler, event, e)) from e
Exception: Exception while processing RegisteredHandler(callback=<bound method ConfigPlayer.config_play_callback of ConfigPlayer.show_player/shows>, priority=200, kwargs={'calling_context': 'reentry_shot_lit_complete', 'mode': <Mode.reentry>, 'settings': {flash-None-None: {'loops': 4, 'speed': 4.0, 'show_tokens': {'light': <NativeTemplate reentry_shot>}, 'priority': 0, 'action': 'play', 'show': None, 'block_queue': False, 'start_step': <NativeTemplate 1>, 'start_running': <Template True>, 'sync_ms': None, 'manual_advance': False, 'show_queue': None, 'key': None, 'events_when_played': [], 'events_when_stopped': [], 'events_when_looped': [], 'events_when_paused': [], 'events_when_resumed': [], 'events_when_advanced': [], 'events_when_stepped_back': [], 'events_when_updated': [], 'events_when_completed': []}}}, key=UUID('1ba16f35-212c-48f9-b3f0-c15d21a6eea7'), condition=None, blocking_facility=None) for event reentry_shot_lit_complete. Config File Error in light_player: Could not find a lights device with name or tag reentry_shot, from list ['reentry_shot'] Error Code: CFE-light_player-101 (https://docs.missionpinball.org/en/0.55/logs/CFE-light_player-101.html)
2023-02-16 09:17:51,135 : INFO : Machine : Shutting down...
2023-02-16 09:17:51,135 : INFO : EventManager : Event: ======'shutdown'====== Args={}
2023-02-16 09:17:51,137 : ERROR : Machine : Runtime Exception
Traceback (most recent call last):
  File "c:\users\student\mpfenv\lib\site-packages\mpf\core\events.py", line 695, in _run_handlers
    result = handler.callback(**merged_kwargs)
  File "c:\users\student\mpfenv\lib\site-packages\mpf\core\config_player.py", line 329, in config_play_callback
    **kwargs)
  File "c:\users\student\mpfenv\lib\site-packages\mpf\config_players\show_player.py", line 60, in play
    self._update_show(show.name, show_settings, context, queue, start_time, show_tokens)
  File "c:\users\student\mpfenv\lib\site-packages\mpf\config_players\show_player.py", line 224, in _update_show
    action(key, instance_dict, show_name, show_settings, queue, start_time, placeholder_args)
  File "c:\users\student\mpfenv\lib\site-packages\mpf\config_players\show_player.py", line 118, in _play
    start_running, stop_callback)
  File "c:\users\student\mpfenv\lib\site-packages\mpf\core\show_controller.py", line 139, in replace_or_advance_show
    start_callback=start_callback
  File "c:\users\student\mpfenv\lib\site-packages\mpf\assets\show.py", line 299, in play_with_config
    show_config=show_config)
  File "c:\users\student\mpfenv\lib\site-packages\mpf\assets\show.py", line 519, in __init__
    self.show_steps = self.show.get_show_steps_with_token(self.show_config.show_tokens)
  File "c:\users\student\mpfenv\lib\site-packages\mpf\assets\show.py", line 425, in get_show_steps_with_token
    step[key] = self.machine.show_controller.show_players[key].expand_config_entry(value)
  File "c:\users\student\mpfenv\lib\site-packages\mpf\config_players\device_config_player.py", line 27, in expand_config_entry
    devices = self._expand_device(device)
  File "c:\users\student\mpfenv\lib\site-packages\mpf\config_players\device_config_player.py", line 118, in _expand_device
    101)
  File "c:\users\student\mpfenv\lib\site-packages\mpf\core\logging.py", line 173, in raise_config_error
    from source_exception
mpf.exceptions.config_file_error.ConfigFileError: Config File Error in light_player: Could not find a lights device with name or tag reentry_shot, from list ['reentry_shot'] Error Code: CFE-light_player-101 (https://docs.missionpinball.org/en/0.55/logs/CFE-light_player-101.html)

The above exception was the direct cause of the following exception:

Traceback (most recent call last):
  File "c:\users\student\mpfenv\lib\site-packages\mpf\core\machine.py", line 769, in _run_loop
    raise self._exception['exception']
  File "C:\Program Files\Python37\lib\asyncio\events.py", line 88, in _run
    self._context.run(self._callback, *self._args)
  File "c:\users\student\mpfenv\lib\site-packages\mpf\core\events.py", line 782, in process_event_queue
    **event[3])
  File "c:\users\student\mpfenv\lib\site-packages\mpf\core\events.py", line 741, in _process_event
    result = self._run_handlers(event, ev_type, kwargs)
  File "c:\users\student\mpfenv\lib\site-packages\mpf\core\events.py", line 697, in _run_handlers
    raise Exception("Exception while processing {} for event {}. {}".format(handler, event, e)) from e
Exception: Exception while processing RegisteredHandler(callback=<bound method ConfigPlayer.config_play_callback of ConfigPlayer.show_player/shows>, priority=200, kwargs={'calling_context': 'reentry_shot_lit_complete', 'mode': <Mode.reentry>, 'settings': {flash-None-None: {'loops': 4, 'speed': 4.0, 'show_tokens': {'light': <NativeTemplate reentry_shot>}, 'priority': 0, 'action': 'play', 'show': None, 'block_queue': False, 'start_step': <NativeTemplate 1>, 'start_running': <Template True>, 'sync_ms': None, 'manual_advance': False, 'show_queue': None, 'key': None, 'events_when_played': [], 'events_when_stopped': [], 'events_when_looped': [], 'events_when_paused': [], 'events_when_resumed': [], 'events_when_advanced': [], 'events_when_stepped_back': [], 'events_when_updated': [], 'events_when_completed': []}}}, key=UUID('1ba16f35-212c-48f9-b3f0-c15d21a6eea7'), condition=None, blocking_facility=None) for event reentry_shot_lit_complete. Config File Error in light_player: Could not find a lights device with name or tag reentry_shot, from list ['reentry_shot'] Error Code: CFE-light_player-101 (https://docs.missionpinball.org/en/0.55/logs/CFE-light_player-101.html)
2023-02-16 09:18:05,134 : INFO : root : MPF run loop ended.
