2023-12-05 13:10:33,057 : INFO : root : Loading config.
2023-12-05 13:10:33,385 : INFO : ConfigProcessor : Config spec file cache created: C:\Users\student\AppData\Local\Temp\config_spec.mpf_cache
2023-12-05 13:10:33,385 : INFO : YamlMultifileConfigLoader : Machine config file #1: config.yaml
2023-12-05 13:10:33,385 : INFO : ConfigProcessor : Loading config from file c:\users\student\mpfenv\lib\site-packages\mpf\mpfconfig.yaml.
2023-12-05 13:10:33,447 : INFO : ConfigProcessor : Loading config: c:\users\student\mpfenv\lib\site-packages\mpf\mpfconfig.yaml
2023-12-05 13:10:33,447 : INFO : ConfigProcessor : Loading config from file C:\Users\student\pinball\cobraPinTest1\config\config.yaml.
2023-12-05 13:10:33,488 : INFO : ConfigProcessor : Loading config: C:\Users\student\pinball\cobraPinTest1\config\config.yaml
2023-12-05 13:10:33,490 : INFO : ConfigProcessor : Config file cache created: C:\Users\student\AppData\Local\Temp\f1427cd4cbc9163bc2263f349f0fb463.mpf_cache
2023-12-05 13:10:33,558 : INFO : ConfigProcessor : Loading config from file c:\users\student\mpfenv\lib\site-packages\mpf\modes\attract\config\attract.yaml.
2023-12-05 13:10:33,560 : INFO : ConfigProcessor : Loading config: c:\users\student\mpfenv\lib\site-packages\mpf\modes\attract\config\attract.yaml
2023-12-05 13:10:33,560 : INFO : ConfigProcessor : Loading config from file C:\Users\student\pinball\cobraPinTest1\modes\attract\config\attract.yaml.
2023-12-05 13:10:33,561 : INFO : ConfigProcessor : Loading config: C:\Users\student\pinball\cobraPinTest1\modes\attract\config\attract.yaml
2023-12-05 13:10:33,562 : INFO : ConfigProcessor : Config file cache created: C:\Users\student\AppData\Local\Temp\32ed7ad340ce8029344f8b9ff63edc80.mpf_cache
2023-12-05 13:10:33,562 : INFO : ConfigProcessor : Loading config from file c:\users\student\mpfenv\lib\site-packages\mpf\modes\game\config\game.yaml.
2023-12-05 13:10:33,564 : INFO : ConfigProcessor : Loading config: c:\users\student\mpfenv\lib\site-packages\mpf\modes\game\config\game.yaml
2023-12-05 13:10:33,564 : INFO : ConfigProcessor : Config file cache created: C:\Users\student\AppData\Local\Temp\8696bd5a5a040ff67990be11cb4d3c0c.mpf_cache
2023-12-05 13:10:33,565 : INFO : ConfigProcessor : Loading config from file C:\Users\student\pinball\cobraPinTest1\modes\base\config\base.yaml.
2023-12-05 13:10:33,569 : INFO : ConfigProcessor : Loading config: C:\Users\student\pinball\cobraPinTest1\modes\base\config\base.yaml
2023-12-05 13:10:33,570 : INFO : ConfigProcessor : Config file cache created: C:\Users\student\AppData\Local\Temp\4675a535c8328a9c278c807d999ed109.mpf_cache
2023-12-05 13:10:33,570 : INFO : ConfigProcessor : Loading config from file C:\Users\student\pinball\cobraPinTest1\modes\reentry\config\reentry.yaml.
2023-12-05 13:10:33,588 : INFO : ConfigProcessor : Loading config: C:\Users\student\pinball\cobraPinTest1\modes\reentry\config\reentry.yaml
2023-12-05 13:10:33,588 : INFO : ConfigProcessor : Config file cache created: C:\Users\student\AppData\Local\Temp\0c8438cab3480347c0c749fa494946a2.mpf_cache
2023-12-05 13:10:33,589 : INFO : ConfigProcessor : Loading config from file C:\Users\student\pinball\cobraPinTest1\modes\medal\config\medal.yaml.
2023-12-05 13:10:33,602 : INFO : ConfigProcessor : Loading config: C:\Users\student\pinball\cobraPinTest1\modes\medal\config\medal.yaml
2023-12-05 13:10:33,603 : INFO : ConfigProcessor : Config file cache created: C:\Users\student\AppData\Local\Temp\edae2e0e7aeda847f5007d89f37fc8de.mpf_cache
2023-12-05 13:10:33,603 : INFO : ConfigProcessor : Loading config from file C:\Users\student\pinball\cobraPinTest1\modes\attract\shows\.\attract_display_loop.yaml.
2023-12-05 13:10:33,613 : INFO : ConfigProcessor : Loading config: C:\Users\student\pinball\cobraPinTest1\modes\attract\shows\.\attract_display_loop.yaml
2023-12-05 13:10:33,613 : INFO : ConfigProcessor : Config file cache created: C:\Users\student\AppData\Local\Temp\f8d2c2cf3ea01f085365ea23fa51a701.mpf_cache
2023-12-05 13:10:33,614 : INFO : ConfigProcessor : Loading config from file C:\Users\student\pinball\cobraPinTest1\modes\attract\shows\.\attract_light_show.yaml.
2023-12-05 13:10:33,619 : INFO : ConfigProcessor : Loading config: C:\Users\student\pinball\cobraPinTest1\modes\attract\shows\.\attract_light_show.yaml
2023-12-05 13:10:33,619 : INFO : ConfigProcessor : Config file cache created: C:\Users\student\AppData\Local\Temp\30bd992f4b62a9b099207aebeb59554c.mpf_cache
2023-12-05 13:10:33,620 : INFO : Machine : Mission Pinball Framework Core Engine v0.55.0
2023-12-05 13:10:33,620 : INFO : Machine : Command line arguments: {'no_load_cache': True, 'create_config_cache': True, 'bcp': True, 'configfile': ['config.yaml'], 'force_assets_load': False, 'jsonlogging': False, 'logfile': 'logs\\2023-12-05-13-10-33-mpf-DESKTOP-0JH7ARL.log', 'pause': False, 'production': False, 'text_ui': True, 'loglevel': 15, 'consoleloglevel': 20, 'force_platform': None, 'syslog_address': None, 'mc_file_name': None, 'no_sound': False}
2023-12-05 13:10:33,620 : INFO : Machine : MPF path: c:\users\student\mpfenv\lib\site-packages\mpf
2023-12-05 13:10:33,620 : INFO : Machine : Machine path: C:\Users\student\pinball\cobraPinTest1
2023-12-05 13:10:33,620 : INFO : Machine : Platform: win32
2023-12-05 13:10:33,620 : INFO : Machine : Python executable location: c:\users\student\mpfenv\scripts\python.exe
2023-12-05 13:10:33,620 : INFO : Machine : Python version: 3.7.8 (64-bit)
2023-12-05 13:10:33,622 : INFO : Machine : Initialise MPF.
2023-12-05 13:10:33,904 : INFO : EventManager : Event: ======'machine_var_credits_string'====== Args={'value': 'FREE PLAY', 'prev_value': None, 'change': True}
2023-12-05 13:10:33,949 : INFO : EventManager : Event: ======'machine_var_master_volume'====== Args={'value': 0.5, 'prev_value': None, 'change': True}
2023-12-05 13:10:33,949 : INFO : EventManager : Event: ======'machine_var_player1_score'====== Args={'value': 1500, 'prev_value': None, 'change': True}
2023-12-05 13:10:33,949 : INFO : EventManager : Event: ======'machine_var_mpf_version'====== Args={'value': 'MPF v0.55.0', 'prev_value': None, 'change': True}
2023-12-05 13:10:33,949 : INFO : EventManager : Event: ======'machine_var_mpf_extended_version'====== Args={'value': 'MPF v0.55.0, Config version:5, Show version: 5, BCP version:1.1', 'prev_value': None, 'change': True}
2023-12-05 13:10:33,949 : INFO : EventManager : Event: ======'machine_var_python_version'====== Args={'value': '3.7.8', 'prev_value': None, 'change': True}
2023-12-05 13:10:33,950 : INFO : EventManager : Event: ======'machine_var_platform'====== Args={'value': 'Windows-10-10.0.19041-SP0', 'prev_value': None, 'change': True}
2023-12-05 13:10:33,950 : INFO : EventManager : Event: ======'machine_var_platform_system'====== Args={'value': 'Windows', 'prev_value': None, 'change': True}
2023-12-05 13:10:33,950 : INFO : EventManager : Event: ======'machine_var_platform_release'====== Args={'value': '10', 'prev_value': None, 'change': True}
2023-12-05 13:10:33,950 : INFO : EventManager : Event: ======'machine_var_platform_version'====== Args={'value': '10.0.19041', 'prev_value': None, 'change': True}
2023-12-05 13:10:33,950 : INFO : EventManager : Event: ======'machine_var_platform_machine'====== Args={'value': 'AMD64', 'prev_value': None, 'change': True}
2023-12-05 13:10:33,950 : INFO : EventManager : Event: ======'init_phase_1'====== Args={}
2023-12-05 13:10:33,968 : INFO : EventManager : Event: ======'init_phase_2'====== Args={}
2023-12-05 13:10:33,968 : INFO : SwitchController : Found active switch: ('0-0-8', <Platform.Virtual>) <switch.s_trough1>
2023-12-05 13:10:33,969 : ERROR : asyncio : Exception in callback EventManager._queue_task_done(<Task finishe... red/orange')>)
handle: <Handle EventManager._queue_task_done(<Task finishe... red/orange')>)>
Traceback (most recent call last):
  File "c:\users\student\mpfenv\lib\site-packages\mpf\config_players\light_player.py", line 122, in _convert_color
    color = RGBColor(color)
  File "c:\users\student\mpfenv\lib\site-packages\mpf\core\rgb_color.py", line 177, in __init__
    self._color = RGBColor.string_to_rgb(color)
  File "c:\users\student\mpfenv\lib\site-packages\mpf\core\rgb_color.py", line 410, in string_to_rgb
    raise ColorException("Invalid RGB string: {}".format(value))
mpf.core.rgb_color.ColorException: Invalid RGB string: red/orange

The above exception was the direct cause of the following exception:

Traceback (most recent call last):
  File "C:\Program Files\Python37\lib\asyncio\events.py", line 88, in _run
    self._context.run(self._callback, *self._args)
  File "c:\users\student\mpfenv\lib\site-packages\mpf\core\events.py", line 728, in _queue_task_done
    future.result()
  File "c:\users\student\mpfenv\lib\site-packages\mpf\core\events.py", line 645, in _run_handlers_sequential
    handler.callback(queue=queue, **merged_kwargs)
  File "c:\users\student\mpfenv\lib\site-packages\mpf\core\mode_controller.py", line 101, in initialise_modes
    **item.kwargs)
  File "c:\users\student\mpfenv\lib\site-packages\mpf\core\config_player.py", line 132, in process_mode_config
    config = self.validate_config(config)
  File "c:\users\student\mpfenv\lib\site-packages\mpf\core\config_player.py", line 104, in validate_config
    validated_config[event] = self.validate_config_entry(settings, event)
  File "c:\users\student\mpfenv\lib\site-packages\mpf\config_players\device_config_player.py", line 56, in validate_config_entry
    raise e
  File "c:\users\student\mpfenv\lib\site-packages\mpf\config_players\device_config_player.py", line 52, in validate_config_entry
    self._validate_config_item(device, device_settings))
  File "c:\users\student\mpfenv\lib\site-packages\mpf\config_players\device_config_player.py", line 84, in _validate_config_item
    raise e
  File "c:\users\student\mpfenv\lib\site-packages\mpf\config_players\device_config_player.py", line 81, in _validate_config_item
    device_settings = self._expand_device_config(device_settings)
  File "c:\users\student\mpfenv\lib\site-packages\mpf\config_players\light_player.py", line 133, in _expand_device_config
    device_settings['color'] = self._convert_color(color)
  File "c:\users\student\mpfenv\lib\site-packages\mpf\config_players\light_player.py", line 124, in _convert_color
    self.raise_config_error("Invalid color {}".format(color), 1, source_exception=e, context=context)
  File "c:\users\student\mpfenv\lib\site-packages\mpf\core\logging.py", line 173, in raise_config_error
    from source_exception
mpf.exceptions.config_file_error.ConfigFileError: Config File Error in light_player: Failed to load config player medal_shot_done{count==3}:lights with settings {'l_medal_spot_2': {'color': 'red/orange', 'priority': 0, 'fade': None}} >> Failed to expand entry "l_medal_spot_2". >> Invalid color red/orange Error Code: CFE-light_player-1 (https://docs.missionpinball.org/en/0.55/logs/CFE-light_player-1.html)
2023-12-05 13:10:34,027 : INFO : Machine : Starting the main run loop.
2023-12-05 13:10:34,031 : INFO : Machine : Shutting down...
2023-12-05 13:10:34,032 : INFO : EventManager : Event: ======'shutdown'====== Args={}
2023-12-05 13:10:34,034 : ERROR : Machine : Runtime Exception
Traceback (most recent call last):
  File "c:\users\student\mpfenv\lib\site-packages\mpf\config_players\light_player.py", line 122, in _convert_color
    color = RGBColor(color)
  File "c:\users\student\mpfenv\lib\site-packages\mpf\core\rgb_color.py", line 177, in __init__
    self._color = RGBColor.string_to_rgb(color)
  File "c:\users\student\mpfenv\lib\site-packages\mpf\core\rgb_color.py", line 410, in string_to_rgb
    raise ColorException("Invalid RGB string: {}".format(value))
mpf.core.rgb_color.ColorException: Invalid RGB string: red/orange

The above exception was the direct cause of the following exception:

Traceback (most recent call last):
  File "c:\users\student\mpfenv\lib\site-packages\mpf\core\machine.py", line 769, in _run_loop
    raise self._exception['exception']
  File "C:\Program Files\Python37\lib\asyncio\events.py", line 88, in _run
    self._context.run(self._callback, *self._args)
  File "c:\users\student\mpfenv\lib\site-packages\mpf\core\events.py", line 728, in _queue_task_done
    future.result()
  File "c:\users\student\mpfenv\lib\site-packages\mpf\core\events.py", line 645, in _run_handlers_sequential
    handler.callback(queue=queue, **merged_kwargs)
  File "c:\users\student\mpfenv\lib\site-packages\mpf\core\mode_controller.py", line 101, in initialise_modes
    **item.kwargs)
  File "c:\users\student\mpfenv\lib\site-packages\mpf\core\config_player.py", line 132, in process_mode_config
    config = self.validate_config(config)
  File "c:\users\student\mpfenv\lib\site-packages\mpf\core\config_player.py", line 104, in validate_config
    validated_config[event] = self.validate_config_entry(settings, event)
  File "c:\users\student\mpfenv\lib\site-packages\mpf\config_players\device_config_player.py", line 56, in validate_config_entry
    raise e
  File "c:\users\student\mpfenv\lib\site-packages\mpf\config_players\device_config_player.py", line 52, in validate_config_entry
    self._validate_config_item(device, device_settings))
  File "c:\users\student\mpfenv\lib\site-packages\mpf\config_players\device_config_player.py", line 84, in _validate_config_item
    raise e
  File "c:\users\student\mpfenv\lib\site-packages\mpf\config_players\device_config_player.py", line 81, in _validate_config_item
    device_settings = self._expand_device_config(device_settings)
  File "c:\users\student\mpfenv\lib\site-packages\mpf\config_players\light_player.py", line 133, in _expand_device_config
    device_settings['color'] = self._convert_color(color)
  File "c:\users\student\mpfenv\lib\site-packages\mpf\config_players\light_player.py", line 124, in _convert_color
    self.raise_config_error("Invalid color {}".format(color), 1, source_exception=e, context=context)
  File "c:\users\student\mpfenv\lib\site-packages\mpf\core\logging.py", line 173, in raise_config_error
    from source_exception
mpf.exceptions.config_file_error.ConfigFileError: Config File Error in light_player: Failed to load config player medal_shot_done{count==3}:lights with settings {'l_medal_spot_2': {'color': 'red/orange', 'priority': 0, 'fade': None}} >> Failed to expand entry "l_medal_spot_2". >> Invalid color red/orange Error Code: CFE-light_player-1 (https://docs.missionpinball.org/en/0.55/logs/CFE-light_player-1.html)
2023-12-05 13:10:54,805 : INFO : root : MPF run loop ended.
