2023-12-06 21:02:19,380 : INFO : root : Loading config.
2023-12-06 21:02:19,760 : INFO : ConfigProcessor : Config spec file cache created: C:\Users\student\AppData\Local\Temp\config_spec.mpf_cache
2023-12-06 21:02:19,760 : INFO : YamlMultifileConfigLoader : Machine config file #1: config.yaml
2023-12-06 21:02:19,760 : INFO : ConfigProcessor : Loading config from file c:\users\student\mpfenv\lib\site-packages\mpf\mpfconfig.yaml.
2023-12-06 21:02:19,823 : INFO : ConfigProcessor : Loading config: c:\users\student\mpfenv\lib\site-packages\mpf\mpfconfig.yaml
2023-12-06 21:02:19,824 : INFO : ConfigProcessor : Loading config from file C:\Users\student\pinball\cobraPinTest1\config\config.yaml.
2023-12-06 21:02:19,866 : INFO : ConfigProcessor : Loading config: C:\Users\student\pinball\cobraPinTest1\config\config.yaml
2023-12-06 21:02:19,869 : INFO : ConfigProcessor : Config file cache created: C:\Users\student\AppData\Local\Temp\f1427cd4cbc9163bc2263f349f0fb463.mpf_cache
2023-12-06 21:02:19,936 : INFO : ConfigProcessor : Loading config from file c:\users\student\mpfenv\lib\site-packages\mpf\modes\attract\config\attract.yaml.
2023-12-06 21:02:19,937 : INFO : ConfigProcessor : Loading config: c:\users\student\mpfenv\lib\site-packages\mpf\modes\attract\config\attract.yaml
2023-12-06 21:02:19,937 : INFO : ConfigProcessor : Loading config from file C:\Users\student\pinball\cobraPinTest1\modes\attract\config\attract.yaml.
2023-12-06 21:02:19,938 : INFO : ConfigProcessor : Loading config: C:\Users\student\pinball\cobraPinTest1\modes\attract\config\attract.yaml
2023-12-06 21:02:19,939 : INFO : ConfigProcessor : Config file cache created: C:\Users\student\AppData\Local\Temp\32ed7ad340ce8029344f8b9ff63edc80.mpf_cache
2023-12-06 21:02:19,939 : INFO : ConfigProcessor : Loading config from file c:\users\student\mpfenv\lib\site-packages\mpf\modes\game\config\game.yaml.
2023-12-06 21:02:19,941 : INFO : ConfigProcessor : Loading config: c:\users\student\mpfenv\lib\site-packages\mpf\modes\game\config\game.yaml
2023-12-06 21:02:19,941 : INFO : ConfigProcessor : Config file cache created: C:\Users\student\AppData\Local\Temp\8696bd5a5a040ff67990be11cb4d3c0c.mpf_cache
2023-12-06 21:02:19,942 : INFO : ConfigProcessor : Loading config from file C:\Users\student\pinball\cobraPinTest1\modes\base\config\base.yaml.
2023-12-06 21:02:19,946 : INFO : ConfigProcessor : Loading config: C:\Users\student\pinball\cobraPinTest1\modes\base\config\base.yaml
2023-12-06 21:02:19,947 : INFO : ConfigProcessor : Config file cache created: C:\Users\student\AppData\Local\Temp\4675a535c8328a9c278c807d999ed109.mpf_cache
2023-12-06 21:02:19,947 : INFO : ConfigProcessor : Loading config from file C:\Users\student\pinball\cobraPinTest1\modes\reentry\config\reentry.yaml.
2023-12-06 21:02:19,964 : INFO : ConfigProcessor : Loading config: C:\Users\student\pinball\cobraPinTest1\modes\reentry\config\reentry.yaml
2023-12-06 21:02:19,965 : INFO : ConfigProcessor : Config file cache created: C:\Users\student\AppData\Local\Temp\0c8438cab3480347c0c749fa494946a2.mpf_cache
2023-12-06 21:02:19,965 : INFO : ConfigProcessor : Loading config from file C:\Users\student\pinball\cobraPinTest1\modes\medal\config\medal.yaml.
2023-12-06 21:02:19,994 : INFO : ConfigProcessor : Loading config: C:\Users\student\pinball\cobraPinTest1\modes\medal\config\medal.yaml
2023-12-06 21:02:19,994 : INFO : ConfigProcessor : Config file cache created: C:\Users\student\AppData\Local\Temp\edae2e0e7aeda847f5007d89f37fc8de.mpf_cache
2023-12-06 21:02:19,995 : INFO : ConfigProcessor : Loading config from file C:\Users\student\pinball\cobraPinTest1\modes\attract\shows\.\attract_display_loop.yaml.
2023-12-06 21:02:20,004 : INFO : ConfigProcessor : Loading config: C:\Users\student\pinball\cobraPinTest1\modes\attract\shows\.\attract_display_loop.yaml
2023-12-06 21:02:20,004 : INFO : ConfigProcessor : Config file cache created: C:\Users\student\AppData\Local\Temp\f8d2c2cf3ea01f085365ea23fa51a701.mpf_cache
2023-12-06 21:02:20,005 : INFO : ConfigProcessor : Loading config from file C:\Users\student\pinball\cobraPinTest1\modes\attract\shows\.\attract_light_show.yaml.
2023-12-06 21:02:20,010 : INFO : ConfigProcessor : Loading config: C:\Users\student\pinball\cobraPinTest1\modes\attract\shows\.\attract_light_show.yaml
2023-12-06 21:02:20,010 : INFO : ConfigProcessor : Config file cache created: C:\Users\student\AppData\Local\Temp\30bd992f4b62a9b099207aebeb59554c.mpf_cache
2023-12-06 21:02:20,011 : INFO : Machine : Mission Pinball Framework Core Engine v0.55.0
2023-12-06 21:02:20,011 : INFO : Machine : Command line arguments: {'no_load_cache': True, 'create_config_cache': True, 'bcp': True, 'configfile': ['config.yaml'], 'force_assets_load': False, 'jsonlogging': False, 'logfile': 'logs\\2023-12-06-21-02-19-mpf-DESKTOP-0JH7ARL.log', 'pause': False, 'production': False, 'text_ui': True, 'loglevel': 15, 'consoleloglevel': 20, 'force_platform': None, 'syslog_address': None, 'mc_file_name': None, 'no_sound': False}
2023-12-06 21:02:20,011 : INFO : Machine : MPF path: c:\users\student\mpfenv\lib\site-packages\mpf
2023-12-06 21:02:20,011 : INFO : Machine : Machine path: C:\Users\student\pinball\cobraPinTest1
2023-12-06 21:02:20,011 : INFO : Machine : Platform: win32
2023-12-06 21:02:20,011 : INFO : Machine : Python executable location: c:\users\student\mpfenv\scripts\python.exe
2023-12-06 21:02:20,011 : INFO : Machine : Python version: 3.7.8 (64-bit)
2023-12-06 21:02:20,013 : INFO : Machine : Initialise MPF.
2023-12-06 21:02:20,303 : INFO : EventManager : Event: ======'machine_var_credits_string'====== Args={'value': 'FREE PLAY', 'prev_value': None, 'change': True}
2023-12-06 21:02:20,342 : INFO : EventManager : Event: ======'machine_var_master_volume'====== Args={'value': 0.5, 'prev_value': None, 'change': True}
2023-12-06 21:02:20,342 : INFO : EventManager : Event: ======'machine_var_player1_score'====== Args={'value': 1500, 'prev_value': None, 'change': True}
2023-12-06 21:02:20,342 : INFO : EventManager : Event: ======'machine_var_mpf_version'====== Args={'value': 'MPF v0.55.0', 'prev_value': None, 'change': True}
2023-12-06 21:02:20,342 : INFO : EventManager : Event: ======'machine_var_mpf_extended_version'====== Args={'value': 'MPF v0.55.0, Config version:5, Show version: 5, BCP version:1.1', 'prev_value': None, 'change': True}
2023-12-06 21:02:20,342 : INFO : EventManager : Event: ======'machine_var_python_version'====== Args={'value': '3.7.8', 'prev_value': None, 'change': True}
2023-12-06 21:02:20,343 : INFO : EventManager : Event: ======'machine_var_platform'====== Args={'value': 'Windows-10-10.0.19041-SP0', 'prev_value': None, 'change': True}
2023-12-06 21:02:20,343 : INFO : EventManager : Event: ======'machine_var_platform_system'====== Args={'value': 'Windows', 'prev_value': None, 'change': True}
2023-12-06 21:02:20,343 : INFO : EventManager : Event: ======'machine_var_platform_release'====== Args={'value': '10', 'prev_value': None, 'change': True}
2023-12-06 21:02:20,343 : INFO : EventManager : Event: ======'machine_var_platform_version'====== Args={'value': '10.0.19041', 'prev_value': None, 'change': True}
2023-12-06 21:02:20,343 : INFO : EventManager : Event: ======'machine_var_platform_machine'====== Args={'value': 'AMD64', 'prev_value': None, 'change': True}
2023-12-06 21:02:20,343 : INFO : EventManager : Event: ======'init_phase_1'====== Args={}
2023-12-06 21:02:20,363 : INFO : EventManager : Event: ======'init_phase_2'====== Args={}
2023-12-06 21:02:20,363 : INFO : SwitchController : Found active switch: ('0-0-8', <Platform.Virtual>) <switch.s_trough1>
2023-12-06 21:02:20,367 : INFO : EventManager : Event: ======'bcp_connection_attempt'====== Args={'name': 'local_display', 'host': 'localhost', 'port': 5050}
2023-12-06 21:02:20,368 : INFO : BCPClientSocket : Connecting BCP to 'local_display' at localhost:5050...
2023-12-06 21:02:22,406 : INFO : BCPClientSocket : Connected BCP to 'local_display' localhost:5050
2023-12-06 21:02:22,408 : INFO : EventManager : Event: ======'bcp_clients_connected'====== Args={}
2023-12-06 21:02:22,419 : INFO : ball_device.bd_trough : BCH: Initial count: 1
2023-12-06 21:02:22,419 : INFO : EventManager : Event: ======'machine_var_mc_version'====== Args={'value': 'MPF-MC v0.55.0', 'prev_value': None, 'change': True}
2023-12-06 21:02:22,420 : INFO : EventManager : Event: ======'machine_var_mc_extended_version'====== Args={'value': 'MPF-MC v0.55.0 (config_version=5, BCP v1.1, Requires MPF v0.55.0-dev.49)', 'prev_value': None, 'change': True}
2023-12-06 21:02:22,421 : INFO : ball_device.bd_trough : State: idle
2023-12-06 21:02:22,434 : INFO : ball_device.bd_plunger : BCH: Initial count: 0
2023-12-06 21:02:22,434 : INFO : ball_device.bd_plunger : State: idle
2023-12-06 21:02:22,496 : INFO : EventManager : Event: ======'init_phase_3'====== Args={}
2023-12-06 21:02:22,501 : INFO : EventManager : Event: ======'init_phase_4'====== Args={}
2023-12-06 21:02:22,501 : INFO : BallController : Initial balls found: 1
2023-12-06 21:02:22,502 : INFO : EventManager : Event: ======'machine_var_audits_events_game_ended'====== Args={'value': 0, 'prev_value': None, 'change': True}
2023-12-06 21:02:22,503 : INFO : EventManager : Event: ======'machine_var_audits_events_game_started'====== Args={'value': 0, 'prev_value': None, 'change': True}
2023-12-06 21:02:22,503 : INFO : EventManager : Event: ======'machine_var_audits_player_score'====== Args={'value': {'average': 1800.0, 'top': [2000, 1900, 1500], 'total': 3}, 'prev_value': None, 'change': True}
2023-12-06 21:02:22,503 : INFO : EventManager : Event: ======'machine_var_audits_shots_medalL_shot'====== Args={'value': 121, 'prev_value': None, 'change': True}
2023-12-06 21:02:22,504 : INFO : EventManager : Event: ======'machine_var_audits_shots_medalM_shot'====== Args={'value': 117, 'prev_value': None, 'change': True}
2023-12-06 21:02:22,504 : INFO : EventManager : Event: ======'machine_var_audits_shots_medalR_shot'====== Args={'value': 118, 'prev_value': None, 'change': True}
2023-12-06 21:02:22,504 : INFO : EventManager : Event: ======'machine_var_audits_shots_my_first_shot'====== Args={'value': 119, 'prev_value': None, 'change': True}
2023-12-06 21:02:22,504 : INFO : EventManager : Event: ======'machine_var_audits_shots_my_first_shot_mode2'====== Args={'value': 72, 'prev_value': None, 'change': True}
2023-12-06 21:02:22,504 : INFO : EventManager : Event: ======'machine_var_audits_shots_reentryL_shot'====== Args={'value': 397, 'prev_value': None, 'change': True}
2023-12-06 21:02:22,505 : INFO : EventManager : Event: ======'machine_var_audits_shots_reentryM_shot'====== Args={'value': 373, 'prev_value': None, 'change': True}
2023-12-06 21:02:22,505 : INFO : EventManager : Event: ======'machine_var_audits_shots_reentryR_shot'====== Args={'value': 341, 'prev_value': None, 'change': True}
2023-12-06 21:02:22,505 : INFO : EventManager : Event: ======'machine_var_audits_shots_reentry_shot'====== Args={'value': 9, 'prev_value': None, 'change': True}
2023-12-06 21:02:22,505 : INFO : EventManager : Event: ======'machine_var_audits_shots_top_lane_A'====== Args={'value': 12, 'prev_value': None, 'change': True}
2023-12-06 21:02:22,505 : INFO : EventManager : Event: ======'machine_var_audits_shots_top_lane_J'====== Args={'value': 12, 'prev_value': None, 'change': True}
2023-12-06 21:02:22,506 : INFO : EventManager : Event: ======'machine_var_audits_shots_top_lane_M'====== Args={'value': 9, 'prev_value': None, 'change': True}
2023-12-06 21:02:22,506 : INFO : EventManager : Event: ======'machine_var_audits_switches_s_blackhole_kicker'====== Args={'value': 0, 'prev_value': None, 'change': True}
2023-12-06 21:02:22,506 : INFO : EventManager : Event: ======'machine_var_audits_switches_s_bonus_lane'====== Args={'value': 0, 'prev_value': None, 'change': True}
2023-12-06 21:02:22,507 : INFO : EventManager : Event: ======'machine_var_audits_switches_s_booster_drop_target_1'====== Args={'value': 0, 'prev_value': None, 'change': True}
2023-12-06 21:02:22,507 : INFO : EventManager : Event: ======'machine_var_audits_switches_s_booster_drop_target_2'====== Args={'value': 0, 'prev_value': None, 'change': True}
2023-12-06 21:02:22,507 : INFO : EventManager : Event: ======'machine_var_audits_switches_s_booster_drop_target_3'====== Args={'value': 0, 'prev_value': None, 'change': True}
2023-12-06 21:02:22,508 : INFO : EventManager : Event: ======'machine_var_audits_switches_s_comet_spot_1'====== Args={'value': 0, 'prev_value': None, 'change': True}
2023-12-06 21:02:22,508 : INFO : EventManager : Event: ======'machine_var_audits_switches_s_comet_spot_2'====== Args={'value': 0, 'prev_value': None, 'change': True}
2023-12-06 21:02:22,509 : INFO : EventManager : Event: ======'machine_var_audits_switches_s_comet_spot_3'====== Args={'value': 0, 'prev_value': None, 'change': True}
2023-12-06 21:02:22,509 : INFO : EventManager : Event: ======'machine_var_audits_switches_s_engine_bumper_1'====== Args={'value': 0, 'prev_value': None, 'change': True}
2023-12-06 21:02:22,509 : INFO : EventManager : Event: ======'machine_var_audits_switches_s_engine_bumper_2'====== Args={'value': 0, 'prev_value': None, 'change': True}
2023-12-06 21:02:22,509 : INFO : EventManager : Event: ======'machine_var_audits_switches_s_engine_bumper_3'====== Args={'value': 0, 'prev_value': None, 'change': True}
2023-12-06 21:02:22,510 : INFO : EventManager : Event: ======'machine_var_audits_switches_s_fuel_chute_1'====== Args={'value': 0, 'prev_value': None, 'change': True}
2023-12-06 21:02:22,510 : INFO : EventManager : Event: ======'machine_var_audits_switches_s_fuel_chute_2'====== Args={'value': 0, 'prev_value': None, 'change': True}
2023-12-06 21:02:22,510 : INFO : EventManager : Event: ======'machine_var_audits_switches_s_fuel_chute_3'====== Args={'value': 0, 'prev_value': None, 'change': True}
2023-12-06 21:02:22,510 : INFO : EventManager : Event: ======'machine_var_audits_switches_s_fuel_chute_4'====== Args={'value': 0, 'prev_value': None, 'change': True}
2023-12-06 21:02:22,511 : INFO : EventManager : Event: ======'machine_var_audits_switches_s_fuel_chute_5'====== Args={'value': 0, 'prev_value': None, 'change': True}
2023-12-06 21:02:22,511 : INFO : EventManager : Event: ======'machine_var_audits_switches_s_fuel_chute_6'====== Args={'value': 0, 'prev_value': None, 'change': True}
2023-12-06 21:02:22,511 : INFO : EventManager : Event: ======'machine_var_audits_switches_s_fuel_flag'====== Args={'value': 0, 'prev_value': None, 'change': True}
2023-12-06 21:02:22,511 : INFO : EventManager : Event: ======'machine_var_audits_switches_s_fuel_spot_1'====== Args={'value': 0, 'prev_value': None, 'change': True}
2023-12-06 21:02:22,512 : INFO : EventManager : Event: ======'machine_var_audits_switches_s_fuel_spot_2'====== Args={'value': 0, 'prev_value': None, 'change': True}
2023-12-06 21:02:22,512 : INFO : EventManager : Event: ======'machine_var_audits_switches_s_fuel_spot_3'====== Args={'value': 0, 'prev_value': None, 'change': True}
2023-12-06 21:02:22,512 : INFO : EventManager : Event: ======'machine_var_audits_switches_s_green_wormhole'====== Args={'value': 0, 'prev_value': None, 'change': True}
2023-12-06 21:02:22,512 : INFO : EventManager : Event: ======'machine_var_audits_switches_s_hyperspace_flag'====== Args={'value': 0, 'prev_value': None, 'change': True}
2023-12-06 21:02:22,513 : INFO : EventManager : Event: ======'machine_var_audits_switches_s_hyperspacekicker'====== Args={'value': 0, 'prev_value': None, 'change': True}
2023-12-06 21:02:22,513 : INFO : EventManager : Event: ======'machine_var_audits_switches_s_launch_lane_1'====== Args={'value': 0, 'prev_value': None, 'change': True}
2023-12-06 21:02:22,513 : INFO : EventManager : Event: ======'machine_var_audits_switches_s_launch_lane_2'====== Args={'value': 0, 'prev_value': None, 'change': True}
2023-12-06 21:02:22,514 : INFO : EventManager : Event: ======'machine_var_audits_switches_s_launch_lane_3'====== Args={'value': 0, 'prev_value': None, 'change': True}
2023-12-06 21:02:22,514 : INFO : EventManager : Event: ======'machine_var_audits_switches_s_launch_ramp'====== Args={'value': 0, 'prev_value': None, 'change': True}
2023-12-06 21:02:22,514 : INFO : EventManager : Event: ======'machine_var_audits_switches_s_left_attack_bumper'====== Args={'value': 0, 'prev_value': None, 'change': True}
2023-12-06 21:02:22,514 : INFO : EventManager : Event: ======'machine_var_audits_switches_s_left_flipper'====== Args={'value': 467, 'prev_value': None, 'change': True}
2023-12-06 21:02:22,515 : INFO : EventManager : Event: ======'machine_var_audits_switches_s_left_out_lane'====== Args={'value': 0, 'prev_value': None, 'change': True}
2023-12-06 21:02:22,515 : INFO : EventManager : Event: ======'machine_var_audits_switches_s_left_out_lane_kicker'====== Args={'value': 0, 'prev_value': None, 'change': True}
2023-12-06 21:02:22,515 : INFO : EventManager : Event: ======'machine_var_audits_switches_s_left_return_lane'====== Args={'value': 0, 'prev_value': None, 'change': True}
2023-12-06 21:02:22,516 : INFO : EventManager : Event: ======'machine_var_audits_switches_s_lower_attack_bumper'====== Args={'value': 0, 'prev_value': None, 'change': True}
2023-12-06 21:02:22,516 : INFO : EventManager : Event: ======'machine_var_audits_switches_s_lower_left_rebound'====== Args={'value': 0, 'prev_value': None, 'change': True}
2023-12-06 21:02:22,516 : INFO : EventManager : Event: ======'machine_var_audits_switches_s_lower_left_slingshot'====== Args={'value': 0, 'prev_value': None, 'change': True}
2023-12-06 21:02:22,516 : INFO : EventManager : Event: ======'machine_var_audits_switches_s_lower_right_rebound'====== Args={'value': 0, 'prev_value': None, 'change': True}
2023-12-06 21:02:22,517 : INFO : EventManager : Event: ======'machine_var_audits_switches_s_lower_right_slingshot'====== Args={'value': 0, 'prev_value': None, 'change': True}
2023-12-06 21:02:22,517 : INFO : EventManager : Event: ======'machine_var_audits_switches_s_medal_drop_left'====== Args={'value': 135, 'prev_value': None, 'change': True}
2023-12-06 21:02:22,517 : INFO : EventManager : Event: ======'machine_var_audits_switches_s_medal_drop_middle'====== Args={'value': 131, 'prev_value': None, 'change': True}
2023-12-06 21:02:22,518 : INFO : EventManager : Event: ======'machine_var_audits_switches_s_medal_drop_right'====== Args={'value': 132, 'prev_value': None, 'change': True}
2023-12-06 21:02:22,518 : INFO : EventManager : Event: ======'machine_var_audits_switches_s_mission_spot_1'====== Args={'value': 0, 'prev_value': None, 'change': True}
2023-12-06 21:02:22,518 : INFO : EventManager : Event: ======'machine_var_audits_switches_s_mission_spot_2'====== Args={'value': 0, 'prev_value': None, 'change': True}
2023-12-06 21:02:22,519 : INFO : EventManager : Event: ======'machine_var_audits_switches_s_mission_spot_3'====== Args={'value': 0, 'prev_value': None, 'change': True}
2023-12-06 21:02:22,519 : INFO : EventManager : Event: ======'machine_var_audits_switches_s_multiplier_left'====== Args={'value': 0, 'prev_value': None, 'change': True}
2023-12-06 21:02:22,520 : INFO : EventManager : Event: ======'machine_var_audits_switches_s_multiplier_middle'====== Args={'value': 0, 'prev_value': None, 'change': True}
2023-12-06 21:02:22,521 : INFO : EventManager : Event: ======'machine_var_audits_switches_s_multiplier_right'====== Args={'value': 0, 'prev_value': None, 'change': True}
2023-12-06 21:02:22,521 : INFO : EventManager : Event: ======'machine_var_audits_switches_s_plunger'====== Args={'value': 141, 'prev_value': None, 'change': True}
2023-12-06 21:02:22,522 : INFO : EventManager : Event: ======'machine_var_audits_switches_s_radiationspot_1'====== Args={'value': 0, 'prev_value': None, 'change': True}
2023-12-06 21:02:22,523 : INFO : EventManager : Event: ======'machine_var_audits_switches_s_radiationspot_2'====== Args={'value': 0, 'prev_value': None, 'change': True}
2023-12-06 21:02:22,524 : INFO : EventManager : Event: ======'machine_var_audits_switches_s_radiationspot_3'====== Args={'value': 0, 'prev_value': None, 'change': True}
2023-12-06 21:02:22,524 : INFO : EventManager : Event: ======'machine_var_audits_switches_s_red_wormhole'====== Args={'value': 0, 'prev_value': None, 'change': True}
2023-12-06 21:02:22,525 : INFO : EventManager : Event: ======'machine_var_audits_switches_s_reentry_left'====== Args={'value': 752, 'prev_value': None, 'change': True}
2023-12-06 21:02:22,525 : INFO : EventManager : Event: ======'machine_var_audits_switches_s_reentry_middle'====== Args={'value': 447, 'prev_value': None, 'change': True}
2023-12-06 21:02:22,525 : INFO : EventManager : Event: ======'machine_var_audits_switches_s_reentry_right'====== Args={'value': 400, 'prev_value': None, 'change': True}
2023-12-06 21:02:22,526 : INFO : EventManager : Event: ======'machine_var_audits_switches_s_right_flipper'====== Args={'value': 191, 'prev_value': None, 'change': True}
2023-12-06 21:02:22,526 : INFO : EventManager : Event: ======'machine_var_audits_switches_s_right_inlane'====== Args={'value': 0, 'prev_value': None, 'change': True}
2023-12-06 21:02:22,526 : INFO : EventManager : Event: ======'machine_var_audits_switches_s_right_out_lane'====== Args={'value': 0, 'prev_value': None, 'change': True}
2023-12-06 21:02:22,527 : INFO : EventManager : Event: ======'machine_var_audits_switches_s_right_out_lane_kicker'====== Args={'value': 0, 'prev_value': None, 'change': True}
2023-12-06 21:02:22,527 : INFO : EventManager : Event: ======'machine_var_audits_switches_s_right_return_lane'====== Args={'value': 0, 'prev_value': None, 'change': True}
2023-12-06 21:02:22,527 : INFO : EventManager : Event: ======'machine_var_audits_switches_s_satellite_bumper'====== Args={'value': 0, 'prev_value': None, 'change': True}
2023-12-06 21:02:22,528 : INFO : EventManager : Event: ======'machine_var_audits_switches_s_secondary_outlane_kicker'====== Args={'value': 0, 'prev_value': None, 'change': True}
2023-12-06 21:02:22,528 : INFO : EventManager : Event: ======'machine_var_audits_switches_s_skill_shot_1'====== Args={'value': 0, 'prev_value': None, 'change': True}
2023-12-06 21:02:22,528 : INFO : EventManager : Event: ======'machine_var_audits_switches_s_skill_shot_2'====== Args={'value': 0, 'prev_value': None, 'change': True}
2023-12-06 21:02:22,529 : INFO : EventManager : Event: ======'machine_var_audits_switches_s_skill_shot_3'====== Args={'value': 0, 'prev_value': None, 'change': True}
2023-12-06 21:02:22,529 : INFO : EventManager : Event: ======'machine_var_audits_switches_s_skill_shot_4'====== Args={'value': 0, 'prev_value': None, 'change': True}
2023-12-06 21:02:22,529 : INFO : EventManager : Event: ======'machine_var_audits_switches_s_skill_shot_5'====== Args={'value': 0, 'prev_value': None, 'change': True}
2023-12-06 21:02:22,530 : INFO : EventManager : Event: ======'machine_var_audits_switches_s_skill_shot_6'====== Args={'value': 0, 'prev_value': None, 'change': True}
2023-12-06 21:02:22,530 : INFO : EventManager : Event: ======'machine_var_audits_switches_s_skill_shot_lane'====== Args={'value': 0, 'prev_value': None, 'change': True}
2023-12-06 21:02:22,531 : INFO : EventManager : Event: ======'machine_var_audits_switches_s_spacewarp_rollover'====== Args={'value': 0, 'prev_value': None, 'change': True}
2023-12-06 21:02:22,531 : INFO : EventManager : Event: ======'machine_var_audits_switches_s_start'====== Args={'value': 6, 'prev_value': None, 'change': True}
2023-12-06 21:02:22,532 : INFO : EventManager : Event: ======'machine_var_audits_switches_s_trough1'====== Args={'value': 30, 'prev_value': None, 'change': True}
2023-12-06 21:02:22,533 : INFO : EventManager : Event: ======'machine_var_audits_switches_s_trough2'====== Args={'value': 0, 'prev_value': None, 'change': True}
2023-12-06 21:02:22,534 : INFO : EventManager : Event: ======'machine_var_audits_switches_s_trough3'====== Args={'value': 0, 'prev_value': None, 'change': True}
2023-12-06 21:02:22,534 : INFO : EventManager : Event: ======'machine_var_audits_switches_s_trough4'====== Args={'value': 0, 'prev_value': None, 'change': True}
2023-12-06 21:02:22,534 : INFO : EventManager : Event: ======'machine_var_audits_switches_s_trough5'====== Args={'value': 0, 'prev_value': None, 'change': True}
2023-12-06 21:02:22,535 : INFO : EventManager : Event: ======'machine_var_audits_switches_s_trough6'====== Args={'value': 0, 'prev_value': None, 'change': True}
2023-12-06 21:02:22,535 : INFO : EventManager : Event: ======'machine_var_audits_switches_s_trough_jam'====== Args={'value': 0, 'prev_value': None, 'change': True}
2023-12-06 21:02:22,536 : INFO : EventManager : Event: ======'machine_var_audits_switches_s_upper_attack_bumper'====== Args={'value': 0, 'prev_value': None, 'change': True}
2023-12-06 21:02:22,536 : INFO : EventManager : Event: ======'machine_var_audits_switches_s_upper_left_rebound'====== Args={'value': 0, 'prev_value': None, 'change': True}
2023-12-06 21:02:22,536 : INFO : EventManager : Event: ======'machine_var_audits_switches_s_upper_right_rebound'====== Args={'value': 0, 'prev_value': None, 'change': True}
2023-12-06 21:02:22,537 : INFO : EventManager : Event: ======'machine_var_audits_switches_s_wormhole_target'====== Args={'value': 0, 'prev_value': None, 'change': True}
2023-12-06 21:02:22,537 : INFO : EventManager : Event: ======'machine_var_audits_switches_s_yellow_wormhole'====== Args={'value': 0, 'prev_value': None, 'change': True}
2023-12-06 21:02:22,538 : INFO : EventManager : Event: ======'init_phase_5'====== Args={}
2023-12-06 21:02:22,578 : INFO : EventManager : Event: ======'init_done'====== Args={}
2023-12-06 21:02:22,578 : INFO : EventManager : Event: ======'machine_reset_phase_1'====== Args={}
2023-12-06 21:02:22,583 : INFO : EventManager : Event: ======'slide_welcome_slide_removed'====== Args={'_from_bcp': True}
2023-12-06 21:02:22,583 : INFO : EventManager : Event: ======'slide_welcome_slide_created'====== Args={'_from_bcp': True}
2023-12-06 21:02:22,585 : INFO : EventManager : Event: ======'slide_welcome_slide_active'====== Args={'_from_bcp': True}
2023-12-06 21:02:22,585 : INFO : EventManager : Event: ======'machine_reset_phase_2'====== Args={}
2023-12-06 21:02:22,585 : INFO : EventManager : Event: ======'machine_reset_phase_3'====== Args={}
2023-12-06 21:02:22,586 : INFO : EventManager : Event: ======'reset_complete'====== Args={}
2023-12-06 21:02:22,586 : INFO : EventManager : Event: ======'mode_attract_will_start'====== Args={}
2023-12-06 21:02:22,587 : INFO : EventManager : Event: ======'mode_attract_starting'====== Args={}
2023-12-06 21:02:22,587 : INFO : Mode.attract : Started. Priority: 10
2023-12-06 21:02:22,587 : INFO : EventManager : Event: ======'modes_active_modes_changed'====== Args={}
2023-12-06 21:02:22,587 : INFO : EventManager : Event: ======'mode_attract_started'====== Args={}
2023-12-06 21:02:22,588 : INFO : EventManager : Event: ======'collecting_balls_complete'====== Args={}
2023-12-06 21:02:22,618 : INFO : EventManager : Event: ======'slide_awesome_slide_created'====== Args={'_from_bcp': True}
2023-12-06 21:02:22,618 : INFO : EventManager : Event: ======'slide_awesome_slide_active'====== Args={'_from_bcp': True}
2023-12-06 21:02:22,620 : INFO : Machine : Starting the main run loop.
2023-12-06 21:02:22,992 : INFO : BcpServer : New client connected.
2023-12-06 21:02:25,035 : INFO : SwitchController : <<<<<<< 's_start' active >>>>>>>
2023-12-06 21:02:25,093 : INFO : SwitchController : <<<<<<< 's_start' inactive >>>>>>>
2023-12-06 21:02:25,093 : INFO : EventManager : Event: ======'request_to_start_game'====== Args={}
2023-12-06 21:02:25,093 : INFO : EventManager : Event: ======'game_start'====== Args={'buttons': [], 'hold_time': 0.047000000000025466}
2023-12-06 21:02:25,093 : INFO : EventManager : Event: ======'mode_game_will_start'====== Args={'buttons': [], 'hold_time': 0.047000000000025466}
2023-12-06 21:02:25,094 : INFO : EventManager : Event: ======'mode_game_starting'====== Args={'buttons': [], 'hold_time': 0.047000000000025466}
2023-12-06 21:02:25,094 : INFO : EventManager : Event: ======'mode_attract_will_stop'====== Args={}
2023-12-06 21:02:25,094 : INFO : EventManager : Event: ======'mode_attract_stopping'====== Args={}
2023-12-06 21:02:25,095 : INFO : Mode.attract : Stopped.
2023-12-06 21:02:25,095 : INFO : EventManager : Event: ======'modes_active_modes_changed'====== Args={}
2023-12-06 21:02:25,095 : INFO : EventManager : Event: ======'mode_attract_stopped'====== Args={}
2023-12-06 21:02:25,095 : INFO : EventManager : Event: ======'clear'====== Args={'key': 'attract'}
2023-12-06 21:02:25,096 : INFO : Mode.game : Started. Priority: 20
2023-12-06 21:02:25,096 : INFO : EventManager : Event: ======'modes_active_modes_changed'====== Args={}
2023-12-06 21:02:25,096 : INFO : EventManager : Event: ======'mode_game_started'====== Args={'buttons': [], 'hold_time': 0.047000000000025466}
2023-12-06 21:02:25,102 : INFO : EventManager : Event: ======'game_will_start'====== Args={}
2023-12-06 21:02:25,103 : INFO : EventManager : Event: ======'game_starting'====== Args={'game': <Mode.game>}
2023-12-06 21:02:25,104 : INFO : EventManager : Event: ======'player_add_request'====== Args={}
2023-12-06 21:02:25,104 : INFO : EventManager : Event: ======'player_will_add'====== Args={'number': 1}
2023-12-06 21:02:25,104 : INFO : EventManager : Event: ======'player_adding'====== Args={'player': <Player 1>, 'number': 1}
2023-12-06 21:02:25,104 : INFO : EventManager : Event: ======'player_added'====== Args={'player': <Player 1>, 'num': 1}
2023-12-06 21:02:25,105 : INFO : Mode.game : Player added successfully. Total players: 1
2023-12-06 21:02:25,105 : INFO : EventManager : Event: ======'player_index'====== Args={'value': 0, 'prev_value': 0, 'change': 0, 'player_num': 1}
2023-12-06 21:02:25,105 : INFO : EventManager : Event: ======'player_number'====== Args={'value': 1, 'prev_value': 1, 'change': 0, 'player_num': 1}
2023-12-06 21:02:25,106 : INFO : EventManager : Event: ======'player_score'====== Args={'value': 0, 'prev_value': 0, 'change': 0, 'player_num': 1}
2023-12-06 21:02:25,106 : INFO : EventManager : Event: ======'game_started'====== Args={}
2023-12-06 21:02:25,122 : INFO : EventManager : Event: ======'player_turn_will_start'====== Args={'player': <Player 1>, 'number': 1}
2023-12-06 21:02:25,123 : INFO : EventManager : Event: ======'slide_awesome_slide_removed'====== Args={'_from_bcp': True}
2023-12-06 21:02:25,123 : INFO : EventManager : Event: ======'slide_welcome_slide_active'====== Args={'_from_bcp': True}
2023-12-06 21:02:25,124 : INFO : EventManager : Event: ======'player_turn_starting'====== Args={'player': <Player 1>, 'number': 1}
2023-12-06 21:02:25,124 : INFO : EventManager : Event: ======'player_ball'====== Args={'value': 1, 'prev_value': 0, 'change': 1, 'player_num': 1}
2023-12-06 21:02:25,124 : INFO : EventManager : Event: ======'player_turn_started'====== Args={'player': <Player 1>, 'number': 1}
2023-12-06 21:02:25,125 : INFO : EventManager : Event: ======'ball_will_start'====== Args={'player': 1, 'ball': 1, 'balls_remaining': 2, 'is_extra_ball': False}
2023-12-06 21:02:25,130 : INFO : EventManager : Event: ======'ball_starting'====== Args={'player': 1, 'ball': 1, 'balls_remaining': 2, 'is_extra_ball': False}
2023-12-06 21:02:25,130 : INFO : EventManager : Event: ======'mode_base_will_start'====== Args={'queue': <QueuedEvent>, 'player': 1, 'ball': 1, 'balls_remaining': 2, 'is_extra_ball': False}
2023-12-06 21:02:25,131 : INFO : EventManager : Event: ======'mode_base_starting'====== Args={'queue': <QueuedEvent>, 'player': 1, 'ball': 1, 'balls_remaining': 2, 'is_extra_ball': False}
2023-12-06 21:02:25,131 : INFO : Mode.base : Started. Priority: 100
2023-12-06 21:02:25,131 : INFO : EventManager : Event: ======'modes_active_modes_changed'====== Args={}
2023-12-06 21:02:25,131 : INFO : EventManager : Event: ======'mode_base_started'====== Args={'queue': <QueuedEvent>, 'player': 1, 'ball': 1, 'balls_remaining': 2, 'is_extra_ball': False}
2023-12-06 21:02:25,132 : INFO : EventManager : Event: ======'balls_in_play'====== Args={'balls': 1}
2023-12-06 21:02:25,132 : INFO : EventManager : Event: ======'ball_started'====== Args={'player': 1, 'ball': 1, 'balls_remaining': 2, 'is_extra_ball': False}
2023-12-06 21:02:25,133 : INFO : EventManager : Event: ======'mode_reentry_will_start'====== Args={'player': 1, 'ball': 1, 'balls_remaining': 2, 'is_extra_ball': False}
2023-12-06 21:02:25,133 : INFO : EventManager : Event: ======'player_shot_reentryL_shot_enabled'====== Args={'value': True, 'prev_value': 0, 'change': 1, 'player_num': 1}
2023-12-06 21:02:25,134 : INFO : EventManager : Event: ======'player_shot_reentryM_shot_enabled'====== Args={'value': True, 'prev_value': 0, 'change': 1, 'player_num': 1}
2023-12-06 21:02:25,135 : INFO : EventManager : Event: ======'player_shot_reentryR_shot_enabled'====== Args={'value': True, 'prev_value': 0, 'change': 1, 'player_num': 1}
2023-12-06 21:02:25,135 : INFO : EventManager : Event: ======'reentry_shot_complete'====== Args={'state': 'off'}
2023-12-06 21:02:25,135 : INFO : EventManager : Event: ======'reentry_shot_off_complete'====== Args={}
2023-12-06 21:02:25,136 : INFO : EventManager : Event: ======'mode_reentry_starting'====== Args={'player': 1, 'ball': 1, 'balls_remaining': 2, 'is_extra_ball': False}
2023-12-06 21:02:25,137 : INFO : EventManager : Event: ======'mode_medal_will_start'====== Args={'player': 1, 'ball': 1, 'balls_remaining': 2, 'is_extra_ball': False}
2023-12-06 21:02:25,137 : INFO : EventManager : Event: ======'player_shot_medalL_shot_enabled'====== Args={'value': True, 'prev_value': 0, 'change': 1, 'player_num': 1}
2023-12-06 21:02:25,137 : INFO : EventManager : Event: ======'player_shot_medalM_shot_enabled'====== Args={'value': True, 'prev_value': 0, 'change': 1, 'player_num': 1}
2023-12-06 21:02:25,138 : INFO : EventManager : Event: ======'player_shot_medalR_shot_enabled'====== Args={'value': True, 'prev_value': 0, 'change': 1, 'player_num': 1}
2023-12-06 21:02:25,139 : INFO : EventManager : Event: ======'medal_shot_complete'====== Args={'state': 'unlit'}
2023-12-06 21:02:25,139 : INFO : EventManager : Event: ======'medal_shot_unlit_complete'====== Args={}
2023-12-06 21:02:25,141 : ERROR : asyncio : Exception in callback EventManager.process_event_queue()
handle: <Handle EventManager.process_event_queue()>
Traceback (most recent call last):
  File "c:\users\student\mpfenv\lib\site-packages\mpf\core\placeholder_manager.py", line 664, in _parse_template
    return ast.parse(template_str, mode='eval').body
  File "C:\Program Files\Python37\lib\ast.py", line 35, in parse
    return compile(source, filename, mode, PyCF_ONLY_AST)
  File "<unknown>", line 1
    medal_shot_done{count==2}
                   ^
SyntaxError: invalid syntax

During handling of the above exception, another exception occurred:

Traceback (most recent call last):
  File "c:\users\student\mpfenv\lib\site-packages\mpf\core\events.py", line 695, in _run_handlers
    result = handler.callback(**merged_kwargs)
  File "c:\users\student\mpfenv\lib\site-packages\mpf\core\mode.py", line 214, in start
    **item.kwargs)
  File "c:\users\student\mpfenv\lib\site-packages\mpf\core\config_player.py", line 203, in mode_start
    event_keys = self.register_player_events(config, mode, priority)
  File "c:\users\student\mpfenv\lib\site-packages\mpf\core\config_player.py", line 301, in register_player_events
    settings=settings))
  File "c:\users\student\mpfenv\lib\site-packages\mpf\core\events.py", line 178, in add_handler
    event, condition, additional_priority = self.get_event_and_condition_from_string(event)
  File "c:\users\student\mpfenv\lib\site-packages\mpf\core\events.py", line 84, in get_event_and_condition_from_string
    placeholder = self.machine.placeholder_manager.build_bool_template(event_string[first_bracket_pos + 1:-1])
  File "c:\users\student\mpfenv\lib\site-packages\mpf\core\placeholder_manager.py", line 823, in build_bool_template
    return BoolTemplate(self._parse_template(template_str), template_str, self, default_value)
  File "c:\users\student\mpfenv\lib\site-packages\mpf\core\placeholder_manager.py", line 666, in _parse_template
    raise AssertionError('Failed to parse template "{}"'.format(template_str))
AssertionError: Failed to parse template "medal_shot_done{count==2}"

The above exception was the direct cause of the following exception:

Traceback (most recent call last):
  File "C:\Program Files\Python37\lib\asyncio\events.py", line 88, in _run
    self._context.run(self._callback, *self._args)
  File "c:\users\student\mpfenv\lib\site-packages\mpf\core\events.py", line 782, in process_event_queue
    **event[3])
  File "c:\users\student\mpfenv\lib\site-packages\mpf\core\events.py", line 741, in _process_event
    result = self._run_handlers(event, ev_type, kwargs)
  File "c:\users\student\mpfenv\lib\site-packages\mpf\core\events.py", line 697, in _run_handlers
    raise Exception("Exception while processing {} for event {}. {}".format(handler, event, e)) from e
Exception: Exception while processing RegisteredHandler(callback=<bound method Mode.start of <Mode.medal>>, priority=200, kwargs={}, key=UUID('18d70bb2-1705-4915-9c39-ec9e6c7ab0d5'), condition=None, blocking_facility=None) for event ball_started. Failed to parse template "medal_shot_done{count==2}"
2023-12-06 21:02:25,228 : INFO : EventManager : Event: ======'logicblock_reentry_shot_complete_count_updated'====== Args={'value': 1, 'enabled': True}
2023-12-06 21:02:25,229 : INFO : EventManager : Event: ======'logicblock_reentry_shot_complete_count_updated'====== Args={'value': 1, 'enabled': True}
2023-12-06 21:02:25,229 : INFO : Mode.reentry : Started. Priority: 200
2023-12-06 21:02:25,229 : INFO : EventManager : Event: ======'modes_active_modes_changed'====== Args={}
2023-12-06 21:02:25,229 : INFO : EventManager : Event: ======'mode_reentry_started'====== Args={'player': 1, 'ball': 1, 'balls_remaining': 2, 'is_extra_ball': False}
2023-12-06 21:02:25,230 : INFO : EventManager : Event: ======'player_attack_bumper_count'====== Args={'value': 1, 'prev_value': 0, 'change': 1, 'player_num': 1}
2023-12-06 21:02:25,231 : INFO : EventManager : Event: ======'slide_base.slide_player-mode_base_started_created'====== Args={'_from_bcp': True}
2023-12-06 21:02:25,231 : INFO : EventManager : Event: ======'slide_base.slide_player-mode_base_started_active'====== Args={'_from_bcp': True}
2023-12-06 21:02:25,232 : INFO : Machine : Shutting down...
2023-12-06 21:02:25,232 : INFO : EventManager : Event: ======'shutdown'====== Args={}
2023-12-06 21:02:25,238 : ERROR : Machine : Runtime Exception
Traceback (most recent call last):
  File "c:\users\student\mpfenv\lib\site-packages\mpf\core\placeholder_manager.py", line 664, in _parse_template
    return ast.parse(template_str, mode='eval').body
  File "C:\Program Files\Python37\lib\ast.py", line 35, in parse
    return compile(source, filename, mode, PyCF_ONLY_AST)
  File "<unknown>", line 1
    medal_shot_done{count==2}
                   ^
SyntaxError: invalid syntax

During handling of the above exception, another exception occurred:

Traceback (most recent call last):
  File "c:\users\student\mpfenv\lib\site-packages\mpf\core\events.py", line 695, in _run_handlers
    result = handler.callback(**merged_kwargs)
  File "c:\users\student\mpfenv\lib\site-packages\mpf\core\mode.py", line 214, in start
    **item.kwargs)
  File "c:\users\student\mpfenv\lib\site-packages\mpf\core\config_player.py", line 203, in mode_start
    event_keys = self.register_player_events(config, mode, priority)
  File "c:\users\student\mpfenv\lib\site-packages\mpf\core\config_player.py", line 301, in register_player_events
    settings=settings))
  File "c:\users\student\mpfenv\lib\site-packages\mpf\core\events.py", line 178, in add_handler
    event, condition, additional_priority = self.get_event_and_condition_from_string(event)
  File "c:\users\student\mpfenv\lib\site-packages\mpf\core\events.py", line 84, in get_event_and_condition_from_string
    placeholder = self.machine.placeholder_manager.build_bool_template(event_string[first_bracket_pos + 1:-1])
  File "c:\users\student\mpfenv\lib\site-packages\mpf\core\placeholder_manager.py", line 823, in build_bool_template
    return BoolTemplate(self._parse_template(template_str), template_str, self, default_value)
  File "c:\users\student\mpfenv\lib\site-packages\mpf\core\placeholder_manager.py", line 666, in _parse_template
    raise AssertionError('Failed to parse template "{}"'.format(template_str))
AssertionError: Failed to parse template "medal_shot_done{count==2}"

The above exception was the direct cause of the following exception:

Traceback (most recent call last):
  File "c:\users\student\mpfenv\lib\site-packages\mpf\core\machine.py", line 769, in _run_loop
    raise self._exception['exception']
  File "C:\Program Files\Python37\lib\asyncio\events.py", line 88, in _run
    self._context.run(self._callback, *self._args)
  File "c:\users\student\mpfenv\lib\site-packages\mpf\core\events.py", line 782, in process_event_queue
    **event[3])
  File "c:\users\student\mpfenv\lib\site-packages\mpf\core\events.py", line 741, in _process_event
    result = self._run_handlers(event, ev_type, kwargs)
  File "c:\users\student\mpfenv\lib\site-packages\mpf\core\events.py", line 697, in _run_handlers
    raise Exception("Exception while processing {} for event {}. {}".format(handler, event, e)) from e
Exception: Exception while processing RegisteredHandler(callback=<bound method Mode.start of <Mode.medal>>, priority=200, kwargs={}, key=UUID('18d70bb2-1705-4915-9c39-ec9e6c7ab0d5'), condition=None, blocking_facility=None) for event ball_started. Failed to parse template "medal_shot_done{count==2}"
2023-12-06 21:02:45,653 : INFO : root : MPF run loop ended.
