2023-12-08 12:43:10,083 : INFO : root : Loading config.
2023-12-08 12:43:10,418 : INFO : ConfigProcessor : Config spec file cache created: C:\Users\student\AppData\Local\Temp\config_spec.mpf_cache
2023-12-08 12:43:10,418 : INFO : YamlMultifileConfigLoader : Machine config file #1: config.yaml
2023-12-08 12:43:10,418 : INFO : ConfigProcessor : Loading config from file c:\users\student\mpfenv\lib\site-packages\mpf\mpfconfig.yaml.
2023-12-08 12:43:10,487 : INFO : ConfigProcessor : Loading config: c:\users\student\mpfenv\lib\site-packages\mpf\mpfconfig.yaml
2023-12-08 12:43:10,488 : INFO : ConfigProcessor : Loading config from file C:\Users\student\pinball\cobraPinTest1\config\config.yaml.
2023-12-08 12:43:10,532 : INFO : ConfigProcessor : Loading config: C:\Users\student\pinball\cobraPinTest1\config\config.yaml
2023-12-08 12:43:10,534 : INFO : ConfigProcessor : Config file cache created: C:\Users\student\AppData\Local\Temp\f1427cd4cbc9163bc2263f349f0fb463.mpf_cache
2023-12-08 12:43:10,602 : INFO : ConfigProcessor : Loading config from file c:\users\student\mpfenv\lib\site-packages\mpf\modes\attract\config\attract.yaml.
2023-12-08 12:43:10,604 : INFO : ConfigProcessor : Loading config: c:\users\student\mpfenv\lib\site-packages\mpf\modes\attract\config\attract.yaml
2023-12-08 12:43:10,604 : INFO : ConfigProcessor : Loading config from file C:\Users\student\pinball\cobraPinTest1\modes\attract\config\attract.yaml.
2023-12-08 12:43:10,605 : INFO : ConfigProcessor : Loading config: C:\Users\student\pinball\cobraPinTest1\modes\attract\config\attract.yaml
2023-12-08 12:43:10,606 : INFO : ConfigProcessor : Config file cache created: C:\Users\student\AppData\Local\Temp\32ed7ad340ce8029344f8b9ff63edc80.mpf_cache
2023-12-08 12:43:10,606 : INFO : ConfigProcessor : Loading config from file c:\users\student\mpfenv\lib\site-packages\mpf\modes\game\config\game.yaml.
2023-12-08 12:43:10,608 : INFO : ConfigProcessor : Loading config: c:\users\student\mpfenv\lib\site-packages\mpf\modes\game\config\game.yaml
2023-12-08 12:43:10,608 : INFO : ConfigProcessor : Config file cache created: C:\Users\student\AppData\Local\Temp\8696bd5a5a040ff67990be11cb4d3c0c.mpf_cache
2023-12-08 12:43:10,609 : INFO : ConfigProcessor : Loading config from file C:\Users\student\pinball\cobraPinTest1\modes\base\config\base.yaml.
2023-12-08 12:43:10,613 : INFO : ConfigProcessor : Loading config: C:\Users\student\pinball\cobraPinTest1\modes\base\config\base.yaml
2023-12-08 12:43:10,614 : INFO : ConfigProcessor : Config file cache created: C:\Users\student\AppData\Local\Temp\4675a535c8328a9c278c807d999ed109.mpf_cache
2023-12-08 12:43:10,614 : INFO : ConfigProcessor : Loading config from file C:\Users\student\pinball\cobraPinTest1\modes\reentry\config\reentry.yaml.
2023-12-08 12:43:10,631 : INFO : ConfigProcessor : Loading config: C:\Users\student\pinball\cobraPinTest1\modes\reentry\config\reentry.yaml
2023-12-08 12:43:10,632 : INFO : ConfigProcessor : Config file cache created: C:\Users\student\AppData\Local\Temp\0c8438cab3480347c0c749fa494946a2.mpf_cache
2023-12-08 12:43:10,633 : INFO : ConfigProcessor : Loading config from file C:\Users\student\pinball\cobraPinTest1\modes\medal\config\medal.yaml.
2023-12-08 12:43:10,654 : INFO : ConfigProcessor : Loading config: C:\Users\student\pinball\cobraPinTest1\modes\medal\config\medal.yaml
2023-12-08 12:43:10,654 : INFO : ConfigProcessor : Config file cache created: C:\Users\student\AppData\Local\Temp\edae2e0e7aeda847f5007d89f37fc8de.mpf_cache
2023-12-08 12:43:10,655 : INFO : ConfigProcessor : Loading config from file C:\Users\student\pinball\cobraPinTest1\modes\attract\shows\.\attract_display_loop.yaml.
2023-12-08 12:43:10,664 : INFO : ConfigProcessor : Loading config: C:\Users\student\pinball\cobraPinTest1\modes\attract\shows\.\attract_display_loop.yaml
2023-12-08 12:43:10,664 : INFO : ConfigProcessor : Config file cache created: C:\Users\student\AppData\Local\Temp\f8d2c2cf3ea01f085365ea23fa51a701.mpf_cache
2023-12-08 12:43:10,665 : INFO : ConfigProcessor : Loading config from file C:\Users\student\pinball\cobraPinTest1\modes\attract\shows\.\attract_light_show.yaml.
2023-12-08 12:43:10,669 : INFO : ConfigProcessor : Loading config: C:\Users\student\pinball\cobraPinTest1\modes\attract\shows\.\attract_light_show.yaml
2023-12-08 12:43:10,670 : INFO : ConfigProcessor : Config file cache created: C:\Users\student\AppData\Local\Temp\30bd992f4b62a9b099207aebeb59554c.mpf_cache
2023-12-08 12:43:10,670 : INFO : Machine : Mission Pinball Framework Core Engine v0.55.0
2023-12-08 12:43:10,671 : INFO : Machine : Command line arguments: {'no_load_cache': True, 'create_config_cache': True, 'bcp': True, 'configfile': ['config.yaml'], 'force_assets_load': False, 'jsonlogging': False, 'logfile': 'logs\\2023-12-08-12-43-10-mpf-DESKTOP-0JH7ARL.log', 'pause': False, 'production': False, 'text_ui': True, 'loglevel': 15, 'consoleloglevel': 20, 'force_platform': None, 'syslog_address': None, 'mc_file_name': None, 'no_sound': False}
2023-12-08 12:43:10,671 : INFO : Machine : MPF path: c:\users\student\mpfenv\lib\site-packages\mpf
2023-12-08 12:43:10,671 : INFO : Machine : Machine path: C:\Users\student\pinball\cobraPinTest1
2023-12-08 12:43:10,671 : INFO : Machine : Platform: win32
2023-12-08 12:43:10,671 : INFO : Machine : Python executable location: c:\users\student\mpfenv\scripts\python.exe
2023-12-08 12:43:10,671 : INFO : Machine : Python version: 3.7.8 (64-bit)
2023-12-08 12:43:10,673 : INFO : Machine : Initialise MPF.
2023-12-08 12:43:10,959 : INFO : EventManager : Event: ======'machine_var_credits_string'====== Args={'value': 'FREE PLAY', 'prev_value': None, 'change': True}
2023-12-08 12:43:11,004 : INFO : EventManager : Event: ======'machine_var_master_volume'====== Args={'value': 0.5, 'prev_value': None, 'change': True}
2023-12-08 12:43:11,005 : INFO : EventManager : Event: ======'machine_var_player1_score'====== Args={'value': 1500, 'prev_value': None, 'change': True}
2023-12-08 12:43:11,005 : INFO : EventManager : Event: ======'machine_var_mpf_version'====== Args={'value': 'MPF v0.55.0', 'prev_value': None, 'change': True}
2023-12-08 12:43:11,005 : INFO : EventManager : Event: ======'machine_var_mpf_extended_version'====== Args={'value': 'MPF v0.55.0, Config version:5, Show version: 5, BCP version:1.1', 'prev_value': None, 'change': True}
2023-12-08 12:43:11,005 : INFO : EventManager : Event: ======'machine_var_python_version'====== Args={'value': '3.7.8', 'prev_value': None, 'change': True}
2023-12-08 12:43:11,005 : INFO : EventManager : Event: ======'machine_var_platform'====== Args={'value': 'Windows-10-10.0.19041-SP0', 'prev_value': None, 'change': True}
2023-12-08 12:43:11,005 : INFO : EventManager : Event: ======'machine_var_platform_system'====== Args={'value': 'Windows', 'prev_value': None, 'change': True}
2023-12-08 12:43:11,005 : INFO : EventManager : Event: ======'machine_var_platform_release'====== Args={'value': '10', 'prev_value': None, 'change': True}
2023-12-08 12:43:11,005 : INFO : EventManager : Event: ======'machine_var_platform_version'====== Args={'value': '10.0.19041', 'prev_value': None, 'change': True}
2023-12-08 12:43:11,005 : INFO : EventManager : Event: ======'machine_var_platform_machine'====== Args={'value': 'AMD64', 'prev_value': None, 'change': True}
2023-12-08 12:43:11,006 : INFO : EventManager : Event: ======'init_phase_1'====== Args={}
2023-12-08 12:43:11,026 : INFO : EventManager : Event: ======'init_phase_2'====== Args={}
2023-12-08 12:43:11,026 : INFO : SwitchController : Found active switch: ('0-0-8', <Platform.Virtual>) <switch.s_trough1>
2023-12-08 12:43:11,030 : INFO : EventManager : Event: ======'bcp_connection_attempt'====== Args={'name': 'local_display', 'host': 'localhost', 'port': 5050}
2023-12-08 12:43:11,031 : INFO : BCPClientSocket : Connecting BCP to 'local_display' at localhost:5050...
2023-12-08 12:43:13,078 : INFO : BCPClientSocket : Connected BCP to 'local_display' localhost:5050
2023-12-08 12:43:13,080 : INFO : EventManager : Event: ======'bcp_clients_connected'====== Args={}
2023-12-08 12:43:13,091 : INFO : ball_device.bd_trough : BCH: Initial count: 1
2023-12-08 12:43:13,091 : INFO : EventManager : Event: ======'machine_var_mc_version'====== Args={'value': 'MPF-MC v0.55.0', 'prev_value': None, 'change': True}
2023-12-08 12:43:13,091 : INFO : EventManager : Event: ======'machine_var_mc_extended_version'====== Args={'value': 'MPF-MC v0.55.0 (config_version=5, BCP v1.1, Requires MPF v0.55.0-dev.49)', 'prev_value': None, 'change': True}
2023-12-08 12:43:13,093 : INFO : ball_device.bd_trough : State: idle
2023-12-08 12:43:13,106 : INFO : ball_device.bd_plunger : BCH: Initial count: 0
2023-12-08 12:43:13,106 : INFO : ball_device.bd_plunger : State: idle
2023-12-08 12:43:13,168 : INFO : EventManager : Event: ======'init_phase_3'====== Args={}
2023-12-08 12:43:13,173 : INFO : EventManager : Event: ======'init_phase_4'====== Args={}
2023-12-08 12:43:13,173 : INFO : BallController : Initial balls found: 1
2023-12-08 12:43:13,175 : INFO : EventManager : Event: ======'machine_var_audits_events_game_ended'====== Args={'value': 0, 'prev_value': None, 'change': True}
2023-12-08 12:43:13,175 : INFO : EventManager : Event: ======'machine_var_audits_events_game_started'====== Args={'value': 0, 'prev_value': None, 'change': True}
2023-12-08 12:43:13,176 : INFO : EventManager : Event: ======'machine_var_audits_player_score'====== Args={'value': {'average': 1800.0, 'top': [2000, 1900, 1500], 'total': 3}, 'prev_value': None, 'change': True}
2023-12-08 12:43:13,176 : INFO : EventManager : Event: ======'machine_var_audits_shots_medalL_shot'====== Args={'value': 135, 'prev_value': None, 'change': True}
2023-12-08 12:43:13,176 : INFO : EventManager : Event: ======'machine_var_audits_shots_medalM_shot'====== Args={'value': 131, 'prev_value': None, 'change': True}
2023-12-08 12:43:13,177 : INFO : EventManager : Event: ======'machine_var_audits_shots_medalR_shot'====== Args={'value': 132, 'prev_value': None, 'change': True}
2023-12-08 12:43:13,177 : INFO : EventManager : Event: ======'machine_var_audits_shots_my_first_shot'====== Args={'value': 119, 'prev_value': None, 'change': True}
2023-12-08 12:43:13,177 : INFO : EventManager : Event: ======'machine_var_audits_shots_my_first_shot_mode2'====== Args={'value': 72, 'prev_value': None, 'change': True}
2023-12-08 12:43:13,178 : INFO : EventManager : Event: ======'machine_var_audits_shots_reentryL_shot'====== Args={'value': 397, 'prev_value': None, 'change': True}
2023-12-08 12:43:13,178 : INFO : EventManager : Event: ======'machine_var_audits_shots_reentryM_shot'====== Args={'value': 373, 'prev_value': None, 'change': True}
2023-12-08 12:43:13,178 : INFO : EventManager : Event: ======'machine_var_audits_shots_reentryR_shot'====== Args={'value': 341, 'prev_value': None, 'change': True}
2023-12-08 12:43:13,179 : INFO : EventManager : Event: ======'machine_var_audits_shots_reentry_shot'====== Args={'value': 9, 'prev_value': None, 'change': True}
2023-12-08 12:43:13,179 : INFO : EventManager : Event: ======'machine_var_audits_shots_top_lane_A'====== Args={'value': 12, 'prev_value': None, 'change': True}
2023-12-08 12:43:13,180 : INFO : EventManager : Event: ======'machine_var_audits_shots_top_lane_J'====== Args={'value': 12, 'prev_value': None, 'change': True}
2023-12-08 12:43:13,180 : INFO : EventManager : Event: ======'machine_var_audits_shots_top_lane_M'====== Args={'value': 9, 'prev_value': None, 'change': True}
2023-12-08 12:43:13,180 : INFO : EventManager : Event: ======'machine_var_audits_switches_s_blackhole_kicker'====== Args={'value': 0, 'prev_value': None, 'change': True}
2023-12-08 12:43:13,181 : INFO : EventManager : Event: ======'machine_var_audits_switches_s_bonus_lane'====== Args={'value': 0, 'prev_value': None, 'change': True}
2023-12-08 12:43:13,181 : INFO : EventManager : Event: ======'machine_var_audits_switches_s_booster_drop_target_1'====== Args={'value': 0, 'prev_value': None, 'change': True}
2023-12-08 12:43:13,182 : INFO : EventManager : Event: ======'machine_var_audits_switches_s_booster_drop_target_2'====== Args={'value': 0, 'prev_value': None, 'change': True}
2023-12-08 12:43:13,182 : INFO : EventManager : Event: ======'machine_var_audits_switches_s_booster_drop_target_3'====== Args={'value': 0, 'prev_value': None, 'change': True}
2023-12-08 12:43:13,182 : INFO : EventManager : Event: ======'machine_var_audits_switches_s_comet_spot_1'====== Args={'value': 0, 'prev_value': None, 'change': True}
2023-12-08 12:43:13,182 : INFO : EventManager : Event: ======'machine_var_audits_switches_s_comet_spot_2'====== Args={'value': 0, 'prev_value': None, 'change': True}
2023-12-08 12:43:13,183 : INFO : EventManager : Event: ======'machine_var_audits_switches_s_comet_spot_3'====== Args={'value': 0, 'prev_value': None, 'change': True}
2023-12-08 12:43:13,183 : INFO : EventManager : Event: ======'machine_var_audits_switches_s_engine_bumper_1'====== Args={'value': 0, 'prev_value': None, 'change': True}
2023-12-08 12:43:13,183 : INFO : EventManager : Event: ======'machine_var_audits_switches_s_engine_bumper_2'====== Args={'value': 0, 'prev_value': None, 'change': True}
2023-12-08 12:43:13,183 : INFO : EventManager : Event: ======'machine_var_audits_switches_s_engine_bumper_3'====== Args={'value': 0, 'prev_value': None, 'change': True}
2023-12-08 12:43:13,184 : INFO : EventManager : Event: ======'machine_var_audits_switches_s_fuel_chute_1'====== Args={'value': 0, 'prev_value': None, 'change': True}
2023-12-08 12:43:13,184 : INFO : EventManager : Event: ======'machine_var_audits_switches_s_fuel_chute_2'====== Args={'value': 0, 'prev_value': None, 'change': True}
2023-12-08 12:43:13,184 : INFO : EventManager : Event: ======'machine_var_audits_switches_s_fuel_chute_3'====== Args={'value': 0, 'prev_value': None, 'change': True}
2023-12-08 12:43:13,184 : INFO : EventManager : Event: ======'machine_var_audits_switches_s_fuel_chute_4'====== Args={'value': 0, 'prev_value': None, 'change': True}
2023-12-08 12:43:13,185 : INFO : EventManager : Event: ======'machine_var_audits_switches_s_fuel_chute_5'====== Args={'value': 0, 'prev_value': None, 'change': True}
2023-12-08 12:43:13,185 : INFO : EventManager : Event: ======'machine_var_audits_switches_s_fuel_chute_6'====== Args={'value': 0, 'prev_value': None, 'change': True}
2023-12-08 12:43:13,185 : INFO : EventManager : Event: ======'machine_var_audits_switches_s_fuel_flag'====== Args={'value': 0, 'prev_value': None, 'change': True}
2023-12-08 12:43:13,185 : INFO : EventManager : Event: ======'machine_var_audits_switches_s_fuel_spot_1'====== Args={'value': 0, 'prev_value': None, 'change': True}
2023-12-08 12:43:13,186 : INFO : EventManager : Event: ======'machine_var_audits_switches_s_fuel_spot_2'====== Args={'value': 0, 'prev_value': None, 'change': True}
2023-12-08 12:43:13,186 : INFO : EventManager : Event: ======'machine_var_audits_switches_s_fuel_spot_3'====== Args={'value': 0, 'prev_value': None, 'change': True}
2023-12-08 12:43:13,186 : INFO : EventManager : Event: ======'machine_var_audits_switches_s_green_wormhole'====== Args={'value': 0, 'prev_value': None, 'change': True}
2023-12-08 12:43:13,186 : INFO : EventManager : Event: ======'machine_var_audits_switches_s_hyperspace_flag'====== Args={'value': 0, 'prev_value': None, 'change': True}
2023-12-08 12:43:13,187 : INFO : EventManager : Event: ======'machine_var_audits_switches_s_hyperspacekicker'====== Args={'value': 0, 'prev_value': None, 'change': True}
2023-12-08 12:43:13,187 : INFO : EventManager : Event: ======'machine_var_audits_switches_s_launch_lane_1'====== Args={'value': 0, 'prev_value': None, 'change': True}
2023-12-08 12:43:13,187 : INFO : EventManager : Event: ======'machine_var_audits_switches_s_launch_lane_2'====== Args={'value': 0, 'prev_value': None, 'change': True}
2023-12-08 12:43:13,187 : INFO : EventManager : Event: ======'machine_var_audits_switches_s_launch_lane_3'====== Args={'value': 0, 'prev_value': None, 'change': True}
2023-12-08 12:43:13,187 : INFO : EventManager : Event: ======'machine_var_audits_switches_s_launch_ramp'====== Args={'value': 0, 'prev_value': None, 'change': True}
2023-12-08 12:43:13,187 : INFO : EventManager : Event: ======'machine_var_audits_switches_s_left_attack_bumper'====== Args={'value': 0, 'prev_value': None, 'change': True}
2023-12-08 12:43:13,189 : INFO : EventManager : Event: ======'machine_var_audits_switches_s_left_flipper'====== Args={'value': 467, 'prev_value': None, 'change': True}
2023-12-08 12:43:13,189 : INFO : EventManager : Event: ======'machine_var_audits_switches_s_left_out_lane'====== Args={'value': 0, 'prev_value': None, 'change': True}
2023-12-08 12:43:13,189 : INFO : EventManager : Event: ======'machine_var_audits_switches_s_left_out_lane_kicker'====== Args={'value': 0, 'prev_value': None, 'change': True}
2023-12-08 12:43:13,189 : INFO : EventManager : Event: ======'machine_var_audits_switches_s_left_return_lane'====== Args={'value': 0, 'prev_value': None, 'change': True}
2023-12-08 12:43:13,189 : INFO : EventManager : Event: ======'machine_var_audits_switches_s_lower_attack_bumper'====== Args={'value': 0, 'prev_value': None, 'change': True}
2023-12-08 12:43:13,190 : INFO : EventManager : Event: ======'machine_var_audits_switches_s_lower_left_rebound'====== Args={'value': 0, 'prev_value': None, 'change': True}
2023-12-08 12:43:13,190 : INFO : EventManager : Event: ======'machine_var_audits_switches_s_lower_left_slingshot'====== Args={'value': 0, 'prev_value': None, 'change': True}
2023-12-08 12:43:13,191 : INFO : EventManager : Event: ======'machine_var_audits_switches_s_lower_right_rebound'====== Args={'value': 0, 'prev_value': None, 'change': True}
2023-12-08 12:43:13,192 : INFO : EventManager : Event: ======'machine_var_audits_switches_s_lower_right_slingshot'====== Args={'value': 0, 'prev_value': None, 'change': True}
2023-12-08 12:43:13,192 : INFO : EventManager : Event: ======'machine_var_audits_switches_s_medal_drop_left'====== Args={'value': 149, 'prev_value': None, 'change': True}
2023-12-08 12:43:13,193 : INFO : EventManager : Event: ======'machine_var_audits_switches_s_medal_drop_middle'====== Args={'value': 145, 'prev_value': None, 'change': True}
2023-12-08 12:43:13,194 : INFO : EventManager : Event: ======'machine_var_audits_switches_s_medal_drop_right'====== Args={'value': 146, 'prev_value': None, 'change': True}
2023-12-08 12:43:13,194 : INFO : EventManager : Event: ======'machine_var_audits_switches_s_mission_spot_1'====== Args={'value': 0, 'prev_value': None, 'change': True}
2023-12-08 12:43:13,195 : INFO : EventManager : Event: ======'machine_var_audits_switches_s_mission_spot_2'====== Args={'value': 0, 'prev_value': None, 'change': True}
2023-12-08 12:43:13,195 : INFO : EventManager : Event: ======'machine_var_audits_switches_s_mission_spot_3'====== Args={'value': 0, 'prev_value': None, 'change': True}
2023-12-08 12:43:13,196 : INFO : EventManager : Event: ======'machine_var_audits_switches_s_multiplier_left'====== Args={'value': 0, 'prev_value': None, 'change': True}
2023-12-08 12:43:13,196 : INFO : EventManager : Event: ======'machine_var_audits_switches_s_multiplier_middle'====== Args={'value': 0, 'prev_value': None, 'change': True}
2023-12-08 12:43:13,196 : INFO : EventManager : Event: ======'machine_var_audits_switches_s_multiplier_right'====== Args={'value': 0, 'prev_value': None, 'change': True}
2023-12-08 12:43:13,197 : INFO : EventManager : Event: ======'machine_var_audits_switches_s_plunger'====== Args={'value': 151, 'prev_value': None, 'change': True}
2023-12-08 12:43:13,197 : INFO : EventManager : Event: ======'machine_var_audits_switches_s_radiationspot_1'====== Args={'value': 0, 'prev_value': None, 'change': True}
2023-12-08 12:43:13,197 : INFO : EventManager : Event: ======'machine_var_audits_switches_s_radiationspot_2'====== Args={'value': 0, 'prev_value': None, 'change': True}
2023-12-08 12:43:13,198 : INFO : EventManager : Event: ======'machine_var_audits_switches_s_radiationspot_3'====== Args={'value': 0, 'prev_value': None, 'change': True}
2023-12-08 12:43:13,198 : INFO : EventManager : Event: ======'machine_var_audits_switches_s_red_wormhole'====== Args={'value': 0, 'prev_value': None, 'change': True}
2023-12-08 12:43:13,198 : INFO : EventManager : Event: ======'machine_var_audits_switches_s_reentry_left'====== Args={'value': 752, 'prev_value': None, 'change': True}
2023-12-08 12:43:13,198 : INFO : EventManager : Event: ======'machine_var_audits_switches_s_reentry_middle'====== Args={'value': 447, 'prev_value': None, 'change': True}
2023-12-08 12:43:13,199 : INFO : EventManager : Event: ======'machine_var_audits_switches_s_reentry_right'====== Args={'value': 400, 'prev_value': None, 'change': True}
2023-12-08 12:43:13,199 : INFO : EventManager : Event: ======'machine_var_audits_switches_s_right_flipper'====== Args={'value': 191, 'prev_value': None, 'change': True}
2023-12-08 12:43:13,199 : INFO : EventManager : Event: ======'machine_var_audits_switches_s_right_inlane'====== Args={'value': 0, 'prev_value': None, 'change': True}
2023-12-08 12:43:13,200 : INFO : EventManager : Event: ======'machine_var_audits_switches_s_right_out_lane'====== Args={'value': 0, 'prev_value': None, 'change': True}
2023-12-08 12:43:13,200 : INFO : EventManager : Event: ======'machine_var_audits_switches_s_right_out_lane_kicker'====== Args={'value': 0, 'prev_value': None, 'change': True}
2023-12-08 12:43:13,200 : INFO : EventManager : Event: ======'machine_var_audits_switches_s_right_return_lane'====== Args={'value': 0, 'prev_value': None, 'change': True}
2023-12-08 12:43:13,201 : INFO : EventManager : Event: ======'machine_var_audits_switches_s_satellite_bumper'====== Args={'value': 0, 'prev_value': None, 'change': True}
2023-12-08 12:43:13,201 : INFO : EventManager : Event: ======'machine_var_audits_switches_s_secondary_outlane_kicker'====== Args={'value': 0, 'prev_value': None, 'change': True}
2023-12-08 12:43:13,201 : INFO : EventManager : Event: ======'machine_var_audits_switches_s_skill_shot_1'====== Args={'value': 0, 'prev_value': None, 'change': True}
2023-12-08 12:43:13,203 : INFO : EventManager : Event: ======'machine_var_audits_switches_s_skill_shot_2'====== Args={'value': 0, 'prev_value': None, 'change': True}
2023-12-08 12:43:13,203 : INFO : EventManager : Event: ======'machine_var_audits_switches_s_skill_shot_3'====== Args={'value': 0, 'prev_value': None, 'change': True}
2023-12-08 12:43:13,203 : INFO : EventManager : Event: ======'machine_var_audits_switches_s_skill_shot_4'====== Args={'value': 0, 'prev_value': None, 'change': True}
2023-12-08 12:43:13,203 : INFO : EventManager : Event: ======'machine_var_audits_switches_s_skill_shot_5'====== Args={'value': 0, 'prev_value': None, 'change': True}
2023-12-08 12:43:13,204 : INFO : EventManager : Event: ======'machine_var_audits_switches_s_skill_shot_6'====== Args={'value': 0, 'prev_value': None, 'change': True}
2023-12-08 12:43:13,204 : INFO : EventManager : Event: ======'machine_var_audits_switches_s_skill_shot_lane'====== Args={'value': 0, 'prev_value': None, 'change': True}
2023-12-08 12:43:13,204 : INFO : EventManager : Event: ======'machine_var_audits_switches_s_spacewarp_rollover'====== Args={'value': 0, 'prev_value': None, 'change': True}
2023-12-08 12:43:13,204 : INFO : EventManager : Event: ======'machine_var_audits_switches_s_start'====== Args={'value': 6, 'prev_value': None, 'change': True}
2023-12-08 12:43:13,206 : INFO : EventManager : Event: ======'machine_var_audits_switches_s_trough1'====== Args={'value': 30, 'prev_value': None, 'change': True}
2023-12-08 12:43:13,206 : INFO : EventManager : Event: ======'machine_var_audits_switches_s_trough2'====== Args={'value': 0, 'prev_value': None, 'change': True}
2023-12-08 12:43:13,206 : INFO : EventManager : Event: ======'machine_var_audits_switches_s_trough3'====== Args={'value': 0, 'prev_value': None, 'change': True}
2023-12-08 12:43:13,207 : INFO : EventManager : Event: ======'machine_var_audits_switches_s_trough4'====== Args={'value': 0, 'prev_value': None, 'change': True}
2023-12-08 12:43:13,207 : INFO : EventManager : Event: ======'machine_var_audits_switches_s_trough5'====== Args={'value': 0, 'prev_value': None, 'change': True}
2023-12-08 12:43:13,207 : INFO : EventManager : Event: ======'machine_var_audits_switches_s_trough6'====== Args={'value': 0, 'prev_value': None, 'change': True}
2023-12-08 12:43:13,208 : INFO : EventManager : Event: ======'machine_var_audits_switches_s_trough_jam'====== Args={'value': 0, 'prev_value': None, 'change': True}
2023-12-08 12:43:13,208 : INFO : EventManager : Event: ======'machine_var_audits_switches_s_upper_attack_bumper'====== Args={'value': 0, 'prev_value': None, 'change': True}
2023-12-08 12:43:13,209 : INFO : EventManager : Event: ======'machine_var_audits_switches_s_upper_left_rebound'====== Args={'value': 0, 'prev_value': None, 'change': True}
2023-12-08 12:43:13,209 : INFO : EventManager : Event: ======'machine_var_audits_switches_s_upper_right_rebound'====== Args={'value': 0, 'prev_value': None, 'change': True}
2023-12-08 12:43:13,209 : INFO : EventManager : Event: ======'machine_var_audits_switches_s_wormhole_target'====== Args={'value': 0, 'prev_value': None, 'change': True}
2023-12-08 12:43:13,209 : INFO : EventManager : Event: ======'machine_var_audits_switches_s_yellow_wormhole'====== Args={'value': 0, 'prev_value': None, 'change': True}
2023-12-08 12:43:13,210 : INFO : EventManager : Event: ======'init_phase_5'====== Args={}
2023-12-08 12:43:13,253 : INFO : EventManager : Event: ======'init_done'====== Args={}
2023-12-08 12:43:13,253 : INFO : EventManager : Event: ======'machine_reset_phase_1'====== Args={}
2023-12-08 12:43:13,266 : INFO : EventManager : Event: ======'slide_welcome_slide_removed'====== Args={'_from_bcp': True}
2023-12-08 12:43:13,268 : INFO : EventManager : Event: ======'slide_welcome_slide_created'====== Args={'_from_bcp': True}
2023-12-08 12:43:13,269 : INFO : EventManager : Event: ======'machine_reset_phase_2'====== Args={}
2023-12-08 12:43:13,269 : INFO : EventManager : Event: ======'machine_reset_phase_3'====== Args={}
2023-12-08 12:43:13,270 : INFO : EventManager : Event: ======'slide_welcome_slide_active'====== Args={'_from_bcp': True}
2023-12-08 12:43:13,270 : INFO : EventManager : Event: ======'reset_complete'====== Args={}
2023-12-08 12:43:13,270 : INFO : EventManager : Event: ======'mode_attract_will_start'====== Args={}
2023-12-08 12:43:13,271 : INFO : EventManager : Event: ======'mode_attract_starting'====== Args={}
2023-12-08 12:43:13,271 : INFO : Mode.attract : Started. Priority: 10
2023-12-08 12:43:13,271 : INFO : EventManager : Event: ======'modes_active_modes_changed'====== Args={}
2023-12-08 12:43:13,271 : INFO : EventManager : Event: ======'mode_attract_started'====== Args={}
2023-12-08 12:43:13,271 : INFO : EventManager : Event: ======'collecting_balls_complete'====== Args={}
2023-12-08 12:43:13,305 : INFO : EventManager : Event: ======'slide_awesome_slide_created'====== Args={'_from_bcp': True}
2023-12-08 12:43:13,305 : INFO : EventManager : Event: ======'slide_awesome_slide_active'====== Args={'_from_bcp': True}
2023-12-08 12:43:13,305 : INFO : Machine : Starting the main run loop.
2023-12-08 12:43:13,780 : INFO : BcpServer : New client connected.
2023-12-08 12:43:16,274 : INFO : EventManager : Event: ======'slide_press_start_created'====== Args={'_from_bcp': True}
2023-12-08 12:43:16,278 : INFO : EventManager : Event: ======'slide_press_start_active'====== Args={'_from_bcp': True}
2023-12-08 12:43:17,863 : INFO : SwitchController : <<<<<<< 's_start' active >>>>>>>
2023-12-08 12:43:17,974 : INFO : SwitchController : <<<<<<< 's_start' inactive >>>>>>>
2023-12-08 12:43:17,974 : INFO : EventManager : Event: ======'request_to_start_game'====== Args={}
2023-12-08 12:43:17,975 : INFO : EventManager : Event: ======'game_start'====== Args={'buttons': [], 'hold_time': 0.10899999999674037}
2023-12-08 12:43:17,975 : INFO : EventManager : Event: ======'mode_game_will_start'====== Args={'buttons': [], 'hold_time': 0.10899999999674037}
2023-12-08 12:43:17,976 : INFO : EventManager : Event: ======'mode_game_starting'====== Args={'buttons': [], 'hold_time': 0.10899999999674037}
2023-12-08 12:43:17,977 : INFO : EventManager : Event: ======'mode_attract_will_stop'====== Args={}
2023-12-08 12:43:17,977 : INFO : EventManager : Event: ======'mode_attract_stopping'====== Args={}
2023-12-08 12:43:17,977 : INFO : Mode.attract : Stopped.
2023-12-08 12:43:17,977 : INFO : EventManager : Event: ======'modes_active_modes_changed'====== Args={}
2023-12-08 12:43:17,979 : INFO : EventManager : Event: ======'mode_attract_stopped'====== Args={}
2023-12-08 12:43:17,979 : INFO : EventManager : Event: ======'clear'====== Args={'key': 'attract'}
2023-12-08 12:43:17,981 : INFO : Mode.game : Started. Priority: 20
2023-12-08 12:43:17,981 : INFO : EventManager : Event: ======'modes_active_modes_changed'====== Args={}
2023-12-08 12:43:17,981 : INFO : EventManager : Event: ======'mode_game_started'====== Args={'buttons': [], 'hold_time': 0.10899999999674037}
2023-12-08 12:43:17,993 : INFO : EventManager : Event: ======'game_will_start'====== Args={}
2023-12-08 12:43:17,993 : INFO : EventManager : Event: ======'slide_awesome_slide_removed'====== Args={'_from_bcp': True}
2023-12-08 12:43:17,994 : INFO : EventManager : Event: ======'slide_press_start_removed'====== Args={'_from_bcp': True}
2023-12-08 12:43:17,994 : INFO : EventManager : Event: ======'slide_welcome_slide_active'====== Args={'_from_bcp': True}
2023-12-08 12:43:17,995 : INFO : EventManager : Event: ======'game_starting'====== Args={'game': <Mode.game>}
2023-12-08 12:43:17,995 : INFO : EventManager : Event: ======'player_add_request'====== Args={}
2023-12-08 12:43:17,995 : INFO : EventManager : Event: ======'player_will_add'====== Args={'number': 1}
2023-12-08 12:43:17,996 : INFO : EventManager : Event: ======'player_adding'====== Args={'player': <Player 1>, 'number': 1}
2023-12-08 12:43:17,996 : INFO : EventManager : Event: ======'player_added'====== Args={'player': <Player 1>, 'num': 1}
2023-12-08 12:43:17,996 : INFO : Mode.game : Player added successfully. Total players: 1
2023-12-08 12:43:17,996 : INFO : EventManager : Event: ======'player_index'====== Args={'value': 0, 'prev_value': 0, 'change': 0, 'player_num': 1}
2023-12-08 12:43:17,997 : INFO : EventManager : Event: ======'player_number'====== Args={'value': 1, 'prev_value': 1, 'change': 0, 'player_num': 1}
2023-12-08 12:43:17,997 : INFO : EventManager : Event: ======'player_score'====== Args={'value': 0, 'prev_value': 0, 'change': 0, 'player_num': 1}
2023-12-08 12:43:17,997 : INFO : EventManager : Event: ======'game_started'====== Args={}
2023-12-08 12:43:18,015 : INFO : EventManager : Event: ======'player_turn_will_start'====== Args={'player': <Player 1>, 'number': 1}
2023-12-08 12:43:18,015 : INFO : EventManager : Event: ======'player_turn_starting'====== Args={'player': <Player 1>, 'number': 1}
2023-12-08 12:43:18,016 : INFO : EventManager : Event: ======'player_ball'====== Args={'value': 1, 'prev_value': 0, 'change': 1, 'player_num': 1}
2023-12-08 12:43:18,016 : INFO : EventManager : Event: ======'player_turn_started'====== Args={'player': <Player 1>, 'number': 1}
2023-12-08 12:43:18,017 : INFO : EventManager : Event: ======'ball_will_start'====== Args={'player': 1, 'ball': 1, 'balls_remaining': 2, 'is_extra_ball': False}
2023-12-08 12:43:18,022 : INFO : EventManager : Event: ======'ball_starting'====== Args={'player': 1, 'ball': 1, 'balls_remaining': 2, 'is_extra_ball': False}
2023-12-08 12:43:18,023 : INFO : EventManager : Event: ======'mode_base_will_start'====== Args={'queue': <QueuedEvent>, 'player': 1, 'ball': 1, 'balls_remaining': 2, 'is_extra_ball': False}
2023-12-08 12:43:18,023 : INFO : EventManager : Event: ======'mode_base_starting'====== Args={'queue': <QueuedEvent>, 'player': 1, 'ball': 1, 'balls_remaining': 2, 'is_extra_ball': False}
2023-12-08 12:43:18,024 : INFO : Mode.base : Started. Priority: 100
2023-12-08 12:43:18,024 : INFO : EventManager : Event: ======'modes_active_modes_changed'====== Args={}
2023-12-08 12:43:18,024 : INFO : EventManager : Event: ======'mode_base_started'====== Args={'queue': <QueuedEvent>, 'player': 1, 'ball': 1, 'balls_remaining': 2, 'is_extra_ball': False}
2023-12-08 12:43:18,025 : INFO : EventManager : Event: ======'balls_in_play'====== Args={'balls': 1}
2023-12-08 12:43:18,025 : INFO : EventManager : Event: ======'ball_started'====== Args={'player': 1, 'ball': 1, 'balls_remaining': 2, 'is_extra_ball': False}
2023-12-08 12:43:18,026 : INFO : EventManager : Event: ======'mode_reentry_will_start'====== Args={'player': 1, 'ball': 1, 'balls_remaining': 2, 'is_extra_ball': False}
2023-12-08 12:43:18,026 : INFO : EventManager : Event: ======'player_shot_reentryL_shot_enabled'====== Args={'value': True, 'prev_value': 0, 'change': 1, 'player_num': 1}
2023-12-08 12:43:18,027 : INFO : EventManager : Event: ======'player_shot_reentryM_shot_enabled'====== Args={'value': True, 'prev_value': 0, 'change': 1, 'player_num': 1}
2023-12-08 12:43:18,028 : INFO : EventManager : Event: ======'player_shot_reentryR_shot_enabled'====== Args={'value': True, 'prev_value': 0, 'change': 1, 'player_num': 1}
2023-12-08 12:43:18,028 : INFO : EventManager : Event: ======'reentry_shot_complete'====== Args={'state': 'off'}
2023-12-08 12:43:18,028 : INFO : EventManager : Event: ======'reentry_shot_off_complete'====== Args={}
2023-12-08 12:43:18,030 : INFO : EventManager : Event: ======'mode_reentry_starting'====== Args={'player': 1, 'ball': 1, 'balls_remaining': 2, 'is_extra_ball': False}
2023-12-08 12:43:18,030 : INFO : EventManager : Event: ======'mode_medal_will_start'====== Args={'player': 1, 'ball': 1, 'balls_remaining': 2, 'is_extra_ball': False}
2023-12-08 12:43:18,031 : INFO : EventManager : Event: ======'player_shot_medalL_shot_enabled'====== Args={'value': True, 'prev_value': 0, 'change': 1, 'player_num': 1}
2023-12-08 12:43:18,031 : INFO : EventManager : Event: ======'player_shot_medalM_shot_enabled'====== Args={'value': True, 'prev_value': 0, 'change': 1, 'player_num': 1}
2023-12-08 12:43:18,032 : INFO : EventManager : Event: ======'player_shot_medalR_shot_enabled'====== Args={'value': True, 'prev_value': 0, 'change': 1, 'player_num': 1}
2023-12-08 12:43:18,033 : INFO : EventManager : Event: ======'medal_shot_complete'====== Args={'state': 'unlit'}
2023-12-08 12:43:18,033 : INFO : EventManager : Event: ======'medal_shot_unlit_complete'====== Args={}
2023-12-08 12:43:18,036 : INFO : EventManager : Event: ======'mode_medal_starting'====== Args={'player': 1, 'ball': 1, 'balls_remaining': 2, 'is_extra_ball': False}
2023-12-08 12:43:18,062 : INFO : EventManager : Event: ======'logicblock_reentry_shot_complete_count_updated'====== Args={'value': 1, 'enabled': True}
2023-12-08 12:43:18,062 : INFO : EventManager : Event: ======'logicblock_reentry_shot_complete_count_updated'====== Args={'value': 1, 'enabled': True}
2023-12-08 12:43:18,062 : INFO : Mode.reentry : Started. Priority: 200
2023-12-08 12:43:18,063 : INFO : EventManager : Event: ======'modes_active_modes_changed'====== Args={}
2023-12-08 12:43:18,063 : INFO : EventManager : Event: ======'mode_reentry_started'====== Args={'player': 1, 'ball': 1, 'balls_remaining': 2, 'is_extra_ball': False}
2023-12-08 12:43:18,063 : INFO : EventManager : Event: ======'logicblock_medal_shot_complete_count_updated'====== Args={'value': 1, 'enabled': True}
2023-12-08 12:43:18,064 : INFO : EventManager : Event: ======'logicblock_medal_shot_complete_count_updated'====== Args={'value': 1, 'enabled': True}
2023-12-08 12:43:18,064 : INFO : Mode.medal : Started. Priority: 200
2023-12-08 12:43:18,064 : INFO : EventManager : Event: ======'modes_active_modes_changed'====== Args={}
2023-12-08 12:43:18,064 : INFO : EventManager : Event: ======'mode_medal_started'====== Args={'player': 1, 'ball': 1, 'balls_remaining': 2, 'is_extra_ball': False}
2023-12-08 12:43:18,065 : INFO : EventManager : Event: ======'single_player_ball_started'====== Args={}
2023-12-08 12:43:18,065 : INFO : EventManager : Event: ======'player_attack_bumper_count'====== Args={'value': 1, 'prev_value': 0, 'change': 1, 'player_num': 1}
2023-12-08 12:43:18,066 : INFO : EventManager : Event: ======'slide_base.slide_player-mode_base_started_created'====== Args={'_from_bcp': True}
2023-12-08 12:43:18,066 : INFO : EventManager : Event: ======'slide_base.slide_player-mode_base_started_active'====== Args={'_from_bcp': True}
2023-12-08 12:43:18,066 : INFO : EventManager : Event: ======'slide__global.slide_player-ball_started_created'====== Args={'_from_bcp': True}
2023-12-08 12:43:18,067 : INFO : EventManager : Event: ======'ball_start_target'====== Args={'target': 'playfield'}
2023-12-08 12:43:18,096 : INFO : ball_device.bd_plunger : Setting up player-controlled eject. Balls: 1, Target: <playfield.playfield>, player_controlled_eject_event: None
2023-12-08 12:43:18,097 : INFO : EventManager : Event: ======'balldevice_balls_available'====== Args={}
2023-12-08 12:43:18,097 : INFO : ball_device.bd_trough : State: waiting_for_target_ready
2023-12-08 12:43:18,097 : INFO : EventManager : Event: ======'balldevice_bd_trough_ball_eject_attempt'====== Args={'balls': 1, 'target': <ball_device.bd_plunger>, 'source': <ball_device.bd_trough>, 'mechanical_eject': True, 'num_attempts': 0}
2023-12-08 12:43:18,098 : INFO : ball_device.bd_plunger : State: waiting_for_ball
2023-12-08 12:43:18,098 : INFO : ball_device.bd_trough : State: ejecting
2023-12-08 12:43:18,099 : INFO : ball_device.bd_trough : Ejecting ball to <ball_device.bd_plunger>
2023-12-08 12:43:18,099 : INFO : EventManager : Event: ======'balldevice_bd_trough_ejecting_ball'====== Args={'balls': 1, 'target': <ball_device.bd_plunger>, 'source': <ball_device.bd_trough>, 'mechanical_eject': True, 'num_attempts': 0}
2023-12-08 12:43:18,099 : INFO : ball_device.bd_trough : Wait for ball to leave device
2023-12-08 12:43:18,099 : INFO : coil.c_trough_eject : Pulsing Driver for 10ms (1.0 pulse_power)
2023-12-08 12:43:18,831 : INFO : SwitchController : <<<<<<< 's_trough1' inactive >>>>>>>
2023-12-08 12:43:18,852 : INFO : ball_device.bd_trough : State: ball_left
2023-12-08 12:43:18,852 : INFO : ball_device.bd_trough : Ball left
2023-12-08 12:43:18,852 : INFO : ball_device.bd_trough : Wait for confirm with timeout 10.0
2023-12-08 12:43:21,790 : INFO : SwitchController : <<<<<<< 's_plunger' active >>>>>>>
2023-12-08 12:43:21,791 : INFO : EventManager : Event: ======'machine_var_audits_switches_s_plunger'====== Args={'value': 152, 'prev_value': 151, 'change': 1}
2023-12-08 12:43:21,928 : INFO : SwitchController : <<<<<<< 's_plunger' inactive >>>>>>>
2023-12-08 12:43:24,667 : INFO : SwitchController : <<<<<<< 's_medal_drop_left' active >>>>>>>
2023-12-08 12:43:24,668 : INFO : EventManager : Event: ======'playfield_active'====== Args={}
2023-12-08 12:43:24,668 : INFO : EventManager : Event: ======'unexpected_ball_on_playfield'====== Args={}
2023-12-08 12:43:24,669 : INFO : EventManager : Event: ======'s_medal_drop_left_active'====== Args={}
2023-12-08 12:43:24,670 : INFO : EventManager : Event: ======'sw_playfield_active'====== Args={}
2023-12-08 12:43:24,671 : INFO : EventManager : Event: ======'machine_var_audits_switches_s_medal_drop_left'====== Args={'value': 150, 'prev_value': 149, 'change': 1}
2023-12-08 12:43:24,672 : INFO : EventManager : Event: ======'player_shot_medalL_shot'====== Args={'value': 1, 'prev_value': 0, 'change': 1, 'player_num': 1}
2023-12-08 12:43:24,672 : INFO : EventManager : Event: ======'machine_var_audits_shots_medalL_shot'====== Args={'value': 136, 'prev_value': 135, 'change': 1}
2023-12-08 12:43:24,673 : INFO : EventManager : Event: ======'medalL_shot_hit'====== Args={'profile': 'default', 'state': 'unlit', 'advancing': True}
2023-12-08 12:43:24,673 : INFO : EventManager : Event: ======'medalL_shot_default_hit'====== Args={'profile': 'default', 'state': 'unlit', 'advancing': True}
2023-12-08 12:43:24,673 : INFO : EventManager : Event: ======'medalL_shot_default_unlit_hit'====== Args={'profile': 'default', 'state': 'unlit', 'advancing': True}
2023-12-08 12:43:24,673 : INFO : EventManager : Event: ======'medalL_shot_unlit_hit'====== Args={'profile': 'default', 'state': 'unlit', 'advancing': True}
2023-12-08 12:43:24,682 : INFO : EventManager : Event: ======'medal_shot_hit'====== Args={}
2023-12-08 12:43:24,683 : INFO : EventManager : Event: ======'medal_shot_unlit_hit'====== Args={}
2023-12-08 12:43:24,683 : INFO : EventManager : Event: ======'player_score'====== Args={'value': 1500, 'prev_value': 0, 'change': 1500, 'player_num': 1}
2023-12-08 12:43:24,683 : INFO : EventManager : Event: ======'playfield_active'====== Args={}
2023-12-08 12:43:24,683 : INFO : EventManager : Event: ======'unexpected_ball_on_playfield'====== Args={}
2023-12-08 12:43:24,809 : INFO : SwitchController : <<<<<<< 's_medal_drop_left' inactive >>>>>>>
2023-12-08 12:43:25,149 : INFO : SwitchController : <<<<<<< 's_medal_drop_middle' active >>>>>>>
2023-12-08 12:43:25,150 : INFO : EventManager : Event: ======'playfield_active'====== Args={}
2023-12-08 12:43:25,150 : INFO : EventManager : Event: ======'unexpected_ball_on_playfield'====== Args={}
2023-12-08 12:43:25,151 : INFO : EventManager : Event: ======'s_medal_drop_middle_active'====== Args={}
2023-12-08 12:43:25,152 : INFO : EventManager : Event: ======'sw_playfield_active'====== Args={}
2023-12-08 12:43:25,153 : INFO : EventManager : Event: ======'machine_var_audits_switches_s_medal_drop_middle'====== Args={'value': 146, 'prev_value': 145, 'change': 1}
2023-12-08 12:43:25,154 : INFO : EventManager : Event: ======'player_shot_medalM_shot'====== Args={'value': 1, 'prev_value': 0, 'change': 1, 'player_num': 1}
2023-12-08 12:43:25,155 : INFO : EventManager : Event: ======'machine_var_audits_shots_medalM_shot'====== Args={'value': 132, 'prev_value': 131, 'change': 1}
2023-12-08 12:43:25,155 : INFO : EventManager : Event: ======'medalM_shot_hit'====== Args={'profile': 'default', 'state': 'unlit', 'advancing': True}
2023-12-08 12:43:25,156 : INFO : EventManager : Event: ======'medalM_shot_default_hit'====== Args={'profile': 'default', 'state': 'unlit', 'advancing': True}
2023-12-08 12:43:25,156 : INFO : EventManager : Event: ======'medalM_shot_default_unlit_hit'====== Args={'profile': 'default', 'state': 'unlit', 'advancing': True}
2023-12-08 12:43:25,156 : INFO : EventManager : Event: ======'medalM_shot_unlit_hit'====== Args={'profile': 'default', 'state': 'unlit', 'advancing': True}
2023-12-08 12:43:25,156 : INFO : EventManager : Event: ======'medal_shot_hit'====== Args={}
2023-12-08 12:43:25,156 : INFO : EventManager : Event: ======'medal_shot_unlit_hit'====== Args={}
2023-12-08 12:43:25,156 : INFO : EventManager : Event: ======'player_score'====== Args={'value': 3000, 'prev_value': 1500, 'change': 1500, 'player_num': 1}
2023-12-08 12:43:25,157 : INFO : EventManager : Event: ======'playfield_active'====== Args={}
2023-12-08 12:43:25,157 : INFO : EventManager : Event: ======'unexpected_ball_on_playfield'====== Args={}
2023-12-08 12:43:25,289 : INFO : SwitchController : <<<<<<< 's_medal_drop_middle' inactive >>>>>>>
2023-12-08 12:43:26,569 : INFO : SwitchController : <<<<<<< 's_medal_drop_right' active >>>>>>>
2023-12-08 12:43:26,570 : INFO : EventManager : Event: ======'playfield_active'====== Args={}
2023-12-08 12:43:26,570 : INFO : EventManager : Event: ======'unexpected_ball_on_playfield'====== Args={}
2023-12-08 12:43:26,571 : INFO : EventManager : Event: ======'s_medal_drop_right_active'====== Args={}
2023-12-08 12:43:26,572 : INFO : EventManager : Event: ======'sw_playfield_active'====== Args={}
2023-12-08 12:43:26,573 : INFO : EventManager : Event: ======'machine_var_audits_switches_s_medal_drop_right'====== Args={'value': 147, 'prev_value': 146, 'change': 1}
2023-12-08 12:43:26,574 : INFO : EventManager : Event: ======'player_shot_medalR_shot'====== Args={'value': 1, 'prev_value': 0, 'change': 1, 'player_num': 1}
2023-12-08 12:43:26,575 : INFO : EventManager : Event: ======'machine_var_audits_shots_medalR_shot'====== Args={'value': 133, 'prev_value': 132, 'change': 1}
2023-12-08 12:43:26,575 : INFO : EventManager : Event: ======'medalR_shot_hit'====== Args={'profile': 'default', 'state': 'unlit', 'advancing': True}
2023-12-08 12:43:26,576 : INFO : EventManager : Event: ======'medalR_shot_default_hit'====== Args={'profile': 'default', 'state': 'unlit', 'advancing': True}
2023-12-08 12:43:26,576 : INFO : EventManager : Event: ======'medalR_shot_default_unlit_hit'====== Args={'profile': 'default', 'state': 'unlit', 'advancing': True}
2023-12-08 12:43:26,576 : INFO : EventManager : Event: ======'medalR_shot_unlit_hit'====== Args={'profile': 'default', 'state': 'unlit', 'advancing': True}
2023-12-08 12:43:26,576 : INFO : EventManager : Event: ======'medal_shot_complete'====== Args={'state': 'lit'}
2023-12-08 12:43:26,576 : INFO : EventManager : Event: ======'medal_shot_lit_complete'====== Args={}
2023-12-08 12:43:26,576 : INFO : EventManager : Event: ======'medal_shot_hit'====== Args={}
2023-12-08 12:43:26,577 : INFO : EventManager : Event: ======'medal_shot_unlit_hit'====== Args={}
2023-12-08 12:43:26,577 : INFO : EventManager : Event: ======'player_shot_medalL_shot'====== Args={'value': 0, 'prev_value': 1, 'change': -1, 'player_num': 1}
2023-12-08 12:43:26,577 : INFO : EventManager : Event: ======'player_shot_medalM_shot'====== Args={'value': 0, 'prev_value': 1, 'change': -1, 'player_num': 1}
2023-12-08 12:43:26,578 : INFO : EventManager : Event: ======'player_shot_medalR_shot'====== Args={'value': 0, 'prev_value': 1, 'change': -1, 'player_num': 1}
2023-12-08 12:43:26,579 : INFO : EventManager : Event: ======'logicblock_medal_shot_complete_count_updated'====== Args={'value': 2, 'enabled': True}
2023-12-08 12:43:26,579 : INFO : EventManager : Event: ======'medal_shot_done'====== Args={'count': 2}
2023-12-08 12:43:26,580 : INFO : Timer.medal_countdown_timer : Starting Timer.
2023-12-08 12:43:26,580 : INFO : EventManager : Event: ======'timer_medal_countdown_timer_started'====== Args={'ticks': 5, 'ticks_remaining': 5}
2023-12-08 12:43:26,580 : INFO : EventManager : Event: ======'timer_medal_countdown_timer_tick'====== Args={'ticks': 5, 'ticks_remaining': 5}
2023-12-08 12:43:26,580 : INFO : EventManager : Event: ======'player_score'====== Args={'value': 13000, 'prev_value': 3000, 'change': 10000, 'player_num': 1}
2023-12-08 12:43:26,581 : INFO : EventManager : Event: ======'player_score'====== Args={'value': 14500, 'prev_value': 13000, 'change': 1500, 'player_num': 1}
2023-12-08 12:43:26,581 : INFO : EventManager : Event: ======'playfield_active'====== Args={}
2023-12-08 12:43:26,581 : INFO : EventManager : Event: ======'unexpected_ball_on_playfield'====== Args={}
2023-12-08 12:43:26,771 : INFO : SwitchController : <<<<<<< 's_medal_drop_right' inactive >>>>>>>
2023-12-08 12:43:27,601 : INFO : EventManager : Event: ======'player_medal_medal_countdown_timer_tick'====== Args={'value': 4, 'prev_value': 0, 'change': 4, 'player_num': 1}
2023-12-08 12:43:27,603 : INFO : EventManager : Event: ======'timer_medal_countdown_timer_tick'====== Args={'ticks': 4, 'ticks_remaining': 4}
2023-12-08 12:43:28,581 : INFO : EventManager : Event: ======'player_medal_medal_countdown_timer_tick'====== Args={'value': 3, 'prev_value': 4, 'change': -1, 'player_num': 1}
2023-12-08 12:43:28,583 : INFO : EventManager : Event: ======'timer_medal_countdown_timer_tick'====== Args={'ticks': 3, 'ticks_remaining': 3}
2023-12-08 12:43:28,836 : INFO : ball_device.bd_trough : State: failed_confirm
2023-12-08 12:43:28,838 : INFO : ball_device.bd_trough : Got timeout (10.0s) before confirm from <ball_device.bd_plunger>
2023-12-08 12:43:28,839 : INFO : ball_device.bd_plunger : Expecting incoming ball which may skip the device.
2023-12-08 12:43:28,840 : INFO : EventManager : Event: ======'balldevice_bd_plunger_ejecting_ball'====== Args={'balls': 1, 'target': <playfield.playfield>, 'source': <ball_device.bd_plunger>, 'mechanical_eject': False, 'num_attempts': 1}
2023-12-08 12:43:29,593 : INFO : EventManager : Event: ======'player_medal_medal_countdown_timer_tick'====== Args={'value': 2, 'prev_value': 3, 'change': -1, 'player_num': 1}
2023-12-08 12:43:29,595 : INFO : EventManager : Event: ======'timer_medal_countdown_timer_tick'====== Args={'ticks': 2, 'ticks_remaining': 2}
2023-12-08 12:43:30,574 : INFO : EventManager : Event: ======'player_medal_medal_countdown_timer_tick'====== Args={'value': 1, 'prev_value': 2, 'change': -1, 'player_num': 1}
2023-12-08 12:43:30,576 : INFO : EventManager : Event: ======'timer_medal_countdown_timer_tick'====== Args={'ticks': 1, 'ticks_remaining': 1}
2023-12-08 12:43:31,585 : INFO : EventManager : Event: ======'player_medal_medal_countdown_timer_tick'====== Args={'value': 0, 'prev_value': 1, 'change': -1, 'player_num': 1}
2023-12-08 12:43:31,586 : INFO : Timer.medal_countdown_timer : Timer Complete
2023-12-08 12:43:31,586 : INFO : Timer.medal_countdown_timer : Stopping Timer
2023-12-08 12:43:31,586 : INFO : EventManager : Event: ======'timer_medal_countdown_timer_stopped'====== Args={'ticks': 0, 'ticks_remaining': 1}
2023-12-08 12:43:31,586 : INFO : EventManager : Event: ======'timer_medal_countdown_timer_complete'====== Args={'ticks': 0, 'ticks_remaining': 1}
2023-12-08 12:43:31,587 : ERROR : asyncio : Exception in callback EventManager.process_event_queue()
handle: <Handle EventManager.process_event_queue()>
Traceback (most recent call last):
  File "c:\users\student\mpfenv\lib\site-packages\mpf\core\placeholder_manager.py", line 79, in evaluate
    result = self.placeholder_manager.evaluate_template(self.template, parameters)
  File "c:\users\student\mpfenv\lib\site-packages\mpf\core\placeholder_manager.py", line 849, in evaluate_template
    return self._eval(template, parameters, False)[0]
  File "c:\users\student\mpfenv\lib\site-packages\mpf\core\placeholder_manager.py", line 791, in _eval
    return self._eval_methods[type(node)](node, variables, subscribe)
  File "c:\users\student\mpfenv\lib\site-packages\mpf\core\placeholder_manager.py", line 711, in _eval_compare
    left_value, left_subscription = self._eval(node.left, variables, subscribe)
  File "c:\users\student\mpfenv\lib\site-packages\mpf\core\placeholder_manager.py", line 791, in _eval
    return self._eval_methods[type(node)](node, variables, subscribe)
  File "c:\users\student\mpfenv\lib\site-packages\mpf\core\placeholder_manager.py", line 735, in _eval_attribute
    raise AssertionError("Cannot access {} in path because the parent is None".format(node))
AssertionError: Cannot access <_ast.Attribute object at 0x00000266683C2E48> in path because the parent is None

The above exception was the direct cause of the following exception:

Traceback (most recent call last):
  File "C:\Program Files\Python37\lib\asyncio\events.py", line 88, in _run
    self._context.run(self._callback, *self._args)
  File "c:\users\student\mpfenv\lib\site-packages\mpf\core\events.py", line 782, in process_event_queue
    **event[3])
  File "c:\users\student\mpfenv\lib\site-packages\mpf\core\events.py", line 741, in _process_event
    result = self._run_handlers(event, ev_type, kwargs)
  File "c:\users\student\mpfenv\lib\site-packages\mpf\core\events.py", line 681, in _run_handlers
    if handler.condition is not None and not handler.condition.evaluate(merged_kwargs):
  File "c:\users\student\mpfenv\lib\site-packages\mpf\core\placeholder_manager.py", line 90, in evaluate
    type(self), self.text, parameters)) from e
AssertionError: Failed to evaluate <class 'mpf.core.placeholder_manager.BoolTemplate'> template current_player.medal_shot_complete.count==2 with parameters {'ticks': 0, 'ticks_remaining': 1, 'calling_context': 'timer_medal_countdown_timer_complete{current_player.medal_shot_complete.count==2}', 'mode': <Mode.medal>, 'settings': {<light.l_medal_spot_1>: {'color': <RGBColor (0, 0, 0) (black)>, 'fade': None, 'priority': 0}}}
2023-12-08 12:43:31,593 : INFO : Machine : Shutting down...
2023-12-08 12:43:31,594 : INFO : EventManager : Event: ======'shutdown'====== Args={}
2023-12-08 12:43:31,597 : ERROR : Machine : Runtime Exception
Traceback (most recent call last):
  File "c:\users\student\mpfenv\lib\site-packages\mpf\core\placeholder_manager.py", line 79, in evaluate
    result = self.placeholder_manager.evaluate_template(self.template, parameters)
  File "c:\users\student\mpfenv\lib\site-packages\mpf\core\placeholder_manager.py", line 849, in evaluate_template
    return self._eval(template, parameters, False)[0]
  File "c:\users\student\mpfenv\lib\site-packages\mpf\core\placeholder_manager.py", line 791, in _eval
    return self._eval_methods[type(node)](node, variables, subscribe)
  File "c:\users\student\mpfenv\lib\site-packages\mpf\core\placeholder_manager.py", line 711, in _eval_compare
    left_value, left_subscription = self._eval(node.left, variables, subscribe)
  File "c:\users\student\mpfenv\lib\site-packages\mpf\core\placeholder_manager.py", line 791, in _eval
    return self._eval_methods[type(node)](node, variables, subscribe)
  File "c:\users\student\mpfenv\lib\site-packages\mpf\core\placeholder_manager.py", line 735, in _eval_attribute
    raise AssertionError("Cannot access {} in path because the parent is None".format(node))
AssertionError: Cannot access <_ast.Attribute object at 0x00000266683C2E48> in path because the parent is None

The above exception was the direct cause of the following exception:

Traceback (most recent call last):
  File "c:\users\student\mpfenv\lib\site-packages\mpf\core\machine.py", line 769, in _run_loop
    raise self._exception['exception']
  File "C:\Program Files\Python37\lib\asyncio\events.py", line 88, in _run
    self._context.run(self._callback, *self._args)
  File "c:\users\student\mpfenv\lib\site-packages\mpf\core\events.py", line 782, in process_event_queue
    **event[3])
  File "c:\users\student\mpfenv\lib\site-packages\mpf\core\events.py", line 741, in _process_event
    result = self._run_handlers(event, ev_type, kwargs)
  File "c:\users\student\mpfenv\lib\site-packages\mpf\core\events.py", line 681, in _run_handlers
    if handler.condition is not None and not handler.condition.evaluate(merged_kwargs):
  File "c:\users\student\mpfenv\lib\site-packages\mpf\core\placeholder_manager.py", line 90, in evaluate
    type(self), self.text, parameters)) from e
AssertionError: Failed to evaluate <class 'mpf.core.placeholder_manager.BoolTemplate'> template current_player.medal_shot_complete.count==2 with parameters {'ticks': 0, 'ticks_remaining': 1, 'calling_context': 'timer_medal_countdown_timer_complete{current_player.medal_shot_complete.count==2}', 'mode': <Mode.medal>, 'settings': {<light.l_medal_spot_1>: {'color': <RGBColor (0, 0, 0) (black)>, 'fade': None, 'priority': 0}}}
2023-12-08 19:48:58,396 : INFO : root : MPF run loop ended.
