2023-01-27 15:11:33,558 : INFO : root : Loading config.
2023-01-27 15:11:33,870 : INFO : ConfigProcessor : Config spec file cache created: C:\Users\student\AppData\Local\Temp\config_spec.mpf_cache
2023-01-27 15:11:33,870 : INFO : YamlMultifileConfigLoader : Machine config file #1: config.yaml
2023-01-27 15:11:33,870 : INFO : ConfigProcessor : Loading config from file c:\users\student\mpfenv\lib\site-packages\mpf\mpfconfig.yaml.
2023-01-27 15:11:33,944 : INFO : ConfigProcessor : Loading config: c:\users\student\mpfenv\lib\site-packages\mpf\mpfconfig.yaml
2023-01-27 15:11:33,945 : INFO : ConfigProcessor : Loading config from file C:\Users\student\pinball\test2\config\config.yaml.
2023-01-27 15:11:33,960 : INFO : ConfigProcessor : Loading config: C:\Users\student\pinball\test2\config\config.yaml
2023-01-27 15:11:33,962 : INFO : ConfigProcessor : Config file cache created: C:\Users\student\AppData\Local\Temp\c19bc336499df81d379d258f97126285.mpf_cache
2023-01-27 15:11:34,026 : INFO : ConfigProcessor : Loading config from file c:\users\student\mpfenv\lib\site-packages\mpf\modes\attract\config\attract.yaml.
2023-01-27 15:11:34,027 : INFO : ConfigProcessor : Loading config: c:\users\student\mpfenv\lib\site-packages\mpf\modes\attract\config\attract.yaml
2023-01-27 15:11:34,028 : INFO : ConfigProcessor : Config file cache created: C:\Users\student\AppData\Local\Temp\7315f14db5aa651883463bde45465327.mpf_cache
2023-01-27 15:11:34,029 : INFO : ConfigProcessor : Loading config from file c:\users\student\mpfenv\lib\site-packages\mpf\modes\game\config\game.yaml.
2023-01-27 15:11:34,030 : INFO : ConfigProcessor : Loading config: c:\users\student\mpfenv\lib\site-packages\mpf\modes\game\config\game.yaml
2023-01-27 15:11:34,031 : INFO : ConfigProcessor : Config file cache created: C:\Users\student\AppData\Local\Temp\8696bd5a5a040ff67990be11cb4d3c0c.mpf_cache
2023-01-27 15:11:34,032 : INFO : Machine : Mission Pinball Framework Core Engine v0.55.0
2023-01-27 15:11:34,032 : INFO : Machine : Command line arguments: {'no_load_cache': True, 'create_config_cache': True, 'bcp': True, 'configfile': ['config.yaml'], 'force_assets_load': False, 'jsonlogging': False, 'logfile': 'logs\\2023-01-27-15-11-33-mpf-DESKTOP-0JH7ARL.log', 'pause': False, 'production': False, 'text_ui': True, 'loglevel': 15, 'consoleloglevel': 20, 'force_platform': None, 'syslog_address': None, 'mc_file_name': None, 'no_sound': False}
2023-01-27 15:11:34,032 : INFO : Machine : MPF path: c:\users\student\mpfenv\lib\site-packages\mpf
2023-01-27 15:11:34,032 : INFO : Machine : Machine path: C:\Users\student\pinball\test2
2023-01-27 15:11:34,032 : INFO : Machine : Platform: win32
2023-01-27 15:11:34,032 : INFO : Machine : Python executable location: c:\users\student\mpfenv\scripts\python.exe
2023-01-27 15:11:34,032 : INFO : Machine : Python version: 3.7.8 (64-bit)
2023-01-27 15:11:34,034 : INFO : Machine : Initialise MPF.
2023-01-27 15:11:34,207 : INFO : EventManager : Event: ======'machine_var_credits_string'====== Args={'value': 'FREE PLAY', 'prev_value': None, 'change': True}
2023-01-27 15:11:34,247 : INFO : EventManager : Event: ======'machine_var_master_volume'====== Args={'value': 0.5, 'prev_value': None, 'change': True}
2023-01-27 15:11:34,247 : INFO : EventManager : Event: ======'machine_var_mpf_version'====== Args={'value': 'MPF v0.55.0', 'prev_value': None, 'change': True}
2023-01-27 15:11:34,247 : INFO : EventManager : Event: ======'machine_var_mpf_extended_version'====== Args={'value': 'MPF v0.55.0, Config version:5, Show version: 5, BCP version:1.1', 'prev_value': None, 'change': True}
2023-01-27 15:11:34,247 : INFO : EventManager : Event: ======'machine_var_python_version'====== Args={'value': '3.7.8', 'prev_value': None, 'change': True}
2023-01-27 15:11:34,248 : INFO : EventManager : Event: ======'machine_var_platform'====== Args={'value': 'Windows-10-10.0.19041-SP0', 'prev_value': None, 'change': True}
2023-01-27 15:11:34,248 : INFO : EventManager : Event: ======'machine_var_platform_system'====== Args={'value': 'Windows', 'prev_value': None, 'change': True}
2023-01-27 15:11:34,248 : INFO : EventManager : Event: ======'machine_var_platform_release'====== Args={'value': '10', 'prev_value': None, 'change': True}
2023-01-27 15:11:34,248 : INFO : EventManager : Event: ======'machine_var_platform_version'====== Args={'value': '10.0.19041', 'prev_value': None, 'change': True}
2023-01-27 15:11:34,248 : INFO : EventManager : Event: ======'machine_var_platform_machine'====== Args={'value': 'AMD64', 'prev_value': None, 'change': True}
2023-01-27 15:11:34,248 : INFO : EventManager : Event: ======'init_phase_1'====== Args={}
2023-01-27 15:11:34,260 : INFO : EventManager : Event: ======'init_phase_2'====== Args={}
2023-01-27 15:11:34,260 : INFO : SwitchController : Found active switch: ('1', <Platform.SmartVirtual>) <switch.s_trough1>
2023-01-27 15:11:34,261 : INFO : EventManager : Event: ======'bcp_connection_attempt'====== Args={'name': 'local_display', 'host': 'localhost', 'port': 5050}
2023-01-27 15:11:34,262 : INFO : BCPClientSocket : Connecting BCP to 'local_display' at localhost:5050...
2023-01-27 15:11:36,302 : INFO : BCPClientSocket : Connected BCP to 'local_display' localhost:5050
2023-01-27 15:11:36,303 : INFO : EventManager : Event: ======'bcp_clients_connected'====== Args={}
2023-01-27 15:11:36,319 : INFO : ball_device.bd_trough : BCH: Initial count: 1
2023-01-27 15:11:36,319 : INFO : EventManager : Event: ======'machine_var_mc_version'====== Args={'value': 'MPF-MC v0.55.0', 'prev_value': None, 'change': True}
2023-01-27 15:11:36,319 : INFO : EventManager : Event: ======'machine_var_mc_extended_version'====== Args={'value': 'MPF-MC v0.55.0 (config_version=5, BCP v1.1, Requires MPF v0.55.0-dev.49)', 'prev_value': None, 'change': True}
2023-01-27 15:11:36,321 : INFO : ball_device.bd_trough : State: idle
2023-01-27 15:11:36,331 : INFO : ball_device.bd_plunger : BCH: Initial count: 0
2023-01-27 15:11:36,331 : INFO : ball_device.bd_plunger : State: idle
2023-01-27 15:11:36,381 : INFO : EventManager : Event: ======'init_phase_3'====== Args={}
2023-01-27 15:11:36,383 : INFO : EventManager : Event: ======'init_phase_4'====== Args={}
2023-01-27 15:11:36,383 : INFO : BallController : Initial balls found: 1
2023-01-27 15:11:36,385 : INFO : EventManager : Event: ======'machine_var_audits_events_game_ended'====== Args={'value': 0, 'prev_value': None, 'change': True}
2023-01-27 15:11:36,385 : INFO : EventManager : Event: ======'machine_var_audits_events_game_started'====== Args={'value': 0, 'prev_value': None, 'change': True}
2023-01-27 15:11:36,385 : INFO : EventManager : Event: ======'machine_var_audits_player_score'====== Args={'value': {'average': 0, 'top': [], 'total': 0}, 'prev_value': None, 'change': True}
2023-01-27 15:11:36,386 : INFO : EventManager : Event: ======'machine_var_audits_switches_s_left_flipper'====== Args={'value': 0, 'prev_value': None, 'change': True}
2023-01-27 15:11:36,386 : INFO : EventManager : Event: ======'machine_var_audits_switches_s_plunger'====== Args={'value': 3, 'prev_value': None, 'change': True}
2023-01-27 15:11:36,386 : INFO : EventManager : Event: ======'machine_var_audits_switches_s_right_flipper'====== Args={'value': 0, 'prev_value': None, 'change': True}
2023-01-27 15:11:36,387 : INFO : EventManager : Event: ======'machine_var_audits_switches_s_right_inlane'====== Args={'value': 0, 'prev_value': None, 'change': True}
2023-01-27 15:11:36,387 : INFO : EventManager : Event: ======'machine_var_audits_switches_s_start'====== Args={'value': 0, 'prev_value': None, 'change': True}
2023-01-27 15:11:36,388 : INFO : EventManager : Event: ======'machine_var_audits_switches_s_trough1'====== Args={'value': 1, 'prev_value': None, 'change': True}
2023-01-27 15:11:36,388 : INFO : EventManager : Event: ======'machine_var_audits_switches_s_trough2'====== Args={'value': 0, 'prev_value': None, 'change': True}
2023-01-27 15:11:36,388 : INFO : EventManager : Event: ======'machine_var_audits_switches_s_trough3'====== Args={'value': 0, 'prev_value': None, 'change': True}
2023-01-27 15:11:36,388 : INFO : EventManager : Event: ======'machine_var_audits_switches_s_trough4'====== Args={'value': 0, 'prev_value': None, 'change': True}
2023-01-27 15:11:36,389 : INFO : EventManager : Event: ======'machine_var_audits_switches_s_trough5'====== Args={'value': 0, 'prev_value': None, 'change': True}
2023-01-27 15:11:36,389 : INFO : EventManager : Event: ======'machine_var_audits_switches_s_trough6'====== Args={'value': 0, 'prev_value': None, 'change': True}
2023-01-27 15:11:36,389 : INFO : EventManager : Event: ======'machine_var_audits_switches_s_trough_jam'====== Args={'value': 0, 'prev_value': None, 'change': True}
2023-01-27 15:11:36,389 : INFO : EventManager : Event: ======'init_phase_5'====== Args={}
2023-01-27 15:11:36,403 : INFO : EventManager : Event: ======'init_done'====== Args={}
2023-01-27 15:11:36,403 : INFO : EventManager : Event: ======'machine_reset_phase_1'====== Args={}
2023-01-27 15:11:36,412 : INFO : EventManager : Event: ======'slide_welcome_slide_removed'====== Args={'_from_bcp': True}
2023-01-27 15:11:36,414 : INFO : EventManager : Event: ======'slide_welcome_slide_created'====== Args={'_from_bcp': True}
2023-01-27 15:11:36,415 : INFO : EventManager : Event: ======'machine_reset_phase_2'====== Args={}
2023-01-27 15:11:36,416 : INFO : EventManager : Event: ======'machine_reset_phase_3'====== Args={}
2023-01-27 15:11:36,416 : INFO : EventManager : Event: ======'reset_complete'====== Args={}
2023-01-27 15:11:36,416 : INFO : EventManager : Event: ======'mode_attract_will_start'====== Args={}
2023-01-27 15:11:36,416 : INFO : EventManager : Event: ======'mode_attract_starting'====== Args={}
2023-01-27 15:11:36,417 : INFO : Mode.attract : Started. Priority: 10
2023-01-27 15:11:36,417 : INFO : EventManager : Event: ======'modes_active_modes_changed'====== Args={}
2023-01-27 15:11:36,417 : INFO : EventManager : Event: ======'mode_attract_started'====== Args={}
2023-01-27 15:11:36,417 : INFO : EventManager : Event: ======'collecting_balls_complete'====== Args={}
2023-01-27 15:11:36,417 : INFO : EventManager : Event: ======'slide_welcome_slide_active'====== Args={'_from_bcp': True}
2023-01-27 15:11:36,437 : INFO : EventManager : Event: ======'slide_attract_started_created'====== Args={'_from_bcp': True}
2023-01-27 15:11:36,437 : INFO : EventManager : Event: ======'slide_attract_started_active'====== Args={'_from_bcp': True}
2023-01-27 15:11:36,437 : INFO : Machine : Starting the main run loop.
2023-01-27 15:11:38,092 : INFO : SwitchController : <<<<<<< 's_start' active >>>>>>>
2023-01-27 15:11:38,168 : INFO : SwitchController : <<<<<<< 's_start' inactive >>>>>>>
2023-01-27 15:11:38,168 : INFO : EventManager : Event: ======'request_to_start_game'====== Args={}
2023-01-27 15:11:38,169 : INFO : EventManager : Event: ======'game_start'====== Args={'buttons': [], 'hold_time': 0.07799999999406282}
2023-01-27 15:11:38,169 : INFO : EventManager : Event: ======'mode_game_will_start'====== Args={'buttons': [], 'hold_time': 0.07799999999406282}
2023-01-27 15:11:38,169 : INFO : EventManager : Event: ======'mode_game_starting'====== Args={'buttons': [], 'hold_time': 0.07799999999406282}
2023-01-27 15:11:38,169 : INFO : EventManager : Event: ======'mode_attract_will_stop'====== Args={}
2023-01-27 15:11:38,169 : INFO : EventManager : Event: ======'mode_attract_stopping'====== Args={}
2023-01-27 15:11:38,170 : INFO : Mode.attract : Stopped.
2023-01-27 15:11:38,170 : INFO : EventManager : Event: ======'modes_active_modes_changed'====== Args={}
2023-01-27 15:11:38,170 : INFO : EventManager : Event: ======'mode_attract_stopped'====== Args={}
2023-01-27 15:11:38,170 : INFO : EventManager : Event: ======'clear'====== Args={'key': 'attract'}
2023-01-27 15:11:38,170 : INFO : Mode.game : Started. Priority: 20
2023-01-27 15:11:38,170 : INFO : EventManager : Event: ======'modes_active_modes_changed'====== Args={}
2023-01-27 15:11:38,170 : INFO : EventManager : Event: ======'mode_game_started'====== Args={'buttons': [], 'hold_time': 0.07799999999406282}
2023-01-27 15:11:38,175 : INFO : EventManager : Event: ======'game_will_start'====== Args={}
2023-01-27 15:11:38,175 : INFO : EventManager : Event: ======'game_starting'====== Args={'game': <Mode.game>}
2023-01-27 15:11:38,175 : INFO : EventManager : Event: ======'player_add_request'====== Args={}
2023-01-27 15:11:38,176 : INFO : EventManager : Event: ======'player_will_add'====== Args={'number': 1}
2023-01-27 15:11:38,176 : INFO : EventManager : Event: ======'player_adding'====== Args={'player': <Player 1>, 'number': 1}
2023-01-27 15:11:38,176 : INFO : EventManager : Event: ======'player_added'====== Args={'player': <Player 1>, 'num': 1}
2023-01-27 15:11:38,176 : INFO : Mode.game : Player added successfully. Total players: 1
2023-01-27 15:11:38,176 : INFO : EventManager : Event: ======'player_index'====== Args={'value': 0, 'prev_value': 0, 'change': 0, 'player_num': 1}
2023-01-27 15:11:38,176 : INFO : EventManager : Event: ======'player_number'====== Args={'value': 1, 'prev_value': 1, 'change': 0, 'player_num': 1}
2023-01-27 15:11:38,176 : INFO : EventManager : Event: ======'player_score'====== Args={'value': 0, 'prev_value': 0, 'change': 0, 'player_num': 1}
2023-01-27 15:11:38,177 : INFO : EventManager : Event: ======'game_started'====== Args={}
2023-01-27 15:11:38,185 : INFO : EventManager : Event: ======'player_turn_will_start'====== Args={'player': <Player 1>, 'number': 1}
2023-01-27 15:11:38,185 : INFO : EventManager : Event: ======'player_turn_starting'====== Args={'player': <Player 1>, 'number': 1}
2023-01-27 15:11:38,185 : INFO : EventManager : Event: ======'player_ball'====== Args={'value': 1, 'prev_value': 0, 'change': 1, 'player_num': 1}
2023-01-27 15:11:38,186 : INFO : EventManager : Event: ======'player_turn_started'====== Args={'player': <Player 1>, 'number': 1}
2023-01-27 15:11:38,187 : INFO : EventManager : Event: ======'ball_will_start'====== Args={'player': 1, 'ball': 1, 'balls_remaining': 2, 'is_extra_ball': False}
2023-01-27 15:11:38,189 : INFO : EventManager : Event: ======'ball_starting'====== Args={'player': 1, 'ball': 1, 'balls_remaining': 2, 'is_extra_ball': False}
2023-01-27 15:11:38,189 : INFO : EventManager : Event: ======'balls_in_play'====== Args={'balls': 1}
2023-01-27 15:11:38,190 : INFO : EventManager : Event: ======'ball_started'====== Args={'player': 1, 'ball': 1, 'balls_remaining': 2, 'is_extra_ball': False}
2023-01-27 15:11:38,190 : ERROR : asyncio : Exception in callback EventManager.process_event_queue()
handle: <Handle EventManager.process_event_queue()>
Traceback (most recent call last):
  File "c:\users\student\mpfenv\lib\site-packages\mpf\core\events.py", line 695, in _run_handlers
    result = handler.callback(**merged_kwargs)
  File "c:\users\student\mpfenv\lib\site-packages\mpf\devices\flipper.py", line 58, in event_enable
    self.enable()
  File "c:\users\student\mpfenv\lib\site-packages\mpf\devices\flipper.py", line 117, in enable
    self._enable_single_coil_rule()
  File "c:\users\student\mpfenv\lib\site-packages\mpf\devices\flipper.py", line 198, in _enable_single_coil_rule
    HoldRuleSettings(power=self._get_hold_power())
  File "c:\users\student\mpfenv\lib\site-packages\mpf\core\platform_controller.py", line 319, in set_pulse_on_hit_and_enable_and_release_rule
    driver_settings = self._get_configured_driver_with_hold(driver, pulse_setting, hold_settings)
  File "c:\users\student\mpfenv\lib\site-packages\mpf\core\platform_controller.py", line 162, in _get_configured_driver_with_hold
    raise AssertionError("Cannot enable driver with hold_power 0.0")
AssertionError: Cannot enable driver with hold_power 0.0

The above exception was the direct cause of the following exception:

Traceback (most recent call last):
  File "C:\Program Files\Python37\lib\asyncio\events.py", line 88, in _run
    self._context.run(self._callback, *self._args)
  File "c:\users\student\mpfenv\lib\site-packages\mpf\core\events.py", line 782, in process_event_queue
    **event[3])
  File "c:\users\student\mpfenv\lib\site-packages\mpf\core\events.py", line 741, in _process_event
    result = self._run_handlers(event, ev_type, kwargs)
  File "c:\users\student\mpfenv\lib\site-packages\mpf\core\events.py", line 697, in _run_handlers
    raise Exception("Exception while processing {} for event {}. {}".format(handler, event, e)) from e
Exception: Exception while processing RegisteredHandler(callback=<bound method Flipper.event_enable of <flipper.left_flipper>>, priority=2, kwargs={}, key=UUID('d8263170-76ad-44f6-951c-5553758da9a3'), condition=None, blocking_facility=None) for event ball_started. Cannot enable driver with hold_power 0.0
2023-01-27 15:11:38,194 : INFO : Machine : Shutting down...
2023-01-27 15:11:38,194 : INFO : EventManager : Event: ======'shutdown'====== Args={}
2023-01-27 15:11:38,195 : ERROR : Machine : Runtime Exception
Traceback (most recent call last):
  File "c:\users\student\mpfenv\lib\site-packages\mpf\core\events.py", line 695, in _run_handlers
    result = handler.callback(**merged_kwargs)
  File "c:\users\student\mpfenv\lib\site-packages\mpf\devices\flipper.py", line 58, in event_enable
    self.enable()
  File "c:\users\student\mpfenv\lib\site-packages\mpf\devices\flipper.py", line 117, in enable
    self._enable_single_coil_rule()
  File "c:\users\student\mpfenv\lib\site-packages\mpf\devices\flipper.py", line 198, in _enable_single_coil_rule
    HoldRuleSettings(power=self._get_hold_power())
  File "c:\users\student\mpfenv\lib\site-packages\mpf\core\platform_controller.py", line 319, in set_pulse_on_hit_and_enable_and_release_rule
    driver_settings = self._get_configured_driver_with_hold(driver, pulse_setting, hold_settings)
  File "c:\users\student\mpfenv\lib\site-packages\mpf\core\platform_controller.py", line 162, in _get_configured_driver_with_hold
    raise AssertionError("Cannot enable driver with hold_power 0.0")
AssertionError: Cannot enable driver with hold_power 0.0

The above exception was the direct cause of the following exception:

Traceback (most recent call last):
  File "c:\users\student\mpfenv\lib\site-packages\mpf\core\machine.py", line 769, in _run_loop
    raise self._exception['exception']
  File "C:\Program Files\Python37\lib\asyncio\events.py", line 88, in _run
    self._context.run(self._callback, *self._args)
  File "c:\users\student\mpfenv\lib\site-packages\mpf\core\events.py", line 782, in process_event_queue
    **event[3])
  File "c:\users\student\mpfenv\lib\site-packages\mpf\core\events.py", line 741, in _process_event
    result = self._run_handlers(event, ev_type, kwargs)
  File "c:\users\student\mpfenv\lib\site-packages\mpf\core\events.py", line 697, in _run_handlers
    raise Exception("Exception while processing {} for event {}. {}".format(handler, event, e)) from e
Exception: Exception while processing RegisteredHandler(callback=<bound method Flipper.event_enable of <flipper.left_flipper>>, priority=2, kwargs={}, key=UUID('d8263170-76ad-44f6-951c-5553758da9a3'), condition=None, blocking_facility=None) for event ball_started. Cannot enable driver with hold_power 0.0
2023-01-27 15:11:42,516 : INFO : root : MPF run loop ended.
