2023-02-14 19:06:25,851 : INFO : root : Loading config.
2023-02-14 19:06:26,174 : INFO : ConfigProcessor : Config spec file cache created: C:\Users\student\AppData\Local\Temp\config_spec.mpf_cache
2023-02-14 19:06:26,175 : INFO : YamlMultifileConfigLoader : Machine config file #1: config.yaml
2023-02-14 19:06:26,175 : INFO : ConfigProcessor : Loading config from file c:\users\student\mpfenv\lib\site-packages\mpf\mpfconfig.yaml.
2023-02-14 19:06:26,237 : INFO : ConfigProcessor : Loading config: c:\users\student\mpfenv\lib\site-packages\mpf\mpfconfig.yaml
2023-02-14 19:06:26,238 : INFO : ConfigProcessor : Loading config from file C:\Users\student\pinball\cobraPinTest1\config\config.yaml.
2023-02-14 19:06:26,269 : INFO : ConfigProcessor : Loading config: C:\Users\student\pinball\cobraPinTest1\config\config.yaml
2023-02-14 19:06:26,271 : INFO : ConfigProcessor : Config file cache created: C:\Users\student\AppData\Local\Temp\f1427cd4cbc9163bc2263f349f0fb463.mpf_cache
2023-02-14 19:06:26,339 : INFO : ConfigProcessor : Loading config from file c:\users\student\mpfenv\lib\site-packages\mpf\modes\attract\config\attract.yaml.
2023-02-14 19:06:26,341 : INFO : ConfigProcessor : Loading config: c:\users\student\mpfenv\lib\site-packages\mpf\modes\attract\config\attract.yaml
2023-02-14 19:06:26,341 : INFO : ConfigProcessor : Loading config from file C:\Users\student\pinball\cobraPinTest1\modes\attract\config\attract.yaml.
2023-02-14 19:06:26,342 : INFO : ConfigProcessor : Loading config: C:\Users\student\pinball\cobraPinTest1\modes\attract\config\attract.yaml
2023-02-14 19:06:26,342 : INFO : ConfigProcessor : Config file cache created: C:\Users\student\AppData\Local\Temp\32ed7ad340ce8029344f8b9ff63edc80.mpf_cache
2023-02-14 19:06:26,343 : INFO : ConfigProcessor : Loading config from file c:\users\student\mpfenv\lib\site-packages\mpf\modes\game\config\game.yaml.
2023-02-14 19:06:26,345 : INFO : ConfigProcessor : Loading config: c:\users\student\mpfenv\lib\site-packages\mpf\modes\game\config\game.yaml
2023-02-14 19:06:26,345 : INFO : ConfigProcessor : Config file cache created: C:\Users\student\AppData\Local\Temp\8696bd5a5a040ff67990be11cb4d3c0c.mpf_cache
2023-02-14 19:06:26,346 : INFO : ConfigProcessor : Loading config from file C:\Users\student\pinball\cobraPinTest1\modes\base\config\base.yaml.
2023-02-14 19:06:26,353 : INFO : ConfigProcessor : Loading config: C:\Users\student\pinball\cobraPinTest1\modes\base\config\base.yaml
2023-02-14 19:06:26,354 : INFO : ConfigProcessor : Config file cache created: C:\Users\student\AppData\Local\Temp\4675a535c8328a9c278c807d999ed109.mpf_cache
2023-02-14 19:06:26,355 : INFO : ConfigProcessor : Loading config from file C:\Users\student\pinball\cobraPinTest1\modes\mode2\config\mode2.yaml.
2023-02-14 19:06:26,361 : INFO : ConfigProcessor : Loading config: C:\Users\student\pinball\cobraPinTest1\modes\mode2\config\mode2.yaml
2023-02-14 19:06:26,361 : INFO : ConfigProcessor : Config file cache created: C:\Users\student\AppData\Local\Temp\9525b8ae9fe847ba6c98fe60136d147b.mpf_cache
2023-02-14 19:06:26,362 : INFO : ConfigProcessor : Loading config from file C:\Users\student\pinball\cobraPinTest1\modes\reentry\config\reentry.yaml.
2023-02-14 19:06:26,367 : INFO : ConfigProcessor : Loading config: C:\Users\student\pinball\cobraPinTest1\modes\reentry\config\reentry.yaml
2023-02-14 19:06:26,368 : INFO : ConfigProcessor : Config file cache created: C:\Users\student\AppData\Local\Temp\0c8438cab3480347c0c749fa494946a2.mpf_cache
2023-02-14 19:06:26,369 : INFO : ConfigProcessor : Loading config from file C:\Users\student\pinball\cobraPinTest1\modes\attract\shows\.\attract_display_loop.yaml.
2023-02-14 19:06:26,381 : INFO : ConfigProcessor : Loading config: C:\Users\student\pinball\cobraPinTest1\modes\attract\shows\.\attract_display_loop.yaml
2023-02-14 19:06:26,382 : INFO : ConfigProcessor : Config file cache created: C:\Users\student\AppData\Local\Temp\f8d2c2cf3ea01f085365ea23fa51a701.mpf_cache
2023-02-14 19:06:26,382 : INFO : ConfigProcessor : Loading config from file C:\Users\student\pinball\cobraPinTest1\modes\attract\shows\.\attract_light_show.yaml.
2023-02-14 19:06:26,387 : INFO : ConfigProcessor : Loading config: C:\Users\student\pinball\cobraPinTest1\modes\attract\shows\.\attract_light_show.yaml
2023-02-14 19:06:26,388 : INFO : ConfigProcessor : Config file cache created: C:\Users\student\AppData\Local\Temp\30bd992f4b62a9b099207aebeb59554c.mpf_cache
2023-02-14 19:06:26,389 : INFO : Machine : Mission Pinball Framework Core Engine v0.55.0
2023-02-14 19:06:26,389 : INFO : Machine : Command line arguments: {'no_load_cache': True, 'create_config_cache': True, 'bcp': True, 'configfile': ['config.yaml'], 'force_assets_load': False, 'jsonlogging': False, 'logfile': 'logs\\2023-02-14-19-06-25-mpf-DESKTOP-0JH7ARL.log', 'pause': False, 'production': False, 'text_ui': True, 'loglevel': 15, 'consoleloglevel': 20, 'force_platform': None, 'syslog_address': None, 'mc_file_name': None, 'no_sound': False}
2023-02-14 19:06:26,389 : INFO : Machine : MPF path: c:\users\student\mpfenv\lib\site-packages\mpf
2023-02-14 19:06:26,389 : INFO : Machine : Machine path: C:\Users\student\pinball\cobraPinTest1
2023-02-14 19:06:26,389 : INFO : Machine : Platform: win32
2023-02-14 19:06:26,389 : INFO : Machine : Python executable location: c:\users\student\mpfenv\scripts\python.exe
2023-02-14 19:06:26,389 : INFO : Machine : Python version: 3.7.8 (64-bit)
2023-02-14 19:06:26,392 : INFO : Machine : Initialise MPF.
2023-02-14 19:06:26,642 : INFO : OPP : Connecting to com4 at 115200bps
2023-02-14 19:06:26,827 : INFO : OPP : Init of OPP board 0 done
2023-02-14 19:06:26,827 : INFO : OPP : Connecting to com5 at 115200bps
2023-02-14 19:06:26,921 : INFO : OPP : Init of OPP board 1 done
2023-02-14 19:06:26,922 : INFO : EventManager : Event: ======'machine_var_credits_string'====== Args={'value': 'FREE PLAY', 'prev_value': None, 'change': True}
2023-02-14 19:06:26,980 : INFO : EventManager : Event: ======'machine_var_master_volume'====== Args={'value': 0.5, 'prev_value': None, 'change': True}
2023-02-14 19:06:26,980 : INFO : EventManager : Event: ======'machine_var_player1_score'====== Args={'value': 1500, 'prev_value': None, 'change': True}
2023-02-14 19:06:26,980 : INFO : EventManager : Event: ======'machine_var_mpf_version'====== Args={'value': 'MPF v0.55.0', 'prev_value': None, 'change': True}
2023-02-14 19:06:26,980 : INFO : EventManager : Event: ======'machine_var_mpf_extended_version'====== Args={'value': 'MPF v0.55.0, Config version:5, Show version: 5, BCP version:1.1', 'prev_value': None, 'change': True}
2023-02-14 19:06:26,980 : INFO : EventManager : Event: ======'machine_var_python_version'====== Args={'value': '3.7.8', 'prev_value': None, 'change': True}
2023-02-14 19:06:26,981 : INFO : EventManager : Event: ======'machine_var_platform'====== Args={'value': 'Windows-10-10.0.19041-SP0', 'prev_value': None, 'change': True}
2023-02-14 19:06:26,981 : INFO : EventManager : Event: ======'machine_var_platform_system'====== Args={'value': 'Windows', 'prev_value': None, 'change': True}
2023-02-14 19:06:26,981 : INFO : EventManager : Event: ======'machine_var_platform_release'====== Args={'value': '10', 'prev_value': None, 'change': True}
2023-02-14 19:06:26,981 : INFO : EventManager : Event: ======'machine_var_platform_version'====== Args={'value': '10.0.19041', 'prev_value': None, 'change': True}
2023-02-14 19:06:26,981 : INFO : EventManager : Event: ======'machine_var_platform_machine'====== Args={'value': 'AMD64', 'prev_value': None, 'change': True}
2023-02-14 19:06:26,981 : INFO : EventManager : Event: ======'init_phase_1'====== Args={}
2023-02-14 19:06:26,984 : ERROR : asyncio : Exception in callback EventManager._async_handler_done(<QueuedEvent>)(<Task finishe...e2.state:0'")>) at c:\users\student\mpfenv\lib\site-packages\mpf\core\events.py:112
handle: <Handle EventManager._async_handler_done(<QueuedEvent>)(<Task finishe...e2.state:0'")>) at c:\users\student\mpfenv\lib\site-packages\mpf\core\events.py:112>
Traceback (most recent call last):
  File "C:\Program Files\Python37\lib\asyncio\events.py", line 88, in _run
    self._context.run(self._callback, *self._args)
  File "c:\users\student\mpfenv\lib\site-packages\mpf\core\events.py", line 115, in _async_handler_done
    future.result()
  File "c:\users\student\mpfenv\lib\site-packages\mpf\core\mode_controller.py", line 119, in load_modes
    self.machine.modes[mode] = self._load_mode(mode)
  File "c:\users\student\mpfenv\lib\site-packages\mpf\core\mode_controller.py", line 168, in _load_mode
    return mode_class(self.machine, config, mode_string, config['mode']['path'], config['mode']['asset_paths'])
  File "c:\users\student\mpfenv\lib\site-packages\mpf\core\mode.py", line 75, in __init__
    self.configure_mode_settings(config.get('mode', dict()))
  File "c:\users\student\mpfenv\lib\site-packages\mpf\core\mode.py", line 121, in configure_mode_settings
    self.config['mode']['start_priority'])
  File "c:\users\student\mpfenv\lib\site-packages\mpf\core\events.py", line 178, in add_handler
    event, condition, additional_priority = self.get_event_and_condition_from_string(event)
  File "c:\users\student\mpfenv\lib\site-packages\mpf\core\events.py", line 96, in get_event_and_condition_from_string
    additional_priority = int(event_string[priority_start + 1:])
ValueError: invalid literal for int() with base 10: 'shots.my_first_shot_mode2.state:0'
2023-02-14 19:06:27,010 : INFO : Machine : Starting the main run loop.
2023-02-14 19:06:27,013 : INFO : Machine : Shutting down...
2023-02-14 19:06:27,013 : INFO : EventManager : Event: ======'shutdown'====== Args={}
2023-02-14 19:06:27,014 : ERROR : OPP : Stop called on serial connection com5
2023-02-14 19:06:27,014 : ERROR : OPP : Stop called on serial connection com4
2023-02-14 19:06:27,016 : ERROR : Machine : Runtime Exception
Traceback (most recent call last):
  File "c:\users\student\mpfenv\lib\site-packages\mpf\core\machine.py", line 769, in _run_loop
    raise self._exception['exception']
  File "C:\Program Files\Python37\lib\asyncio\events.py", line 88, in _run
    self._context.run(self._callback, *self._args)
  File "c:\users\student\mpfenv\lib\site-packages\mpf\core\events.py", line 115, in _async_handler_done
    future.result()
  File "c:\users\student\mpfenv\lib\site-packages\mpf\core\mode_controller.py", line 119, in load_modes
    self.machine.modes[mode] = self._load_mode(mode)
  File "c:\users\student\mpfenv\lib\site-packages\mpf\core\mode_controller.py", line 168, in _load_mode
    return mode_class(self.machine, config, mode_string, config['mode']['path'], config['mode']['asset_paths'])
  File "c:\users\student\mpfenv\lib\site-packages\mpf\core\mode.py", line 75, in __init__
    self.configure_mode_settings(config.get('mode', dict()))
  File "c:\users\student\mpfenv\lib\site-packages\mpf\core\mode.py", line 121, in configure_mode_settings
    self.config['mode']['start_priority'])
  File "c:\users\student\mpfenv\lib\site-packages\mpf\core\events.py", line 178, in add_handler
    event, condition, additional_priority = self.get_event_and_condition_from_string(event)
  File "c:\users\student\mpfenv\lib\site-packages\mpf\core\events.py", line 96, in get_event_and_condition_from_string
    additional_priority = int(event_string[priority_start + 1:])
ValueError: invalid literal for int() with base 10: 'shots.my_first_shot_mode2.state:0'
2023-02-14 19:07:06,803 : ERROR : root : 
Traceback (most recent call last):
  File "c:\users\student\mpfenv\lib\site-packages\mpf\core\machine.py", line 769, in _run_loop
    raise self._exception['exception']
  File "C:\Program Files\Python37\lib\asyncio\events.py", line 88, in _run
    self._context.run(self._callback, *self._args)
  File "c:\users\student\mpfenv\lib\site-packages\mpf\core\events.py", line 115, in _async_handler_done
    future.result()
  File "c:\users\student\mpfenv\lib\site-packages\mpf\core\mode_controller.py", line 119, in load_modes
    self.machine.modes[mode] = self._load_mode(mode)
  File "c:\users\student\mpfenv\lib\site-packages\mpf\core\mode_controller.py", line 168, in _load_mode
    return mode_class(self.machine, config, mode_string, config['mode']['path'], config['mode']['asset_paths'])
  File "c:\users\student\mpfenv\lib\site-packages\mpf\core\mode.py", line 75, in __init__
    self.configure_mode_settings(config.get('mode', dict()))
  File "c:\users\student\mpfenv\lib\site-packages\mpf\core\mode.py", line 121, in configure_mode_settings
    self.config['mode']['start_priority'])
  File "c:\users\student\mpfenv\lib\site-packages\mpf\core\events.py", line 178, in add_handler
    event, condition, additional_priority = self.get_event_and_condition_from_string(event)
  File "c:\users\student\mpfenv\lib\site-packages\mpf\core\events.py", line 96, in get_event_and_condition_from_string
    additional_priority = int(event_string[priority_start + 1:])
ValueError: invalid literal for int() with base 10: 'shots.my_first_shot_mode2.state:0'

During handling of the above exception, another exception occurred:

Traceback (most recent call last):
  File "c:\users\student\mpfenv\lib\site-packages\mpf\commands\game.py", line 239, in __init__
    self.machine.run()
  File "c:\users\student\mpfenv\lib\site-packages\mpf\core\machine.py", line 687, in run
    self._run_loop()
  File "c:\users\student\mpfenv\lib\site-packages\mpf\core\machine.py", line 772, in _run_loop
    report_crash(self._exception['exception'], "exception_during_run", self.config)
  File "c:\users\student\mpfenv\lib\site-packages\mpf\core\crash_reporter.py", line 236, in report_crash
    response = input("Do you want to report the crash to the MPF team (yes/no/show)? ")
EOFError
