2023-10-02 12:05:03,546 : INFO : root : Loading config.
2023-10-02 12:05:03,907 : INFO : ConfigProcessor : Config spec file cache created: C:\Users\student\AppData\Local\Temp\config_spec.mpf_cache
2023-10-02 12:05:03,907 : INFO : YamlMultifileConfigLoader : Machine config file #1: config.yaml
2023-10-02 12:05:03,907 : INFO : ConfigProcessor : Loading config from file c:\users\student\mpfenv\lib\site-packages\mpf\mpfconfig.yaml.
2023-10-02 12:05:03,973 : INFO : ConfigProcessor : Loading config: c:\users\student\mpfenv\lib\site-packages\mpf\mpfconfig.yaml
2023-10-02 12:05:03,974 : INFO : ConfigProcessor : Loading config from file C:\Users\student\pinball\cobraPinTest1\config\config.yaml.
2023-10-02 12:05:04,010 : INFO : ConfigProcessor : Loading config: C:\Users\student\pinball\cobraPinTest1\config\config.yaml
2023-10-02 12:05:04,012 : INFO : ConfigProcessor : Config file cache created: C:\Users\student\AppData\Local\Temp\f1427cd4cbc9163bc2263f349f0fb463.mpf_cache
2023-10-02 12:05:04,081 : INFO : ConfigProcessor : Loading config from file c:\users\student\mpfenv\lib\site-packages\mpf\modes\attract\config\attract.yaml.
2023-10-02 12:05:04,082 : INFO : ConfigProcessor : Loading config: c:\users\student\mpfenv\lib\site-packages\mpf\modes\attract\config\attract.yaml
2023-10-02 12:05:04,082 : INFO : ConfigProcessor : Loading config from file C:\Users\student\pinball\cobraPinTest1\modes\attract\config\attract.yaml.
2023-10-02 12:05:04,083 : INFO : ConfigProcessor : Loading config: C:\Users\student\pinball\cobraPinTest1\modes\attract\config\attract.yaml
2023-10-02 12:05:04,084 : INFO : ConfigProcessor : Config file cache created: C:\Users\student\AppData\Local\Temp\32ed7ad340ce8029344f8b9ff63edc80.mpf_cache
2023-10-02 12:05:04,084 : INFO : ConfigProcessor : Loading config from file c:\users\student\mpfenv\lib\site-packages\mpf\modes\game\config\game.yaml.
2023-10-02 12:05:04,086 : INFO : ConfigProcessor : Loading config: c:\users\student\mpfenv\lib\site-packages\mpf\modes\game\config\game.yaml
2023-10-02 12:05:04,086 : INFO : ConfigProcessor : Config file cache created: C:\Users\student\AppData\Local\Temp\8696bd5a5a040ff67990be11cb4d3c0c.mpf_cache
2023-10-02 12:05:04,086 : INFO : ConfigProcessor : Loading config from file C:\Users\student\pinball\cobraPinTest1\modes\base\config\base.yaml.
2023-10-02 12:05:04,091 : INFO : ConfigProcessor : Loading config: C:\Users\student\pinball\cobraPinTest1\modes\base\config\base.yaml
2023-10-02 12:05:04,092 : INFO : ConfigProcessor : Config file cache created: C:\Users\student\AppData\Local\Temp\4675a535c8328a9c278c807d999ed109.mpf_cache
2023-10-02 12:05:04,093 : INFO : ConfigProcessor : Loading config from file C:\Users\student\pinball\cobraPinTest1\modes\reentry\config\reentry.yaml.
2023-10-02 12:05:04,130 : INFO : ConfigProcessor : Loading config: C:\Users\student\pinball\cobraPinTest1\modes\reentry\config\reentry.yaml
2023-10-02 12:05:04,130 : INFO : ConfigProcessor : Config file cache created: C:\Users\student\AppData\Local\Temp\0c8438cab3480347c0c749fa494946a2.mpf_cache
2023-10-02 12:05:04,131 : INFO : ConfigProcessor : Loading config from file C:\Users\student\pinball\cobraPinTest1\modes\attract\shows\.\attract_display_loop.yaml.
2023-10-02 12:05:04,140 : INFO : ConfigProcessor : Loading config: C:\Users\student\pinball\cobraPinTest1\modes\attract\shows\.\attract_display_loop.yaml
2023-10-02 12:05:04,140 : INFO : ConfigProcessor : Config file cache created: C:\Users\student\AppData\Local\Temp\f8d2c2cf3ea01f085365ea23fa51a701.mpf_cache
2023-10-02 12:05:04,141 : INFO : ConfigProcessor : Loading config from file C:\Users\student\pinball\cobraPinTest1\modes\attract\shows\.\attract_light_show.yaml.
2023-10-02 12:05:04,145 : INFO : ConfigProcessor : Loading config: C:\Users\student\pinball\cobraPinTest1\modes\attract\shows\.\attract_light_show.yaml
2023-10-02 12:05:04,146 : INFO : ConfigProcessor : Config file cache created: C:\Users\student\AppData\Local\Temp\30bd992f4b62a9b099207aebeb59554c.mpf_cache
2023-10-02 12:05:04,147 : INFO : Machine : Mission Pinball Framework Core Engine v0.55.0
2023-10-02 12:05:04,147 : INFO : Machine : Command line arguments: {'no_load_cache': True, 'create_config_cache': True, 'bcp': True, 'configfile': ['config.yaml'], 'force_assets_load': False, 'jsonlogging': False, 'logfile': 'logs\\2023-10-02-12-05-03-mpf-DESKTOP-0JH7ARL.log', 'pause': False, 'production': False, 'text_ui': True, 'loglevel': 15, 'consoleloglevel': 20, 'force_platform': None, 'syslog_address': None, 'mc_file_name': None, 'no_sound': False}
2023-10-02 12:05:04,147 : INFO : Machine : MPF path: c:\users\student\mpfenv\lib\site-packages\mpf
2023-10-02 12:05:04,147 : INFO : Machine : Machine path: C:\Users\student\pinball\cobraPinTest1
2023-10-02 12:05:04,147 : INFO : Machine : Platform: win32
2023-10-02 12:05:04,147 : INFO : Machine : Python executable location: c:\users\student\mpfenv\scripts\python.exe
2023-10-02 12:05:04,147 : INFO : Machine : Python version: 3.7.8 (64-bit)
2023-10-02 12:05:04,149 : INFO : Machine : Initialise MPF.
2023-10-02 12:05:04,418 : INFO : EventManager : Event: ======'machine_var_credits_string'====== Args={'value': 'FREE PLAY', 'prev_value': None, 'change': True}
2023-10-02 12:05:04,461 : INFO : EventManager : Event: ======'machine_var_master_volume'====== Args={'value': 0.5, 'prev_value': None, 'change': True}
2023-10-02 12:05:04,461 : INFO : EventManager : Event: ======'machine_var_player1_score'====== Args={'value': 1500, 'prev_value': None, 'change': True}
2023-10-02 12:05:04,461 : INFO : EventManager : Event: ======'machine_var_mpf_version'====== Args={'value': 'MPF v0.55.0', 'prev_value': None, 'change': True}
2023-10-02 12:05:04,461 : INFO : EventManager : Event: ======'machine_var_mpf_extended_version'====== Args={'value': 'MPF v0.55.0, Config version:5, Show version: 5, BCP version:1.1', 'prev_value': None, 'change': True}
2023-10-02 12:05:04,461 : INFO : EventManager : Event: ======'machine_var_python_version'====== Args={'value': '3.7.8', 'prev_value': None, 'change': True}
2023-10-02 12:05:04,462 : INFO : EventManager : Event: ======'machine_var_platform'====== Args={'value': 'Windows-10-10.0.19041-SP0', 'prev_value': None, 'change': True}
2023-10-02 12:05:04,462 : INFO : EventManager : Event: ======'machine_var_platform_system'====== Args={'value': 'Windows', 'prev_value': None, 'change': True}
2023-10-02 12:05:04,462 : INFO : EventManager : Event: ======'machine_var_platform_release'====== Args={'value': '10', 'prev_value': None, 'change': True}
2023-10-02 12:05:04,462 : INFO : EventManager : Event: ======'machine_var_platform_version'====== Args={'value': '10.0.19041', 'prev_value': None, 'change': True}
2023-10-02 12:05:04,462 : INFO : EventManager : Event: ======'machine_var_platform_machine'====== Args={'value': 'AMD64', 'prev_value': None, 'change': True}
2023-10-02 12:05:04,462 : INFO : EventManager : Event: ======'init_phase_1'====== Args={}
2023-10-02 12:05:04,479 : INFO : EventManager : Event: ======'init_phase_2'====== Args={}
2023-10-02 12:05:04,479 : INFO : SwitchController : Found active switch: ('0-0-8', <Platform.Virtual>) <switch.s_trough1>
2023-10-02 12:05:04,482 : INFO : EventManager : Event: ======'bcp_connection_attempt'====== Args={'name': 'local_display', 'host': 'localhost', 'port': 5050}
2023-10-02 12:05:04,483 : INFO : BCPClientSocket : Connecting BCP to 'local_display' at localhost:5050...
2023-10-02 12:05:06,522 : INFO : BCPClientSocket : Connected BCP to 'local_display' localhost:5050
2023-10-02 12:05:06,524 : INFO : EventManager : Event: ======'bcp_clients_connected'====== Args={}
2023-10-02 12:05:06,542 : INFO : ball_device.bd_trough : BCH: Initial count: 1
2023-10-02 12:05:06,543 : INFO : EventManager : Event: ======'machine_var_mc_version'====== Args={'value': 'MPF-MC v0.55.0', 'prev_value': None, 'change': True}
2023-10-02 12:05:06,543 : INFO : EventManager : Event: ======'machine_var_mc_extended_version'====== Args={'value': 'MPF-MC v0.55.0 (config_version=5, BCP v1.1, Requires MPF v0.55.0-dev.49)', 'prev_value': None, 'change': True}
2023-10-02 12:05:06,544 : INFO : ball_device.bd_trough : State: idle
2023-10-02 12:05:06,558 : INFO : ball_device.bd_plunger : BCH: Initial count: 0
2023-10-02 12:05:06,558 : INFO : ball_device.bd_plunger : State: idle
2023-10-02 12:05:06,613 : INFO : EventManager : Event: ======'init_phase_3'====== Args={}
2023-10-02 12:05:06,618 : INFO : EventManager : Event: ======'init_phase_4'====== Args={}
2023-10-02 12:05:06,618 : INFO : BallController : Initial balls found: 1
2023-10-02 12:05:06,619 : INFO : EventManager : Event: ======'machine_var_audits_events_game_ended'====== Args={'value': 0, 'prev_value': None, 'change': True}
2023-10-02 12:05:06,620 : INFO : EventManager : Event: ======'machine_var_audits_events_game_started'====== Args={'value': 0, 'prev_value': None, 'change': True}
2023-10-02 12:05:06,620 : INFO : EventManager : Event: ======'machine_var_audits_player_score'====== Args={'value': {'average': 1800.0, 'top': [2000, 1900, 1500], 'total': 3}, 'prev_value': None, 'change': True}
2023-10-02 12:05:06,620 : INFO : EventManager : Event: ======'machine_var_audits_shots_my_first_shot'====== Args={'value': 119, 'prev_value': None, 'change': True}
2023-10-02 12:05:06,621 : INFO : EventManager : Event: ======'machine_var_audits_shots_my_first_shot_mode2'====== Args={'value': 72, 'prev_value': None, 'change': True}
2023-10-02 12:05:06,621 : INFO : EventManager : Event: ======'machine_var_audits_shots_reentryL_shot'====== Args={'value': 349, 'prev_value': None, 'change': True}
2023-10-02 12:05:06,622 : INFO : EventManager : Event: ======'machine_var_audits_shots_reentryM_shot'====== Args={'value': 328, 'prev_value': None, 'change': True}
2023-10-02 12:05:06,622 : INFO : EventManager : Event: ======'machine_var_audits_shots_reentryR_shot'====== Args={'value': 297, 'prev_value': None, 'change': True}
2023-10-02 12:05:06,622 : INFO : EventManager : Event: ======'machine_var_audits_shots_reentry_shot'====== Args={'value': 9, 'prev_value': None, 'change': True}
2023-10-02 12:05:06,622 : INFO : EventManager : Event: ======'machine_var_audits_shots_top_lane_A'====== Args={'value': 12, 'prev_value': None, 'change': True}
2023-10-02 12:05:06,623 : INFO : EventManager : Event: ======'machine_var_audits_shots_top_lane_J'====== Args={'value': 12, 'prev_value': None, 'change': True}
2023-10-02 12:05:06,623 : INFO : EventManager : Event: ======'machine_var_audits_shots_top_lane_M'====== Args={'value': 9, 'prev_value': None, 'change': True}
2023-10-02 12:05:06,623 : INFO : EventManager : Event: ======'machine_var_audits_switches_s_blackhole_kicker'====== Args={'value': 0, 'prev_value': None, 'change': True}
2023-10-02 12:05:06,623 : INFO : EventManager : Event: ======'machine_var_audits_switches_s_bonus_lane'====== Args={'value': 0, 'prev_value': None, 'change': True}
2023-10-02 12:05:06,624 : INFO : EventManager : Event: ======'machine_var_audits_switches_s_booster_drop_target_1'====== Args={'value': 0, 'prev_value': None, 'change': True}
2023-10-02 12:05:06,624 : INFO : EventManager : Event: ======'machine_var_audits_switches_s_booster_drop_target_2'====== Args={'value': 0, 'prev_value': None, 'change': True}
2023-10-02 12:05:06,624 : INFO : EventManager : Event: ======'machine_var_audits_switches_s_booster_drop_target_3'====== Args={'value': 0, 'prev_value': None, 'change': True}
2023-10-02 12:05:06,624 : INFO : EventManager : Event: ======'machine_var_audits_switches_s_comet_spot_1'====== Args={'value': 0, 'prev_value': None, 'change': True}
2023-10-02 12:05:06,625 : INFO : EventManager : Event: ======'machine_var_audits_switches_s_comet_spot_2'====== Args={'value': 0, 'prev_value': None, 'change': True}
2023-10-02 12:05:06,625 : INFO : EventManager : Event: ======'machine_var_audits_switches_s_comet_spot_3'====== Args={'value': 0, 'prev_value': None, 'change': True}
2023-10-02 12:05:06,625 : INFO : EventManager : Event: ======'machine_var_audits_switches_s_engine_bumper_1'====== Args={'value': 0, 'prev_value': None, 'change': True}
2023-10-02 12:05:06,625 : INFO : EventManager : Event: ======'machine_var_audits_switches_s_engine_bumper_2'====== Args={'value': 0, 'prev_value': None, 'change': True}
2023-10-02 12:05:06,626 : INFO : EventManager : Event: ======'machine_var_audits_switches_s_engine_bumper_3'====== Args={'value': 0, 'prev_value': None, 'change': True}
2023-10-02 12:05:06,626 : INFO : EventManager : Event: ======'machine_var_audits_switches_s_fuel_chute_1'====== Args={'value': 0, 'prev_value': None, 'change': True}
2023-10-02 12:05:06,626 : INFO : EventManager : Event: ======'machine_var_audits_switches_s_fuel_chute_2'====== Args={'value': 0, 'prev_value': None, 'change': True}
2023-10-02 12:05:06,626 : INFO : EventManager : Event: ======'machine_var_audits_switches_s_fuel_chute_3'====== Args={'value': 0, 'prev_value': None, 'change': True}
2023-10-02 12:05:06,626 : INFO : EventManager : Event: ======'machine_var_audits_switches_s_fuel_chute_4'====== Args={'value': 0, 'prev_value': None, 'change': True}
2023-10-02 12:05:06,628 : INFO : EventManager : Event: ======'machine_var_audits_switches_s_fuel_chute_5'====== Args={'value': 0, 'prev_value': None, 'change': True}
2023-10-02 12:05:06,628 : INFO : EventManager : Event: ======'machine_var_audits_switches_s_fuel_chute_6'====== Args={'value': 0, 'prev_value': None, 'change': True}
2023-10-02 12:05:06,628 : INFO : EventManager : Event: ======'machine_var_audits_switches_s_fuel_flag'====== Args={'value': 0, 'prev_value': None, 'change': True}
2023-10-02 12:05:06,629 : INFO : EventManager : Event: ======'machine_var_audits_switches_s_fuel_spot_1'====== Args={'value': 0, 'prev_value': None, 'change': True}
2023-10-02 12:05:06,630 : INFO : EventManager : Event: ======'machine_var_audits_switches_s_fuel_spot_2'====== Args={'value': 0, 'prev_value': None, 'change': True}
2023-10-02 12:05:06,630 : INFO : EventManager : Event: ======'machine_var_audits_switches_s_fuel_spot_3'====== Args={'value': 0, 'prev_value': None, 'change': True}
2023-10-02 12:05:06,631 : INFO : EventManager : Event: ======'machine_var_audits_switches_s_green_wormhole'====== Args={'value': 0, 'prev_value': None, 'change': True}
2023-10-02 12:05:06,631 : INFO : EventManager : Event: ======'machine_var_audits_switches_s_hyperspace_flag'====== Args={'value': 0, 'prev_value': None, 'change': True}
2023-10-02 12:05:06,632 : INFO : EventManager : Event: ======'machine_var_audits_switches_s_hyperspacekicker'====== Args={'value': 0, 'prev_value': None, 'change': True}
2023-10-02 12:05:06,632 : INFO : EventManager : Event: ======'machine_var_audits_switches_s_launch_lane_1'====== Args={'value': 0, 'prev_value': None, 'change': True}
2023-10-02 12:05:06,632 : INFO : EventManager : Event: ======'machine_var_audits_switches_s_launch_lane_2'====== Args={'value': 0, 'prev_value': None, 'change': True}
2023-10-02 12:05:06,633 : INFO : EventManager : Event: ======'machine_var_audits_switches_s_launch_lane_3'====== Args={'value': 0, 'prev_value': None, 'change': True}
2023-10-02 12:05:06,633 : INFO : EventManager : Event: ======'machine_var_audits_switches_s_launch_ramp'====== Args={'value': 0, 'prev_value': None, 'change': True}
2023-10-02 12:05:06,634 : INFO : EventManager : Event: ======'machine_var_audits_switches_s_left_attack_bumper'====== Args={'value': 0, 'prev_value': None, 'change': True}
2023-10-02 12:05:06,635 : INFO : EventManager : Event: ======'machine_var_audits_switches_s_left_flipper'====== Args={'value': 463, 'prev_value': None, 'change': True}
2023-10-02 12:05:06,635 : INFO : EventManager : Event: ======'machine_var_audits_switches_s_left_out_lane'====== Args={'value': 0, 'prev_value': None, 'change': True}
2023-10-02 12:05:06,635 : INFO : EventManager : Event: ======'machine_var_audits_switches_s_left_out_lane_kicker'====== Args={'value': 0, 'prev_value': None, 'change': True}
2023-10-02 12:05:06,636 : INFO : EventManager : Event: ======'machine_var_audits_switches_s_left_return_lane'====== Args={'value': 0, 'prev_value': None, 'change': True}
2023-10-02 12:05:06,636 : INFO : EventManager : Event: ======'machine_var_audits_switches_s_lower_attack_bumper'====== Args={'value': 0, 'prev_value': None, 'change': True}
2023-10-02 12:05:06,637 : INFO : EventManager : Event: ======'machine_var_audits_switches_s_lower_left_rebound'====== Args={'value': 0, 'prev_value': None, 'change': True}
2023-10-02 12:05:06,637 : INFO : EventManager : Event: ======'machine_var_audits_switches_s_lower_left_slingshot'====== Args={'value': 0, 'prev_value': None, 'change': True}
2023-10-02 12:05:06,638 : INFO : EventManager : Event: ======'machine_var_audits_switches_s_lower_right_rebound'====== Args={'value': 0, 'prev_value': None, 'change': True}
2023-10-02 12:05:06,638 : INFO : EventManager : Event: ======'machine_var_audits_switches_s_lower_right_slingshot'====== Args={'value': 0, 'prev_value': None, 'change': True}
2023-10-02 12:05:06,638 : INFO : EventManager : Event: ======'machine_var_audits_switches_s_medal_drop_left'====== Args={'value': 0, 'prev_value': None, 'change': True}
2023-10-02 12:05:06,639 : INFO : EventManager : Event: ======'machine_var_audits_switches_s_medal_drop_middle'====== Args={'value': 0, 'prev_value': None, 'change': True}
2023-10-02 12:05:06,640 : INFO : EventManager : Event: ======'machine_var_audits_switches_s_medal_drop_right'====== Args={'value': 0, 'prev_value': None, 'change': True}
2023-10-02 12:05:06,640 : INFO : EventManager : Event: ======'machine_var_audits_switches_s_mission_spot_1'====== Args={'value': 0, 'prev_value': None, 'change': True}
2023-10-02 12:05:06,641 : INFO : EventManager : Event: ======'machine_var_audits_switches_s_mission_spot_2'====== Args={'value': 0, 'prev_value': None, 'change': True}
2023-10-02 12:05:06,641 : INFO : EventManager : Event: ======'machine_var_audits_switches_s_mission_spot_3'====== Args={'value': 0, 'prev_value': None, 'change': True}
2023-10-02 12:05:06,642 : INFO : EventManager : Event: ======'machine_var_audits_switches_s_multiplier_left'====== Args={'value': 0, 'prev_value': None, 'change': True}
2023-10-02 12:05:06,642 : INFO : EventManager : Event: ======'machine_var_audits_switches_s_multiplier_middle'====== Args={'value': 0, 'prev_value': None, 'change': True}
2023-10-02 12:05:06,642 : INFO : EventManager : Event: ======'machine_var_audits_switches_s_multiplier_right'====== Args={'value': 0, 'prev_value': None, 'change': True}
2023-10-02 12:05:06,643 : INFO : EventManager : Event: ======'machine_var_audits_switches_s_plunger'====== Args={'value': 104, 'prev_value': None, 'change': True}
2023-10-02 12:05:06,643 : INFO : EventManager : Event: ======'machine_var_audits_switches_s_radiationspot_1'====== Args={'value': 0, 'prev_value': None, 'change': True}
2023-10-02 12:05:06,643 : INFO : EventManager : Event: ======'machine_var_audits_switches_s_radiationspot_2'====== Args={'value': 0, 'prev_value': None, 'change': True}
2023-10-02 12:05:06,644 : INFO : EventManager : Event: ======'machine_var_audits_switches_s_radiationspot_3'====== Args={'value': 0, 'prev_value': None, 'change': True}
2023-10-02 12:05:06,644 : INFO : EventManager : Event: ======'machine_var_audits_switches_s_red_wormhole'====== Args={'value': 0, 'prev_value': None, 'change': True}
2023-10-02 12:05:06,644 : INFO : EventManager : Event: ======'machine_var_audits_switches_s_reentry_left'====== Args={'value': 704, 'prev_value': None, 'change': True}
2023-10-02 12:05:06,645 : INFO : EventManager : Event: ======'machine_var_audits_switches_s_reentry_middle'====== Args={'value': 402, 'prev_value': None, 'change': True}
2023-10-02 12:05:06,645 : INFO : EventManager : Event: ======'machine_var_audits_switches_s_reentry_right'====== Args={'value': 355, 'prev_value': None, 'change': True}
2023-10-02 12:05:06,645 : INFO : EventManager : Event: ======'machine_var_audits_switches_s_right_flipper'====== Args={'value': 191, 'prev_value': None, 'change': True}
2023-10-02 12:05:06,646 : INFO : EventManager : Event: ======'machine_var_audits_switches_s_right_inlane'====== Args={'value': 0, 'prev_value': None, 'change': True}
2023-10-02 12:05:06,646 : INFO : EventManager : Event: ======'machine_var_audits_switches_s_right_out_lane'====== Args={'value': 0, 'prev_value': None, 'change': True}
2023-10-02 12:05:06,646 : INFO : EventManager : Event: ======'machine_var_audits_switches_s_right_out_lane_kicker'====== Args={'value': 0, 'prev_value': None, 'change': True}
2023-10-02 12:05:06,647 : INFO : EventManager : Event: ======'machine_var_audits_switches_s_right_return_lane'====== Args={'value': 0, 'prev_value': None, 'change': True}
2023-10-02 12:05:06,647 : INFO : EventManager : Event: ======'machine_var_audits_switches_s_satellite_bumper'====== Args={'value': 0, 'prev_value': None, 'change': True}
2023-10-02 12:05:06,647 : INFO : EventManager : Event: ======'machine_var_audits_switches_s_secondary_outlane_kicker'====== Args={'value': 0, 'prev_value': None, 'change': True}
2023-10-02 12:05:06,648 : INFO : EventManager : Event: ======'machine_var_audits_switches_s_skill_shot_1'====== Args={'value': 0, 'prev_value': None, 'change': True}
2023-10-02 12:05:06,648 : INFO : EventManager : Event: ======'machine_var_audits_switches_s_skill_shot_2'====== Args={'value': 0, 'prev_value': None, 'change': True}
2023-10-02 12:05:06,648 : INFO : EventManager : Event: ======'machine_var_audits_switches_s_skill_shot_3'====== Args={'value': 0, 'prev_value': None, 'change': True}
2023-10-02 12:05:06,648 : INFO : EventManager : Event: ======'machine_var_audits_switches_s_skill_shot_4'====== Args={'value': 0, 'prev_value': None, 'change': True}
2023-10-02 12:05:06,649 : INFO : EventManager : Event: ======'machine_var_audits_switches_s_skill_shot_5'====== Args={'value': 0, 'prev_value': None, 'change': True}
2023-10-02 12:05:06,649 : INFO : EventManager : Event: ======'machine_var_audits_switches_s_skill_shot_6'====== Args={'value': 0, 'prev_value': None, 'change': True}
2023-10-02 12:05:06,649 : INFO : EventManager : Event: ======'machine_var_audits_switches_s_skill_shot_lane'====== Args={'value': 0, 'prev_value': None, 'change': True}
2023-10-02 12:05:06,650 : INFO : EventManager : Event: ======'machine_var_audits_switches_s_spacewarp_rollover'====== Args={'value': 0, 'prev_value': None, 'change': True}
2023-10-02 12:05:06,650 : INFO : EventManager : Event: ======'machine_var_audits_switches_s_start'====== Args={'value': 3, 'prev_value': None, 'change': True}
2023-10-02 12:05:06,650 : INFO : EventManager : Event: ======'machine_var_audits_switches_s_trough1'====== Args={'value': 29, 'prev_value': None, 'change': True}
2023-10-02 12:05:06,651 : INFO : EventManager : Event: ======'machine_var_audits_switches_s_trough2'====== Args={'value': 0, 'prev_value': None, 'change': True}
2023-10-02 12:05:06,651 : INFO : EventManager : Event: ======'machine_var_audits_switches_s_trough3'====== Args={'value': 0, 'prev_value': None, 'change': True}
2023-10-02 12:05:06,651 : INFO : EventManager : Event: ======'machine_var_audits_switches_s_trough4'====== Args={'value': 0, 'prev_value': None, 'change': True}
2023-10-02 12:05:06,652 : INFO : EventManager : Event: ======'machine_var_audits_switches_s_trough5'====== Args={'value': 0, 'prev_value': None, 'change': True}
2023-10-02 12:05:06,653 : INFO : EventManager : Event: ======'machine_var_audits_switches_s_trough6'====== Args={'value': 0, 'prev_value': None, 'change': True}
2023-10-02 12:05:06,654 : INFO : EventManager : Event: ======'machine_var_audits_switches_s_trough_jam'====== Args={'value': 0, 'prev_value': None, 'change': True}
2023-10-02 12:05:06,655 : INFO : EventManager : Event: ======'machine_var_audits_switches_s_upper_attack_bumper'====== Args={'value': 0, 'prev_value': None, 'change': True}
2023-10-02 12:05:06,655 : INFO : EventManager : Event: ======'machine_var_audits_switches_s_upper_left_rebound'====== Args={'value': 0, 'prev_value': None, 'change': True}
2023-10-02 12:05:06,656 : INFO : EventManager : Event: ======'machine_var_audits_switches_s_upper_right_rebound'====== Args={'value': 0, 'prev_value': None, 'change': True}
2023-10-02 12:05:06,657 : INFO : EventManager : Event: ======'machine_var_audits_switches_s_wormhole_target'====== Args={'value': 0, 'prev_value': None, 'change': True}
2023-10-02 12:05:06,657 : INFO : EventManager : Event: ======'machine_var_audits_switches_s_yellow_wormhole'====== Args={'value': 0, 'prev_value': None, 'change': True}
2023-10-02 12:05:06,658 : INFO : EventManager : Event: ======'init_phase_5'====== Args={}
2023-10-02 12:05:06,695 : INFO : EventManager : Event: ======'init_done'====== Args={}
2023-10-02 12:05:06,696 : INFO : EventManager : Event: ======'machine_reset_phase_1'====== Args={}
2023-10-02 12:05:06,704 : INFO : EventManager : Event: ======'slide_welcome_slide_removed'====== Args={'_from_bcp': True}
2023-10-02 12:05:06,704 : INFO : EventManager : Event: ======'slide_welcome_slide_created'====== Args={'_from_bcp': True}
2023-10-02 12:05:06,706 : INFO : EventManager : Event: ======'slide_welcome_slide_active'====== Args={'_from_bcp': True}
2023-10-02 12:05:06,706 : INFO : EventManager : Event: ======'machine_reset_phase_2'====== Args={}
2023-10-02 12:05:06,706 : INFO : EventManager : Event: ======'machine_reset_phase_3'====== Args={}
2023-10-02 12:05:06,706 : INFO : EventManager : Event: ======'reset_complete'====== Args={}
2023-10-02 12:05:06,707 : INFO : EventManager : Event: ======'mode_attract_will_start'====== Args={}
2023-10-02 12:05:06,707 : INFO : EventManager : Event: ======'mode_attract_starting'====== Args={}
2023-10-02 12:05:06,707 : INFO : Mode.attract : Started. Priority: 10
2023-10-02 12:05:06,707 : INFO : EventManager : Event: ======'modes_active_modes_changed'====== Args={}
2023-10-02 12:05:06,707 : INFO : EventManager : Event: ======'mode_attract_started'====== Args={}
2023-10-02 12:05:06,708 : INFO : EventManager : Event: ======'collecting_balls_complete'====== Args={}
2023-10-02 12:05:06,738 : INFO : EventManager : Event: ======'slide_awesome_slide_created'====== Args={'_from_bcp': True}
2023-10-02 12:05:06,738 : INFO : EventManager : Event: ======'slide_awesome_slide_active'====== Args={'_from_bcp': True}
2023-10-02 12:05:06,739 : INFO : Machine : Starting the main run loop.
2023-10-02 12:05:07,313 : INFO : BcpServer : New client connected.
2023-10-02 12:05:09,929 : INFO : EventManager : Event: ======'slide_press_start_created'====== Args={'_from_bcp': True}
2023-10-02 12:05:09,929 : INFO : EventManager : Event: ======'slide_press_start_active'====== Args={'_from_bcp': True}
2023-10-02 12:05:12,714 : INFO : EventManager : Event: ======'slide_mission_pinball_created'====== Args={'_from_bcp': True}
2023-10-02 12:05:12,714 : INFO : EventManager : Event: ======'slide_mission_pinball_active'====== Args={'_from_bcp': True}
2023-10-02 12:05:15,739 : INFO : EventManager : Event: ======'slide_last_game_score_slide_created'====== Args={'_from_bcp': True}
2023-10-02 12:05:15,739 : INFO : EventManager : Event: ======'slide_last_game_score_slide_active'====== Args={'_from_bcp': True}
2023-10-02 12:05:15,751 : INFO : SwitchController : <<<<<<< 's_start' active >>>>>>>
2023-10-02 12:05:15,962 : INFO : SwitchController : <<<<<<< 's_start' inactive >>>>>>>
2023-10-02 12:05:15,962 : INFO : EventManager : Event: ======'request_to_start_game'====== Args={}
2023-10-02 12:05:15,964 : INFO : EventManager : Event: ======'game_start'====== Args={'buttons': [], 'hold_time': 0.21899999999732245}
2023-10-02 12:05:15,966 : INFO : EventManager : Event: ======'mode_game_will_start'====== Args={'buttons': [], 'hold_time': 0.21899999999732245}
2023-10-02 12:05:15,968 : INFO : EventManager : Event: ======'mode_game_starting'====== Args={'buttons': [], 'hold_time': 0.21899999999732245}
2023-10-02 12:05:15,969 : INFO : EventManager : Event: ======'mode_attract_will_stop'====== Args={}
2023-10-02 12:05:15,970 : INFO : EventManager : Event: ======'mode_attract_stopping'====== Args={}
2023-10-02 12:05:15,971 : INFO : Mode.attract : Stopped.
2023-10-02 12:05:15,971 : INFO : EventManager : Event: ======'modes_active_modes_changed'====== Args={}
2023-10-02 12:05:15,974 : INFO : EventManager : Event: ======'mode_attract_stopped'====== Args={}
2023-10-02 12:05:15,975 : INFO : EventManager : Event: ======'clear'====== Args={'key': 'attract'}
2023-10-02 12:05:15,977 : INFO : Mode.game : Started. Priority: 20
2023-10-02 12:05:15,977 : INFO : EventManager : Event: ======'modes_active_modes_changed'====== Args={}
2023-10-02 12:05:15,979 : INFO : EventManager : Event: ======'mode_game_started'====== Args={'buttons': [], 'hold_time': 0.21899999999732245}
2023-10-02 12:05:15,993 : INFO : EventManager : Event: ======'game_will_start'====== Args={}
2023-10-02 12:05:15,993 : INFO : EventManager : Event: ======'slide_awesome_slide_removed'====== Args={'_from_bcp': True}
2023-10-02 12:05:15,993 : INFO : EventManager : Event: ======'slide_press_start_removed'====== Args={'_from_bcp': True}
2023-10-02 12:05:15,994 : INFO : EventManager : Event: ======'slide_mission_pinball_removed'====== Args={'_from_bcp': True}
2023-10-02 12:05:15,994 : INFO : EventManager : Event: ======'slide_last_game_score_slide_removed'====== Args={'_from_bcp': True}
2023-10-02 12:05:15,994 : INFO : EventManager : Event: ======'slide_welcome_slide_active'====== Args={'_from_bcp': True}
2023-10-02 12:05:15,995 : INFO : EventManager : Event: ======'game_starting'====== Args={'game': <Mode.game>}
2023-10-02 12:05:15,995 : INFO : EventManager : Event: ======'player_add_request'====== Args={}
2023-10-02 12:05:15,996 : INFO : EventManager : Event: ======'player_will_add'====== Args={'number': 1}
2023-10-02 12:05:15,996 : INFO : EventManager : Event: ======'player_adding'====== Args={'player': <Player 1>, 'number': 1}
2023-10-02 12:05:15,996 : INFO : EventManager : Event: ======'player_added'====== Args={'player': <Player 1>, 'num': 1}
2023-10-02 12:05:15,996 : INFO : Mode.game : Player added successfully. Total players: 1
2023-10-02 12:05:15,997 : INFO : EventManager : Event: ======'player_index'====== Args={'value': 0, 'prev_value': 0, 'change': 0, 'player_num': 1}
2023-10-02 12:05:15,997 : INFO : EventManager : Event: ======'player_number'====== Args={'value': 1, 'prev_value': 1, 'change': 0, 'player_num': 1}
2023-10-02 12:05:15,997 : INFO : EventManager : Event: ======'player_score'====== Args={'value': 0, 'prev_value': 0, 'change': 0, 'player_num': 1}
2023-10-02 12:05:15,998 : INFO : EventManager : Event: ======'game_started'====== Args={}
2023-10-02 12:05:16,006 : INFO : EventManager : Event: ======'player_turn_will_start'====== Args={'player': <Player 1>, 'number': 1}
2023-10-02 12:05:16,015 : INFO : EventManager : Event: ======'player_turn_starting'====== Args={'player': <Player 1>, 'number': 1}
2023-10-02 12:05:16,016 : INFO : EventManager : Event: ======'player_ball'====== Args={'value': 1, 'prev_value': 0, 'change': 1, 'player_num': 1}
2023-10-02 12:05:16,016 : INFO : EventManager : Event: ======'player_turn_started'====== Args={'player': <Player 1>, 'number': 1}
2023-10-02 12:05:16,017 : INFO : EventManager : Event: ======'ball_will_start'====== Args={'player': 1, 'ball': 1, 'balls_remaining': 2, 'is_extra_ball': False}
2023-10-02 12:05:16,021 : INFO : EventManager : Event: ======'ball_starting'====== Args={'player': 1, 'ball': 1, 'balls_remaining': 2, 'is_extra_ball': False}
2023-10-02 12:05:16,021 : INFO : EventManager : Event: ======'mode_base_will_start'====== Args={'queue': <QueuedEvent>, 'player': 1, 'ball': 1, 'balls_remaining': 2, 'is_extra_ball': False}
2023-10-02 12:05:16,022 : INFO : EventManager : Event: ======'mode_base_starting'====== Args={'queue': <QueuedEvent>, 'player': 1, 'ball': 1, 'balls_remaining': 2, 'is_extra_ball': False}
2023-10-02 12:05:16,022 : INFO : Mode.base : Started. Priority: 100
2023-10-02 12:05:16,022 : INFO : EventManager : Event: ======'modes_active_modes_changed'====== Args={}
2023-10-02 12:05:16,023 : INFO : EventManager : Event: ======'mode_base_started'====== Args={'queue': <QueuedEvent>, 'player': 1, 'ball': 1, 'balls_remaining': 2, 'is_extra_ball': False}
2023-10-02 12:05:16,024 : INFO : EventManager : Event: ======'balls_in_play'====== Args={'balls': 1}
2023-10-02 12:05:16,025 : INFO : EventManager : Event: ======'ball_started'====== Args={'player': 1, 'ball': 1, 'balls_remaining': 2, 'is_extra_ball': False}
2023-10-02 12:05:16,025 : INFO : EventManager : Event: ======'mode_reentry_will_start'====== Args={'player': 1, 'ball': 1, 'balls_remaining': 2, 'is_extra_ball': False}
2023-10-02 12:05:16,026 : INFO : EventManager : Event: ======'player_shot_reentryL_shot_enabled'====== Args={'value': True, 'prev_value': 0, 'change': 1, 'player_num': 1}
2023-10-02 12:05:16,027 : INFO : EventManager : Event: ======'player_shot_reentryM_shot_enabled'====== Args={'value': True, 'prev_value': 0, 'change': 1, 'player_num': 1}
2023-10-02 12:05:16,028 : INFO : EventManager : Event: ======'player_shot_reentryR_shot_enabled'====== Args={'value': True, 'prev_value': 0, 'change': 1, 'player_num': 1}
2023-10-02 12:05:16,028 : INFO : EventManager : Event: ======'reentry_shot_complete'====== Args={'state': 'off'}
2023-10-02 12:05:16,029 : INFO : EventManager : Event: ======'reentry_shot_off_complete'====== Args={}
2023-10-02 12:05:16,030 : INFO : EventManager : Event: ======'mode_reentry_starting'====== Args={'player': 1, 'ball': 1, 'balls_remaining': 2, 'is_extra_ball': False}
2023-10-02 12:05:16,059 : INFO : EventManager : Event: ======'logicblock_lb_reentry_complete_count_updated'====== Args={'value': 1, 'enabled': True}
2023-10-02 12:05:16,059 : INFO : EventManager : Event: ======'logicblock_lb_reentry_complete_count_updated'====== Args={'value': 1, 'enabled': True}
2023-10-02 12:05:16,059 : INFO : Mode.reentry : Started. Priority: 200
2023-10-02 12:05:16,059 : INFO : EventManager : Event: ======'modes_active_modes_changed'====== Args={}
2023-10-02 12:05:16,059 : INFO : EventManager : Event: ======'mode_reentry_started'====== Args={'player': 1, 'ball': 1, 'balls_remaining': 2, 'is_extra_ball': False}
2023-10-02 12:05:16,059 : INFO : EventManager : Event: ======'single_player_ball_started'====== Args={}
2023-10-02 12:05:16,060 : INFO : EventManager : Event: ======'player_lb_Reentry_complete_count'====== Args={'value': 1, 'prev_value': 0, 'change': 1, 'player_num': 1}
2023-10-02 12:05:16,061 : INFO : EventManager : Event: ======'slide_base.slide_player-mode_base_started_created'====== Args={'_from_bcp': True}
2023-10-02 12:05:16,061 : INFO : EventManager : Event: ======'slide__global.slide_player-ball_started_created'====== Args={'_from_bcp': True}
2023-10-02 12:05:16,061 : INFO : EventManager : Event: ======'slide_base.slide_player-mode_base_started_active'====== Args={'_from_bcp': True}
2023-10-02 12:05:16,062 : INFO : EventManager : Event: ======'ball_start_target'====== Args={'target': 'playfield'}
2023-10-02 12:05:16,085 : INFO : ball_device.bd_plunger : Setting up player-controlled eject. Balls: 1, Target: <playfield.playfield>, player_controlled_eject_event: None
2023-10-02 12:05:16,085 : INFO : EventManager : Event: ======'balldevice_balls_available'====== Args={}
2023-10-02 12:05:16,086 : INFO : ball_device.bd_trough : State: waiting_for_target_ready
2023-10-02 12:05:16,086 : INFO : EventManager : Event: ======'balldevice_bd_trough_ball_eject_attempt'====== Args={'balls': 1, 'target': <ball_device.bd_plunger>, 'source': <ball_device.bd_trough>, 'mechanical_eject': True, 'num_attempts': 0}
2023-10-02 12:05:16,087 : INFO : ball_device.bd_plunger : State: waiting_for_ball
2023-10-02 12:05:16,087 : INFO : ball_device.bd_trough : State: ejecting
2023-10-02 12:05:16,087 : INFO : ball_device.bd_trough : Ejecting ball to <ball_device.bd_plunger>
2023-10-02 12:05:16,087 : INFO : EventManager : Event: ======'balldevice_bd_trough_ejecting_ball'====== Args={'balls': 1, 'target': <ball_device.bd_plunger>, 'source': <ball_device.bd_trough>, 'mechanical_eject': True, 'num_attempts': 0}
2023-10-02 12:05:16,088 : INFO : ball_device.bd_trough : Wait for ball to leave device
2023-10-02 12:05:16,088 : INFO : coil.c_trough_eject : Pulsing Driver for 10ms (1.0 pulse_power)
2023-10-02 12:05:23,904 : INFO : SwitchController : <<<<<<< 's_trough1' inactive >>>>>>>
2023-10-02 12:05:23,913 : INFO : ball_device.bd_trough : State: ball_left
2023-10-02 12:05:23,913 : INFO : ball_device.bd_trough : Ball left
2023-10-02 12:05:23,913 : INFO : ball_device.bd_trough : Wait for confirm with timeout 10.0
2023-10-02 12:05:33,916 : INFO : ball_device.bd_trough : State: failed_confirm
2023-10-02 12:05:33,918 : INFO : ball_device.bd_trough : Got timeout (10.0s) before confirm from <ball_device.bd_plunger>
2023-10-02 12:05:33,919 : INFO : ball_device.bd_plunger : Expecting incoming ball which may skip the device.
2023-10-02 12:05:33,919 : INFO : EventManager : Event: ======'balldevice_bd_plunger_ejecting_ball'====== Args={'balls': 1, 'target': <playfield.playfield>, 'source': <ball_device.bd_plunger>, 'mechanical_eject': False, 'num_attempts': 1}
2023-10-02 12:05:43,926 : INFO : ball_device.bd_plunger : Got confirm for skipping ball.
2023-10-02 12:05:43,927 : INFO : ball_device.bd_plunger : Eject successful
2023-10-02 12:05:43,927 : INFO : EventManager : Event: ======'balldevice_bd_plunger_ball_eject_success'====== Args={'balls': 1, 'target': <playfield.playfield>}
2023-10-02 12:05:43,929 : INFO : EventManager : Event: ======'balldevice_playfield_ball_enter'====== Args={'new_balls': 1, 'unclaimed_balls': 1, 'device': <playfield.playfield>}
2023-10-02 12:05:43,930 : INFO : EventManager : Event: ======'playfield_ball_count_change'====== Args={'balls': 1, 'change': 1}
2023-10-02 12:05:43,933 : INFO : ball_device.bd_plunger : State: idle
2023-10-02 12:05:43,935 : INFO : ball_device.bd_trough : Eject successful
2023-10-02 12:05:43,935 : INFO : EventManager : Event: ======'balldevice_bd_trough_ball_eject_success'====== Args={'balls': 1, 'target': <ball_device.bd_plunger>}
2023-10-02 12:05:43,937 : INFO : EventManager : Event: ======'balldevice_bd_trough_ball_count_changed'====== Args={'balls': 0}
2023-10-02 12:05:43,939 : INFO : ball_device.bd_trough : State: idle
2023-10-02 12:05:59,614 : INFO : SwitchController : <<<<<<< 's_reentry_left' active >>>>>>>
2023-10-02 12:05:59,615 : INFO : EventManager : Event: ======'s_reentry_left_active'====== Args={}
2023-10-02 12:05:59,616 : INFO : EventManager : Event: ======'sw_playfield_active'====== Args={}
2023-10-02 12:05:59,618 : INFO : EventManager : Event: ======'machine_var_audits_switches_s_reentry_left'====== Args={'value': 705, 'prev_value': 704, 'change': 1}
2023-10-02 12:05:59,622 : INFO : EventManager : Event: ======'player_shot_reentryL_shot'====== Args={'value': 1, 'prev_value': 0, 'change': 1, 'player_num': 1}
2023-10-02 12:05:59,644 : INFO : EventManager : Event: ======'machine_var_audits_shots_reentryL_shot'====== Args={'value': 350, 'prev_value': 349, 'change': 1}
2023-10-02 12:05:59,645 : INFO : EventManager : Event: ======'reentryL_shot_hit'====== Args={'profile': 'reentry', 'state': 'off', 'advancing': True}
2023-10-02 12:05:59,645 : INFO : EventManager : Event: ======'reentryL_shot_reentry_hit'====== Args={'profile': 'reentry', 'state': 'off', 'advancing': True}
2023-10-02 12:05:59,645 : INFO : EventManager : Event: ======'reentryL_shot_reentry_off_hit'====== Args={'profile': 'reentry', 'state': 'off', 'advancing': True}
2023-10-02 12:05:59,645 : INFO : EventManager : Event: ======'reentryL_shot_off_hit'====== Args={'profile': 'reentry', 'state': 'off', 'advancing': True}
2023-10-02 12:05:59,646 : INFO : EventManager : Event: ======'reentry_shot_hit'====== Args={}
2023-10-02 12:05:59,646 : INFO : EventManager : Event: ======'reentry_shot_off_hit'====== Args={}
2023-10-02 12:05:59,646 : INFO : EventManager : Event: ======'player_score'====== Args={'value': 1000, 'prev_value': 0, 'change': 1000, 'player_num': 1}
2023-10-02 12:05:59,810 : INFO : SwitchController : <<<<<<< 's_reentry_left' inactive >>>>>>>
2023-10-02 12:06:16,203 : INFO : SwitchController : <<<<<<< 's_reentry_middle' active >>>>>>>
2023-10-02 12:06:16,203 : INFO : EventManager : Event: ======'s_reentry_middle_active'====== Args={}
2023-10-02 12:06:16,203 : INFO : EventManager : Event: ======'sw_playfield_active'====== Args={}
2023-10-02 12:06:16,203 : INFO : EventManager : Event: ======'machine_var_audits_switches_s_reentry_middle'====== Args={'value': 403, 'prev_value': 402, 'change': 1}
2023-10-02 12:06:16,204 : INFO : EventManager : Event: ======'player_shot_reentryM_shot'====== Args={'value': 1, 'prev_value': 0, 'change': 1, 'player_num': 1}
2023-10-02 12:06:16,214 : INFO : EventManager : Event: ======'machine_var_audits_shots_reentryM_shot'====== Args={'value': 329, 'prev_value': 328, 'change': 1}
2023-10-02 12:06:16,215 : INFO : EventManager : Event: ======'reentryM_shot_hit'====== Args={'profile': 'reentry', 'state': 'off', 'advancing': True}
2023-10-02 12:06:16,215 : INFO : EventManager : Event: ======'reentryM_shot_reentry_hit'====== Args={'profile': 'reentry', 'state': 'off', 'advancing': True}
2023-10-02 12:06:16,215 : INFO : EventManager : Event: ======'reentryM_shot_reentry_off_hit'====== Args={'profile': 'reentry', 'state': 'off', 'advancing': True}
2023-10-02 12:06:16,215 : INFO : EventManager : Event: ======'reentryM_shot_off_hit'====== Args={'profile': 'reentry', 'state': 'off', 'advancing': True}
2023-10-02 12:06:16,216 : INFO : EventManager : Event: ======'reentry_shot_hit'====== Args={}
2023-10-02 12:06:16,216 : INFO : EventManager : Event: ======'reentry_shot_off_hit'====== Args={}
2023-10-02 12:06:16,217 : INFO : EventManager : Event: ======'player_score'====== Args={'value': 2000, 'prev_value': 1000, 'change': 1000, 'player_num': 1}
2023-10-02 12:06:16,324 : INFO : SwitchController : <<<<<<< 's_reentry_middle' inactive >>>>>>>
2023-10-02 12:06:22,719 : INFO : SwitchController : <<<<<<< 's_reentry_right' active >>>>>>>
2023-10-02 12:06:22,719 : INFO : EventManager : Event: ======'s_reentry_right_active'====== Args={}
2023-10-02 12:06:22,720 : INFO : EventManager : Event: ======'sw_playfield_active'====== Args={}
2023-10-02 12:06:22,722 : INFO : EventManager : Event: ======'machine_var_audits_switches_s_reentry_right'====== Args={'value': 356, 'prev_value': 355, 'change': 1}
2023-10-02 12:06:22,732 : INFO : EventManager : Event: ======'player_shot_reentryR_shot'====== Args={'value': 1, 'prev_value': 0, 'change': 1, 'player_num': 1}
2023-10-02 12:06:22,743 : INFO : EventManager : Event: ======'machine_var_audits_shots_reentryR_shot'====== Args={'value': 298, 'prev_value': 297, 'change': 1}
2023-10-02 12:06:22,744 : INFO : EventManager : Event: ======'reentryR_shot_hit'====== Args={'profile': 'reentry', 'state': 'off', 'advancing': True}
2023-10-02 12:06:22,744 : INFO : EventManager : Event: ======'reentryR_shot_reentry_hit'====== Args={'profile': 'reentry', 'state': 'off', 'advancing': True}
2023-10-02 12:06:22,744 : INFO : EventManager : Event: ======'reentryR_shot_reentry_off_hit'====== Args={'profile': 'reentry', 'state': 'off', 'advancing': True}
2023-10-02 12:06:22,744 : INFO : EventManager : Event: ======'reentryR_shot_off_hit'====== Args={'profile': 'reentry', 'state': 'off', 'advancing': True}
2023-10-02 12:06:22,745 : INFO : EventManager : Event: ======'reentry_shot_complete'====== Args={'state': 'lit'}
2023-10-02 12:06:22,745 : INFO : EventManager : Event: ======'reentry_shot_lit_complete'====== Args={}
2023-10-02 12:06:22,745 : INFO : EventManager : Event: ======'reentry_shot_hit'====== Args={}
2023-10-02 12:06:22,746 : INFO : EventManager : Event: ======'reentry_shot_off_hit'====== Args={}
2023-10-02 12:06:22,746 : INFO : EventManager : Event: ======'player_score'====== Args={'value': 7000, 'prev_value': 2000, 'change': 5000, 'player_num': 1}
2023-10-02 12:06:22,747 : INFO : EventManager : Event: ======'logicblock_lb_reentry_complete_count_updated'====== Args={'value': 2, 'enabled': True}
2023-10-02 12:06:22,747 : INFO : EventManager : Event: ======'reentry_lanes_done'====== Args={'count': 2}
2023-10-02 12:06:22,748 : ERROR : asyncio : Exception in callback EventManager.process_event_queue()
handle: <Handle EventManager.process_event_queue()>
Traceback (most recent call last):
  File "c:\users\student\mpfenv\lib\site-packages\mpf\core\show_controller.py", line 128, in replace_or_advance_show
    show_obj = self.machine.shows[config.name]
KeyError: 'attack_bumper_red'

During handling of the above exception, another exception occurred:

Traceback (most recent call last):
  File "c:\users\student\mpfenv\lib\site-packages\mpf\core\events.py", line 695, in _run_handlers
    result = handler.callback(**merged_kwargs)
  File "c:\users\student\mpfenv\lib\site-packages\mpf\core\config_player.py", line 329, in config_play_callback
    **kwargs)
  File "c:\users\student\mpfenv\lib\site-packages\mpf\config_players\show_player.py", line 60, in play
    self._update_show(show.name, show_settings, context, queue, start_time, show_tokens)
  File "c:\users\student\mpfenv\lib\site-packages\mpf\config_players\show_player.py", line 224, in _update_show
    action(key, instance_dict, show_name, show_settings, queue, start_time, placeholder_args)
  File "c:\users\student\mpfenv\lib\site-packages\mpf\config_players\show_player.py", line 118, in _play
    start_running, stop_callback)
  File "c:\users\student\mpfenv\lib\site-packages\mpf\core\show_controller.py", line 131, in replace_or_advance_show
    "name.".format(config.name))
KeyError: "Cannot play show 'attack_bumper_red'. No show with that name."

The above exception was the direct cause of the following exception:

Traceback (most recent call last):
  File "C:\Program Files\Python37\lib\asyncio\events.py", line 88, in _run
    self._context.run(self._callback, *self._args)
  File "c:\users\student\mpfenv\lib\site-packages\mpf\core\events.py", line 782, in process_event_queue
    **event[3])
  File "c:\users\student\mpfenv\lib\site-packages\mpf\core\events.py", line 741, in _process_event
    result = self._run_handlers(event, ev_type, kwargs)
  File "c:\users\student\mpfenv\lib\site-packages\mpf\core\events.py", line 697, in _run_handlers
    raise Exception("Exception while processing {} for event {}. {}".format(handler, event, e)) from e
Exception: Exception while processing RegisteredHandler(callback=<bound method ConfigPlayer.config_play_callback of ConfigPlayer.show_player/shows>, priority=200, kwargs={'calling_context': 'reentry_lanes_done{count==2}', 'mode': <Mode.reentry>, 'settings': {attack_bumper_red-None-None: {'show_tokens': {'color': <NativeTemplate red>, 'lights': <NativeTemplate l_attack_bumper_left, l_attack_bumper_middle, l_attack_bumper_right>}, 'priority': 0, 'action': 'play', 'show': None, 'speed': 1.0, 'block_queue': False, 'start_step': <NativeTemplate 1>, 'start_running': <Template True>, 'loops': -1, 'sync_ms': None, 'manual_advance': False, 'show_queue': None, 'key': None, 'events_when_played': [], 'events_when_stopped': [], 'events_when_looped': [], 'events_when_paused': [], 'events_when_resumed': [], 'events_when_advanced': [], 'events_when_stepped_back': [], 'events_when_updated': [], 'events_when_completed': []}}}, key=UUID('6f46cb96-b9d6-4bf4-9f99-4602f071051e'), condition=<Template count==2>, blocking_facility=None) for event reentry_lanes_done. "Cannot play show 'attack_bumper_red'. No show with that name."
2023-10-02 12:06:22,786 : INFO : Machine : Shutting down...
2023-10-02 12:06:22,786 : INFO : EventManager : Event: ======'shutdown'====== Args={}
2023-10-02 12:06:22,788 : ERROR : Machine : Runtime Exception
Traceback (most recent call last):
  File "c:\users\student\mpfenv\lib\site-packages\mpf\core\show_controller.py", line 128, in replace_or_advance_show
    show_obj = self.machine.shows[config.name]
KeyError: 'attack_bumper_red'

During handling of the above exception, another exception occurred:

Traceback (most recent call last):
  File "c:\users\student\mpfenv\lib\site-packages\mpf\core\events.py", line 695, in _run_handlers
    result = handler.callback(**merged_kwargs)
  File "c:\users\student\mpfenv\lib\site-packages\mpf\core\config_player.py", line 329, in config_play_callback
    **kwargs)
  File "c:\users\student\mpfenv\lib\site-packages\mpf\config_players\show_player.py", line 60, in play
    self._update_show(show.name, show_settings, context, queue, start_time, show_tokens)
  File "c:\users\student\mpfenv\lib\site-packages\mpf\config_players\show_player.py", line 224, in _update_show
    action(key, instance_dict, show_name, show_settings, queue, start_time, placeholder_args)
  File "c:\users\student\mpfenv\lib\site-packages\mpf\config_players\show_player.py", line 118, in _play
    start_running, stop_callback)
  File "c:\users\student\mpfenv\lib\site-packages\mpf\core\show_controller.py", line 131, in replace_or_advance_show
    "name.".format(config.name))
KeyError: "Cannot play show 'attack_bumper_red'. No show with that name."

The above exception was the direct cause of the following exception:

Traceback (most recent call last):
  File "c:\users\student\mpfenv\lib\site-packages\mpf\core\machine.py", line 769, in _run_loop
    raise self._exception['exception']
  File "C:\Program Files\Python37\lib\asyncio\events.py", line 88, in _run
    self._context.run(self._callback, *self._args)
  File "c:\users\student\mpfenv\lib\site-packages\mpf\core\events.py", line 782, in process_event_queue
    **event[3])
  File "c:\users\student\mpfenv\lib\site-packages\mpf\core\events.py", line 741, in _process_event
    result = self._run_handlers(event, ev_type, kwargs)
  File "c:\users\student\mpfenv\lib\site-packages\mpf\core\events.py", line 697, in _run_handlers
    raise Exception("Exception while processing {} for event {}. {}".format(handler, event, e)) from e
Exception: Exception while processing RegisteredHandler(callback=<bound method ConfigPlayer.config_play_callback of ConfigPlayer.show_player/shows>, priority=200, kwargs={'calling_context': 'reentry_lanes_done{count==2}', 'mode': <Mode.reentry>, 'settings': {attack_bumper_red-None-None: {'show_tokens': {'color': <NativeTemplate red>, 'lights': <NativeTemplate l_attack_bumper_left, l_attack_bumper_middle, l_attack_bumper_right>}, 'priority': 0, 'action': 'play', 'show': None, 'speed': 1.0, 'block_queue': False, 'start_step': <NativeTemplate 1>, 'start_running': <Template True>, 'loops': -1, 'sync_ms': None, 'manual_advance': False, 'show_queue': None, 'key': None, 'events_when_played': [], 'events_when_stopped': [], 'events_when_looped': [], 'events_when_paused': [], 'events_when_resumed': [], 'events_when_advanced': [], 'events_when_stepped_back': [], 'events_when_updated': [], 'events_when_completed': []}}}, key=UUID('6f46cb96-b9d6-4bf4-9f99-4602f071051e'), condition=<Template count==2>, blocking_facility=None) for event reentry_lanes_done. "Cannot play show 'attack_bumper_red'. No show with that name."
2023-10-02 12:06:38,249 : INFO : root : MPF run loop ended.
