2023-02-15 20:34:44,883 : INFO : root : Loading config.
2023-02-15 20:34:45,213 : INFO : ConfigProcessor : Config spec file cache created: C:\Users\student\AppData\Local\Temp\config_spec.mpf_cache
2023-02-15 20:34:45,213 : INFO : YamlMultifileConfigLoader : Machine config file #1: config.yaml
2023-02-15 20:34:45,213 : INFO : ConfigProcessor : Loading config from file c:\users\student\mpfenv\lib\site-packages\mpf\mpfconfig.yaml.
2023-02-15 20:34:45,274 : INFO : ConfigProcessor : Loading config: c:\users\student\mpfenv\lib\site-packages\mpf\mpfconfig.yaml
2023-02-15 20:34:45,274 : INFO : ConfigProcessor : Loading config from file C:\Users\student\pinball\cobraPinTest1\config\config.yaml.
2023-02-15 20:34:45,305 : INFO : ConfigProcessor : Loading config: C:\Users\student\pinball\cobraPinTest1\config\config.yaml
2023-02-15 20:34:45,306 : INFO : ConfigProcessor : Config file cache created: C:\Users\student\AppData\Local\Temp\f1427cd4cbc9163bc2263f349f0fb463.mpf_cache
2023-02-15 20:34:45,386 : INFO : ConfigProcessor : Loading config from file c:\users\student\mpfenv\lib\site-packages\mpf\modes\attract\config\attract.yaml.
2023-02-15 20:34:45,389 : INFO : ConfigProcessor : Loading config: c:\users\student\mpfenv\lib\site-packages\mpf\modes\attract\config\attract.yaml
2023-02-15 20:34:45,389 : INFO : ConfigProcessor : Loading config from file C:\Users\student\pinball\cobraPinTest1\modes\attract\config\attract.yaml.
2023-02-15 20:34:45,390 : INFO : ConfigProcessor : Loading config: C:\Users\student\pinball\cobraPinTest1\modes\attract\config\attract.yaml
2023-02-15 20:34:45,390 : INFO : ConfigProcessor : Config file cache created: C:\Users\student\AppData\Local\Temp\32ed7ad340ce8029344f8b9ff63edc80.mpf_cache
2023-02-15 20:34:45,391 : INFO : ConfigProcessor : Loading config from file c:\users\student\mpfenv\lib\site-packages\mpf\modes\game\config\game.yaml.
2023-02-15 20:34:45,392 : INFO : ConfigProcessor : Loading config: c:\users\student\mpfenv\lib\site-packages\mpf\modes\game\config\game.yaml
2023-02-15 20:34:45,393 : INFO : ConfigProcessor : Config file cache created: C:\Users\student\AppData\Local\Temp\8696bd5a5a040ff67990be11cb4d3c0c.mpf_cache
2023-02-15 20:34:45,393 : INFO : ConfigProcessor : Loading config from file C:\Users\student\pinball\cobraPinTest1\modes\base\config\base.yaml.
2023-02-15 20:34:45,400 : INFO : ConfigProcessor : Loading config: C:\Users\student\pinball\cobraPinTest1\modes\base\config\base.yaml
2023-02-15 20:34:45,401 : INFO : ConfigProcessor : Config file cache created: C:\Users\student\AppData\Local\Temp\4675a535c8328a9c278c807d999ed109.mpf_cache
2023-02-15 20:34:45,402 : INFO : ConfigProcessor : Loading config from file C:\Users\student\pinball\cobraPinTest1\modes\reentry\config\reentry.yaml.
2023-02-15 20:34:45,412 : INFO : ConfigProcessor : Loading config: C:\Users\student\pinball\cobraPinTest1\modes\reentry\config\reentry.yaml
2023-02-15 20:34:45,412 : INFO : ConfigProcessor : Config file cache created: C:\Users\student\AppData\Local\Temp\0c8438cab3480347c0c749fa494946a2.mpf_cache
2023-02-15 20:34:45,413 : INFO : ConfigProcessor : Loading config from file C:\Users\student\pinball\cobraPinTest1\modes\attract\shows\.\attract_display_loop.yaml.
2023-02-15 20:34:45,422 : INFO : ConfigProcessor : Loading config: C:\Users\student\pinball\cobraPinTest1\modes\attract\shows\.\attract_display_loop.yaml
2023-02-15 20:34:45,422 : INFO : ConfigProcessor : Config file cache created: C:\Users\student\AppData\Local\Temp\f8d2c2cf3ea01f085365ea23fa51a701.mpf_cache
2023-02-15 20:34:45,422 : INFO : ConfigProcessor : Loading config from file C:\Users\student\pinball\cobraPinTest1\modes\attract\shows\.\attract_light_show.yaml.
2023-02-15 20:34:45,426 : INFO : ConfigProcessor : Loading config: C:\Users\student\pinball\cobraPinTest1\modes\attract\shows\.\attract_light_show.yaml
2023-02-15 20:34:45,426 : INFO : ConfigProcessor : Config file cache created: C:\Users\student\AppData\Local\Temp\30bd992f4b62a9b099207aebeb59554c.mpf_cache
2023-02-15 20:34:45,427 : INFO : Machine : Mission Pinball Framework Core Engine v0.55.0
2023-02-15 20:34:45,427 : INFO : Machine : Command line arguments: {'no_load_cache': True, 'create_config_cache': True, 'bcp': True, 'configfile': ['config.yaml'], 'force_assets_load': False, 'jsonlogging': False, 'logfile': 'logs\\2023-02-15-20-34-44-mpf-DESKTOP-0JH7ARL.log', 'pause': False, 'production': False, 'text_ui': True, 'loglevel': 15, 'consoleloglevel': 20, 'force_platform': None, 'syslog_address': None, 'mc_file_name': None, 'no_sound': False}
2023-02-15 20:34:45,427 : INFO : Machine : MPF path: c:\users\student\mpfenv\lib\site-packages\mpf
2023-02-15 20:34:45,427 : INFO : Machine : Machine path: C:\Users\student\pinball\cobraPinTest1
2023-02-15 20:34:45,427 : INFO : Machine : Platform: win32
2023-02-15 20:34:45,427 : INFO : Machine : Python executable location: c:\users\student\mpfenv\scripts\python.exe
2023-02-15 20:34:45,427 : INFO : Machine : Python version: 3.7.8 (64-bit)
2023-02-15 20:34:45,428 : INFO : Machine : Initialise MPF.
2023-02-15 20:34:45,589 : INFO : EventManager : Event: ======'machine_var_credits_string'====== Args={'value': 'FREE PLAY', 'prev_value': None, 'change': True}
2023-02-15 20:34:45,628 : INFO : EventManager : Event: ======'machine_var_master_volume'====== Args={'value': 0.5, 'prev_value': None, 'change': True}
2023-02-15 20:34:45,628 : INFO : EventManager : Event: ======'machine_var_player1_score'====== Args={'value': 1500, 'prev_value': None, 'change': True}
2023-02-15 20:34:45,628 : INFO : EventManager : Event: ======'machine_var_mpf_version'====== Args={'value': 'MPF v0.55.0', 'prev_value': None, 'change': True}
2023-02-15 20:34:45,628 : INFO : EventManager : Event: ======'machine_var_mpf_extended_version'====== Args={'value': 'MPF v0.55.0, Config version:5, Show version: 5, BCP version:1.1', 'prev_value': None, 'change': True}
2023-02-15 20:34:45,628 : INFO : EventManager : Event: ======'machine_var_python_version'====== Args={'value': '3.7.8', 'prev_value': None, 'change': True}
2023-02-15 20:34:45,629 : INFO : EventManager : Event: ======'machine_var_platform'====== Args={'value': 'Windows-10-10.0.19041-SP0', 'prev_value': None, 'change': True}
2023-02-15 20:34:45,629 : INFO : EventManager : Event: ======'machine_var_platform_system'====== Args={'value': 'Windows', 'prev_value': None, 'change': True}
2023-02-15 20:34:45,629 : INFO : EventManager : Event: ======'machine_var_platform_release'====== Args={'value': '10', 'prev_value': None, 'change': True}
2023-02-15 20:34:45,629 : INFO : EventManager : Event: ======'machine_var_platform_version'====== Args={'value': '10.0.19041', 'prev_value': None, 'change': True}
2023-02-15 20:34:45,629 : INFO : EventManager : Event: ======'machine_var_platform_machine'====== Args={'value': 'AMD64', 'prev_value': None, 'change': True}
2023-02-15 20:34:45,629 : INFO : EventManager : Event: ======'init_phase_1'====== Args={}
2023-02-15 20:34:45,644 : INFO : EventManager : Event: ======'logicblock_reentry_switch_counter_updated'====== Args={'value': 0, 'enabled': True}
2023-02-15 20:34:45,645 : INFO : EventManager : Event: ======'logicblock_reentry_switch_counter_updated'====== Args={'value': 0, 'enabled': True}
2023-02-15 20:34:45,645 : INFO : EventManager : Event: ======'init_phase_2'====== Args={}
2023-02-15 20:34:45,646 : INFO : SwitchController : Found active switch: ('0-0-8', <Platform.Virtual>) <switch.s_trough1>
2023-02-15 20:34:45,647 : ERROR : asyncio : Exception in callback EventManager._queue_task_done(<Task finishe...pdate,queue')>)
handle: <Handle EventManager._queue_task_done(<Task finishe...pdate,queue')>)>
Traceback (most recent call last):
  File "C:\Program Files\Python37\lib\asyncio\events.py", line 88, in _run
    self._context.run(self._callback, *self._args)
  File "c:\users\student\mpfenv\lib\site-packages\mpf\core\events.py", line 728, in _queue_task_done
    future.result()
  File "c:\users\student\mpfenv\lib\site-packages\mpf\core\events.py", line 645, in _run_handlers_sequential
    handler.callback(queue=queue, **merged_kwargs)
  File "c:\users\student\mpfenv\lib\site-packages\mpf\core\mode_controller.py", line 101, in initialise_modes
    **item.kwargs)
  File "c:\users\student\mpfenv\lib\site-packages\mpf\core\config_player.py", line 132, in process_mode_config
    config = self.validate_config(config)
  File "c:\users\student\mpfenv\lib\site-packages\mpf\core\config_player.py", line 104, in validate_config
    validated_config[event] = self.validate_config_entry(settings, event)
  File "c:\users\student\mpfenv\lib\site-packages\mpf\config_players\device_config_player.py", line 56, in validate_config_entry
    raise e
  File "c:\users\student\mpfenv\lib\site-packages\mpf\config_players\device_config_player.py", line 52, in validate_config_entry
    self._validate_config_item(device, device_settings))
  File "c:\users\student\mpfenv\lib\site-packages\mpf\config_players\device_config_player.py", line 79, in _validate_config_item
    device_settings = self._parse_config(device_settings, device)
  File "c:\users\student\mpfenv\lib\site-packages\mpf\core\config_player.py", line 126, in _parse_config
    return self.get_full_config(config)
  File "c:\users\student\mpfenv\lib\site-packages\mpf\core\config_player.py", line 199, in get_full_config
    self.config_file_section, value, base_spec='config_player_common')
  File "c:\users\student\mpfenv\lib\site-packages\mpf\core\config_validator.py", line 180, in validate_config
    validation_failure_info=validation_failure_info)
  File "c:\users\student\mpfenv\lib\site-packages\mpf\core\config_validator.py", line 222, in _validate_config
    validation_failure_info=ValidationPath(validation_failure_info, k))
  File "c:\users\student\mpfenv\lib\site-packages\mpf\core\config_validator.py", line 259, in validate_config_item
    return self.validate_item(item, validation, validation_failure_info)
  File "c:\users\student\mpfenv\lib\site-packages\mpf\core\config_validator.py", line 709, in validate_item
    return self.validator_list[validator](item, validation_failure_info=validation_failure_info, param=param)
  File "c:\users\student\mpfenv\lib\site-packages\mpf\core\config_validator.py", line 401, in _validate_type_enum
    item, str(param)))
  File "c:\users\student\mpfenv\lib\site-packages\mpf\core\config_validator.py", line 728, in validation_error
    item, msg), 5 if code is None else code, self.log.name)
mpf.exceptions.config_file_error.ConfigFileError: Config File Error in ConfigValidator: Failed to load config player reentry_shot_lit_complete:shows with settings {'show': 'flash', 'show_tokens': {'(led)': 'reentry_shot'}} >> Config validation error: Entry show_player:show_player:action = "flash" is not valid. Entry "flash" is not valid for enum. Valid values are: play,stop,pause,resume,advance,step_back,update,queue Error Code: CFE-ConfigValidator-5 (https://docs.missionpinball.org/en/0.55/logs/CFE-ConfigValidator-5.html)
2023-02-15 20:34:45,671 : INFO : Machine : Starting the main run loop.
2023-02-15 20:34:45,673 : INFO : Machine : Shutting down...
2023-02-15 20:34:45,674 : INFO : EventManager : Event: ======'shutdown'====== Args={}
2023-02-15 20:34:45,674 : ERROR : Machine : Runtime Exception
Traceback (most recent call last):
  File "c:\users\student\mpfenv\lib\site-packages\mpf\core\machine.py", line 769, in _run_loop
    raise self._exception['exception']
  File "C:\Program Files\Python37\lib\asyncio\events.py", line 88, in _run
    self._context.run(self._callback, *self._args)
  File "c:\users\student\mpfenv\lib\site-packages\mpf\core\events.py", line 728, in _queue_task_done
    future.result()
  File "c:\users\student\mpfenv\lib\site-packages\mpf\core\events.py", line 645, in _run_handlers_sequential
    handler.callback(queue=queue, **merged_kwargs)
  File "c:\users\student\mpfenv\lib\site-packages\mpf\core\mode_controller.py", line 101, in initialise_modes
    **item.kwargs)
  File "c:\users\student\mpfenv\lib\site-packages\mpf\core\config_player.py", line 132, in process_mode_config
    config = self.validate_config(config)
  File "c:\users\student\mpfenv\lib\site-packages\mpf\core\config_player.py", line 104, in validate_config
    validated_config[event] = self.validate_config_entry(settings, event)
  File "c:\users\student\mpfenv\lib\site-packages\mpf\config_players\device_config_player.py", line 56, in validate_config_entry
    raise e
  File "c:\users\student\mpfenv\lib\site-packages\mpf\config_players\device_config_player.py", line 52, in validate_config_entry
    self._validate_config_item(device, device_settings))
  File "c:\users\student\mpfenv\lib\site-packages\mpf\config_players\device_config_player.py", line 79, in _validate_config_item
    device_settings = self._parse_config(device_settings, device)
  File "c:\users\student\mpfenv\lib\site-packages\mpf\core\config_player.py", line 126, in _parse_config
    return self.get_full_config(config)
  File "c:\users\student\mpfenv\lib\site-packages\mpf\core\config_player.py", line 199, in get_full_config
    self.config_file_section, value, base_spec='config_player_common')
  File "c:\users\student\mpfenv\lib\site-packages\mpf\core\config_validator.py", line 180, in validate_config
    validation_failure_info=validation_failure_info)
  File "c:\users\student\mpfenv\lib\site-packages\mpf\core\config_validator.py", line 222, in _validate_config
    validation_failure_info=ValidationPath(validation_failure_info, k))
  File "c:\users\student\mpfenv\lib\site-packages\mpf\core\config_validator.py", line 259, in validate_config_item
    return self.validate_item(item, validation, validation_failure_info)
  File "c:\users\student\mpfenv\lib\site-packages\mpf\core\config_validator.py", line 709, in validate_item
    return self.validator_list[validator](item, validation_failure_info=validation_failure_info, param=param)
  File "c:\users\student\mpfenv\lib\site-packages\mpf\core\config_validator.py", line 401, in _validate_type_enum
    item, str(param)))
  File "c:\users\student\mpfenv\lib\site-packages\mpf\core\config_validator.py", line 728, in validation_error
    item, msg), 5 if code is None else code, self.log.name)
mpf.exceptions.config_file_error.ConfigFileError: Config File Error in ConfigValidator: Failed to load config player reentry_shot_lit_complete:shows with settings {'show': 'flash', 'show_tokens': {'(led)': 'reentry_shot'}} >> Config validation error: Entry show_player:show_player:action = "flash" is not valid. Entry "flash" is not valid for enum. Valid values are: play,stop,pause,resume,advance,step_back,update,queue Error Code: CFE-ConfigValidator-5 (https://docs.missionpinball.org/en/0.55/logs/CFE-ConfigValidator-5.html)
2023-02-15 20:34:54,900 : ERROR : root : 
Traceback (most recent call last):
  File "c:\users\student\mpfenv\lib\site-packages\mpf\core\machine.py", line 769, in _run_loop
    raise self._exception['exception']
  File "C:\Program Files\Python37\lib\asyncio\events.py", line 88, in _run
    self._context.run(self._callback, *self._args)
  File "c:\users\student\mpfenv\lib\site-packages\mpf\core\events.py", line 728, in _queue_task_done
    future.result()
  File "c:\users\student\mpfenv\lib\site-packages\mpf\core\events.py", line 645, in _run_handlers_sequential
    handler.callback(queue=queue, **merged_kwargs)
  File "c:\users\student\mpfenv\lib\site-packages\mpf\core\mode_controller.py", line 101, in initialise_modes
    **item.kwargs)
  File "c:\users\student\mpfenv\lib\site-packages\mpf\core\config_player.py", line 132, in process_mode_config
    config = self.validate_config(config)
  File "c:\users\student\mpfenv\lib\site-packages\mpf\core\config_player.py", line 104, in validate_config
    validated_config[event] = self.validate_config_entry(settings, event)
  File "c:\users\student\mpfenv\lib\site-packages\mpf\config_players\device_config_player.py", line 56, in validate_config_entry
    raise e
  File "c:\users\student\mpfenv\lib\site-packages\mpf\config_players\device_config_player.py", line 52, in validate_config_entry
    self._validate_config_item(device, device_settings))
  File "c:\users\student\mpfenv\lib\site-packages\mpf\config_players\device_config_player.py", line 79, in _validate_config_item
    device_settings = self._parse_config(device_settings, device)
  File "c:\users\student\mpfenv\lib\site-packages\mpf\core\config_player.py", line 126, in _parse_config
    return self.get_full_config(config)
  File "c:\users\student\mpfenv\lib\site-packages\mpf\core\config_player.py", line 199, in get_full_config
    self.config_file_section, value, base_spec='config_player_common')
  File "c:\users\student\mpfenv\lib\site-packages\mpf\core\config_validator.py", line 180, in validate_config
    validation_failure_info=validation_failure_info)
  File "c:\users\student\mpfenv\lib\site-packages\mpf\core\config_validator.py", line 222, in _validate_config
    validation_failure_info=ValidationPath(validation_failure_info, k))
  File "c:\users\student\mpfenv\lib\site-packages\mpf\core\config_validator.py", line 259, in validate_config_item
    return self.validate_item(item, validation, validation_failure_info)
  File "c:\users\student\mpfenv\lib\site-packages\mpf\core\config_validator.py", line 709, in validate_item
    return self.validator_list[validator](item, validation_failure_info=validation_failure_info, param=param)
  File "c:\users\student\mpfenv\lib\site-packages\mpf\core\config_validator.py", line 401, in _validate_type_enum
    item, str(param)))
  File "c:\users\student\mpfenv\lib\site-packages\mpf\core\config_validator.py", line 728, in validation_error
    item, msg), 5 if code is None else code, self.log.name)
mpf.exceptions.config_file_error.ConfigFileError: Config File Error in ConfigValidator: Failed to load config player reentry_shot_lit_complete:shows with settings {'show': 'flash', 'show_tokens': {'(led)': 'reentry_shot'}} >> Config validation error: Entry show_player:show_player:action = "flash" is not valid. Entry "flash" is not valid for enum. Valid values are: play,stop,pause,resume,advance,step_back,update,queue Error Code: CFE-ConfigValidator-5 (https://docs.missionpinball.org/en/0.55/logs/CFE-ConfigValidator-5.html)

During handling of the above exception, another exception occurred:

Traceback (most recent call last):
  File "c:\users\student\mpfenv\lib\site-packages\mpf\commands\game.py", line 239, in __init__
    self.machine.run()
  File "c:\users\student\mpfenv\lib\site-packages\mpf\core\machine.py", line 687, in run
    self._run_loop()
  File "c:\users\student\mpfenv\lib\site-packages\mpf\core\machine.py", line 772, in _run_loop
    report_crash(self._exception['exception'], "exception_during_run", self.config)
  File "c:\users\student\mpfenv\lib\site-packages\mpf\core\crash_reporter.py", line 236, in report_crash
    response = input("Do you want to report the crash to the MPF team (yes/no/show)? ")
EOFError
