2023-12-03 20:32:36,232 : kivy : Factory: 186 symbols loaded
2023-12-03 20:32:36,344 : kivy : ImageLoaderFFPy: Using ffpyplayer 4.3.2
2023-12-03 20:32:36,345 : kivy : Image: Providers: img_tex, img_dds, img_sdl2, img_pil, img_ffpyplayer 
2023-12-03 20:32:36,385 : kivy : VideoGstplayer: Using Gstreamer 1.18.0.0
2023-12-03 20:32:36,385 : kivy : Video: Provider: gstplayer
2023-12-03 20:32:36,528 : kivy : Loading MPF-MC controller
2023-12-03 20:32:36,849 : ConfigProcessor : Config spec file cache created: C:\Users\student\AppData\Local\Temp\config_spec.mpf_cache
2023-12-03 20:32:36,863 : YamlMultifileConfigLoader : Machine config file #1: config
2023-12-03 20:32:36,864 : ConfigProcessor : Loading config from file c:\users\student\mpfenv\lib\site-packages\mpfmc\mcconfig.yaml.
2023-12-03 20:32:36,896 : ConfigProcessor : Loading config: c:\users\student\mpfenv\lib\site-packages\mpfmc\mcconfig.yaml
2023-12-03 20:32:36,897 : ConfigProcessor : Loading config from file C:\Users\student\pinball\cobraPinTest1\config\config.
2023-12-03 20:32:36,936 : ConfigProcessor : Loading config: C:\Users\student\pinball\cobraPinTest1\config\config
2023-12-03 20:32:36,937 : ConfigProcessor : Config file cache created: C:\Users\student\AppData\Local\Temp\8788ef445fdd76e1de1cbcebe7495fec.mpf_cache
2023-12-03 20:32:36,938 : ConfigProcessor : Loading config from file c:\users\student\mpfenv\lib\site-packages\mpf\modes\attract\config\attract.yaml.
2023-12-03 20:32:36,939 : ConfigProcessor : Loading config: c:\users\student\mpfenv\lib\site-packages\mpf\modes\attract\config\attract.yaml
2023-12-03 20:32:36,939 : ConfigProcessor : Loading config from file C:\Users\student\pinball\cobraPinTest1\modes\attract\config\attract.yaml.
2023-12-03 20:32:36,940 : ConfigProcessor : Loading config: C:\Users\student\pinball\cobraPinTest1\modes\attract\config\attract.yaml
2023-12-03 20:32:36,940 : ConfigProcessor : Config file cache created: C:\Users\student\AppData\Local\Temp\32ed7ad340ce8029344f8b9ff63edc80.mpf_cache
2023-12-03 20:32:36,941 : ConfigProcessor : Loading config from file c:\users\student\mpfenv\lib\site-packages\mpf\modes\game\config\game.yaml.
2023-12-03 20:32:36,942 : ConfigProcessor : Loading config: c:\users\student\mpfenv\lib\site-packages\mpf\modes\game\config\game.yaml
2023-12-03 20:32:36,942 : ConfigProcessor : Config file cache created: C:\Users\student\AppData\Local\Temp\8696bd5a5a040ff67990be11cb4d3c0c.mpf_cache
2023-12-03 20:32:36,943 : ConfigProcessor : Loading config from file C:\Users\student\pinball\cobraPinTest1\modes\base\config\base.yaml.
2023-12-03 20:32:36,947 : ConfigProcessor : Loading config: C:\Users\student\pinball\cobraPinTest1\modes\base\config\base.yaml
2023-12-03 20:32:36,947 : ConfigProcessor : Config file cache created: C:\Users\student\AppData\Local\Temp\4675a535c8328a9c278c807d999ed109.mpf_cache
2023-12-03 20:32:36,947 : ConfigProcessor : Loading config from file C:\Users\student\pinball\cobraPinTest1\modes\reentry\config\reentry.yaml.
2023-12-03 20:32:36,963 : ConfigProcessor : Loading config: C:\Users\student\pinball\cobraPinTest1\modes\reentry\config\reentry.yaml
2023-12-03 20:32:36,963 : ConfigProcessor : Config file cache created: C:\Users\student\AppData\Local\Temp\0c8438cab3480347c0c749fa494946a2.mpf_cache
2023-12-03 20:32:36,964 : ConfigProcessor : Loading config from file C:\Users\student\pinball\cobraPinTest1\modes\medal\config\medal.yaml.
2023-12-03 20:32:36,975 : ConfigProcessor : Loading config: C:\Users\student\pinball\cobraPinTest1\modes\medal\config\medal.yaml
2023-12-03 20:32:36,976 : ConfigProcessor : Config file cache created: C:\Users\student\AppData\Local\Temp\edae2e0e7aeda847f5007d89f37fc8de.mpf_cache
2023-12-03 20:32:36,976 : mpfmc : Mission Pinball Framework Media Controller v0.55.0
2023-12-03 20:32:36,976 : mpfmc : Mission Pinball Framework Game Engine v0.55.0
2023-12-03 20:32:36,977 : mpfmc : Machine path: C:\Users\student\pinball\cobraPinTest1
2023-12-03 20:32:36,977 : mpfmc : Starting clock at 60.0Hz
2023-12-03 20:32:36,989 : kivy : Text: Provider: sdl2
2023-12-03 20:32:37,027 : kivy : Window: Provider: sdl2
2023-12-03 20:32:37,358 : kivy : GL: Using the "OpenGL" graphics system
2023-12-03 20:32:37,359 : kivy : GL: GLEW initialization succeeded
2023-12-03 20:32:37,360 : kivy : GL: Backend used <glew>
2023-12-03 20:32:37,362 : kivy : GL: OpenGL version <b'4.6.13543 Compatibility Profile Context 25.20.15006.9'>
2023-12-03 20:32:37,362 : kivy : GL: OpenGL vendor <b'ATI Technologies Inc.'>
2023-12-03 20:32:37,362 : kivy : GL: OpenGL renderer <b'Radeon RX Vega M GL Graphics'>
2023-12-03 20:32:37,363 : kivy : GL: OpenGL parsed version: 4, 6
2023-12-03 20:32:37,363 : kivy : GL: Shading version <b'4.60'>
2023-12-03 20:32:37,363 : kivy : GL: Texture max size <16384>
2023-12-03 20:32:37,363 : kivy : GL: Texture max units <32>
2023-12-03 20:32:37,381 : kivy : Window: auto add sdl2 input provider
2023-12-03 20:32:37,381 : kivy : Window: virtual keyboard not allowed, single mode, not docked
2023-12-03 20:32:37,595 : AudioInterface : Initialized
2023-12-03 20:32:37,595 : AudioInterface : Loaded SDL 2.0.12
2023-12-03 20:32:37,595 : AudioInterface : Loaded SDL_Mixer 2.0.4
2023-12-03 20:32:37,595 : AudioInterface : Loaded GStreamer 1.18.0.0
2023-12-03 20:32:37,595 : AudioInterface : Loaded GLib 2.62.6
2023-12-03 20:32:37,595 : AudioInterface : Settings requested - rate: 44100, channels: 1, buffer: 2048 samples
2023-12-03 20:32:37,595 : AudioInterface : Settings in use - rate: 44100, channels: 1, buffer: 2048 samples (4096 bytes @ 2 bytes per sample)
2023-12-03 20:32:37,595 : SoundSystem : Setting master volume to 0.0
2023-12-03 20:32:37,595 : SoundSystem : master_volume in sound_system is deprecated and will be removed in the future.
2023-12-03 20:32:37,595 : AudioInterface : Enabling audio playback
2023-12-03 20:32:37,597 : kivy : Base: Start application main loop
2023-12-03 20:32:37,598 : EventManager : Event: ======'display_window_initialized'====== Args={}
2023-12-03 20:32:37,618 : mpfmc : Display: Setting 'window' as default display
2023-12-03 20:32:37,625 : EventManager : Event: ======'displays_initialized'====== Args={}
2023-12-03 20:32:37,626 : EventManager : Event: ======'slide_window_blank_created'====== Args={}
2023-12-03 20:32:37,626 : EventManager : Event: ======'display_window_ready'====== Args={}
2023-12-03 20:32:37,635 : EventManager : Event: ======'init_phase_1'====== Args={}
2023-12-03 20:32:37,640 : EventManager : Event: ======'mc_ready'====== Args={}
2023-12-03 20:32:37,640 : EventManager : Event: ======'init_phase_2'====== Args={}
2023-12-03 20:32:37,642 : EventManager : Event: ======'init_phase_3'====== Args={}
2023-12-03 20:32:37,644 : EventManager : Event: ======'init_phase_4'====== Args={}
2023-12-03 20:32:37,644 : EventManager : Event: ======'init_phase_5'====== Args={}
2023-12-03 20:32:37,644 : SoundAsset : Load sound medal_drop_sound failed due to an exception - Could not locate file sound9.wav
2023-12-03 20:32:38,597 : mpfmc : Shutting down due to child thread crash
2023-12-03 20:32:38,597 : mpfmc : Crash details: Traceback (most recent call last):
  File "c:\users\student\mpfenv\lib\site-packages\mpfmc\assets\sound.py", line 621, in do_load
    self._container = self.machine.sound_system.audio_interface.load_sound_file_to_memory(self.file)
  File "mpfmc\core\audio\audio_interface.pyx", line 691, in mpfmc.core.audio.audio_interface.AudioInterface.load_sound_file_to_memory
  File "mpfmc\core\audio\sound_file.pyx", line 60, in mpfmc.core.audio.sound_file.SoundMemoryFile.__init__
  File "mpfmc\core\audio\sound_file.pyx", line 82, in mpfmc.core.audio.sound_file.SoundMemoryFile.load
mpfmc.core.audio.audio_exception.AudioException: Could not locate file sound9.wav

The above exception was the direct cause of the following exception:

Traceback (most recent call last):
  File "c:\users\student\mpfenv\lib\site-packages\mpfmc\core\assets.py", line 116, in run
    asset.do_load()
  File "c:\users\student\mpfenv\lib\site-packages\mpfmc\assets\sound.py", line 627, in do_load
    self.name, exception)) from exception
mpfmc.core.audio.audio_exception.AudioException: Load sound medal_drop_sound failed due to an exception: Could not locate file sound9.wav

The above exception was the direct cause of the following exception:

Traceback (most recent call last):
  File "c:\users\student\mpfenv\lib\site-packages\mpfmc\core\assets.py", line 120, in run
    1, self.log.name, asset.name) from e
mpf.exceptions.config_file_error.ConfigFileError: Config File Error in Asset Loader: Error while loading sounds asset file 'sound9.wav' Context: medal_drop_sound Error Code: CFE-Asset_Loader-1 (https://docs.missionpinball.org/en/0.55/logs/CFE-Asset_Loader-1.html)

2023-12-03 20:32:38,597 : mpfmc : Stopping...
2023-12-03 20:32:38,597 : EventManager : Event: ======'shutdown'====== Args={}
2023-12-03 20:32:38,597 : AudioInterface : Disabling audio playback
2023-12-03 20:32:38,724 : mpfmc : Loop rate 70.15 Hz
2023-12-03 20:32:38,724 : kivy : Base: Leaving application in progress...
2023-12-03 20:32:38,724 : mpfmc : Stopping...
2023-12-03 20:32:38,724 : EventManager : Event: ======'shutdown'====== Args={}
2023-12-03 20:32:38,724 : mpfmc : Loop rate 70.14 Hz
2023-12-03 20:32:38,724 : kivy : MC run loop ended.
2023-12-03 20:32:38,724 : kivy : Stopping child threads... (0 remaining)
2023-12-03 20:32:38,724 : kivy : All child threads stopped.
