2023-02-12 16:12:10,459 : INFO : root : Loading config.
2023-02-12 16:12:10,794 : INFO : ConfigProcessor : Config spec file cache created: C:\Users\student\AppData\Local\Temp\config_spec.mpf_cache
2023-02-12 16:12:10,794 : INFO : YamlMultifileConfigLoader : Machine config file #1: config.yaml
2023-02-12 16:12:10,794 : INFO : ConfigProcessor : Loading config from file c:\users\student\mpfenv\lib\site-packages\mpf\mpfconfig.yaml.
2023-02-12 16:12:10,856 : INFO : ConfigProcessor : Loading config: c:\users\student\mpfenv\lib\site-packages\mpf\mpfconfig.yaml
2023-02-12 16:12:10,856 : INFO : ConfigProcessor : Loading config from file C:\Users\student\pinball\cobraPinTest1\config\config.yaml.
2023-02-12 16:12:10,886 : INFO : ConfigProcessor : Loading config: C:\Users\student\pinball\cobraPinTest1\config\config.yaml
2023-02-12 16:12:10,887 : INFO : ConfigProcessor : Config file cache created: C:\Users\student\AppData\Local\Temp\f1427cd4cbc9163bc2263f349f0fb463.mpf_cache
2023-02-12 16:12:10,956 : INFO : ConfigProcessor : Loading config from file c:\users\student\mpfenv\lib\site-packages\mpf\modes\attract\config\attract.yaml.
2023-02-12 16:12:10,957 : INFO : ConfigProcessor : Loading config: c:\users\student\mpfenv\lib\site-packages\mpf\modes\attract\config\attract.yaml
2023-02-12 16:12:10,957 : INFO : ConfigProcessor : Loading config from file C:\Users\student\pinball\cobraPinTest1\modes\attract\config\attract.yaml.
2023-02-12 16:12:10,958 : INFO : ConfigProcessor : Loading config: C:\Users\student\pinball\cobraPinTest1\modes\attract\config\attract.yaml
2023-02-12 16:12:10,959 : INFO : ConfigProcessor : Config file cache created: C:\Users\student\AppData\Local\Temp\32ed7ad340ce8029344f8b9ff63edc80.mpf_cache
2023-02-12 16:12:10,959 : INFO : ConfigProcessor : Loading config from file c:\users\student\mpfenv\lib\site-packages\mpf\modes\game\config\game.yaml.
2023-02-12 16:12:10,961 : INFO : ConfigProcessor : Loading config: c:\users\student\mpfenv\lib\site-packages\mpf\modes\game\config\game.yaml
2023-02-12 16:12:10,961 : INFO : ConfigProcessor : Config file cache created: C:\Users\student\AppData\Local\Temp\8696bd5a5a040ff67990be11cb4d3c0c.mpf_cache
2023-02-12 16:12:10,962 : INFO : ConfigProcessor : Loading config from file C:\Users\student\pinball\cobraPinTest1\modes\base\config\base.yaml.
2023-02-12 16:12:10,972 : INFO : ConfigProcessor : Loading config: C:\Users\student\pinball\cobraPinTest1\modes\base\config\base.yaml
2023-02-12 16:12:10,972 : INFO : ConfigProcessor : Config file cache created: C:\Users\student\AppData\Local\Temp\4675a535c8328a9c278c807d999ed109.mpf_cache
2023-02-12 16:12:10,973 : INFO : ConfigProcessor : Loading config from file C:\Users\student\pinball\cobraPinTest1\modes\mode2\config\mode2.yaml.
2023-02-12 16:12:10,978 : INFO : ConfigProcessor : Loading config: C:\Users\student\pinball\cobraPinTest1\modes\mode2\config\mode2.yaml
2023-02-12 16:12:10,979 : INFO : ConfigProcessor : Config file cache created: C:\Users\student\AppData\Local\Temp\9525b8ae9fe847ba6c98fe60136d147b.mpf_cache
2023-02-12 16:12:10,979 : INFO : ConfigProcessor : Loading config from file C:\Users\student\pinball\cobraPinTest1\modes\attract\shows\.\attract_display_loop.yaml.
2023-02-12 16:12:10,988 : INFO : ConfigProcessor : Loading config: C:\Users\student\pinball\cobraPinTest1\modes\attract\shows\.\attract_display_loop.yaml
2023-02-12 16:12:10,989 : INFO : ConfigProcessor : Config file cache created: C:\Users\student\AppData\Local\Temp\f8d2c2cf3ea01f085365ea23fa51a701.mpf_cache
2023-02-12 16:12:10,989 : INFO : ConfigProcessor : Loading config from file C:\Users\student\pinball\cobraPinTest1\modes\attract\shows\.\attract_light_show.yaml.
2023-02-12 16:12:10,991 : INFO : ConfigProcessor : Loading config: C:\Users\student\pinball\cobraPinTest1\modes\attract\shows\.\attract_light_show.yaml
2023-02-12 16:12:10,992 : INFO : ConfigProcessor : Config file cache created: C:\Users\student\AppData\Local\Temp\30bd992f4b62a9b099207aebeb59554c.mpf_cache
2023-02-12 16:12:10,993 : INFO : Machine : Mission Pinball Framework Core Engine v0.55.0
2023-02-12 16:12:10,993 : INFO : Machine : Command line arguments: {'no_load_cache': True, 'create_config_cache': True, 'bcp': True, 'configfile': ['config.yaml'], 'force_assets_load': False, 'jsonlogging': False, 'logfile': 'logs\\2023-02-12-16-12-10-mpf-DESKTOP-0JH7ARL.log', 'pause': False, 'production': False, 'text_ui': True, 'loglevel': 15, 'consoleloglevel': 20, 'force_platform': None, 'syslog_address': None, 'mc_file_name': None, 'no_sound': False}
2023-02-12 16:12:10,993 : INFO : Machine : MPF path: c:\users\student\mpfenv\lib\site-packages\mpf
2023-02-12 16:12:10,993 : INFO : Machine : Machine path: C:\Users\student\pinball\cobraPinTest1
2023-02-12 16:12:10,993 : INFO : Machine : Platform: win32
2023-02-12 16:12:10,993 : INFO : Machine : Python executable location: c:\users\student\mpfenv\scripts\python.exe
2023-02-12 16:12:10,993 : INFO : Machine : Python version: 3.7.8 (64-bit)
2023-02-12 16:12:10,994 : INFO : Machine : Initialise MPF.
2023-02-12 16:12:11,313 : INFO : OPP : Connecting to com4 at 115200bps
2023-02-12 16:12:11,315 : INFO : Machine : Shutting down...
2023-02-12 16:12:11,315 : INFO : EventManager : Event: ======'shutdown'====== Args={}
2023-02-12 16:12:11,316 : ERROR : Machine : Failed to initialise MPF
Traceback (most recent call last):
  File "c:\users\student\mpfenv\lib\site-packages\mpf\core\machine.py", line 673, in initialise_mpf
    raise init.exception()
  File "c:\users\student\mpfenv\lib\site-packages\mpf\core\machine.py", line 244, in initialise
    await self.initialise_core_and_hardware()
  File "c:\users\student\mpfenv\lib\site-packages\mpf\core\machine.py", line 240, in initialise_core_and_hardware
    await self._initialize_platforms()
  File "c:\users\student\mpfenv\lib\site-packages\mpf\core\machine.py", line 331, in _initialize_platforms
    result.result()
  File "c:\users\student\mpfenv\lib\site-packages\mpf\platforms\opp\opp.py", line 105, in initialize
    await self._connect_to_hardware()
  File "c:\users\student\mpfenv\lib\site-packages\mpf\platforms\opp\opp.py", line 278, in _connect_to_hardware
    await comm.connect()
  File "c:\users\student\mpfenv\lib\site-packages\mpf\platforms\base_serial_communicator.py", line 45, in connect
    await self._connect_to_hardware(self.port, self.baud, self.xonxoff)
  File "c:\users\student\mpfenv\lib\site-packages\mpf\platforms\base_serial_communicator.py", line 54, in _connect_to_hardware
    self.reader, self.writer = await connector
  File "c:\users\student\mpfenv\lib\site-packages\mpf\core\clock.py", line 155, in open_serial_connection
    **kwargs)
  File "C:\Program Files\Python37\lib\asyncio\coroutines.py", line 120, in coro
    res = func(*args, **kw)
  File "c:\users\student\mpfenv\lib\site-packages\serial_asyncio\__init__.py", line 410, in create_serial_connection
    ser = serial.serial_for_url(*args, **kwargs)
  File "c:\users\student\mpfenv\lib\site-packages\serial\__init__.py", line 90, in serial_for_url
    instance.open()
  File "c:\users\student\mpfenv\lib\site-packages\serial\serialwin32.py", line 64, in open
    raise SerialException("could not open port {!r}: {!r}".format(self.portstr, ctypes.WinError()))
serial.serialutil.SerialException: could not open port 'com4': FileNotFoundError(2, 'The system cannot find the file specified.', None, 2)
2023-02-12 16:12:17,700 : ERROR : root : 
Traceback (most recent call last):
  File "c:\users\student\mpfenv\lib\site-packages\mpf\core\machine.py", line 673, in initialise_mpf
    raise init.exception()
  File "c:\users\student\mpfenv\lib\site-packages\mpf\core\machine.py", line 244, in initialise
    await self.initialise_core_and_hardware()
  File "c:\users\student\mpfenv\lib\site-packages\mpf\core\machine.py", line 240, in initialise_core_and_hardware
    await self._initialize_platforms()
  File "c:\users\student\mpfenv\lib\site-packages\mpf\core\machine.py", line 331, in _initialize_platforms
    result.result()
  File "c:\users\student\mpfenv\lib\site-packages\mpf\platforms\opp\opp.py", line 105, in initialize
    await self._connect_to_hardware()
  File "c:\users\student\mpfenv\lib\site-packages\mpf\platforms\opp\opp.py", line 278, in _connect_to_hardware
    await comm.connect()
  File "c:\users\student\mpfenv\lib\site-packages\mpf\platforms\base_serial_communicator.py", line 45, in connect
    await self._connect_to_hardware(self.port, self.baud, self.xonxoff)
  File "c:\users\student\mpfenv\lib\site-packages\mpf\platforms\base_serial_communicator.py", line 54, in _connect_to_hardware
    self.reader, self.writer = await connector
  File "c:\users\student\mpfenv\lib\site-packages\mpf\core\clock.py", line 155, in open_serial_connection
    **kwargs)
  File "C:\Program Files\Python37\lib\asyncio\coroutines.py", line 120, in coro
    res = func(*args, **kw)
  File "c:\users\student\mpfenv\lib\site-packages\serial_asyncio\__init__.py", line 410, in create_serial_connection
    ser = serial.serial_for_url(*args, **kwargs)
  File "c:\users\student\mpfenv\lib\site-packages\serial\__init__.py", line 90, in serial_for_url
    instance.open()
  File "c:\users\student\mpfenv\lib\site-packages\serial\serialwin32.py", line 64, in open
    raise SerialException("could not open port {!r}: {!r}".format(self.portstr, ctypes.WinError()))
serial.serialutil.SerialException: could not open port 'com4': FileNotFoundError(2, 'The system cannot find the file specified.', None, 2)

During handling of the above exception, another exception occurred:

Traceback (most recent call last):
  File "c:\users\student\mpfenv\lib\site-packages\mpf\commands\game.py", line 239, in __init__
    self.machine.run()
  File "c:\users\student\mpfenv\lib\site-packages\mpf\core\machine.py", line 683, in run
    if not self.initialise_mpf():
  File "c:\users\student\mpfenv\lib\site-packages\mpf\core\machine.py", line 676, in initialise_mpf
    report_crash(init.exception(), "init_exception", self.config)
  File "c:\users\student\mpfenv\lib\site-packages\mpf\core\crash_reporter.py", line 236, in report_crash
    response = input("Do you want to report the crash to the MPF team (yes/no/show)? ")
EOFError
