2023-12-08 12:15:08,140 : INFO : root : Loading config.
2023-12-08 12:15:08,470 : INFO : ConfigProcessor : Config spec file cache created: C:\Users\student\AppData\Local\Temp\config_spec.mpf_cache
2023-12-08 12:15:08,470 : INFO : YamlMultifileConfigLoader : Machine config file #1: config.yaml
2023-12-08 12:15:08,471 : INFO : ConfigProcessor : Loading config from file c:\users\student\mpfenv\lib\site-packages\mpf\mpfconfig.yaml.
2023-12-08 12:15:08,534 : INFO : ConfigProcessor : Loading config: c:\users\student\mpfenv\lib\site-packages\mpf\mpfconfig.yaml
2023-12-08 12:15:08,535 : INFO : ConfigProcessor : Loading config from file C:\Users\student\pinball\cobraPinTest1\config\config.yaml.
2023-12-08 12:15:08,581 : INFO : ConfigProcessor : Loading config: C:\Users\student\pinball\cobraPinTest1\config\config.yaml
2023-12-08 12:15:08,583 : INFO : ConfigProcessor : Config file cache created: C:\Users\student\AppData\Local\Temp\f1427cd4cbc9163bc2263f349f0fb463.mpf_cache
2023-12-08 12:15:08,653 : INFO : ConfigProcessor : Loading config from file c:\users\student\mpfenv\lib\site-packages\mpf\modes\attract\config\attract.yaml.
2023-12-08 12:15:08,656 : INFO : ConfigProcessor : Loading config: c:\users\student\mpfenv\lib\site-packages\mpf\modes\attract\config\attract.yaml
2023-12-08 12:15:08,656 : INFO : ConfigProcessor : Loading config from file C:\Users\student\pinball\cobraPinTest1\modes\attract\config\attract.yaml.
2023-12-08 12:15:08,658 : INFO : ConfigProcessor : Loading config: C:\Users\student\pinball\cobraPinTest1\modes\attract\config\attract.yaml
2023-12-08 12:15:08,658 : INFO : ConfigProcessor : Config file cache created: C:\Users\student\AppData\Local\Temp\32ed7ad340ce8029344f8b9ff63edc80.mpf_cache
2023-12-08 12:15:08,659 : INFO : ConfigProcessor : Loading config from file c:\users\student\mpfenv\lib\site-packages\mpf\modes\game\config\game.yaml.
2023-12-08 12:15:08,661 : INFO : ConfigProcessor : Loading config: c:\users\student\mpfenv\lib\site-packages\mpf\modes\game\config\game.yaml
2023-12-08 12:15:08,661 : INFO : ConfigProcessor : Config file cache created: C:\Users\student\AppData\Local\Temp\8696bd5a5a040ff67990be11cb4d3c0c.mpf_cache
2023-12-08 12:15:08,661 : INFO : ConfigProcessor : Loading config from file C:\Users\student\pinball\cobraPinTest1\modes\base\config\base.yaml.
2023-12-08 12:15:08,666 : INFO : ConfigProcessor : Loading config: C:\Users\student\pinball\cobraPinTest1\modes\base\config\base.yaml
2023-12-08 12:15:08,667 : INFO : ConfigProcessor : Config file cache created: C:\Users\student\AppData\Local\Temp\4675a535c8328a9c278c807d999ed109.mpf_cache
2023-12-08 12:15:08,667 : INFO : ConfigProcessor : Loading config from file C:\Users\student\pinball\cobraPinTest1\modes\reentry\config\reentry.yaml.
2023-12-08 12:15:08,686 : INFO : ConfigProcessor : Loading config: C:\Users\student\pinball\cobraPinTest1\modes\reentry\config\reentry.yaml
2023-12-08 12:15:08,686 : INFO : ConfigProcessor : Config file cache created: C:\Users\student\AppData\Local\Temp\0c8438cab3480347c0c749fa494946a2.mpf_cache
2023-12-08 12:15:08,687 : INFO : ConfigProcessor : Loading config from file C:\Users\student\pinball\cobraPinTest1\modes\medal\config\medal.yaml.
2023-12-08 12:15:08,708 : INFO : ConfigProcessor : Loading config: C:\Users\student\pinball\cobraPinTest1\modes\medal\config\medal.yaml
2023-12-08 12:15:08,709 : INFO : ConfigProcessor : Config file cache created: C:\Users\student\AppData\Local\Temp\edae2e0e7aeda847f5007d89f37fc8de.mpf_cache
2023-12-08 12:15:08,710 : INFO : ConfigProcessor : Loading config from file C:\Users\student\pinball\cobraPinTest1\modes\attract\shows\.\attract_display_loop.yaml.
2023-12-08 12:15:08,719 : INFO : ConfigProcessor : Loading config: C:\Users\student\pinball\cobraPinTest1\modes\attract\shows\.\attract_display_loop.yaml
2023-12-08 12:15:08,720 : INFO : ConfigProcessor : Config file cache created: C:\Users\student\AppData\Local\Temp\f8d2c2cf3ea01f085365ea23fa51a701.mpf_cache
2023-12-08 12:15:08,720 : INFO : ConfigProcessor : Loading config from file C:\Users\student\pinball\cobraPinTest1\modes\attract\shows\.\attract_light_show.yaml.
2023-12-08 12:15:08,727 : INFO : ConfigProcessor : Loading config: C:\Users\student\pinball\cobraPinTest1\modes\attract\shows\.\attract_light_show.yaml
2023-12-08 12:15:08,727 : INFO : ConfigProcessor : Config file cache created: C:\Users\student\AppData\Local\Temp\30bd992f4b62a9b099207aebeb59554c.mpf_cache
2023-12-08 12:15:08,728 : INFO : Machine : Mission Pinball Framework Core Engine v0.55.0
2023-12-08 12:15:08,728 : INFO : Machine : Command line arguments: {'no_load_cache': True, 'create_config_cache': True, 'bcp': True, 'configfile': ['config.yaml'], 'force_assets_load': False, 'jsonlogging': False, 'logfile': 'logs\\2023-12-08-12-15-08-mpf-DESKTOP-0JH7ARL.log', 'pause': False, 'production': False, 'text_ui': True, 'loglevel': 15, 'consoleloglevel': 20, 'force_platform': None, 'syslog_address': None, 'mc_file_name': None, 'no_sound': False}
2023-12-08 12:15:08,728 : INFO : Machine : MPF path: c:\users\student\mpfenv\lib\site-packages\mpf
2023-12-08 12:15:08,728 : INFO : Machine : Machine path: C:\Users\student\pinball\cobraPinTest1
2023-12-08 12:15:08,728 : INFO : Machine : Platform: win32
2023-12-08 12:15:08,728 : INFO : Machine : Python executable location: c:\users\student\mpfenv\scripts\python.exe
2023-12-08 12:15:08,728 : INFO : Machine : Python version: 3.7.8 (64-bit)
2023-12-08 12:15:08,730 : INFO : Machine : Initialise MPF.
2023-12-08 12:15:09,111 : INFO : EventManager : Event: ======'machine_var_credits_string'====== Args={'value': 'FREE PLAY', 'prev_value': None, 'change': True}
2023-12-08 12:15:09,154 : INFO : EventManager : Event: ======'machine_var_master_volume'====== Args={'value': 0.5, 'prev_value': None, 'change': True}
2023-12-08 12:15:09,154 : INFO : EventManager : Event: ======'machine_var_player1_score'====== Args={'value': 1500, 'prev_value': None, 'change': True}
2023-12-08 12:15:09,154 : INFO : EventManager : Event: ======'machine_var_mpf_version'====== Args={'value': 'MPF v0.55.0', 'prev_value': None, 'change': True}
2023-12-08 12:15:09,154 : INFO : EventManager : Event: ======'machine_var_mpf_extended_version'====== Args={'value': 'MPF v0.55.0, Config version:5, Show version: 5, BCP version:1.1', 'prev_value': None, 'change': True}
2023-12-08 12:15:09,155 : INFO : EventManager : Event: ======'machine_var_python_version'====== Args={'value': '3.7.8', 'prev_value': None, 'change': True}
2023-12-08 12:15:09,155 : INFO : EventManager : Event: ======'machine_var_platform'====== Args={'value': 'Windows-10-10.0.19041-SP0', 'prev_value': None, 'change': True}
2023-12-08 12:15:09,155 : INFO : EventManager : Event: ======'machine_var_platform_system'====== Args={'value': 'Windows', 'prev_value': None, 'change': True}
2023-12-08 12:15:09,155 : INFO : EventManager : Event: ======'machine_var_platform_release'====== Args={'value': '10', 'prev_value': None, 'change': True}
2023-12-08 12:15:09,155 : INFO : EventManager : Event: ======'machine_var_platform_version'====== Args={'value': '10.0.19041', 'prev_value': None, 'change': True}
2023-12-08 12:15:09,155 : INFO : EventManager : Event: ======'machine_var_platform_machine'====== Args={'value': 'AMD64', 'prev_value': None, 'change': True}
2023-12-08 12:15:09,155 : INFO : EventManager : Event: ======'init_phase_1'====== Args={}
2023-12-08 12:15:09,175 : INFO : EventManager : Event: ======'init_phase_2'====== Args={}
2023-12-08 12:15:09,175 : INFO : SwitchController : Found active switch: ('0-0-8', <Platform.Virtual>) <switch.s_trough1>
2023-12-08 12:15:09,179 : INFO : EventManager : Event: ======'bcp_connection_attempt'====== Args={'name': 'local_display', 'host': 'localhost', 'port': 5050}
2023-12-08 12:15:09,180 : INFO : BCPClientSocket : Connecting BCP to 'local_display' at localhost:5050...
2023-12-08 12:15:12,724 : INFO : BCPClientSocket : Connected BCP to 'local_display' localhost:5050
2023-12-08 12:15:12,725 : INFO : EventManager : Event: ======'bcp_clients_connected'====== Args={}
2023-12-08 12:15:12,742 : INFO : ball_device.bd_trough : BCH: Initial count: 1
2023-12-08 12:15:12,742 : INFO : EventManager : Event: ======'machine_var_mc_version'====== Args={'value': 'MPF-MC v0.55.0', 'prev_value': None, 'change': True}
2023-12-08 12:15:12,743 : INFO : EventManager : Event: ======'machine_var_mc_extended_version'====== Args={'value': 'MPF-MC v0.55.0 (config_version=5, BCP v1.1, Requires MPF v0.55.0-dev.49)', 'prev_value': None, 'change': True}
2023-12-08 12:15:12,744 : INFO : ball_device.bd_trough : State: idle
2023-12-08 12:15:12,758 : INFO : ball_device.bd_plunger : BCH: Initial count: 0
2023-12-08 12:15:12,758 : INFO : ball_device.bd_plunger : State: idle
2023-12-08 12:15:12,826 : INFO : EventManager : Event: ======'init_phase_3'====== Args={}
2023-12-08 12:15:12,837 : INFO : EventManager : Event: ======'init_phase_4'====== Args={}
2023-12-08 12:15:12,837 : INFO : BallController : Initial balls found: 1
2023-12-08 12:15:12,838 : INFO : EventManager : Event: ======'machine_var_audits_events_game_ended'====== Args={'value': 0, 'prev_value': None, 'change': True}
2023-12-08 12:15:12,838 : INFO : EventManager : Event: ======'machine_var_audits_events_game_started'====== Args={'value': 0, 'prev_value': None, 'change': True}
2023-12-08 12:15:12,839 : INFO : EventManager : Event: ======'machine_var_audits_player_score'====== Args={'value': {'average': 1800.0, 'top': [2000, 1900, 1500], 'total': 3}, 'prev_value': None, 'change': True}
2023-12-08 12:15:12,839 : INFO : EventManager : Event: ======'machine_var_audits_shots_medalL_shot'====== Args={'value': 132, 'prev_value': None, 'change': True}
2023-12-08 12:15:12,839 : INFO : EventManager : Event: ======'machine_var_audits_shots_medalM_shot'====== Args={'value': 128, 'prev_value': None, 'change': True}
2023-12-08 12:15:12,840 : INFO : EventManager : Event: ======'machine_var_audits_shots_medalR_shot'====== Args={'value': 129, 'prev_value': None, 'change': True}
2023-12-08 12:15:12,840 : INFO : EventManager : Event: ======'machine_var_audits_shots_my_first_shot'====== Args={'value': 119, 'prev_value': None, 'change': True}
2023-12-08 12:15:12,840 : INFO : EventManager : Event: ======'machine_var_audits_shots_my_first_shot_mode2'====== Args={'value': 72, 'prev_value': None, 'change': True}
2023-12-08 12:15:12,840 : INFO : EventManager : Event: ======'machine_var_audits_shots_reentryL_shot'====== Args={'value': 397, 'prev_value': None, 'change': True}
2023-12-08 12:15:12,841 : INFO : EventManager : Event: ======'machine_var_audits_shots_reentryM_shot'====== Args={'value': 373, 'prev_value': None, 'change': True}
2023-12-08 12:15:12,841 : INFO : EventManager : Event: ======'machine_var_audits_shots_reentryR_shot'====== Args={'value': 341, 'prev_value': None, 'change': True}
2023-12-08 12:15:12,841 : INFO : EventManager : Event: ======'machine_var_audits_shots_reentry_shot'====== Args={'value': 9, 'prev_value': None, 'change': True}
2023-12-08 12:15:12,842 : INFO : EventManager : Event: ======'machine_var_audits_shots_top_lane_A'====== Args={'value': 12, 'prev_value': None, 'change': True}
2023-12-08 12:15:12,842 : INFO : EventManager : Event: ======'machine_var_audits_shots_top_lane_J'====== Args={'value': 12, 'prev_value': None, 'change': True}
2023-12-08 12:15:12,843 : INFO : EventManager : Event: ======'machine_var_audits_shots_top_lane_M'====== Args={'value': 9, 'prev_value': None, 'change': True}
2023-12-08 12:15:12,843 : INFO : EventManager : Event: ======'machine_var_audits_switches_s_blackhole_kicker'====== Args={'value': 0, 'prev_value': None, 'change': True}
2023-12-08 12:15:12,843 : INFO : EventManager : Event: ======'machine_var_audits_switches_s_bonus_lane'====== Args={'value': 0, 'prev_value': None, 'change': True}
2023-12-08 12:15:12,844 : INFO : EventManager : Event: ======'machine_var_audits_switches_s_booster_drop_target_1'====== Args={'value': 0, 'prev_value': None, 'change': True}
2023-12-08 12:15:12,844 : INFO : EventManager : Event: ======'machine_var_audits_switches_s_booster_drop_target_2'====== Args={'value': 0, 'prev_value': None, 'change': True}
2023-12-08 12:15:12,844 : INFO : EventManager : Event: ======'machine_var_audits_switches_s_booster_drop_target_3'====== Args={'value': 0, 'prev_value': None, 'change': True}
2023-12-08 12:15:12,845 : INFO : EventManager : Event: ======'machine_var_audits_switches_s_comet_spot_1'====== Args={'value': 0, 'prev_value': None, 'change': True}
2023-12-08 12:15:12,845 : INFO : EventManager : Event: ======'machine_var_audits_switches_s_comet_spot_2'====== Args={'value': 0, 'prev_value': None, 'change': True}
2023-12-08 12:15:12,845 : INFO : EventManager : Event: ======'machine_var_audits_switches_s_comet_spot_3'====== Args={'value': 0, 'prev_value': None, 'change': True}
2023-12-08 12:15:12,846 : INFO : EventManager : Event: ======'machine_var_audits_switches_s_engine_bumper_1'====== Args={'value': 0, 'prev_value': None, 'change': True}
2023-12-08 12:15:12,846 : INFO : EventManager : Event: ======'machine_var_audits_switches_s_engine_bumper_2'====== Args={'value': 0, 'prev_value': None, 'change': True}
2023-12-08 12:15:12,846 : INFO : EventManager : Event: ======'machine_var_audits_switches_s_engine_bumper_3'====== Args={'value': 0, 'prev_value': None, 'change': True}
2023-12-08 12:15:12,846 : INFO : EventManager : Event: ======'machine_var_audits_switches_s_fuel_chute_1'====== Args={'value': 0, 'prev_value': None, 'change': True}
2023-12-08 12:15:12,847 : INFO : EventManager : Event: ======'machine_var_audits_switches_s_fuel_chute_2'====== Args={'value': 0, 'prev_value': None, 'change': True}
2023-12-08 12:15:12,847 : INFO : EventManager : Event: ======'machine_var_audits_switches_s_fuel_chute_3'====== Args={'value': 0, 'prev_value': None, 'change': True}
2023-12-08 12:15:12,847 : INFO : EventManager : Event: ======'machine_var_audits_switches_s_fuel_chute_4'====== Args={'value': 0, 'prev_value': None, 'change': True}
2023-12-08 12:15:12,848 : INFO : EventManager : Event: ======'machine_var_audits_switches_s_fuel_chute_5'====== Args={'value': 0, 'prev_value': None, 'change': True}
2023-12-08 12:15:12,848 : INFO : EventManager : Event: ======'machine_var_audits_switches_s_fuel_chute_6'====== Args={'value': 0, 'prev_value': None, 'change': True}
2023-12-08 12:15:12,848 : INFO : EventManager : Event: ======'machine_var_audits_switches_s_fuel_flag'====== Args={'value': 0, 'prev_value': None, 'change': True}
2023-12-08 12:15:12,849 : INFO : EventManager : Event: ======'machine_var_audits_switches_s_fuel_spot_1'====== Args={'value': 0, 'prev_value': None, 'change': True}
2023-12-08 12:15:12,849 : INFO : EventManager : Event: ======'machine_var_audits_switches_s_fuel_spot_2'====== Args={'value': 0, 'prev_value': None, 'change': True}
2023-12-08 12:15:12,849 : INFO : EventManager : Event: ======'machine_var_audits_switches_s_fuel_spot_3'====== Args={'value': 0, 'prev_value': None, 'change': True}
2023-12-08 12:15:12,850 : INFO : EventManager : Event: ======'machine_var_audits_switches_s_green_wormhole'====== Args={'value': 0, 'prev_value': None, 'change': True}
2023-12-08 12:15:12,850 : INFO : EventManager : Event: ======'machine_var_audits_switches_s_hyperspace_flag'====== Args={'value': 0, 'prev_value': None, 'change': True}
2023-12-08 12:15:12,851 : INFO : EventManager : Event: ======'machine_var_audits_switches_s_hyperspacekicker'====== Args={'value': 0, 'prev_value': None, 'change': True}
2023-12-08 12:15:12,851 : INFO : EventManager : Event: ======'machine_var_audits_switches_s_launch_lane_1'====== Args={'value': 0, 'prev_value': None, 'change': True}
2023-12-08 12:15:12,851 : INFO : EventManager : Event: ======'machine_var_audits_switches_s_launch_lane_2'====== Args={'value': 0, 'prev_value': None, 'change': True}
2023-12-08 12:15:12,852 : INFO : EventManager : Event: ======'machine_var_audits_switches_s_launch_lane_3'====== Args={'value': 0, 'prev_value': None, 'change': True}
2023-12-08 12:15:12,852 : INFO : EventManager : Event: ======'machine_var_audits_switches_s_launch_ramp'====== Args={'value': 0, 'prev_value': None, 'change': True}
2023-12-08 12:15:12,853 : INFO : EventManager : Event: ======'machine_var_audits_switches_s_left_attack_bumper'====== Args={'value': 0, 'prev_value': None, 'change': True}
2023-12-08 12:15:12,853 : INFO : EventManager : Event: ======'machine_var_audits_switches_s_left_flipper'====== Args={'value': 467, 'prev_value': None, 'change': True}
2023-12-08 12:15:12,853 : INFO : EventManager : Event: ======'machine_var_audits_switches_s_left_out_lane'====== Args={'value': 0, 'prev_value': None, 'change': True}
2023-12-08 12:15:12,854 : INFO : EventManager : Event: ======'machine_var_audits_switches_s_left_out_lane_kicker'====== Args={'value': 0, 'prev_value': None, 'change': True}
2023-12-08 12:15:12,854 : INFO : EventManager : Event: ======'machine_var_audits_switches_s_left_return_lane'====== Args={'value': 0, 'prev_value': None, 'change': True}
2023-12-08 12:15:12,855 : INFO : EventManager : Event: ======'machine_var_audits_switches_s_lower_attack_bumper'====== Args={'value': 0, 'prev_value': None, 'change': True}
2023-12-08 12:15:12,855 : INFO : EventManager : Event: ======'machine_var_audits_switches_s_lower_left_rebound'====== Args={'value': 0, 'prev_value': None, 'change': True}
2023-12-08 12:15:12,856 : INFO : EventManager : Event: ======'machine_var_audits_switches_s_lower_left_slingshot'====== Args={'value': 0, 'prev_value': None, 'change': True}
2023-12-08 12:15:12,856 : INFO : EventManager : Event: ======'machine_var_audits_switches_s_lower_right_rebound'====== Args={'value': 0, 'prev_value': None, 'change': True}
2023-12-08 12:15:12,856 : INFO : EventManager : Event: ======'machine_var_audits_switches_s_lower_right_slingshot'====== Args={'value': 0, 'prev_value': None, 'change': True}
2023-12-08 12:15:12,857 : INFO : EventManager : Event: ======'machine_var_audits_switches_s_medal_drop_left'====== Args={'value': 146, 'prev_value': None, 'change': True}
2023-12-08 12:15:12,857 : INFO : EventManager : Event: ======'machine_var_audits_switches_s_medal_drop_middle'====== Args={'value': 142, 'prev_value': None, 'change': True}
2023-12-08 12:15:12,858 : INFO : EventManager : Event: ======'machine_var_audits_switches_s_medal_drop_right'====== Args={'value': 143, 'prev_value': None, 'change': True}
2023-12-08 12:15:12,858 : INFO : EventManager : Event: ======'machine_var_audits_switches_s_mission_spot_1'====== Args={'value': 0, 'prev_value': None, 'change': True}
2023-12-08 12:15:12,859 : INFO : EventManager : Event: ======'machine_var_audits_switches_s_mission_spot_2'====== Args={'value': 0, 'prev_value': None, 'change': True}
2023-12-08 12:15:12,859 : INFO : EventManager : Event: ======'machine_var_audits_switches_s_mission_spot_3'====== Args={'value': 0, 'prev_value': None, 'change': True}
2023-12-08 12:15:12,860 : INFO : EventManager : Event: ======'machine_var_audits_switches_s_multiplier_left'====== Args={'value': 0, 'prev_value': None, 'change': True}
2023-12-08 12:15:12,860 : INFO : EventManager : Event: ======'machine_var_audits_switches_s_multiplier_middle'====== Args={'value': 0, 'prev_value': None, 'change': True}
2023-12-08 12:15:12,860 : INFO : EventManager : Event: ======'machine_var_audits_switches_s_multiplier_right'====== Args={'value': 0, 'prev_value': None, 'change': True}
2023-12-08 12:15:12,861 : INFO : EventManager : Event: ======'machine_var_audits_switches_s_plunger'====== Args={'value': 148, 'prev_value': None, 'change': True}
2023-12-08 12:15:12,861 : INFO : EventManager : Event: ======'machine_var_audits_switches_s_radiationspot_1'====== Args={'value': 0, 'prev_value': None, 'change': True}
2023-12-08 12:15:12,862 : INFO : EventManager : Event: ======'machine_var_audits_switches_s_radiationspot_2'====== Args={'value': 0, 'prev_value': None, 'change': True}
2023-12-08 12:15:12,862 : INFO : EventManager : Event: ======'machine_var_audits_switches_s_radiationspot_3'====== Args={'value': 0, 'prev_value': None, 'change': True}
2023-12-08 12:15:12,862 : INFO : EventManager : Event: ======'machine_var_audits_switches_s_red_wormhole'====== Args={'value': 0, 'prev_value': None, 'change': True}
2023-12-08 12:15:12,863 : INFO : EventManager : Event: ======'machine_var_audits_switches_s_reentry_left'====== Args={'value': 752, 'prev_value': None, 'change': True}
2023-12-08 12:15:12,863 : INFO : EventManager : Event: ======'machine_var_audits_switches_s_reentry_middle'====== Args={'value': 447, 'prev_value': None, 'change': True}
2023-12-08 12:15:12,864 : INFO : EventManager : Event: ======'machine_var_audits_switches_s_reentry_right'====== Args={'value': 400, 'prev_value': None, 'change': True}
2023-12-08 12:15:12,864 : INFO : EventManager : Event: ======'machine_var_audits_switches_s_right_flipper'====== Args={'value': 191, 'prev_value': None, 'change': True}
2023-12-08 12:15:12,864 : INFO : EventManager : Event: ======'machine_var_audits_switches_s_right_inlane'====== Args={'value': 0, 'prev_value': None, 'change': True}
2023-12-08 12:15:12,865 : INFO : EventManager : Event: ======'machine_var_audits_switches_s_right_out_lane'====== Args={'value': 0, 'prev_value': None, 'change': True}
2023-12-08 12:15:12,865 : INFO : EventManager : Event: ======'machine_var_audits_switches_s_right_out_lane_kicker'====== Args={'value': 0, 'prev_value': None, 'change': True}
2023-12-08 12:15:12,866 : INFO : EventManager : Event: ======'machine_var_audits_switches_s_right_return_lane'====== Args={'value': 0, 'prev_value': None, 'change': True}
2023-12-08 12:15:12,866 : INFO : EventManager : Event: ======'machine_var_audits_switches_s_satellite_bumper'====== Args={'value': 0, 'prev_value': None, 'change': True}
2023-12-08 12:15:12,867 : INFO : EventManager : Event: ======'machine_var_audits_switches_s_secondary_outlane_kicker'====== Args={'value': 0, 'prev_value': None, 'change': True}
2023-12-08 12:15:12,867 : INFO : EventManager : Event: ======'machine_var_audits_switches_s_skill_shot_1'====== Args={'value': 0, 'prev_value': None, 'change': True}
2023-12-08 12:15:12,868 : INFO : EventManager : Event: ======'machine_var_audits_switches_s_skill_shot_2'====== Args={'value': 0, 'prev_value': None, 'change': True}
2023-12-08 12:15:12,869 : INFO : EventManager : Event: ======'machine_var_audits_switches_s_skill_shot_3'====== Args={'value': 0, 'prev_value': None, 'change': True}
2023-12-08 12:15:12,869 : INFO : EventManager : Event: ======'machine_var_audits_switches_s_skill_shot_4'====== Args={'value': 0, 'prev_value': None, 'change': True}
2023-12-08 12:15:12,869 : INFO : EventManager : Event: ======'machine_var_audits_switches_s_skill_shot_5'====== Args={'value': 0, 'prev_value': None, 'change': True}
2023-12-08 12:15:12,870 : INFO : EventManager : Event: ======'machine_var_audits_switches_s_skill_shot_6'====== Args={'value': 0, 'prev_value': None, 'change': True}
2023-12-08 12:15:12,870 : INFO : EventManager : Event: ======'machine_var_audits_switches_s_skill_shot_lane'====== Args={'value': 0, 'prev_value': None, 'change': True}
2023-12-08 12:15:12,870 : INFO : EventManager : Event: ======'machine_var_audits_switches_s_spacewarp_rollover'====== Args={'value': 0, 'prev_value': None, 'change': True}
2023-12-08 12:15:12,871 : INFO : EventManager : Event: ======'machine_var_audits_switches_s_start'====== Args={'value': 6, 'prev_value': None, 'change': True}
2023-12-08 12:15:12,871 : INFO : EventManager : Event: ======'machine_var_audits_switches_s_trough1'====== Args={'value': 30, 'prev_value': None, 'change': True}
2023-12-08 12:15:12,871 : INFO : EventManager : Event: ======'machine_var_audits_switches_s_trough2'====== Args={'value': 0, 'prev_value': None, 'change': True}
2023-12-08 12:15:12,872 : INFO : EventManager : Event: ======'machine_var_audits_switches_s_trough3'====== Args={'value': 0, 'prev_value': None, 'change': True}
2023-12-08 12:15:12,872 : INFO : EventManager : Event: ======'machine_var_audits_switches_s_trough4'====== Args={'value': 0, 'prev_value': None, 'change': True}
2023-12-08 12:15:12,873 : INFO : EventManager : Event: ======'machine_var_audits_switches_s_trough5'====== Args={'value': 0, 'prev_value': None, 'change': True}
2023-12-08 12:15:12,873 : INFO : EventManager : Event: ======'machine_var_audits_switches_s_trough6'====== Args={'value': 0, 'prev_value': None, 'change': True}
2023-12-08 12:15:12,873 : INFO : EventManager : Event: ======'machine_var_audits_switches_s_trough_jam'====== Args={'value': 0, 'prev_value': None, 'change': True}
2023-12-08 12:15:12,874 : INFO : EventManager : Event: ======'machine_var_audits_switches_s_upper_attack_bumper'====== Args={'value': 0, 'prev_value': None, 'change': True}
2023-12-08 12:15:12,875 : INFO : EventManager : Event: ======'machine_var_audits_switches_s_upper_left_rebound'====== Args={'value': 0, 'prev_value': None, 'change': True}
2023-12-08 12:15:12,875 : INFO : EventManager : Event: ======'machine_var_audits_switches_s_upper_right_rebound'====== Args={'value': 0, 'prev_value': None, 'change': True}
2023-12-08 12:15:12,875 : INFO : EventManager : Event: ======'machine_var_audits_switches_s_wormhole_target'====== Args={'value': 0, 'prev_value': None, 'change': True}
2023-12-08 12:15:12,876 : INFO : EventManager : Event: ======'machine_var_audits_switches_s_yellow_wormhole'====== Args={'value': 0, 'prev_value': None, 'change': True}
2023-12-08 12:15:12,877 : INFO : EventManager : Event: ======'init_phase_5'====== Args={}
2023-12-08 12:15:12,919 : INFO : EventManager : Event: ======'init_done'====== Args={}
2023-12-08 12:15:12,919 : INFO : EventManager : Event: ======'machine_reset_phase_1'====== Args={}
2023-12-08 12:15:12,937 : INFO : EventManager : Event: ======'slide_welcome_slide_removed'====== Args={'_from_bcp': True}
2023-12-08 12:15:12,937 : INFO : EventManager : Event: ======'slide_welcome_slide_created'====== Args={'_from_bcp': True}
2023-12-08 12:15:12,938 : INFO : EventManager : Event: ======'machine_reset_phase_2'====== Args={}
2023-12-08 12:15:12,939 : INFO : EventManager : Event: ======'machine_reset_phase_3'====== Args={}
2023-12-08 12:15:12,939 : INFO : EventManager : Event: ======'reset_complete'====== Args={}
2023-12-08 12:15:12,940 : INFO : EventManager : Event: ======'mode_attract_will_start'====== Args={}
2023-12-08 12:15:12,940 : INFO : EventManager : Event: ======'mode_attract_starting'====== Args={}
2023-12-08 12:15:12,940 : INFO : Mode.attract : Started. Priority: 10
2023-12-08 12:15:12,940 : INFO : EventManager : Event: ======'modes_active_modes_changed'====== Args={}
2023-12-08 12:15:12,940 : INFO : EventManager : Event: ======'mode_attract_started'====== Args={}
2023-12-08 12:15:12,941 : INFO : EventManager : Event: ======'collecting_balls_complete'====== Args={}
2023-12-08 12:15:12,972 : INFO : EventManager : Event: ======'slide_welcome_slide_active'====== Args={'_from_bcp': True}
2023-12-08 12:15:12,972 : INFO : EventManager : Event: ======'slide_awesome_slide_created'====== Args={'_from_bcp': True}
2023-12-08 12:15:12,972 : INFO : EventManager : Event: ======'slide_awesome_slide_active'====== Args={'_from_bcp': True}
2023-12-08 12:15:12,972 : INFO : Machine : Starting the main run loop.
2023-12-08 12:15:13,136 : INFO : BcpServer : New client connected.
2023-12-08 12:15:15,034 : INFO : SwitchController : <<<<<<< 's_start' active >>>>>>>
2023-12-08 12:15:15,053 : INFO : SwitchController : <<<<<<< 's_start' inactive >>>>>>>
2023-12-08 12:15:15,053 : INFO : EventManager : Event: ======'request_to_start_game'====== Args={}
2023-12-08 12:15:15,054 : INFO : EventManager : Event: ======'game_start'====== Args={'buttons': [], 'hold_time': 0.015000000013969839}
2023-12-08 12:15:15,054 : INFO : EventManager : Event: ======'mode_game_will_start'====== Args={'buttons': [], 'hold_time': 0.015000000013969839}
2023-12-08 12:15:15,055 : INFO : EventManager : Event: ======'mode_game_starting'====== Args={'buttons': [], 'hold_time': 0.015000000013969839}
2023-12-08 12:15:15,055 : INFO : EventManager : Event: ======'mode_attract_will_stop'====== Args={}
2023-12-08 12:15:15,055 : INFO : EventManager : Event: ======'mode_attract_stopping'====== Args={}
2023-12-08 12:15:15,055 : INFO : Mode.attract : Stopped.
2023-12-08 12:15:15,055 : INFO : EventManager : Event: ======'modes_active_modes_changed'====== Args={}
2023-12-08 12:15:15,056 : INFO : EventManager : Event: ======'mode_attract_stopped'====== Args={}
2023-12-08 12:15:15,056 : INFO : EventManager : Event: ======'clear'====== Args={'key': 'attract'}
2023-12-08 12:15:15,057 : INFO : Mode.game : Started. Priority: 20
2023-12-08 12:15:15,057 : INFO : EventManager : Event: ======'modes_active_modes_changed'====== Args={}
2023-12-08 12:15:15,057 : INFO : EventManager : Event: ======'mode_game_started'====== Args={'buttons': [], 'hold_time': 0.015000000013969839}
2023-12-08 12:15:15,062 : INFO : EventManager : Event: ======'game_will_start'====== Args={}
2023-12-08 12:15:15,063 : INFO : EventManager : Event: ======'game_starting'====== Args={'game': <Mode.game>}
2023-12-08 12:15:15,063 : INFO : EventManager : Event: ======'player_add_request'====== Args={}
2023-12-08 12:15:15,063 : INFO : EventManager : Event: ======'player_will_add'====== Args={'number': 1}
2023-12-08 12:15:15,064 : INFO : EventManager : Event: ======'player_adding'====== Args={'player': <Player 1>, 'number': 1}
2023-12-08 12:15:15,064 : INFO : EventManager : Event: ======'player_added'====== Args={'player': <Player 1>, 'num': 1}
2023-12-08 12:15:15,064 : INFO : Mode.game : Player added successfully. Total players: 1
2023-12-08 12:15:15,064 : INFO : EventManager : Event: ======'player_index'====== Args={'value': 0, 'prev_value': 0, 'change': 0, 'player_num': 1}
2023-12-08 12:15:15,065 : INFO : EventManager : Event: ======'player_number'====== Args={'value': 1, 'prev_value': 1, 'change': 0, 'player_num': 1}
2023-12-08 12:15:15,065 : INFO : EventManager : Event: ======'player_score'====== Args={'value': 0, 'prev_value': 0, 'change': 0, 'player_num': 1}
2023-12-08 12:15:15,065 : INFO : EventManager : Event: ======'game_started'====== Args={}
2023-12-08 12:15:15,082 : INFO : EventManager : Event: ======'player_turn_will_start'====== Args={'player': <Player 1>, 'number': 1}
2023-12-08 12:15:15,083 : INFO : EventManager : Event: ======'slide_awesome_slide_removed'====== Args={'_from_bcp': True}
2023-12-08 12:15:15,083 : INFO : EventManager : Event: ======'slide_welcome_slide_active'====== Args={'_from_bcp': True}
2023-12-08 12:15:15,083 : INFO : EventManager : Event: ======'player_turn_starting'====== Args={'player': <Player 1>, 'number': 1}
2023-12-08 12:15:15,084 : INFO : EventManager : Event: ======'player_ball'====== Args={'value': 1, 'prev_value': 0, 'change': 1, 'player_num': 1}
2023-12-08 12:15:15,084 : INFO : EventManager : Event: ======'player_turn_started'====== Args={'player': <Player 1>, 'number': 1}
2023-12-08 12:15:15,085 : INFO : EventManager : Event: ======'ball_will_start'====== Args={'player': 1, 'ball': 1, 'balls_remaining': 2, 'is_extra_ball': False}
2023-12-08 12:15:15,088 : INFO : EventManager : Event: ======'ball_starting'====== Args={'player': 1, 'ball': 1, 'balls_remaining': 2, 'is_extra_ball': False}
2023-12-08 12:15:15,089 : INFO : EventManager : Event: ======'mode_base_will_start'====== Args={'queue': <QueuedEvent>, 'player': 1, 'ball': 1, 'balls_remaining': 2, 'is_extra_ball': False}
2023-12-08 12:15:15,090 : INFO : EventManager : Event: ======'mode_base_starting'====== Args={'queue': <QueuedEvent>, 'player': 1, 'ball': 1, 'balls_remaining': 2, 'is_extra_ball': False}
2023-12-08 12:15:15,090 : INFO : Mode.base : Started. Priority: 100
2023-12-08 12:15:15,090 : INFO : EventManager : Event: ======'modes_active_modes_changed'====== Args={}
2023-12-08 12:15:15,090 : INFO : EventManager : Event: ======'mode_base_started'====== Args={'queue': <QueuedEvent>, 'player': 1, 'ball': 1, 'balls_remaining': 2, 'is_extra_ball': False}
2023-12-08 12:15:15,092 : INFO : EventManager : Event: ======'balls_in_play'====== Args={'balls': 1}
2023-12-08 12:15:15,092 : INFO : EventManager : Event: ======'ball_started'====== Args={'player': 1, 'ball': 1, 'balls_remaining': 2, 'is_extra_ball': False}
2023-12-08 12:15:15,093 : INFO : EventManager : Event: ======'mode_reentry_will_start'====== Args={'player': 1, 'ball': 1, 'balls_remaining': 2, 'is_extra_ball': False}
2023-12-08 12:15:15,094 : INFO : EventManager : Event: ======'player_shot_reentryL_shot_enabled'====== Args={'value': True, 'prev_value': 0, 'change': 1, 'player_num': 1}
2023-12-08 12:15:15,095 : INFO : EventManager : Event: ======'player_shot_reentryM_shot_enabled'====== Args={'value': True, 'prev_value': 0, 'change': 1, 'player_num': 1}
2023-12-08 12:15:15,096 : INFO : EventManager : Event: ======'player_shot_reentryR_shot_enabled'====== Args={'value': True, 'prev_value': 0, 'change': 1, 'player_num': 1}
2023-12-08 12:15:15,096 : INFO : EventManager : Event: ======'reentry_shot_complete'====== Args={'state': 'off'}
2023-12-08 12:15:15,097 : INFO : EventManager : Event: ======'reentry_shot_off_complete'====== Args={}
2023-12-08 12:15:15,099 : INFO : EventManager : Event: ======'mode_reentry_starting'====== Args={'player': 1, 'ball': 1, 'balls_remaining': 2, 'is_extra_ball': False}
2023-12-08 12:15:15,100 : INFO : EventManager : Event: ======'mode_medal_will_start'====== Args={'player': 1, 'ball': 1, 'balls_remaining': 2, 'is_extra_ball': False}
2023-12-08 12:15:15,100 : INFO : EventManager : Event: ======'player_shot_medalL_shot_enabled'====== Args={'value': True, 'prev_value': 0, 'change': 1, 'player_num': 1}
2023-12-08 12:15:15,101 : INFO : EventManager : Event: ======'player_shot_medalM_shot_enabled'====== Args={'value': True, 'prev_value': 0, 'change': 1, 'player_num': 1}
2023-12-08 12:15:15,102 : INFO : EventManager : Event: ======'player_shot_medalR_shot_enabled'====== Args={'value': True, 'prev_value': 0, 'change': 1, 'player_num': 1}
2023-12-08 12:15:15,103 : INFO : EventManager : Event: ======'medal_shot_complete'====== Args={'state': 'unlit'}
2023-12-08 12:15:15,103 : INFO : EventManager : Event: ======'medal_shot_unlit_complete'====== Args={}
2023-12-08 12:15:15,105 : INFO : EventManager : Event: ======'mode_medal_starting'====== Args={'player': 1, 'ball': 1, 'balls_remaining': 2, 'is_extra_ball': False}
2023-12-08 12:15:15,134 : INFO : EventManager : Event: ======'logicblock_reentry_shot_complete_count_updated'====== Args={'value': 1, 'enabled': True}
2023-12-08 12:15:15,134 : INFO : EventManager : Event: ======'logicblock_reentry_shot_complete_count_updated'====== Args={'value': 1, 'enabled': True}
2023-12-08 12:15:15,134 : INFO : Mode.reentry : Started. Priority: 200
2023-12-08 12:15:15,135 : INFO : EventManager : Event: ======'modes_active_modes_changed'====== Args={}
2023-12-08 12:15:15,135 : INFO : EventManager : Event: ======'mode_reentry_started'====== Args={'player': 1, 'ball': 1, 'balls_remaining': 2, 'is_extra_ball': False}
2023-12-08 12:15:15,135 : INFO : EventManager : Event: ======'logicblock_medal_shot_complete_count_updated'====== Args={'value': 1, 'enabled': True}
2023-12-08 12:15:15,136 : INFO : EventManager : Event: ======'logicblock_medal_shot_complete_count_updated'====== Args={'value': 1, 'enabled': True}
2023-12-08 12:15:15,136 : INFO : Mode.medal : Started. Priority: 200
2023-12-08 12:15:15,136 : INFO : EventManager : Event: ======'modes_active_modes_changed'====== Args={}
2023-12-08 12:15:15,136 : INFO : EventManager : Event: ======'mode_medal_started'====== Args={'player': 1, 'ball': 1, 'balls_remaining': 2, 'is_extra_ball': False}
2023-12-08 12:15:15,136 : INFO : EventManager : Event: ======'single_player_ball_started'====== Args={}
2023-12-08 12:15:15,137 : INFO : EventManager : Event: ======'player_attack_bumper_count'====== Args={'value': 1, 'prev_value': 0, 'change': 1, 'player_num': 1}
2023-12-08 12:15:15,138 : INFO : EventManager : Event: ======'slide_base.slide_player-mode_base_started_created'====== Args={'_from_bcp': True}
2023-12-08 12:15:15,138 : INFO : EventManager : Event: ======'slide_base.slide_player-mode_base_started_active'====== Args={'_from_bcp': True}
2023-12-08 12:15:15,138 : INFO : EventManager : Event: ======'slide__global.slide_player-ball_started_created'====== Args={'_from_bcp': True}
2023-12-08 12:15:15,139 : INFO : EventManager : Event: ======'ball_start_target'====== Args={'target': 'playfield'}
2023-12-08 12:15:15,172 : INFO : ball_device.bd_plunger : Setting up player-controlled eject. Balls: 1, Target: <playfield.playfield>, player_controlled_eject_event: None
2023-12-08 12:15:15,172 : INFO : EventManager : Event: ======'balldevice_balls_available'====== Args={}
2023-12-08 12:15:15,173 : INFO : ball_device.bd_trough : State: waiting_for_target_ready
2023-12-08 12:15:15,173 : INFO : EventManager : Event: ======'balldevice_bd_trough_ball_eject_attempt'====== Args={'balls': 1, 'target': <ball_device.bd_plunger>, 'source': <ball_device.bd_trough>, 'mechanical_eject': True, 'num_attempts': 0}
2023-12-08 12:15:15,174 : INFO : ball_device.bd_plunger : State: waiting_for_ball
2023-12-08 12:15:15,174 : INFO : ball_device.bd_trough : State: ejecting
2023-12-08 12:15:15,174 : INFO : ball_device.bd_trough : Ejecting ball to <ball_device.bd_plunger>
2023-12-08 12:15:15,174 : INFO : EventManager : Event: ======'balldevice_bd_trough_ejecting_ball'====== Args={'balls': 1, 'target': <ball_device.bd_plunger>, 'source': <ball_device.bd_trough>, 'mechanical_eject': True, 'num_attempts': 0}
2023-12-08 12:15:15,175 : INFO : ball_device.bd_trough : Wait for ball to leave device
2023-12-08 12:15:15,175 : INFO : coil.c_trough_eject : Pulsing Driver for 10ms (1.0 pulse_power)
2023-12-08 12:15:15,631 : INFO : SwitchController : <<<<<<< 's_trough1' inactive >>>>>>>
2023-12-08 12:15:15,640 : INFO : ball_device.bd_trough : State: ball_left
2023-12-08 12:15:15,640 : INFO : ball_device.bd_trough : Ball left
2023-12-08 12:15:15,640 : INFO : ball_device.bd_trough : Wait for confirm with timeout 10.0
2023-12-08 12:15:16,442 : INFO : SwitchController : <<<<<<< 's_plunger' active >>>>>>>
2023-12-08 12:15:16,443 : INFO : EventManager : Event: ======'machine_var_audits_switches_s_plunger'====== Args={'value': 149, 'prev_value': 148, 'change': 1}
2023-12-08 12:15:16,667 : INFO : SwitchController : <<<<<<< 's_plunger' inactive >>>>>>>
2023-12-08 12:15:21,394 : INFO : SwitchController : <<<<<<< 's_medal_drop_left' active >>>>>>>
2023-12-08 12:15:21,395 : INFO : EventManager : Event: ======'playfield_active'====== Args={}
2023-12-08 12:15:21,396 : INFO : EventManager : Event: ======'unexpected_ball_on_playfield'====== Args={}
2023-12-08 12:15:21,397 : INFO : EventManager : Event: ======'s_medal_drop_left_active'====== Args={}
2023-12-08 12:15:21,399 : INFO : EventManager : Event: ======'sw_playfield_active'====== Args={}
2023-12-08 12:15:21,400 : INFO : EventManager : Event: ======'machine_var_audits_switches_s_medal_drop_left'====== Args={'value': 147, 'prev_value': 146, 'change': 1}
2023-12-08 12:15:21,404 : INFO : EventManager : Event: ======'player_shot_medalL_shot'====== Args={'value': 1, 'prev_value': 0, 'change': 1, 'player_num': 1}
2023-12-08 12:15:21,414 : INFO : EventManager : Event: ======'machine_var_audits_shots_medalL_shot'====== Args={'value': 133, 'prev_value': 132, 'change': 1}
2023-12-08 12:15:21,414 : INFO : EventManager : Event: ======'medalL_shot_hit'====== Args={'profile': 'default', 'state': 'unlit', 'advancing': True}
2023-12-08 12:15:21,414 : INFO : EventManager : Event: ======'medalL_shot_default_hit'====== Args={'profile': 'default', 'state': 'unlit', 'advancing': True}
2023-12-08 12:15:21,415 : INFO : EventManager : Event: ======'medalL_shot_default_unlit_hit'====== Args={'profile': 'default', 'state': 'unlit', 'advancing': True}
2023-12-08 12:15:21,415 : INFO : EventManager : Event: ======'medalL_shot_unlit_hit'====== Args={'profile': 'default', 'state': 'unlit', 'advancing': True}
2023-12-08 12:15:21,415 : INFO : EventManager : Event: ======'medal_shot_hit'====== Args={}
2023-12-08 12:15:21,415 : INFO : EventManager : Event: ======'medal_shot_unlit_hit'====== Args={}
2023-12-08 12:15:21,415 : INFO : EventManager : Event: ======'player_score'====== Args={'value': 1500, 'prev_value': 0, 'change': 1500, 'player_num': 1}
2023-12-08 12:15:21,415 : INFO : EventManager : Event: ======'playfield_active'====== Args={}
2023-12-08 12:15:21,416 : INFO : EventManager : Event: ======'unexpected_ball_on_playfield'====== Args={}
2023-12-08 12:15:21,472 : INFO : SwitchController : <<<<<<< 's_medal_drop_left' inactive >>>>>>>
2023-12-08 12:15:21,904 : INFO : SwitchController : <<<<<<< 's_medal_drop_middle' active >>>>>>>
2023-12-08 12:15:21,905 : INFO : EventManager : Event: ======'playfield_active'====== Args={}
2023-12-08 12:15:21,905 : INFO : EventManager : Event: ======'unexpected_ball_on_playfield'====== Args={}
2023-12-08 12:15:21,905 : INFO : EventManager : Event: ======'s_medal_drop_middle_active'====== Args={}
2023-12-08 12:15:21,906 : INFO : EventManager : Event: ======'sw_playfield_active'====== Args={}
2023-12-08 12:15:21,906 : INFO : EventManager : Event: ======'machine_var_audits_switches_s_medal_drop_middle'====== Args={'value': 143, 'prev_value': 142, 'change': 1}
2023-12-08 12:15:21,908 : INFO : EventManager : Event: ======'player_shot_medalM_shot'====== Args={'value': 1, 'prev_value': 0, 'change': 1, 'player_num': 1}
2023-12-08 12:15:21,909 : INFO : EventManager : Event: ======'machine_var_audits_shots_medalM_shot'====== Args={'value': 129, 'prev_value': 128, 'change': 1}
2023-12-08 12:15:21,909 : INFO : EventManager : Event: ======'medalM_shot_hit'====== Args={'profile': 'default', 'state': 'unlit', 'advancing': True}
2023-12-08 12:15:21,910 : INFO : EventManager : Event: ======'medalM_shot_default_hit'====== Args={'profile': 'default', 'state': 'unlit', 'advancing': True}
2023-12-08 12:15:21,910 : INFO : EventManager : Event: ======'medalM_shot_default_unlit_hit'====== Args={'profile': 'default', 'state': 'unlit', 'advancing': True}
2023-12-08 12:15:21,910 : INFO : EventManager : Event: ======'medalM_shot_unlit_hit'====== Args={'profile': 'default', 'state': 'unlit', 'advancing': True}
2023-12-08 12:15:21,910 : INFO : EventManager : Event: ======'medal_shot_hit'====== Args={}
2023-12-08 12:15:21,910 : INFO : EventManager : Event: ======'medal_shot_unlit_hit'====== Args={}
2023-12-08 12:15:21,910 : INFO : EventManager : Event: ======'player_score'====== Args={'value': 3000, 'prev_value': 1500, 'change': 1500, 'player_num': 1}
2023-12-08 12:15:21,911 : INFO : EventManager : Event: ======'playfield_active'====== Args={}
2023-12-08 12:15:21,911 : INFO : EventManager : Event: ======'unexpected_ball_on_playfield'====== Args={}
2023-12-08 12:15:22,058 : INFO : SwitchController : <<<<<<< 's_medal_drop_middle' inactive >>>>>>>
2023-12-08 12:15:23,794 : INFO : SwitchController : <<<<<<< 's_medal_drop_right' active >>>>>>>
2023-12-08 12:15:23,794 : INFO : EventManager : Event: ======'playfield_active'====== Args={}
2023-12-08 12:15:23,795 : INFO : EventManager : Event: ======'unexpected_ball_on_playfield'====== Args={}
2023-12-08 12:15:23,795 : INFO : EventManager : Event: ======'s_medal_drop_right_active'====== Args={}
2023-12-08 12:15:23,796 : INFO : EventManager : Event: ======'sw_playfield_active'====== Args={}
2023-12-08 12:15:23,798 : INFO : EventManager : Event: ======'machine_var_audits_switches_s_medal_drop_right'====== Args={'value': 144, 'prev_value': 143, 'change': 1}
2023-12-08 12:15:23,802 : INFO : EventManager : Event: ======'player_shot_medalR_shot'====== Args={'value': 1, 'prev_value': 0, 'change': 1, 'player_num': 1}
2023-12-08 12:15:23,824 : INFO : EventManager : Event: ======'machine_var_audits_shots_medalR_shot'====== Args={'value': 130, 'prev_value': 129, 'change': 1}
2023-12-08 12:15:23,824 : INFO : EventManager : Event: ======'medalR_shot_hit'====== Args={'profile': 'default', 'state': 'unlit', 'advancing': True}
2023-12-08 12:15:23,824 : INFO : EventManager : Event: ======'medalR_shot_default_hit'====== Args={'profile': 'default', 'state': 'unlit', 'advancing': True}
2023-12-08 12:15:23,825 : INFO : EventManager : Event: ======'medalR_shot_default_unlit_hit'====== Args={'profile': 'default', 'state': 'unlit', 'advancing': True}
2023-12-08 12:15:23,825 : INFO : EventManager : Event: ======'medalR_shot_unlit_hit'====== Args={'profile': 'default', 'state': 'unlit', 'advancing': True}
2023-12-08 12:15:23,825 : INFO : EventManager : Event: ======'medal_shot_complete'====== Args={'state': 'lit'}
2023-12-08 12:15:23,825 : INFO : EventManager : Event: ======'medal_shot_lit_complete'====== Args={}
2023-12-08 12:15:23,825 : INFO : EventManager : Event: ======'medal_shot_hit'====== Args={}
2023-12-08 12:15:23,826 : INFO : EventManager : Event: ======'medal_shot_unlit_hit'====== Args={}
2023-12-08 12:15:23,826 : INFO : EventManager : Event: ======'player_shot_medalL_shot'====== Args={'value': 0, 'prev_value': 1, 'change': -1, 'player_num': 1}
2023-12-08 12:15:23,826 : INFO : EventManager : Event: ======'player_shot_medalM_shot'====== Args={'value': 0, 'prev_value': 1, 'change': -1, 'player_num': 1}
2023-12-08 12:15:23,827 : INFO : EventManager : Event: ======'player_shot_medalR_shot'====== Args={'value': 0, 'prev_value': 1, 'change': -1, 'player_num': 1}
2023-12-08 12:15:23,828 : INFO : EventManager : Event: ======'logicblock_medal_shot_complete_count_updated'====== Args={'value': 2, 'enabled': True}
2023-12-08 12:15:23,828 : INFO : EventManager : Event: ======'medal_shot_done'====== Args={'count': 2}
2023-12-08 12:15:23,828 : INFO : Timer.medal_countdown_timer : Starting Timer.
2023-12-08 12:15:23,829 : INFO : EventManager : Event: ======'timer_medal_countdown_timer_started'====== Args={'ticks': 5, 'ticks_remaining': 5}
2023-12-08 12:15:23,829 : INFO : EventManager : Event: ======'timer_medal_countdown_timer_tick'====== Args={'ticks': 5, 'ticks_remaining': 5}
2023-12-08 12:15:23,829 : INFO : EventManager : Event: ======'player_score'====== Args={'value': 13000, 'prev_value': 3000, 'change': 10000, 'player_num': 1}
2023-12-08 12:15:23,830 : INFO : EventManager : Event: ======'player_score'====== Args={'value': 14500, 'prev_value': 13000, 'change': 1500, 'player_num': 1}
2023-12-08 12:15:23,830 : INFO : EventManager : Event: ======'playfield_active'====== Args={}
2023-12-08 12:15:23,830 : INFO : EventManager : Event: ======'unexpected_ball_on_playfield'====== Args={}
2023-12-08 12:15:23,930 : INFO : SwitchController : <<<<<<< 's_medal_drop_right' inactive >>>>>>>
2023-12-08 12:15:24,839 : INFO : EventManager : Event: ======'player_medal_medal_countdown_timer_tick'====== Args={'value': 4, 'prev_value': 0, 'change': 4, 'player_num': 1}
2023-12-08 12:15:24,852 : INFO : EventManager : Event: ======'timer_medal_countdown_timer_tick'====== Args={'ticks': 4, 'ticks_remaining': 4}
2023-12-08 12:15:25,647 : INFO : ball_device.bd_trough : State: failed_confirm
2023-12-08 12:15:25,649 : INFO : ball_device.bd_trough : Got timeout (10.0s) before confirm from <ball_device.bd_plunger>
2023-12-08 12:15:25,650 : INFO : ball_device.bd_plunger : Expecting incoming ball which may skip the device.
2023-12-08 12:15:25,651 : INFO : EventManager : Event: ======'balldevice_bd_plunger_ejecting_ball'====== Args={'balls': 1, 'target': <playfield.playfield>, 'source': <ball_device.bd_plunger>, 'mechanical_eject': False, 'num_attempts': 1}
2023-12-08 12:15:25,837 : INFO : EventManager : Event: ======'player_medal_medal_countdown_timer_tick'====== Args={'value': 3, 'prev_value': 4, 'change': -1, 'player_num': 1}
2023-12-08 12:15:25,839 : INFO : EventManager : Event: ======'timer_medal_countdown_timer_tick'====== Args={'ticks': 3, 'ticks_remaining': 3}
2023-12-08 12:15:26,829 : INFO : EventManager : Event: ======'player_medal_medal_countdown_timer_tick'====== Args={'value': 2, 'prev_value': 3, 'change': -1, 'player_num': 1}
2023-12-08 12:15:26,831 : INFO : EventManager : Event: ======'timer_medal_countdown_timer_tick'====== Args={'ticks': 2, 'ticks_remaining': 2}
2023-12-08 12:15:27,824 : INFO : EventManager : Event: ======'player_medal_medal_countdown_timer_tick'====== Args={'value': 1, 'prev_value': 2, 'change': -1, 'player_num': 1}
2023-12-08 12:15:27,826 : INFO : EventManager : Event: ======'timer_medal_countdown_timer_tick'====== Args={'ticks': 1, 'ticks_remaining': 1}
2023-12-08 12:15:28,849 : INFO : EventManager : Event: ======'player_medal_medal_countdown_timer_tick'====== Args={'value': 0, 'prev_value': 1, 'change': -1, 'player_num': 1}
2023-12-08 12:15:28,850 : INFO : Timer.medal_countdown_timer : Timer Complete
2023-12-08 12:15:28,851 : INFO : Timer.medal_countdown_timer : Stopping Timer
2023-12-08 12:15:28,853 : INFO : EventManager : Event: ======'timer_medal_countdown_timer_stopped'====== Args={'ticks': 0, 'ticks_remaining': 1}
2023-12-08 12:15:28,853 : INFO : EventManager : Event: ======'timer_medal_countdown_timer_complete'====== Args={'ticks': 0, 'ticks_remaining': 1}
2023-12-08 12:15:28,857 : ERROR : asyncio : Exception in callback EventManager.process_event_queue()
handle: <Handle EventManager.process_event_queue()>
Traceback (most recent call last):
  File "c:\users\student\mpfenv\lib\site-packages\mpf\core\placeholder_manager.py", line 79, in evaluate
    result = self.placeholder_manager.evaluate_template(self.template, parameters)
  File "c:\users\student\mpfenv\lib\site-packages\mpf\core\placeholder_manager.py", line 849, in evaluate_template
    return self._eval(template, parameters, False)[0]
  File "c:\users\student\mpfenv\lib\site-packages\mpf\core\placeholder_manager.py", line 791, in _eval
    return self._eval_methods[type(node)](node, variables, subscribe)
  File "c:\users\student\mpfenv\lib\site-packages\mpf\core\placeholder_manager.py", line 711, in _eval_compare
    left_value, left_subscription = self._eval(node.left, variables, subscribe)
  File "c:\users\student\mpfenv\lib\site-packages\mpf\core\placeholder_manager.py", line 791, in _eval
    return self._eval_methods[type(node)](node, variables, subscribe)
  File "c:\users\student\mpfenv\lib\site-packages\mpf\core\placeholder_manager.py", line 735, in _eval_attribute
    raise AssertionError("Cannot access {} in path because the parent is None".format(node))
AssertionError: Cannot access <_ast.Attribute object at 0x000002622F01ADC8> in path because the parent is None

The above exception was the direct cause of the following exception:

Traceback (most recent call last):
  File "C:\Program Files\Python37\lib\asyncio\events.py", line 88, in _run
    self._context.run(self._callback, *self._args)
  File "c:\users\student\mpfenv\lib\site-packages\mpf\core\events.py", line 782, in process_event_queue
    **event[3])
  File "c:\users\student\mpfenv\lib\site-packages\mpf\core\events.py", line 741, in _process_event
    result = self._run_handlers(event, ev_type, kwargs)
  File "c:\users\student\mpfenv\lib\site-packages\mpf\core\events.py", line 681, in _run_handlers
    if handler.condition is not None and not handler.condition.evaluate(merged_kwargs):
  File "c:\users\student\mpfenv\lib\site-packages\mpf\core\placeholder_manager.py", line 90, in evaluate
    type(self), self.text, parameters)) from e
AssertionError: Failed to evaluate <class 'mpf.core.placeholder_manager.BoolTemplate'> template current_player.medal_shot_done.count==2 with parameters {'ticks': 0, 'ticks_remaining': 1, 'calling_context': 'timer_medal_countdown_timer_complete{current_player.medal_shot_done.count==2}', 'mode': <Mode.medal>, 'settings': {<light.l_medal_spot_1>: {'color': <RGBColor (0, 0, 0) (black)>, 'fade': None, 'priority': 0}}}
2023-12-08 12:15:28,907 : INFO : Machine : Shutting down...
2023-12-08 12:15:28,907 : INFO : EventManager : Event: ======'shutdown'====== Args={}
2023-12-08 12:15:28,909 : ERROR : Machine : Runtime Exception
Traceback (most recent call last):
  File "c:\users\student\mpfenv\lib\site-packages\mpf\core\placeholder_manager.py", line 79, in evaluate
    result = self.placeholder_manager.evaluate_template(self.template, parameters)
  File "c:\users\student\mpfenv\lib\site-packages\mpf\core\placeholder_manager.py", line 849, in evaluate_template
    return self._eval(template, parameters, False)[0]
  File "c:\users\student\mpfenv\lib\site-packages\mpf\core\placeholder_manager.py", line 791, in _eval
    return self._eval_methods[type(node)](node, variables, subscribe)
  File "c:\users\student\mpfenv\lib\site-packages\mpf\core\placeholder_manager.py", line 711, in _eval_compare
    left_value, left_subscription = self._eval(node.left, variables, subscribe)
  File "c:\users\student\mpfenv\lib\site-packages\mpf\core\placeholder_manager.py", line 791, in _eval
    return self._eval_methods[type(node)](node, variables, subscribe)
  File "c:\users\student\mpfenv\lib\site-packages\mpf\core\placeholder_manager.py", line 735, in _eval_attribute
    raise AssertionError("Cannot access {} in path because the parent is None".format(node))
AssertionError: Cannot access <_ast.Attribute object at 0x000002622F01ADC8> in path because the parent is None

The above exception was the direct cause of the following exception:

Traceback (most recent call last):
  File "c:\users\student\mpfenv\lib\site-packages\mpf\core\machine.py", line 769, in _run_loop
    raise self._exception['exception']
  File "C:\Program Files\Python37\lib\asyncio\events.py", line 88, in _run
    self._context.run(self._callback, *self._args)
  File "c:\users\student\mpfenv\lib\site-packages\mpf\core\events.py", line 782, in process_event_queue
    **event[3])
  File "c:\users\student\mpfenv\lib\site-packages\mpf\core\events.py", line 741, in _process_event
    result = self._run_handlers(event, ev_type, kwargs)
  File "c:\users\student\mpfenv\lib\site-packages\mpf\core\events.py", line 681, in _run_handlers
    if handler.condition is not None and not handler.condition.evaluate(merged_kwargs):
  File "c:\users\student\mpfenv\lib\site-packages\mpf\core\placeholder_manager.py", line 90, in evaluate
    type(self), self.text, parameters)) from e
AssertionError: Failed to evaluate <class 'mpf.core.placeholder_manager.BoolTemplate'> template current_player.medal_shot_done.count==2 with parameters {'ticks': 0, 'ticks_remaining': 1, 'calling_context': 'timer_medal_countdown_timer_complete{current_player.medal_shot_done.count==2}', 'mode': <Mode.medal>, 'settings': {<light.l_medal_spot_1>: {'color': <RGBColor (0, 0, 0) (black)>, 'fade': None, 'priority': 0}}}
2023-12-08 12:39:16,267 : INFO : root : MPF run loop ended.
