2023-02-16 13:24:08,432 : INFO : root : Loading config.
2023-02-16 13:24:08,760 : INFO : ConfigProcessor : Config spec file cache created: C:\Users\student\AppData\Local\Temp\config_spec.mpf_cache
2023-02-16 13:24:08,760 : INFO : YamlMultifileConfigLoader : Machine config file #1: config.yaml
2023-02-16 13:24:08,760 : INFO : ConfigProcessor : Loading config from file c:\users\student\mpfenv\lib\site-packages\mpf\mpfconfig.yaml.
2023-02-16 13:24:08,830 : INFO : ConfigProcessor : Loading config: c:\users\student\mpfenv\lib\site-packages\mpf\mpfconfig.yaml
2023-02-16 13:24:08,831 : INFO : ConfigProcessor : Loading config from file C:\Users\student\pinball\cobraPinTest1\config\config.yaml.
2023-02-16 13:24:08,865 : INFO : ConfigProcessor : Loading config: C:\Users\student\pinball\cobraPinTest1\config\config.yaml
2023-02-16 13:24:08,866 : INFO : ConfigProcessor : Config file cache created: C:\Users\student\AppData\Local\Temp\f1427cd4cbc9163bc2263f349f0fb463.mpf_cache
2023-02-16 13:24:08,932 : INFO : ConfigProcessor : Loading config from file c:\users\student\mpfenv\lib\site-packages\mpf\modes\attract\config\attract.yaml.
2023-02-16 13:24:08,934 : INFO : ConfigProcessor : Loading config: c:\users\student\mpfenv\lib\site-packages\mpf\modes\attract\config\attract.yaml
2023-02-16 13:24:08,934 : INFO : ConfigProcessor : Loading config from file C:\Users\student\pinball\cobraPinTest1\modes\attract\config\attract.yaml.
2023-02-16 13:24:08,936 : INFO : ConfigProcessor : Loading config: C:\Users\student\pinball\cobraPinTest1\modes\attract\config\attract.yaml
2023-02-16 13:24:08,937 : INFO : ConfigProcessor : Config file cache created: C:\Users\student\AppData\Local\Temp\32ed7ad340ce8029344f8b9ff63edc80.mpf_cache
2023-02-16 13:24:08,937 : INFO : ConfigProcessor : Loading config from file c:\users\student\mpfenv\lib\site-packages\mpf\modes\game\config\game.yaml.
2023-02-16 13:24:08,939 : INFO : ConfigProcessor : Loading config: c:\users\student\mpfenv\lib\site-packages\mpf\modes\game\config\game.yaml
2023-02-16 13:24:08,940 : INFO : ConfigProcessor : Config file cache created: C:\Users\student\AppData\Local\Temp\8696bd5a5a040ff67990be11cb4d3c0c.mpf_cache
2023-02-16 13:24:08,940 : INFO : ConfigProcessor : Loading config from file C:\Users\student\pinball\cobraPinTest1\modes\base\config\base.yaml.
2023-02-16 13:24:08,945 : INFO : ConfigProcessor : Loading config: C:\Users\student\pinball\cobraPinTest1\modes\base\config\base.yaml
2023-02-16 13:24:08,946 : INFO : ConfigProcessor : Config file cache created: C:\Users\student\AppData\Local\Temp\4675a535c8328a9c278c807d999ed109.mpf_cache
2023-02-16 13:24:08,947 : INFO : ConfigProcessor : Loading config from file C:\Users\student\pinball\cobraPinTest1\modes\test\config\test.yaml.
2023-02-16 13:24:08,958 : INFO : ConfigProcessor : Loading config: C:\Users\student\pinball\cobraPinTest1\modes\test\config\test.yaml
2023-02-16 13:24:08,959 : INFO : ConfigProcessor : Config file cache created: C:\Users\student\AppData\Local\Temp\6863c7980a2d523b8446b56156d9434c.mpf_cache
2023-02-16 13:24:08,959 : INFO : ConfigProcessor : Loading config from file C:\Users\student\pinball\cobraPinTest1\modes\attract\shows\.\attract_display_loop.yaml.
2023-02-16 13:24:08,968 : INFO : ConfigProcessor : Loading config: C:\Users\student\pinball\cobraPinTest1\modes\attract\shows\.\attract_display_loop.yaml
2023-02-16 13:24:08,969 : INFO : ConfigProcessor : Config file cache created: C:\Users\student\AppData\Local\Temp\f8d2c2cf3ea01f085365ea23fa51a701.mpf_cache
2023-02-16 13:24:08,969 : INFO : ConfigProcessor : Loading config from file C:\Users\student\pinball\cobraPinTest1\modes\attract\shows\.\attract_light_show.yaml.
2023-02-16 13:24:08,972 : INFO : ConfigProcessor : Loading config: C:\Users\student\pinball\cobraPinTest1\modes\attract\shows\.\attract_light_show.yaml
2023-02-16 13:24:08,973 : INFO : ConfigProcessor : Config file cache created: C:\Users\student\AppData\Local\Temp\30bd992f4b62a9b099207aebeb59554c.mpf_cache
2023-02-16 13:24:08,973 : INFO : Machine : Mission Pinball Framework Core Engine v0.55.0
2023-02-16 13:24:08,973 : INFO : Machine : Command line arguments: {'no_load_cache': True, 'create_config_cache': True, 'bcp': True, 'configfile': ['config.yaml'], 'force_assets_load': False, 'jsonlogging': False, 'logfile': 'logs\\2023-02-16-13-24-08-mpf-DESKTOP-0JH7ARL.log', 'pause': False, 'production': False, 'text_ui': True, 'loglevel': 15, 'consoleloglevel': 20, 'force_platform': None, 'syslog_address': None, 'mc_file_name': None, 'no_sound': False}
2023-02-16 13:24:08,974 : INFO : Machine : MPF path: c:\users\student\mpfenv\lib\site-packages\mpf
2023-02-16 13:24:08,974 : INFO : Machine : Machine path: C:\Users\student\pinball\cobraPinTest1
2023-02-16 13:24:08,974 : INFO : Machine : Platform: win32
2023-02-16 13:24:08,974 : INFO : Machine : Python executable location: c:\users\student\mpfenv\scripts\python.exe
2023-02-16 13:24:08,974 : INFO : Machine : Python version: 3.7.8 (64-bit)
2023-02-16 13:24:08,975 : INFO : Machine : Initialise MPF.
2023-02-16 13:24:09,140 : INFO : EventManager : Event: ======'machine_var_credits_string'====== Args={'value': 'FREE PLAY', 'prev_value': None, 'change': True}
2023-02-16 13:24:09,178 : INFO : EventManager : Event: ======'machine_var_master_volume'====== Args={'value': 0.5, 'prev_value': None, 'change': True}
2023-02-16 13:24:09,178 : INFO : EventManager : Event: ======'machine_var_player1_score'====== Args={'value': 1500, 'prev_value': None, 'change': True}
2023-02-16 13:24:09,178 : INFO : EventManager : Event: ======'machine_var_mpf_version'====== Args={'value': 'MPF v0.55.0', 'prev_value': None, 'change': True}
2023-02-16 13:24:09,178 : INFO : EventManager : Event: ======'machine_var_mpf_extended_version'====== Args={'value': 'MPF v0.55.0, Config version:5, Show version: 5, BCP version:1.1', 'prev_value': None, 'change': True}
2023-02-16 13:24:09,179 : INFO : EventManager : Event: ======'machine_var_python_version'====== Args={'value': '3.7.8', 'prev_value': None, 'change': True}
2023-02-16 13:24:09,179 : INFO : EventManager : Event: ======'machine_var_platform'====== Args={'value': 'Windows-10-10.0.19041-SP0', 'prev_value': None, 'change': True}
2023-02-16 13:24:09,179 : INFO : EventManager : Event: ======'machine_var_platform_system'====== Args={'value': 'Windows', 'prev_value': None, 'change': True}
2023-02-16 13:24:09,179 : INFO : EventManager : Event: ======'machine_var_platform_release'====== Args={'value': '10', 'prev_value': None, 'change': True}
2023-02-16 13:24:09,179 : INFO : EventManager : Event: ======'machine_var_platform_version'====== Args={'value': '10.0.19041', 'prev_value': None, 'change': True}
2023-02-16 13:24:09,179 : INFO : EventManager : Event: ======'machine_var_platform_machine'====== Args={'value': 'AMD64', 'prev_value': None, 'change': True}
2023-02-16 13:24:09,179 : INFO : EventManager : Event: ======'init_phase_1'====== Args={}
2023-02-16 13:24:09,192 : INFO : EventManager : Event: ======'logicblock_reentry_switch_counter_updated'====== Args={'value': 0, 'enabled': True}
2023-02-16 13:24:09,192 : INFO : EventManager : Event: ======'logicblock_reentry_switch_counter_updated'====== Args={'value': 0, 'enabled': True}
2023-02-16 13:24:09,195 : INFO : EventManager : Event: ======'init_phase_2'====== Args={}
2023-02-16 13:24:09,195 : INFO : SwitchController : Found active switch: ('0-0-8', <Platform.Virtual>) <switch.s_trough1>
2023-02-16 13:24:09,198 : INFO : EventManager : Event: ======'bcp_connection_attempt'====== Args={'name': 'local_display', 'host': 'localhost', 'port': 5050}
2023-02-16 13:24:09,199 : INFO : BCPClientSocket : Connecting BCP to 'local_display' at localhost:5050...
2023-02-16 13:24:11,249 : INFO : BCPClientSocket : Connected BCP to 'local_display' localhost:5050
2023-02-16 13:24:11,251 : INFO : EventManager : Event: ======'bcp_clients_connected'====== Args={}
2023-02-16 13:24:11,270 : INFO : ball_device.bd_trough : BCH: Initial count: 1
2023-02-16 13:24:11,271 : INFO : EventManager : Event: ======'machine_var_mc_version'====== Args={'value': 'MPF-MC v0.55.0', 'prev_value': None, 'change': True}
2023-02-16 13:24:11,271 : INFO : EventManager : Event: ======'machine_var_mc_extended_version'====== Args={'value': 'MPF-MC v0.55.0 (config_version=5, BCP v1.1, Requires MPF v0.55.0-dev.49)', 'prev_value': None, 'change': True}
2023-02-16 13:24:11,272 : INFO : ball_device.bd_trough : State: idle
2023-02-16 13:24:11,284 : INFO : ball_device.bd_plunger : BCH: Initial count: 0
2023-02-16 13:24:11,285 : INFO : ball_device.bd_plunger : State: idle
2023-02-16 13:24:11,344 : INFO : EventManager : Event: ======'init_phase_3'====== Args={}
2023-02-16 13:24:11,348 : INFO : EventManager : Event: ======'init_phase_4'====== Args={}
2023-02-16 13:24:11,348 : INFO : BallController : Initial balls found: 1
2023-02-16 13:24:11,349 : INFO : EventManager : Event: ======'machine_var_audits_events_game_ended'====== Args={'value': 0, 'prev_value': None, 'change': True}
2023-02-16 13:24:11,350 : INFO : EventManager : Event: ======'machine_var_audits_events_game_started'====== Args={'value': 0, 'prev_value': None, 'change': True}
2023-02-16 13:24:11,350 : INFO : EventManager : Event: ======'machine_var_audits_player_score'====== Args={'value': {'average': 1800.0, 'top': [2000, 1900, 1500], 'total': 3}, 'prev_value': None, 'change': True}
2023-02-16 13:24:11,351 : INFO : EventManager : Event: ======'machine_var_audits_shots_my_first_shot'====== Args={'value': 119, 'prev_value': None, 'change': True}
2023-02-16 13:24:11,351 : INFO : EventManager : Event: ======'machine_var_audits_shots_my_first_shot_mode2'====== Args={'value': 72, 'prev_value': None, 'change': True}
2023-02-16 13:24:11,351 : INFO : EventManager : Event: ======'machine_var_audits_shots_reentryL_shot'====== Args={'value': 96, 'prev_value': None, 'change': True}
2023-02-16 13:24:11,352 : INFO : EventManager : Event: ======'machine_var_audits_shots_reentryM_shot'====== Args={'value': 95, 'prev_value': None, 'change': True}
2023-02-16 13:24:11,352 : INFO : EventManager : Event: ======'machine_var_audits_shots_reentryR_shot'====== Args={'value': 78, 'prev_value': None, 'change': True}
2023-02-16 13:24:11,352 : INFO : EventManager : Event: ======'machine_var_audits_shots_reentry_shot'====== Args={'value': 9, 'prev_value': None, 'change': True}
2023-02-16 13:24:11,353 : INFO : EventManager : Event: ======'machine_var_audits_shots_top_lane_A'====== Args={'value': 2, 'prev_value': None, 'change': True}
2023-02-16 13:24:11,353 : INFO : EventManager : Event: ======'machine_var_audits_shots_top_lane_J'====== Args={'value': 2, 'prev_value': None, 'change': True}
2023-02-16 13:24:11,353 : INFO : EventManager : Event: ======'machine_var_audits_shots_top_lane_M'====== Args={'value': 1, 'prev_value': None, 'change': True}
2023-02-16 13:24:11,353 : INFO : EventManager : Event: ======'machine_var_audits_switches_s_blackhole_kicker'====== Args={'value': 0, 'prev_value': None, 'change': True}
2023-02-16 13:24:11,353 : INFO : EventManager : Event: ======'machine_var_audits_switches_s_bonus_lane'====== Args={'value': 0, 'prev_value': None, 'change': True}
2023-02-16 13:24:11,354 : INFO : EventManager : Event: ======'machine_var_audits_switches_s_booster_drop_target_1'====== Args={'value': 0, 'prev_value': None, 'change': True}
2023-02-16 13:24:11,354 : INFO : EventManager : Event: ======'machine_var_audits_switches_s_booster_drop_target_2'====== Args={'value': 0, 'prev_value': None, 'change': True}
2023-02-16 13:24:11,354 : INFO : EventManager : Event: ======'machine_var_audits_switches_s_booster_drop_target_3'====== Args={'value': 0, 'prev_value': None, 'change': True}
2023-02-16 13:24:11,354 : INFO : EventManager : Event: ======'machine_var_audits_switches_s_comet_spot_1'====== Args={'value': 0, 'prev_value': None, 'change': True}
2023-02-16 13:24:11,355 : INFO : EventManager : Event: ======'machine_var_audits_switches_s_comet_spot_2'====== Args={'value': 0, 'prev_value': None, 'change': True}
2023-02-16 13:24:11,355 : INFO : EventManager : Event: ======'machine_var_audits_switches_s_comet_spot_3'====== Args={'value': 0, 'prev_value': None, 'change': True}
2023-02-16 13:24:11,355 : INFO : EventManager : Event: ======'machine_var_audits_switches_s_engine_bumper_1'====== Args={'value': 0, 'prev_value': None, 'change': True}
2023-02-16 13:24:11,355 : INFO : EventManager : Event: ======'machine_var_audits_switches_s_engine_bumper_2'====== Args={'value': 0, 'prev_value': None, 'change': True}
2023-02-16 13:24:11,356 : INFO : EventManager : Event: ======'machine_var_audits_switches_s_engine_bumper_3'====== Args={'value': 0, 'prev_value': None, 'change': True}
2023-02-16 13:24:11,356 : INFO : EventManager : Event: ======'machine_var_audits_switches_s_fuel_chute_1'====== Args={'value': 0, 'prev_value': None, 'change': True}
2023-02-16 13:24:11,356 : INFO : EventManager : Event: ======'machine_var_audits_switches_s_fuel_chute_2'====== Args={'value': 0, 'prev_value': None, 'change': True}
2023-02-16 13:24:11,356 : INFO : EventManager : Event: ======'machine_var_audits_switches_s_fuel_chute_3'====== Args={'value': 0, 'prev_value': None, 'change': True}
2023-02-16 13:24:11,356 : INFO : EventManager : Event: ======'machine_var_audits_switches_s_fuel_chute_4'====== Args={'value': 0, 'prev_value': None, 'change': True}
2023-02-16 13:24:11,357 : INFO : EventManager : Event: ======'machine_var_audits_switches_s_fuel_chute_5'====== Args={'value': 0, 'prev_value': None, 'change': True}
2023-02-16 13:24:11,357 : INFO : EventManager : Event: ======'machine_var_audits_switches_s_fuel_chute_6'====== Args={'value': 0, 'prev_value': None, 'change': True}
2023-02-16 13:24:11,357 : INFO : EventManager : Event: ======'machine_var_audits_switches_s_fuel_flag'====== Args={'value': 0, 'prev_value': None, 'change': True}
2023-02-16 13:24:11,357 : INFO : EventManager : Event: ======'machine_var_audits_switches_s_fuel_spot_1'====== Args={'value': 0, 'prev_value': None, 'change': True}
2023-02-16 13:24:11,358 : INFO : EventManager : Event: ======'machine_var_audits_switches_s_fuel_spot_2'====== Args={'value': 0, 'prev_value': None, 'change': True}
2023-02-16 13:24:11,358 : INFO : EventManager : Event: ======'machine_var_audits_switches_s_fuel_spot_3'====== Args={'value': 0, 'prev_value': None, 'change': True}
2023-02-16 13:24:11,359 : INFO : EventManager : Event: ======'machine_var_audits_switches_s_green_wormhole'====== Args={'value': 0, 'prev_value': None, 'change': True}
2023-02-16 13:24:11,359 : INFO : EventManager : Event: ======'machine_var_audits_switches_s_hyperspace_flag'====== Args={'value': 0, 'prev_value': None, 'change': True}
2023-02-16 13:24:11,359 : INFO : EventManager : Event: ======'machine_var_audits_switches_s_hyperspacekicker'====== Args={'value': 0, 'prev_value': None, 'change': True}
2023-02-16 13:24:11,359 : INFO : EventManager : Event: ======'machine_var_audits_switches_s_launch_lane_1'====== Args={'value': 0, 'prev_value': None, 'change': True}
2023-02-16 13:24:11,360 : INFO : EventManager : Event: ======'machine_var_audits_switches_s_launch_lane_2'====== Args={'value': 0, 'prev_value': None, 'change': True}
2023-02-16 13:24:11,360 : INFO : EventManager : Event: ======'machine_var_audits_switches_s_launch_lane_3'====== Args={'value': 0, 'prev_value': None, 'change': True}
2023-02-16 13:24:11,360 : INFO : EventManager : Event: ======'machine_var_audits_switches_s_launch_ramp'====== Args={'value': 0, 'prev_value': None, 'change': True}
2023-02-16 13:24:11,361 : INFO : EventManager : Event: ======'machine_var_audits_switches_s_left_attack_bumper'====== Args={'value': 0, 'prev_value': None, 'change': True}
2023-02-16 13:24:11,361 : INFO : EventManager : Event: ======'machine_var_audits_switches_s_left_flipper'====== Args={'value': 455, 'prev_value': None, 'change': True}
2023-02-16 13:24:11,361 : INFO : EventManager : Event: ======'machine_var_audits_switches_s_left_out_lane'====== Args={'value': 0, 'prev_value': None, 'change': True}
2023-02-16 13:24:11,361 : INFO : EventManager : Event: ======'machine_var_audits_switches_s_left_out_lane_kicker'====== Args={'value': 0, 'prev_value': None, 'change': True}
2023-02-16 13:24:11,362 : INFO : EventManager : Event: ======'machine_var_audits_switches_s_left_return_lane'====== Args={'value': 0, 'prev_value': None, 'change': True}
2023-02-16 13:24:11,362 : INFO : EventManager : Event: ======'machine_var_audits_switches_s_lower_attack_bumper'====== Args={'value': 0, 'prev_value': None, 'change': True}
2023-02-16 13:24:11,362 : INFO : EventManager : Event: ======'machine_var_audits_switches_s_lower_left_rebound'====== Args={'value': 0, 'prev_value': None, 'change': True}
2023-02-16 13:24:11,363 : INFO : EventManager : Event: ======'machine_var_audits_switches_s_lower_left_slingshot'====== Args={'value': 0, 'prev_value': None, 'change': True}
2023-02-16 13:24:11,363 : INFO : EventManager : Event: ======'machine_var_audits_switches_s_lower_right_rebound'====== Args={'value': 0, 'prev_value': None, 'change': True}
2023-02-16 13:24:11,363 : INFO : EventManager : Event: ======'machine_var_audits_switches_s_lower_right_slingshot'====== Args={'value': 0, 'prev_value': None, 'change': True}
2023-02-16 13:24:11,363 : INFO : EventManager : Event: ======'machine_var_audits_switches_s_medal_drop_left'====== Args={'value': 0, 'prev_value': None, 'change': True}
2023-02-16 13:24:11,364 : INFO : EventManager : Event: ======'machine_var_audits_switches_s_medal_drop_middle'====== Args={'value': 0, 'prev_value': None, 'change': True}
2023-02-16 13:24:11,365 : INFO : EventManager : Event: ======'machine_var_audits_switches_s_medal_drop_right'====== Args={'value': 0, 'prev_value': None, 'change': True}
2023-02-16 13:24:11,365 : INFO : EventManager : Event: ======'machine_var_audits_switches_s_mission_spot_1'====== Args={'value': 0, 'prev_value': None, 'change': True}
2023-02-16 13:24:11,366 : INFO : EventManager : Event: ======'machine_var_audits_switches_s_mission_spot_2'====== Args={'value': 0, 'prev_value': None, 'change': True}
2023-02-16 13:24:11,366 : INFO : EventManager : Event: ======'machine_var_audits_switches_s_mission_spot_3'====== Args={'value': 0, 'prev_value': None, 'change': True}
2023-02-16 13:24:11,367 : INFO : EventManager : Event: ======'machine_var_audits_switches_s_multiplier_left'====== Args={'value': 0, 'prev_value': None, 'change': True}
2023-02-16 13:24:11,367 : INFO : EventManager : Event: ======'machine_var_audits_switches_s_multiplier_middle'====== Args={'value': 0, 'prev_value': None, 'change': True}
2023-02-16 13:24:11,367 : INFO : EventManager : Event: ======'machine_var_audits_switches_s_multiplier_right'====== Args={'value': 0, 'prev_value': None, 'change': True}
2023-02-16 13:24:11,368 : INFO : EventManager : Event: ======'machine_var_audits_switches_s_plunger'====== Args={'value': 74, 'prev_value': None, 'change': True}
2023-02-16 13:24:11,368 : INFO : EventManager : Event: ======'machine_var_audits_switches_s_radiationspot_1'====== Args={'value': 0, 'prev_value': None, 'change': True}
2023-02-16 13:24:11,369 : INFO : EventManager : Event: ======'machine_var_audits_switches_s_radiationspot_2'====== Args={'value': 0, 'prev_value': None, 'change': True}
2023-02-16 13:24:11,369 : INFO : EventManager : Event: ======'machine_var_audits_switches_s_radiationspot_3'====== Args={'value': 0, 'prev_value': None, 'change': True}
2023-02-16 13:24:11,370 : INFO : EventManager : Event: ======'machine_var_audits_switches_s_red_wormhole'====== Args={'value': 0, 'prev_value': None, 'change': True}
2023-02-16 13:24:11,371 : INFO : EventManager : Event: ======'machine_var_audits_switches_s_reentry_left'====== Args={'value': 441, 'prev_value': None, 'change': True}
2023-02-16 13:24:11,371 : INFO : EventManager : Event: ======'machine_var_audits_switches_s_reentry_middle'====== Args={'value': 159, 'prev_value': None, 'change': True}
2023-02-16 13:24:11,372 : INFO : EventManager : Event: ======'machine_var_audits_switches_s_reentry_right'====== Args={'value': 128, 'prev_value': None, 'change': True}
2023-02-16 13:24:11,372 : INFO : EventManager : Event: ======'machine_var_audits_switches_s_right_flipper'====== Args={'value': 183, 'prev_value': None, 'change': True}
2023-02-16 13:24:11,373 : INFO : EventManager : Event: ======'machine_var_audits_switches_s_right_inlane'====== Args={'value': 0, 'prev_value': None, 'change': True}
2023-02-16 13:24:11,373 : INFO : EventManager : Event: ======'machine_var_audits_switches_s_right_out_lane'====== Args={'value': 0, 'prev_value': None, 'change': True}
2023-02-16 13:24:11,373 : INFO : EventManager : Event: ======'machine_var_audits_switches_s_right_out_lane_kicker'====== Args={'value': 0, 'prev_value': None, 'change': True}
2023-02-16 13:24:11,374 : INFO : EventManager : Event: ======'machine_var_audits_switches_s_right_return_lane'====== Args={'value': 0, 'prev_value': None, 'change': True}
2023-02-16 13:24:11,374 : INFO : EventManager : Event: ======'machine_var_audits_switches_s_satellite_bumper'====== Args={'value': 0, 'prev_value': None, 'change': True}
2023-02-16 13:24:11,374 : INFO : EventManager : Event: ======'machine_var_audits_switches_s_secondary_outlane_kicker'====== Args={'value': 0, 'prev_value': None, 'change': True}
2023-02-16 13:24:11,375 : INFO : EventManager : Event: ======'machine_var_audits_switches_s_skill_shot_1'====== Args={'value': 0, 'prev_value': None, 'change': True}
2023-02-16 13:24:11,375 : INFO : EventManager : Event: ======'machine_var_audits_switches_s_skill_shot_2'====== Args={'value': 0, 'prev_value': None, 'change': True}
2023-02-16 13:24:11,375 : INFO : EventManager : Event: ======'machine_var_audits_switches_s_skill_shot_3'====== Args={'value': 0, 'prev_value': None, 'change': True}
2023-02-16 13:24:11,376 : INFO : EventManager : Event: ======'machine_var_audits_switches_s_skill_shot_4'====== Args={'value': 0, 'prev_value': None, 'change': True}
2023-02-16 13:24:11,376 : INFO : EventManager : Event: ======'machine_var_audits_switches_s_skill_shot_5'====== Args={'value': 0, 'prev_value': None, 'change': True}
2023-02-16 13:24:11,377 : INFO : EventManager : Event: ======'machine_var_audits_switches_s_skill_shot_6'====== Args={'value': 0, 'prev_value': None, 'change': True}
2023-02-16 13:24:11,377 : INFO : EventManager : Event: ======'machine_var_audits_switches_s_skill_shot_lane'====== Args={'value': 0, 'prev_value': None, 'change': True}
2023-02-16 13:24:11,377 : INFO : EventManager : Event: ======'machine_var_audits_switches_s_spacewarp_rollover'====== Args={'value': 0, 'prev_value': None, 'change': True}
2023-02-16 13:24:11,378 : INFO : EventManager : Event: ======'machine_var_audits_switches_s_start'====== Args={'value': 3, 'prev_value': None, 'change': True}
2023-02-16 13:24:11,378 : INFO : EventManager : Event: ======'machine_var_audits_switches_s_trough1'====== Args={'value': 28, 'prev_value': None, 'change': True}
2023-02-16 13:24:11,378 : INFO : EventManager : Event: ======'machine_var_audits_switches_s_trough2'====== Args={'value': 0, 'prev_value': None, 'change': True}
2023-02-16 13:24:11,379 : INFO : EventManager : Event: ======'machine_var_audits_switches_s_trough3'====== Args={'value': 0, 'prev_value': None, 'change': True}
2023-02-16 13:24:11,379 : INFO : EventManager : Event: ======'machine_var_audits_switches_s_trough4'====== Args={'value': 0, 'prev_value': None, 'change': True}
2023-02-16 13:24:11,380 : INFO : EventManager : Event: ======'machine_var_audits_switches_s_trough5'====== Args={'value': 0, 'prev_value': None, 'change': True}
2023-02-16 13:24:11,380 : INFO : EventManager : Event: ======'machine_var_audits_switches_s_trough6'====== Args={'value': 0, 'prev_value': None, 'change': True}
2023-02-16 13:24:11,380 : INFO : EventManager : Event: ======'machine_var_audits_switches_s_trough_jam'====== Args={'value': 0, 'prev_value': None, 'change': True}
2023-02-16 13:24:11,381 : INFO : EventManager : Event: ======'machine_var_audits_switches_s_upper_attack_bumper'====== Args={'value': 0, 'prev_value': None, 'change': True}
2023-02-16 13:24:11,381 : INFO : EventManager : Event: ======'machine_var_audits_switches_s_upper_left_rebound'====== Args={'value': 0, 'prev_value': None, 'change': True}
2023-02-16 13:24:11,382 : INFO : EventManager : Event: ======'machine_var_audits_switches_s_upper_right_rebound'====== Args={'value': 0, 'prev_value': None, 'change': True}
2023-02-16 13:24:11,382 : INFO : EventManager : Event: ======'machine_var_audits_switches_s_wormhole_target'====== Args={'value': 0, 'prev_value': None, 'change': True}
2023-02-16 13:24:11,382 : INFO : EventManager : Event: ======'machine_var_audits_switches_s_yellow_wormhole'====== Args={'value': 0, 'prev_value': None, 'change': True}
2023-02-16 13:24:11,383 : INFO : EventManager : Event: ======'init_phase_5'====== Args={}
2023-02-16 13:24:11,395 : INFO : EventManager : Event: ======'init_done'====== Args={}
2023-02-16 13:24:11,395 : INFO : EventManager : Event: ======'machine_reset_phase_1'====== Args={}
2023-02-16 13:24:11,396 : INFO : EventManager : Event: ======'slide_welcome_slide_removed'====== Args={'_from_bcp': True}
2023-02-16 13:24:11,398 : INFO : EventManager : Event: ======'slide_welcome_slide_created'====== Args={'_from_bcp': True}
2023-02-16 13:24:11,399 : INFO : EventManager : Event: ======'slide_welcome_slide_active'====== Args={'_from_bcp': True}
2023-02-16 13:24:11,404 : INFO : EventManager : Event: ======'machine_reset_phase_2'====== Args={}
2023-02-16 13:24:11,404 : INFO : EventManager : Event: ======'machine_reset_phase_3'====== Args={}
2023-02-16 13:24:11,404 : INFO : EventManager : Event: ======'reset_complete'====== Args={}
2023-02-16 13:24:11,404 : INFO : EventManager : Event: ======'mode_attract_will_start'====== Args={}
2023-02-16 13:24:11,405 : INFO : EventManager : Event: ======'mode_attract_starting'====== Args={}
2023-02-16 13:24:11,405 : INFO : Mode.attract : Started. Priority: 10
2023-02-16 13:24:11,405 : INFO : EventManager : Event: ======'modes_active_modes_changed'====== Args={}
2023-02-16 13:24:11,405 : INFO : EventManager : Event: ======'mode_attract_started'====== Args={}
2023-02-16 13:24:11,406 : INFO : EventManager : Event: ======'collecting_balls_complete'====== Args={}
2023-02-16 13:24:11,426 : INFO : EventManager : Event: ======'slide_awesome_slide_created'====== Args={'_from_bcp': True}
2023-02-16 13:24:11,426 : INFO : EventManager : Event: ======'slide_awesome_slide_active'====== Args={'_from_bcp': True}
2023-02-16 13:24:11,426 : INFO : Machine : Starting the main run loop.
2023-02-16 13:24:12,120 : INFO : BcpServer : New client connected.
2023-02-16 13:24:12,569 : INFO : SwitchController : <<<<<<< 's_start' active >>>>>>>
2023-02-16 13:24:12,586 : INFO : SwitchController : <<<<<<< 's_start' inactive >>>>>>>
2023-02-16 13:24:12,586 : INFO : EventManager : Event: ======'request_to_start_game'====== Args={}
2023-02-16 13:24:12,586 : INFO : EventManager : Event: ======'game_start'====== Args={'buttons': [], 'hold_time': 0.014999999999417923}
2023-02-16 13:24:12,587 : INFO : EventManager : Event: ======'mode_game_will_start'====== Args={'buttons': [], 'hold_time': 0.014999999999417923}
2023-02-16 13:24:12,587 : INFO : EventManager : Event: ======'mode_game_starting'====== Args={'buttons': [], 'hold_time': 0.014999999999417923}
2023-02-16 13:24:12,587 : INFO : EventManager : Event: ======'mode_attract_will_stop'====== Args={}
2023-02-16 13:24:12,588 : INFO : EventManager : Event: ======'mode_attract_stopping'====== Args={}
2023-02-16 13:24:12,588 : INFO : Mode.attract : Stopped.
2023-02-16 13:24:12,588 : INFO : EventManager : Event: ======'modes_active_modes_changed'====== Args={}
2023-02-16 13:24:12,588 : INFO : EventManager : Event: ======'mode_attract_stopped'====== Args={}
2023-02-16 13:24:12,588 : INFO : EventManager : Event: ======'clear'====== Args={'key': 'attract'}
2023-02-16 13:24:12,588 : INFO : Mode.game : Started. Priority: 20
2023-02-16 13:24:12,588 : INFO : EventManager : Event: ======'modes_active_modes_changed'====== Args={}
2023-02-16 13:24:12,589 : INFO : EventManager : Event: ======'mode_game_started'====== Args={'buttons': [], 'hold_time': 0.014999999999417923}
2023-02-16 13:24:12,593 : INFO : EventManager : Event: ======'game_will_start'====== Args={}
2023-02-16 13:24:12,593 : INFO : EventManager : Event: ======'slide_awesome_slide_removed'====== Args={'_from_bcp': True}
2023-02-16 13:24:12,593 : INFO : EventManager : Event: ======'slide_welcome_slide_active'====== Args={'_from_bcp': True}
2023-02-16 13:24:12,594 : INFO : EventManager : Event: ======'game_starting'====== Args={'game': <Mode.game>}
2023-02-16 13:24:12,594 : INFO : EventManager : Event: ======'player_add_request'====== Args={}
2023-02-16 13:24:12,594 : INFO : EventManager : Event: ======'player_will_add'====== Args={'number': 1}
2023-02-16 13:24:12,594 : INFO : EventManager : Event: ======'player_adding'====== Args={'player': <Player 1>, 'number': 1}
2023-02-16 13:24:12,595 : INFO : EventManager : Event: ======'player_added'====== Args={'player': <Player 1>, 'num': 1}
2023-02-16 13:24:12,595 : INFO : Mode.game : Player added successfully. Total players: 1
2023-02-16 13:24:12,595 : INFO : EventManager : Event: ======'player_index'====== Args={'value': 0, 'prev_value': 0, 'change': 0, 'player_num': 1}
2023-02-16 13:24:12,595 : INFO : EventManager : Event: ======'player_number'====== Args={'value': 1, 'prev_value': 1, 'change': 0, 'player_num': 1}
2023-02-16 13:24:12,595 : INFO : EventManager : Event: ======'player_score'====== Args={'value': 0, 'prev_value': 0, 'change': 0, 'player_num': 1}
2023-02-16 13:24:12,596 : INFO : EventManager : Event: ======'game_started'====== Args={}
2023-02-16 13:24:12,610 : INFO : EventManager : Event: ======'player_turn_will_start'====== Args={'player': <Player 1>, 'number': 1}
2023-02-16 13:24:12,611 : INFO : EventManager : Event: ======'player_turn_starting'====== Args={'player': <Player 1>, 'number': 1}
2023-02-16 13:24:12,611 : INFO : EventManager : Event: ======'player_ball'====== Args={'value': 1, 'prev_value': 0, 'change': 1, 'player_num': 1}
2023-02-16 13:24:12,612 : INFO : EventManager : Event: ======'player_turn_started'====== Args={'player': <Player 1>, 'number': 1}
2023-02-16 13:24:12,613 : INFO : EventManager : Event: ======'ball_will_start'====== Args={'player': 1, 'ball': 1, 'balls_remaining': 2, 'is_extra_ball': False}
2023-02-16 13:24:12,616 : INFO : EventManager : Event: ======'ball_starting'====== Args={'player': 1, 'ball': 1, 'balls_remaining': 2, 'is_extra_ball': False}
2023-02-16 13:24:12,616 : INFO : EventManager : Event: ======'mode_base_will_start'====== Args={'queue': <QueuedEvent>, 'player': 1, 'ball': 1, 'balls_remaining': 2, 'is_extra_ball': False}
2023-02-16 13:24:12,617 : INFO : EventManager : Event: ======'mode_base_starting'====== Args={'queue': <QueuedEvent>, 'player': 1, 'ball': 1, 'balls_remaining': 2, 'is_extra_ball': False}
2023-02-16 13:24:12,618 : INFO : Mode.base : Started. Priority: 100
2023-02-16 13:24:12,618 : INFO : EventManager : Event: ======'modes_active_modes_changed'====== Args={}
2023-02-16 13:24:12,618 : INFO : EventManager : Event: ======'mode_base_started'====== Args={'queue': <QueuedEvent>, 'player': 1, 'ball': 1, 'balls_remaining': 2, 'is_extra_ball': False}
2023-02-16 13:24:12,619 : INFO : EventManager : Event: ======'balls_in_play'====== Args={'balls': 1}
2023-02-16 13:24:12,619 : INFO : EventManager : Event: ======'ball_started'====== Args={'player': 1, 'ball': 1, 'balls_remaining': 2, 'is_extra_ball': False}
2023-02-16 13:24:12,619 : INFO : EventManager : Event: ======'mode_test_will_start'====== Args={'player': 1, 'ball': 1, 'balls_remaining': 2, 'is_extra_ball': False}
2023-02-16 13:24:12,620 : INFO : EventManager : Event: ======'player_shot_top_lane_J_enabled'====== Args={'value': True, 'prev_value': 0, 'change': 1, 'player_num': 1}
2023-02-16 13:24:12,621 : INFO : EventManager : Event: ======'player_shot_top_lane_A_enabled'====== Args={'value': True, 'prev_value': 0, 'change': 1, 'player_num': 1}
2023-02-16 13:24:12,621 : INFO : EventManager : Event: ======'player_shot_top_lane_M_enabled'====== Args={'value': True, 'prev_value': 0, 'change': 1, 'player_num': 1}
2023-02-16 13:24:12,622 : INFO : EventManager : Event: ======'JAM_lanes_complete'====== Args={'state': 'unlit'}
2023-02-16 13:24:12,622 : INFO : EventManager : Event: ======'JAM_lanes_unlit_complete'====== Args={}
2023-02-16 13:24:12,624 : INFO : EventManager : Event: ======'mode_test_starting'====== Args={'player': 1, 'ball': 1, 'balls_remaining': 2, 'is_extra_ball': False}
2023-02-16 13:24:12,644 : INFO : EventManager : Event: ======'logicblock_lb_JAM_complete_count_updated'====== Args={'value': 1, 'enabled': True}
2023-02-16 13:24:12,644 : INFO : EventManager : Event: ======'logicblock_lb_JAM_complete_count_updated'====== Args={'value': 1, 'enabled': True}
2023-02-16 13:24:12,645 : INFO : Mode.test : Started. Priority: 110
2023-02-16 13:24:12,645 : INFO : EventManager : Event: ======'modes_active_modes_changed'====== Args={}
2023-02-16 13:24:12,645 : INFO : EventManager : Event: ======'mode_test_started'====== Args={'player': 1, 'ball': 1, 'balls_remaining': 2, 'is_extra_ball': False}
2023-02-16 13:24:12,645 : INFO : EventManager : Event: ======'single_player_ball_started'====== Args={}
2023-02-16 13:24:12,646 : INFO : EventManager : Event: ======'slide_base.slide_player-mode_base_started_created'====== Args={'_from_bcp': True}
2023-02-16 13:24:12,646 : INFO : EventManager : Event: ======'slide__global.slide_player-ball_started_created'====== Args={'_from_bcp': True}
2023-02-16 13:24:12,647 : INFO : EventManager : Event: ======'slide_base.slide_player-mode_base_started_active'====== Args={'_from_bcp': True}
2023-02-16 13:24:12,647 : INFO : EventManager : Event: ======'ball_start_target'====== Args={'target': 'playfield'}
2023-02-16 13:24:12,665 : INFO : ball_device.bd_plunger : Setting up player-controlled eject. Balls: 1, Target: <playfield.playfield>, player_controlled_eject_event: None
2023-02-16 13:24:12,665 : INFO : EventManager : Event: ======'balldevice_balls_available'====== Args={}
2023-02-16 13:24:12,666 : INFO : ball_device.bd_trough : State: waiting_for_target_ready
2023-02-16 13:24:12,666 : INFO : EventManager : Event: ======'balldevice_bd_trough_ball_eject_attempt'====== Args={'balls': 1, 'target': <ball_device.bd_plunger>, 'source': <ball_device.bd_trough>, 'mechanical_eject': True, 'num_attempts': 0}
2023-02-16 13:24:12,667 : INFO : ball_device.bd_plunger : State: waiting_for_ball
2023-02-16 13:24:12,667 : INFO : ball_device.bd_trough : State: ejecting
2023-02-16 13:24:12,667 : INFO : ball_device.bd_trough : Ejecting ball to <ball_device.bd_plunger>
2023-02-16 13:24:12,667 : INFO : EventManager : Event: ======'balldevice_bd_trough_ejecting_ball'====== Args={'balls': 1, 'target': <ball_device.bd_plunger>, 'source': <ball_device.bd_trough>, 'mechanical_eject': True, 'num_attempts': 0}
2023-02-16 13:24:12,668 : INFO : ball_device.bd_trough : Wait for ball to leave device
2023-02-16 13:24:12,668 : INFO : coil.c_trough_eject : Pulsing Driver for 10ms (1.0 pulse_power)
2023-02-16 13:24:13,884 : INFO : SwitchController : <<<<<<< 's_reentry_left' active >>>>>>>
2023-02-16 13:24:13,885 : INFO : EventManager : Event: ======'playfield_active'====== Args={}
2023-02-16 13:24:13,886 : INFO : EventManager : Event: ======'unexpected_ball_on_playfield'====== Args={}
2023-02-16 13:24:13,887 : INFO : EventManager : Event: ======'s_reentry_left_active'====== Args={}
2023-02-16 13:24:13,889 : INFO : EventManager : Event: ======'sw_playfield_active'====== Args={}
2023-02-16 13:24:13,890 : INFO : EventManager : Event: ======'machine_var_audits_switches_s_reentry_left'====== Args={'value': 442, 'prev_value': 441, 'change': 1}
2023-02-16 13:24:13,894 : INFO : EventManager : Event: ======'player_shot_top_lane_J'====== Args={'value': 1, 'prev_value': 0, 'change': 1, 'player_num': 1}
2023-02-16 13:24:13,913 : INFO : EventManager : Event: ======'machine_var_audits_shots_top_lane_J'====== Args={'value': 3, 'prev_value': 2, 'change': 1}
2023-02-16 13:24:13,914 : INFO : EventManager : Event: ======'top_lane_J_hit'====== Args={'profile': 'default', 'state': 'unlit', 'advancing': True}
2023-02-16 13:24:13,915 : INFO : EventManager : Event: ======'top_lane_J_default_hit'====== Args={'profile': 'default', 'state': 'unlit', 'advancing': True}
2023-02-16 13:24:13,915 : INFO : EventManager : Event: ======'top_lane_J_default_unlit_hit'====== Args={'profile': 'default', 'state': 'unlit', 'advancing': True}
2023-02-16 13:24:13,916 : INFO : EventManager : Event: ======'top_lane_J_unlit_hit'====== Args={'profile': 'default', 'state': 'unlit', 'advancing': True}
2023-02-16 13:24:13,916 : INFO : EventManager : Event: ======'logicblock_reentry_switch_counter_updated'====== Args={'value': 1, 'enabled': True}
2023-02-16 13:24:13,917 : INFO : EventManager : Event: ======'reentry_sound_active'====== Args={'count': 1}
2023-02-16 13:24:13,917 : INFO : EventManager : Event: ======'JAM_lanes_hit'====== Args={}
2023-02-16 13:24:13,917 : INFO : EventManager : Event: ======'JAM_lanes_unlit_hit'====== Args={}
2023-02-16 13:24:13,918 : INFO : EventManager : Event: ======'playfield_active'====== Args={}
2023-02-16 13:24:13,918 : INFO : EventManager : Event: ======'unexpected_ball_on_playfield'====== Args={}
2023-02-16 13:24:14,087 : INFO : SwitchController : <<<<<<< 's_reentry_left' inactive >>>>>>>
2023-02-16 13:24:14,476 : INFO : SwitchController : <<<<<<< 's_reentry_middle' active >>>>>>>
2023-02-16 13:24:14,477 : INFO : EventManager : Event: ======'playfield_active'====== Args={}
2023-02-16 13:24:14,478 : INFO : EventManager : Event: ======'unexpected_ball_on_playfield'====== Args={}
2023-02-16 13:24:14,479 : INFO : EventManager : Event: ======'s_reentry_middle_active'====== Args={}
2023-02-16 13:24:14,481 : INFO : EventManager : Event: ======'sw_playfield_active'====== Args={}
2023-02-16 13:24:14,482 : INFO : EventManager : Event: ======'machine_var_audits_switches_s_reentry_middle'====== Args={'value': 160, 'prev_value': 159, 'change': 1}
2023-02-16 13:24:14,484 : INFO : EventManager : Event: ======'player_shot_top_lane_A'====== Args={'value': 1, 'prev_value': 0, 'change': 1, 'player_num': 1}
2023-02-16 13:24:14,486 : INFO : EventManager : Event: ======'machine_var_audits_shots_top_lane_A'====== Args={'value': 3, 'prev_value': 2, 'change': 1}
2023-02-16 13:24:14,487 : INFO : EventManager : Event: ======'top_lane_A_hit'====== Args={'profile': 'default', 'state': 'unlit', 'advancing': True}
2023-02-16 13:24:14,487 : INFO : EventManager : Event: ======'top_lane_A_default_hit'====== Args={'profile': 'default', 'state': 'unlit', 'advancing': True}
2023-02-16 13:24:14,487 : INFO : EventManager : Event: ======'top_lane_A_default_unlit_hit'====== Args={'profile': 'default', 'state': 'unlit', 'advancing': True}
2023-02-16 13:24:14,487 : INFO : EventManager : Event: ======'top_lane_A_unlit_hit'====== Args={'profile': 'default', 'state': 'unlit', 'advancing': True}
2023-02-16 13:24:14,487 : INFO : EventManager : Event: ======'JAM_lanes_hit'====== Args={}
2023-02-16 13:24:14,488 : INFO : EventManager : Event: ======'JAM_lanes_unlit_hit'====== Args={}
2023-02-16 13:24:14,488 : INFO : EventManager : Event: ======'playfield_active'====== Args={}
2023-02-16 13:24:14,488 : INFO : EventManager : Event: ======'unexpected_ball_on_playfield'====== Args={}
2023-02-16 13:24:14,628 : INFO : SwitchController : <<<<<<< 's_reentry_middle' inactive >>>>>>>
2023-02-16 13:24:15,284 : INFO : SwitchController : <<<<<<< 's_reentry_right' active >>>>>>>
2023-02-16 13:24:15,285 : INFO : EventManager : Event: ======'playfield_active'====== Args={}
2023-02-16 13:24:15,286 : INFO : EventManager : Event: ======'unexpected_ball_on_playfield'====== Args={}
2023-02-16 13:24:15,287 : INFO : EventManager : Event: ======'s_reentry_right_active'====== Args={}
2023-02-16 13:24:15,289 : INFO : EventManager : Event: ======'machine_var_audits_switches_s_reentry_right'====== Args={'value': 129, 'prev_value': 128, 'change': 1}
2023-02-16 13:24:15,292 : INFO : EventManager : Event: ======'player_shot_top_lane_M'====== Args={'value': 1, 'prev_value': 0, 'change': 1, 'player_num': 1}
2023-02-16 13:24:15,295 : INFO : EventManager : Event: ======'machine_var_audits_shots_top_lane_M'====== Args={'value': 2, 'prev_value': 1, 'change': 1}
2023-02-16 13:24:15,298 : INFO : EventManager : Event: ======'top_lane_M_hit'====== Args={'profile': 'default', 'state': 'unlit', 'advancing': True}
2023-02-16 13:24:15,299 : INFO : EventManager : Event: ======'top_lane_M_default_hit'====== Args={'profile': 'default', 'state': 'unlit', 'advancing': True}
2023-02-16 13:24:15,301 : INFO : EventManager : Event: ======'top_lane_M_default_unlit_hit'====== Args={'profile': 'default', 'state': 'unlit', 'advancing': True}
2023-02-16 13:24:15,302 : INFO : EventManager : Event: ======'top_lane_M_unlit_hit'====== Args={'profile': 'default', 'state': 'unlit', 'advancing': True}
2023-02-16 13:24:15,303 : INFO : EventManager : Event: ======'JAM_lanes_complete'====== Args={'state': 'lit'}
2023-02-16 13:24:15,305 : INFO : EventManager : Event: ======'JAM_lanes_lit_complete'====== Args={}
2023-02-16 13:24:15,307 : INFO : EventManager : Event: ======'JAM_lanes_hit'====== Args={}
2023-02-16 13:24:15,308 : INFO : EventManager : Event: ======'JAM_lanes_unlit_hit'====== Args={}
2023-02-16 13:24:15,310 : INFO : EventManager : Event: ======'logicblock_lb_JAM_complete_count_updated'====== Args={'value': 2, 'enabled': True}
2023-02-16 13:24:15,311 : INFO : EventManager : Event: ======'JAM_lanes_done'====== Args={'count': 2}
2023-02-16 13:24:15,312 : ERROR : asyncio : Exception in callback EventManager.process_event_queue()
handle: <Handle EventManager.process_event_queue()>
Traceback (most recent call last):
  File "c:\users\student\mpfenv\lib\site-packages\mpf\core\show_controller.py", line 128, in replace_or_advance_show
    show_obj = self.machine.shows[config.name]
KeyError: 'Playfield_2x_on'

During handling of the above exception, another exception occurred:

Traceback (most recent call last):
  File "c:\users\student\mpfenv\lib\site-packages\mpf\core\events.py", line 695, in _run_handlers
    result = handler.callback(**merged_kwargs)
  File "c:\users\student\mpfenv\lib\site-packages\mpf\core\config_player.py", line 329, in config_play_callback
    **kwargs)
  File "c:\users\student\mpfenv\lib\site-packages\mpf\config_players\show_player.py", line 60, in play
    self._update_show(show.name, show_settings, context, queue, start_time, show_tokens)
  File "c:\users\student\mpfenv\lib\site-packages\mpf\config_players\show_player.py", line 224, in _update_show
    action(key, instance_dict, show_name, show_settings, queue, start_time, placeholder_args)
  File "c:\users\student\mpfenv\lib\site-packages\mpf\config_players\show_player.py", line 118, in _play
    start_running, stop_callback)
  File "c:\users\student\mpfenv\lib\site-packages\mpf\core\show_controller.py", line 131, in replace_or_advance_show
    "name.".format(config.name))
KeyError: "Cannot play show 'Playfield_2x_on'. No show with that name."

The above exception was the direct cause of the following exception:

Traceback (most recent call last):
  File "C:\Program Files\Python37\lib\asyncio\events.py", line 88, in _run
    self._context.run(self._callback, *self._args)
  File "c:\users\student\mpfenv\lib\site-packages\mpf\core\events.py", line 782, in process_event_queue
    **event[3])
  File "c:\users\student\mpfenv\lib\site-packages\mpf\core\events.py", line 741, in _process_event
    result = self._run_handlers(event, ev_type, kwargs)
  File "c:\users\student\mpfenv\lib\site-packages\mpf\core\events.py", line 697, in _run_handlers
    raise Exception("Exception while processing {} for event {}. {}".format(handler, event, e)) from e
Exception: Exception while processing RegisteredHandler(callback=<bound method ConfigPlayer.config_play_callback of ConfigPlayer.show_player/shows>, priority=110, kwargs={'calling_context': 'JAM_lanes_done{count==2}', 'mode': <Mode.test>, 'settings': {Playfield_2x_on-None-None: {'show_tokens': {'lights': <NativeTemplate l_attack_bumper_left>}, 'priority': 0, 'action': 'play', 'show': None, 'speed': 1.0, 'block_queue': False, 'start_step': <NativeTemplate 1>, 'start_running': <Template True>, 'loops': -1, 'sync_ms': None, 'manual_advance': False, 'show_queue': None, 'key': None, 'events_when_played': [], 'events_when_stopped': [], 'events_when_looped': [], 'events_when_paused': [], 'events_when_resumed': [], 'events_when_advanced': [], 'events_when_stepped_back': [], 'events_when_updated': [], 'events_when_completed': []}}}, key=UUID('f8283062-254e-40f6-8da6-b6a3ed0b1a2a'), condition=<Template count==2>, blocking_facility=None) for event JAM_lanes_done. "Cannot play show 'Playfield_2x_on'. No show with that name."
2023-02-16 13:24:15,319 : INFO : Machine : Shutting down...
2023-02-16 13:24:15,319 : INFO : EventManager : Event: ======'shutdown'====== Args={}
2023-02-16 13:24:15,320 : ERROR : Machine : Runtime Exception
Traceback (most recent call last):
  File "c:\users\student\mpfenv\lib\site-packages\mpf\core\show_controller.py", line 128, in replace_or_advance_show
    show_obj = self.machine.shows[config.name]
KeyError: 'Playfield_2x_on'

During handling of the above exception, another exception occurred:

Traceback (most recent call last):
  File "c:\users\student\mpfenv\lib\site-packages\mpf\core\events.py", line 695, in _run_handlers
    result = handler.callback(**merged_kwargs)
  File "c:\users\student\mpfenv\lib\site-packages\mpf\core\config_player.py", line 329, in config_play_callback
    **kwargs)
  File "c:\users\student\mpfenv\lib\site-packages\mpf\config_players\show_player.py", line 60, in play
    self._update_show(show.name, show_settings, context, queue, start_time, show_tokens)
  File "c:\users\student\mpfenv\lib\site-packages\mpf\config_players\show_player.py", line 224, in _update_show
    action(key, instance_dict, show_name, show_settings, queue, start_time, placeholder_args)
  File "c:\users\student\mpfenv\lib\site-packages\mpf\config_players\show_player.py", line 118, in _play
    start_running, stop_callback)
  File "c:\users\student\mpfenv\lib\site-packages\mpf\core\show_controller.py", line 131, in replace_or_advance_show
    "name.".format(config.name))
KeyError: "Cannot play show 'Playfield_2x_on'. No show with that name."

The above exception was the direct cause of the following exception:

Traceback (most recent call last):
  File "c:\users\student\mpfenv\lib\site-packages\mpf\core\machine.py", line 769, in _run_loop
    raise self._exception['exception']
  File "C:\Program Files\Python37\lib\asyncio\events.py", line 88, in _run
    self._context.run(self._callback, *self._args)
  File "c:\users\student\mpfenv\lib\site-packages\mpf\core\events.py", line 782, in process_event_queue
    **event[3])
  File "c:\users\student\mpfenv\lib\site-packages\mpf\core\events.py", line 741, in _process_event
    result = self._run_handlers(event, ev_type, kwargs)
  File "c:\users\student\mpfenv\lib\site-packages\mpf\core\events.py", line 697, in _run_handlers
    raise Exception("Exception while processing {} for event {}. {}".format(handler, event, e)) from e
Exception: Exception while processing RegisteredHandler(callback=<bound method ConfigPlayer.config_play_callback of ConfigPlayer.show_player/shows>, priority=110, kwargs={'calling_context': 'JAM_lanes_done{count==2}', 'mode': <Mode.test>, 'settings': {Playfield_2x_on-None-None: {'show_tokens': {'lights': <NativeTemplate l_attack_bumper_left>}, 'priority': 0, 'action': 'play', 'show': None, 'speed': 1.0, 'block_queue': False, 'start_step': <NativeTemplate 1>, 'start_running': <Template True>, 'loops': -1, 'sync_ms': None, 'manual_advance': False, 'show_queue': None, 'key': None, 'events_when_played': [], 'events_when_stopped': [], 'events_when_looped': [], 'events_when_paused': [], 'events_when_resumed': [], 'events_when_advanced': [], 'events_when_stepped_back': [], 'events_when_updated': [], 'events_when_completed': []}}}, key=UUID('f8283062-254e-40f6-8da6-b6a3ed0b1a2a'), condition=<Template count==2>, blocking_facility=None) for event JAM_lanes_done. "Cannot play show 'Playfield_2x_on'. No show with that name."
2023-02-16 13:24:22,427 : INFO : root : MPF run loop ended.
