2024-12-08 14:18:56,577 : INFO : root : Loading config.
2024-12-08 14:18:56,901 : INFO : ConfigProcessor : Config spec file cache created: C:\Users\student\AppData\Local\Temp\config_spec.mpf_cache
2024-12-08 14:18:56,901 : INFO : YamlMultifileConfigLoader : Machine config file #1: config.yaml
2024-12-08 14:18:56,902 : INFO : ConfigProcessor : Loading config from file c:\users\student\mpfenv\lib\site-packages\mpf\mpfconfig.yaml.
2024-12-08 14:18:56,964 : INFO : ConfigProcessor : Loading config: c:\users\student\mpfenv\lib\site-packages\mpf\mpfconfig.yaml
2024-12-08 14:18:56,965 : INFO : ConfigProcessor : Loading config from file C:\Users\student\pinball\cobraPinTest1\config\config.yaml.
2024-12-08 14:18:57,007 : INFO : ConfigProcessor : Loading config: C:\Users\student\pinball\cobraPinTest1\config\config.yaml
2024-12-08 14:18:57,008 : INFO : ConfigProcessor : Config file cache created: C:\Users\student\AppData\Local\Temp\f1427cd4cbc9163bc2263f349f0fb463.mpf_cache
2024-12-08 14:18:57,077 : INFO : ConfigProcessor : Loading config from file c:\users\student\mpfenv\lib\site-packages\mpf\modes\attract\config\attract.yaml.
2024-12-08 14:18:57,079 : INFO : ConfigProcessor : Loading config: c:\users\student\mpfenv\lib\site-packages\mpf\modes\attract\config\attract.yaml
2024-12-08 14:18:57,079 : INFO : ConfigProcessor : Loading config from file C:\Users\student\pinball\cobraPinTest1\modes\attract\config\attract.yaml.
2024-12-08 14:18:57,080 : INFO : ConfigProcessor : Loading config: C:\Users\student\pinball\cobraPinTest1\modes\attract\config\attract.yaml
2024-12-08 14:18:57,081 : INFO : ConfigProcessor : Config file cache created: C:\Users\student\AppData\Local\Temp\32ed7ad340ce8029344f8b9ff63edc80.mpf_cache
2024-12-08 14:18:57,081 : INFO : ConfigProcessor : Loading config from file c:\users\student\mpfenv\lib\site-packages\mpf\modes\game\config\game.yaml.
2024-12-08 14:18:57,083 : INFO : ConfigProcessor : Loading config: c:\users\student\mpfenv\lib\site-packages\mpf\modes\game\config\game.yaml
2024-12-08 14:18:57,083 : INFO : ConfigProcessor : Config file cache created: C:\Users\student\AppData\Local\Temp\8696bd5a5a040ff67990be11cb4d3c0c.mpf_cache
2024-12-08 14:18:57,084 : INFO : ConfigProcessor : Loading config from file C:\Users\student\pinball\cobraPinTest1\modes\base\config\base.yaml.
2024-12-08 14:18:57,088 : INFO : ConfigProcessor : Loading config: C:\Users\student\pinball\cobraPinTest1\modes\base\config\base.yaml
2024-12-08 14:18:57,089 : INFO : ConfigProcessor : Config file cache created: C:\Users\student\AppData\Local\Temp\4675a535c8328a9c278c807d999ed109.mpf_cache
2024-12-08 14:18:57,090 : INFO : ConfigProcessor : Loading config from file C:\Users\student\pinball\cobraPinTest1\modes\reentry\config\reentry.yaml.
2024-12-08 14:18:57,106 : INFO : ConfigProcessor : Loading config: C:\Users\student\pinball\cobraPinTest1\modes\reentry\config\reentry.yaml
2024-12-08 14:18:57,107 : INFO : ConfigProcessor : Config file cache created: C:\Users\student\AppData\Local\Temp\0c8438cab3480347c0c749fa494946a2.mpf_cache
2024-12-08 14:18:57,107 : INFO : ConfigProcessor : Loading config from file C:\Users\student\pinball\cobraPinTest1\modes\lowerlanes\config\lowerlanes.yaml.
2024-12-08 14:18:57,119 : INFO : ConfigProcessor : Loading config: C:\Users\student\pinball\cobraPinTest1\modes\lowerlanes\config\lowerlanes.yaml
2024-12-08 14:18:57,120 : INFO : ConfigProcessor : Config file cache created: C:\Users\student\AppData\Local\Temp\5052615755bdf1309b248cf8695ad4ff.mpf_cache
2024-12-08 14:18:57,120 : INFO : ConfigProcessor : Loading config from file C:\Users\student\pinball\cobraPinTest1\modes\attract\shows\.\attract_display_loop.yaml.
2024-12-08 14:18:57,129 : INFO : ConfigProcessor : Loading config: C:\Users\student\pinball\cobraPinTest1\modes\attract\shows\.\attract_display_loop.yaml
2024-12-08 14:18:57,129 : INFO : ConfigProcessor : Config file cache created: C:\Users\student\AppData\Local\Temp\f8d2c2cf3ea01f085365ea23fa51a701.mpf_cache
2024-12-08 14:18:57,130 : INFO : ConfigProcessor : Loading config from file C:\Users\student\pinball\cobraPinTest1\modes\attract\shows\.\attract_light_show.yaml.
2024-12-08 14:18:57,134 : INFO : ConfigProcessor : Loading config: C:\Users\student\pinball\cobraPinTest1\modes\attract\shows\.\attract_light_show.yaml
2024-12-08 14:18:57,135 : INFO : ConfigProcessor : Config file cache created: C:\Users\student\AppData\Local\Temp\30bd992f4b62a9b099207aebeb59554c.mpf_cache
2024-12-08 14:18:57,136 : INFO : Machine : Mission Pinball Framework Core Engine v0.55.0
2024-12-08 14:18:57,136 : INFO : Machine : Command line arguments: {'no_load_cache': True, 'create_config_cache': True, 'bcp': True, 'configfile': ['config.yaml'], 'force_assets_load': False, 'jsonlogging': False, 'logfile': 'logs\\2024-12-08-14-18-56-mpf-DESKTOP-0JH7ARL.log', 'pause': False, 'production': False, 'text_ui': True, 'loglevel': 15, 'consoleloglevel': 20, 'force_platform': None, 'syslog_address': None, 'mc_file_name': None, 'no_sound': False}
2024-12-08 14:18:57,136 : INFO : Machine : MPF path: c:\users\student\mpfenv\lib\site-packages\mpf
2024-12-08 14:18:57,136 : INFO : Machine : Machine path: C:\Users\student\pinball\cobraPinTest1
2024-12-08 14:18:57,136 : INFO : Machine : Platform: win32
2024-12-08 14:18:57,136 : INFO : Machine : Python executable location: c:\users\student\mpfenv\scripts\python.exe
2024-12-08 14:18:57,136 : INFO : Machine : Python version: 3.7.8 (64-bit)
2024-12-08 14:18:57,138 : INFO : Machine : Initialise MPF.
2024-12-08 14:18:57,496 : INFO : OPP : Connecting to com4 at 115200bps
2024-12-08 14:18:57,606 : INFO : OPP : Init of OPP board 0 done
2024-12-08 14:18:57,606 : INFO : OPP : Connecting to com5 at 115200bps
2024-12-08 14:18:57,780 : INFO : OPP : Init of OPP board 1 done
2024-12-08 14:18:57,780 : INFO : EventManager : Event: ======'machine_var_credits_string'====== Args={'value': 'FREE PLAY', 'prev_value': None, 'change': True}
2024-12-08 14:18:57,822 : INFO : EventManager : Event: ======'machine_var_master_volume'====== Args={'value': 0.5, 'prev_value': None, 'change': True}
2024-12-08 14:18:57,822 : INFO : EventManager : Event: ======'machine_var_player1_score'====== Args={'value': 1500, 'prev_value': None, 'change': True}
2024-12-08 14:18:57,822 : INFO : EventManager : Event: ======'machine_var_mpf_version'====== Args={'value': 'MPF v0.55.0', 'prev_value': None, 'change': True}
2024-12-08 14:18:57,822 : INFO : EventManager : Event: ======'machine_var_mpf_extended_version'====== Args={'value': 'MPF v0.55.0, Config version:5, Show version: 5, BCP version:1.1', 'prev_value': None, 'change': True}
2024-12-08 14:18:57,823 : INFO : EventManager : Event: ======'machine_var_python_version'====== Args={'value': '3.7.8', 'prev_value': None, 'change': True}
2024-12-08 14:18:57,823 : INFO : EventManager : Event: ======'machine_var_platform'====== Args={'value': 'Windows-10-10.0.19041-SP0', 'prev_value': None, 'change': True}
2024-12-08 14:18:57,823 : INFO : EventManager : Event: ======'machine_var_platform_system'====== Args={'value': 'Windows', 'prev_value': None, 'change': True}
2024-12-08 14:18:57,823 : INFO : EventManager : Event: ======'machine_var_platform_release'====== Args={'value': '10', 'prev_value': None, 'change': True}
2024-12-08 14:18:57,823 : INFO : EventManager : Event: ======'machine_var_platform_version'====== Args={'value': '10.0.19041', 'prev_value': None, 'change': True}
2024-12-08 14:18:57,823 : INFO : EventManager : Event: ======'machine_var_platform_machine'====== Args={'value': 'AMD64', 'prev_value': None, 'change': True}
2024-12-08 14:18:57,823 : INFO : EventManager : Event: ======'init_phase_1'====== Args={}
2024-12-08 14:18:57,841 : ERROR : ConfigValidator : Your config contains a value for the setting "mode:lowerlanes:shots:returnLaneL_shot:control_events", but this is not a valid setting name.
2024-12-08 14:18:57,841 : ERROR : asyncio : Exception in callback EventManager._async_handler_done(<QueuedEvent>)(<Task finishe...tting name.')>) at c:\users\student\mpfenv\lib\site-packages\mpf\core\events.py:112
handle: <Handle EventManager._async_handler_done(<QueuedEvent>)(<Task finishe...tting name.')>) at c:\users\student\mpfenv\lib\site-packages\mpf\core\events.py:112>
Traceback (most recent call last):
  File "C:\Program Files\Python37\lib\asyncio\events.py", line 88, in _run
    self._context.run(self._callback, *self._args)
  File "c:\users\student\mpfenv\lib\site-packages\mpf\core\events.py", line 115, in _async_handler_done
    future.result()
  File "c:\users\student\mpfenv\lib\site-packages\mpf\core\device_manager.py", line 90, in _load_device_modules
    await self.machine.mode_controller.load_mode_devices()
  File "c:\users\student\mpfenv\lib\site-packages\mpf\core\mode_controller.py", line 86, in load_mode_devices
    await mode.load_mode_devices()
  File "c:\users\student\mpfenv\lib\site-packages\mpf\core\mode.py", line 431, in load_mode_devices
    settings = device.validate_and_parse_config(settings, True, "mode:" + self.name)
  File "c:\users\student\mpfenv\lib\site-packages\mpf\devices\shot.py", line 69, in validate_and_parse_config
    config = super().validate_and_parse_config(config, is_mode_config, debug_prefix)
  File "c:\users\student\mpfenv\lib\site-packages\mpf\core\device.py", line 109, in validate_and_parse_config
    self.config_section, config, self.name, "device", prefix=debug_prefix)
  File "c:\users\student\mpfenv\lib\site-packages\mpf\core\config_validator.py", line 180, in validate_config
    validation_failure_info=validation_failure_info)
  File "c:\users\student\mpfenv\lib\site-packages\mpf\core\config_validator.py", line 192, in _validate_config
    self.check_for_invalid_sections(this_spec, source, validation_failure_info)
  File "c:\users\student\mpfenv\lib\site-packages\mpf\core\config_validator.py", line 359, in check_for_invalid_sections
    'setting name.', 2, self.log.name)
mpf.exceptions.config_file_error.ConfigFileError: Config File Error in ConfigValidator: Your config contains a value for the setting "mode:lowerlanes:shots:returnLaneL_shot:control_events", but this is not a valid setting name. Error Code: CFE-ConfigValidator-2 (https://docs.missionpinball.org/en/0.55/logs/CFE-ConfigValidator-2.html)
2024-12-08 14:18:57,844 : INFO : Machine : Starting the main run loop.
2024-12-08 14:18:57,850 : INFO : Machine : Shutting down...
2024-12-08 14:18:57,850 : INFO : EventManager : Event: ======'shutdown'====== Args={}
2024-12-08 14:18:57,854 : ERROR : OPP : Stop called on serial connection com5
2024-12-08 14:18:57,855 : ERROR : OPP : Stop called on serial connection com4
2024-12-08 14:18:57,858 : ERROR : Machine : Runtime Exception
Traceback (most recent call last):
  File "c:\users\student\mpfenv\lib\site-packages\mpf\core\machine.py", line 769, in _run_loop
    raise self._exception['exception']
  File "C:\Program Files\Python37\lib\asyncio\events.py", line 88, in _run
    self._context.run(self._callback, *self._args)
  File "c:\users\student\mpfenv\lib\site-packages\mpf\core\events.py", line 115, in _async_handler_done
    future.result()
  File "c:\users\student\mpfenv\lib\site-packages\mpf\core\device_manager.py", line 90, in _load_device_modules
    await self.machine.mode_controller.load_mode_devices()
  File "c:\users\student\mpfenv\lib\site-packages\mpf\core\mode_controller.py", line 86, in load_mode_devices
    await mode.load_mode_devices()
  File "c:\users\student\mpfenv\lib\site-packages\mpf\core\mode.py", line 431, in load_mode_devices
    settings = device.validate_and_parse_config(settings, True, "mode:" + self.name)
  File "c:\users\student\mpfenv\lib\site-packages\mpf\devices\shot.py", line 69, in validate_and_parse_config
    config = super().validate_and_parse_config(config, is_mode_config, debug_prefix)
  File "c:\users\student\mpfenv\lib\site-packages\mpf\core\device.py", line 109, in validate_and_parse_config
    self.config_section, config, self.name, "device", prefix=debug_prefix)
  File "c:\users\student\mpfenv\lib\site-packages\mpf\core\config_validator.py", line 180, in validate_config
    validation_failure_info=validation_failure_info)
  File "c:\users\student\mpfenv\lib\site-packages\mpf\core\config_validator.py", line 192, in _validate_config
    self.check_for_invalid_sections(this_spec, source, validation_failure_info)
  File "c:\users\student\mpfenv\lib\site-packages\mpf\core\config_validator.py", line 359, in check_for_invalid_sections
    'setting name.', 2, self.log.name)
mpf.exceptions.config_file_error.ConfigFileError: Config File Error in ConfigValidator: Your config contains a value for the setting "mode:lowerlanes:shots:returnLaneL_shot:control_events", but this is not a valid setting name. Error Code: CFE-ConfigValidator-2 (https://docs.missionpinball.org/en/0.55/logs/CFE-ConfigValidator-2.html)
2024-12-08 14:19:02,618 : ERROR : root : 
Traceback (most recent call last):
  File "c:\users\student\mpfenv\lib\site-packages\mpf\core\machine.py", line 769, in _run_loop
    raise self._exception['exception']
  File "C:\Program Files\Python37\lib\asyncio\events.py", line 88, in _run
    self._context.run(self._callback, *self._args)
  File "c:\users\student\mpfenv\lib\site-packages\mpf\core\events.py", line 115, in _async_handler_done
    future.result()
  File "c:\users\student\mpfenv\lib\site-packages\mpf\core\device_manager.py", line 90, in _load_device_modules
    await self.machine.mode_controller.load_mode_devices()
  File "c:\users\student\mpfenv\lib\site-packages\mpf\core\mode_controller.py", line 86, in load_mode_devices
    await mode.load_mode_devices()
  File "c:\users\student\mpfenv\lib\site-packages\mpf\core\mode.py", line 431, in load_mode_devices
    settings = device.validate_and_parse_config(settings, True, "mode:" + self.name)
  File "c:\users\student\mpfenv\lib\site-packages\mpf\devices\shot.py", line 69, in validate_and_parse_config
    config = super().validate_and_parse_config(config, is_mode_config, debug_prefix)
  File "c:\users\student\mpfenv\lib\site-packages\mpf\core\device.py", line 109, in validate_and_parse_config
    self.config_section, config, self.name, "device", prefix=debug_prefix)
  File "c:\users\student\mpfenv\lib\site-packages\mpf\core\config_validator.py", line 180, in validate_config
    validation_failure_info=validation_failure_info)
  File "c:\users\student\mpfenv\lib\site-packages\mpf\core\config_validator.py", line 192, in _validate_config
    self.check_for_invalid_sections(this_spec, source, validation_failure_info)
  File "c:\users\student\mpfenv\lib\site-packages\mpf\core\config_validator.py", line 359, in check_for_invalid_sections
    'setting name.', 2, self.log.name)
mpf.exceptions.config_file_error.ConfigFileError: Config File Error in ConfigValidator: Your config contains a value for the setting "mode:lowerlanes:shots:returnLaneL_shot:control_events", but this is not a valid setting name. Error Code: CFE-ConfigValidator-2 (https://docs.missionpinball.org/en/0.55/logs/CFE-ConfigValidator-2.html)

During handling of the above exception, another exception occurred:

Traceback (most recent call last):
  File "c:\users\student\mpfenv\lib\site-packages\mpf\commands\game.py", line 239, in __init__
    self.machine.run()
  File "c:\users\student\mpfenv\lib\site-packages\mpf\core\machine.py", line 687, in run
    self._run_loop()
  File "c:\users\student\mpfenv\lib\site-packages\mpf\core\machine.py", line 772, in _run_loop
    report_crash(self._exception['exception'], "exception_during_run", self.config)
  File "c:\users\student\mpfenv\lib\site-packages\mpf\core\crash_reporter.py", line 236, in report_crash
    response = input("Do you want to report the crash to the MPF team (yes/no/show)? ")
EOFError
