2024-12-02 11:45:07,918 : INFO : root : Loading config.
2024-12-02 11:45:07,922 : INFO : YamlMultifileConfigLoader : Machine config file #1: config.yaml
2024-12-02 11:45:07,922 : WARNING : ConfigProcessor : Config file in cache changed: C:\Users\student\pinball\cobraPinTest1\config\config.yaml
2024-12-02 11:45:07,922 : INFO : ConfigProcessor : Loading config from file c:\users\student\mpfenv\lib\site-packages\mpf\mpfconfig.yaml.
2024-12-02 11:45:07,987 : INFO : ConfigProcessor : Loading config: c:\users\student\mpfenv\lib\site-packages\mpf\mpfconfig.yaml
2024-12-02 11:45:07,987 : INFO : ConfigProcessor : Loading config from file C:\Users\student\pinball\cobraPinTest1\config\config.yaml.
2024-12-02 11:45:08,027 : INFO : ConfigProcessor : Loading config: C:\Users\student\pinball\cobraPinTest1\config\config.yaml
2024-12-02 11:45:08,028 : INFO : ConfigProcessor : Config file cache created: C:\Users\student\AppData\Local\Temp\f1427cd4cbc9163bc2263f349f0fb463.mpf_cache
2024-12-02 11:45:08,096 : INFO : ConfigProcessor : Loading config from cache: C:\Users\student\AppData\Local\Temp\32ed7ad340ce8029344f8b9ff63edc80.mpf_cache
2024-12-02 11:45:08,097 : INFO : ConfigProcessor : Loading config from cache: C:\Users\student\AppData\Local\Temp\8696bd5a5a040ff67990be11cb4d3c0c.mpf_cache
2024-12-02 11:45:08,097 : INFO : ConfigProcessor : Loading config from cache: C:\Users\student\AppData\Local\Temp\4675a535c8328a9c278c807d999ed109.mpf_cache
2024-12-02 11:45:08,098 : INFO : ConfigProcessor : Loading config from cache: C:\Users\student\AppData\Local\Temp\0c8438cab3480347c0c749fa494946a2.mpf_cache
2024-12-02 11:45:08,099 : INFO : ConfigProcessor : Loading config from cache: C:\Users\student\AppData\Local\Temp\f8d2c2cf3ea01f085365ea23fa51a701.mpf_cache
2024-12-02 11:45:08,100 : INFO : ConfigProcessor : Loading config from cache: C:\Users\student\AppData\Local\Temp\30bd992f4b62a9b099207aebeb59554c.mpf_cache
2024-12-02 11:45:08,100 : INFO : Machine : Mission Pinball Framework Core Engine v0.55.0
2024-12-02 11:45:08,101 : INFO : Machine : Command line arguments: {'no_load_cache': False, 'create_config_cache': True, 'bcp': True, 'configfile': ['config.yaml'], 'force_assets_load': False, 'jsonlogging': False, 'logfile': 'logs\\2024-12-02-11-45-07-mpf-DESKTOP-0JH7ARL.log', 'pause': False, 'production': False, 'text_ui': True, 'loglevel': 15, 'consoleloglevel': 20, 'force_platform': None, 'syslog_address': None, 'mc_file_name': None, 'no_sound': False}
2024-12-02 11:45:08,101 : INFO : Machine : MPF path: c:\users\student\mpfenv\lib\site-packages\mpf
2024-12-02 11:45:08,101 : INFO : Machine : Machine path: C:\Users\student\pinball\cobraPinTest1
2024-12-02 11:45:08,101 : INFO : Machine : Platform: win32
2024-12-02 11:45:08,101 : INFO : Machine : Python executable location: c:\users\student\mpfenv\scripts\python.exe
2024-12-02 11:45:08,101 : INFO : Machine : Python version: 3.7.8 (64-bit)
2024-12-02 11:45:08,102 : INFO : Machine : Initialise MPF.
2024-12-02 11:45:08,357 : INFO : OPP : Connecting to com4 at 115200bps
2024-12-02 11:45:08,450 : INFO : OPP : Init of OPP board 0 done
2024-12-02 11:45:08,450 : INFO : OPP : Connecting to com5 at 115200bps
2024-12-02 11:45:08,640 : INFO : OPP : Init of OPP board 1 done
2024-12-02 11:45:08,640 : INFO : EventManager : Event: ======'machine_var_credits_string'====== Args={'value': 'FREE PLAY', 'prev_value': None, 'change': True}
2024-12-02 11:45:08,681 : INFO : EventManager : Event: ======'machine_var_master_volume'====== Args={'value': 0.5, 'prev_value': None, 'change': True}
2024-12-02 11:45:08,681 : INFO : EventManager : Event: ======'machine_var_player1_score'====== Args={'value': 1500, 'prev_value': None, 'change': True}
2024-12-02 11:45:08,681 : INFO : EventManager : Event: ======'machine_var_mpf_version'====== Args={'value': 'MPF v0.55.0', 'prev_value': None, 'change': True}
2024-12-02 11:45:08,681 : INFO : EventManager : Event: ======'machine_var_mpf_extended_version'====== Args={'value': 'MPF v0.55.0, Config version:5, Show version: 5, BCP version:1.1', 'prev_value': None, 'change': True}
2024-12-02 11:45:08,681 : INFO : EventManager : Event: ======'machine_var_python_version'====== Args={'value': '3.7.8', 'prev_value': None, 'change': True}
2024-12-02 11:45:08,681 : INFO : EventManager : Event: ======'machine_var_platform'====== Args={'value': 'Windows-10-10.0.19041-SP0', 'prev_value': None, 'change': True}
2024-12-02 11:45:08,681 : INFO : EventManager : Event: ======'machine_var_platform_system'====== Args={'value': 'Windows', 'prev_value': None, 'change': True}
2024-12-02 11:45:08,681 : INFO : EventManager : Event: ======'machine_var_platform_release'====== Args={'value': '10', 'prev_value': None, 'change': True}
2024-12-02 11:45:08,681 : INFO : EventManager : Event: ======'machine_var_platform_version'====== Args={'value': '10.0.19041', 'prev_value': None, 'change': True}
2024-12-02 11:45:08,681 : INFO : EventManager : Event: ======'machine_var_platform_machine'====== Args={'value': 'AMD64', 'prev_value': None, 'change': True}
2024-12-02 11:45:08,681 : INFO : EventManager : Event: ======'init_phase_1'====== Args={}
2024-12-02 11:45:08,702 : INFO : EventManager : Event: ======'init_phase_2'====== Args={}
2024-12-02 11:45:08,703 : INFO : SwitchController : Found active switch: ('0-0-8', <Platform.OPP>) <switch.s_trough1>
2024-12-02 11:45:08,706 : INFO : EventManager : Event: ======'bcp_connection_attempt'====== Args={'name': 'local_display', 'host': 'localhost', 'port': 5050}
2024-12-02 11:45:08,708 : INFO : BCPClientSocket : Connecting BCP to 'local_display' at localhost:5050...
2024-12-02 11:45:10,749 : INFO : BCPClientSocket : Connected BCP to 'local_display' localhost:5050
2024-12-02 11:45:10,751 : INFO : EventManager : Event: ======'bcp_clients_connected'====== Args={}
2024-12-02 11:45:10,763 : INFO : ball_device.bd_trough : BCH: Initial count: 1
2024-12-02 11:45:10,764 : INFO : EventManager : Event: ======'machine_var_mc_version'====== Args={'value': 'MPF-MC v0.55.0', 'prev_value': None, 'change': True}
2024-12-02 11:45:10,764 : INFO : EventManager : Event: ======'machine_var_mc_extended_version'====== Args={'value': 'MPF-MC v0.55.0 (config_version=5, BCP v1.1, Requires MPF v0.55.0-dev.49)', 'prev_value': None, 'change': True}
2024-12-02 11:45:10,766 : INFO : ball_device.bd_trough : State: idle
2024-12-02 11:45:10,780 : INFO : ball_device.bd_plunger : BCH: Initial count: 0
2024-12-02 11:45:10,780 : INFO : ball_device.bd_plunger : State: idle
2024-12-02 11:45:10,838 : INFO : EventManager : Event: ======'init_phase_3'====== Args={}
2024-12-02 11:45:10,843 : INFO : EventManager : Event: ======'init_phase_4'====== Args={}
2024-12-02 11:45:10,844 : INFO : BallController : Initial balls found: 1
2024-12-02 11:45:10,845 : INFO : EventManager : Event: ======'machine_var_audits_events_game_ended'====== Args={'value': 0, 'prev_value': None, 'change': True}
2024-12-02 11:45:10,846 : INFO : EventManager : Event: ======'machine_var_audits_events_game_started'====== Args={'value': 0, 'prev_value': None, 'change': True}
2024-12-02 11:45:10,846 : INFO : EventManager : Event: ======'machine_var_audits_player_score'====== Args={'value': {'average': 1800.0, 'top': [2000, 1900, 1500], 'total': 3}, 'prev_value': None, 'change': True}
2024-12-02 11:45:10,846 : INFO : EventManager : Event: ======'machine_var_audits_shots_medalL_shot'====== Args={'value': 174, 'prev_value': None, 'change': True}
2024-12-02 11:45:10,846 : INFO : EventManager : Event: ======'machine_var_audits_shots_medalM_shot'====== Args={'value': 166, 'prev_value': None, 'change': True}
2024-12-02 11:45:10,846 : INFO : EventManager : Event: ======'machine_var_audits_shots_medalR_shot'====== Args={'value': 165, 'prev_value': None, 'change': True}
2024-12-02 11:45:10,847 : INFO : EventManager : Event: ======'machine_var_audits_shots_my_first_shot'====== Args={'value': 119, 'prev_value': None, 'change': True}
2024-12-02 11:45:10,847 : INFO : EventManager : Event: ======'machine_var_audits_shots_my_first_shot_mode2'====== Args={'value': 72, 'prev_value': None, 'change': True}
2024-12-02 11:45:10,847 : INFO : EventManager : Event: ======'machine_var_audits_shots_reentryL_shot'====== Args={'value': 437, 'prev_value': None, 'change': True}
2024-12-02 11:45:10,847 : INFO : EventManager : Event: ======'machine_var_audits_shots_reentryM_shot'====== Args={'value': 420, 'prev_value': None, 'change': True}
2024-12-02 11:45:10,847 : INFO : EventManager : Event: ======'machine_var_audits_shots_reentryR_shot'====== Args={'value': 386, 'prev_value': None, 'change': True}
2024-12-02 11:45:10,848 : INFO : EventManager : Event: ======'machine_var_audits_shots_reentry_shot'====== Args={'value': 9, 'prev_value': None, 'change': True}
2024-12-02 11:45:10,848 : INFO : EventManager : Event: ======'machine_var_audits_shots_top_lane_A'====== Args={'value': 12, 'prev_value': None, 'change': True}
2024-12-02 11:45:10,848 : INFO : EventManager : Event: ======'machine_var_audits_shots_top_lane_J'====== Args={'value': 12, 'prev_value': None, 'change': True}
2024-12-02 11:45:10,848 : INFO : EventManager : Event: ======'machine_var_audits_shots_top_lane_M'====== Args={'value': 9, 'prev_value': None, 'change': True}
2024-12-02 11:45:10,849 : INFO : EventManager : Event: ======'machine_var_audits_switches_s_blackhole_kicker'====== Args={'value': 0, 'prev_value': None, 'change': True}
2024-12-02 11:45:10,849 : INFO : EventManager : Event: ======'machine_var_audits_switches_s_bonus_lane'====== Args={'value': 0, 'prev_value': None, 'change': True}
2024-12-02 11:45:10,849 : INFO : EventManager : Event: ======'machine_var_audits_switches_s_booster_drop_target_1'====== Args={'value': 0, 'prev_value': None, 'change': True}
2024-12-02 11:45:10,849 : INFO : EventManager : Event: ======'machine_var_audits_switches_s_booster_drop_target_2'====== Args={'value': 0, 'prev_value': None, 'change': True}
2024-12-02 11:45:10,849 : INFO : EventManager : Event: ======'machine_var_audits_switches_s_booster_drop_target_3'====== Args={'value': 0, 'prev_value': None, 'change': True}
2024-12-02 11:45:10,850 : INFO : EventManager : Event: ======'machine_var_audits_switches_s_comet_spot_1'====== Args={'value': 0, 'prev_value': None, 'change': True}
2024-12-02 11:45:10,850 : INFO : EventManager : Event: ======'machine_var_audits_switches_s_comet_spot_2'====== Args={'value': 0, 'prev_value': None, 'change': True}
2024-12-02 11:45:10,850 : INFO : EventManager : Event: ======'machine_var_audits_switches_s_comet_spot_3'====== Args={'value': 0, 'prev_value': None, 'change': True}
2024-12-02 11:45:10,850 : INFO : EventManager : Event: ======'machine_var_audits_switches_s_engine_bumper_1'====== Args={'value': 0, 'prev_value': None, 'change': True}
2024-12-02 11:45:10,851 : INFO : EventManager : Event: ======'machine_var_audits_switches_s_engine_bumper_2'====== Args={'value': 0, 'prev_value': None, 'change': True}
2024-12-02 11:45:10,851 : INFO : EventManager : Event: ======'machine_var_audits_switches_s_engine_bumper_3'====== Args={'value': 0, 'prev_value': None, 'change': True}
2024-12-02 11:45:10,851 : INFO : EventManager : Event: ======'machine_var_audits_switches_s_fuel_chute_1'====== Args={'value': 0, 'prev_value': None, 'change': True}
2024-12-02 11:45:10,851 : INFO : EventManager : Event: ======'machine_var_audits_switches_s_fuel_chute_2'====== Args={'value': 0, 'prev_value': None, 'change': True}
2024-12-02 11:45:10,852 : INFO : EventManager : Event: ======'machine_var_audits_switches_s_fuel_chute_3'====== Args={'value': 0, 'prev_value': None, 'change': True}
2024-12-02 11:45:10,852 : INFO : EventManager : Event: ======'machine_var_audits_switches_s_fuel_chute_4'====== Args={'value': 0, 'prev_value': None, 'change': True}
2024-12-02 11:45:10,852 : INFO : EventManager : Event: ======'machine_var_audits_switches_s_fuel_chute_5'====== Args={'value': 0, 'prev_value': None, 'change': True}
2024-12-02 11:45:10,852 : INFO : EventManager : Event: ======'machine_var_audits_switches_s_fuel_chute_6'====== Args={'value': 0, 'prev_value': None, 'change': True}
2024-12-02 11:45:10,852 : INFO : EventManager : Event: ======'machine_var_audits_switches_s_fuel_flag'====== Args={'value': 0, 'prev_value': None, 'change': True}
2024-12-02 11:45:10,853 : INFO : EventManager : Event: ======'machine_var_audits_switches_s_fuel_spot_1'====== Args={'value': 0, 'prev_value': None, 'change': True}
2024-12-02 11:45:10,853 : INFO : EventManager : Event: ======'machine_var_audits_switches_s_fuel_spot_2'====== Args={'value': 0, 'prev_value': None, 'change': True}
2024-12-02 11:45:10,853 : INFO : EventManager : Event: ======'machine_var_audits_switches_s_fuel_spot_3'====== Args={'value': 0, 'prev_value': None, 'change': True}
2024-12-02 11:45:10,853 : INFO : EventManager : Event: ======'machine_var_audits_switches_s_green_wormhole'====== Args={'value': 0, 'prev_value': None, 'change': True}
2024-12-02 11:45:10,854 : INFO : EventManager : Event: ======'machine_var_audits_switches_s_hyperspace_flag'====== Args={'value': 0, 'prev_value': None, 'change': True}
2024-12-02 11:45:10,854 : INFO : EventManager : Event: ======'machine_var_audits_switches_s_hyperspacekicker'====== Args={'value': 0, 'prev_value': None, 'change': True}
2024-12-02 11:45:10,854 : INFO : EventManager : Event: ======'machine_var_audits_switches_s_launch_lane_1'====== Args={'value': 0, 'prev_value': None, 'change': True}
2024-12-02 11:45:10,855 : INFO : EventManager : Event: ======'machine_var_audits_switches_s_launch_lane_2'====== Args={'value': 0, 'prev_value': None, 'change': True}
2024-12-02 11:45:10,855 : INFO : EventManager : Event: ======'machine_var_audits_switches_s_launch_lane_3'====== Args={'value': 0, 'prev_value': None, 'change': True}
2024-12-02 11:45:10,855 : INFO : EventManager : Event: ======'machine_var_audits_switches_s_launch_ramp'====== Args={'value': 0, 'prev_value': None, 'change': True}
2024-12-02 11:45:10,855 : INFO : EventManager : Event: ======'machine_var_audits_switches_s_left_attack_bumper'====== Args={'value': 0, 'prev_value': None, 'change': True}
2024-12-02 11:45:10,856 : INFO : EventManager : Event: ======'machine_var_audits_switches_s_left_flipper'====== Args={'value': 494, 'prev_value': None, 'change': True}
2024-12-02 11:45:10,856 : INFO : EventManager : Event: ======'machine_var_audits_switches_s_left_out_lane'====== Args={'value': 1, 'prev_value': None, 'change': True}
2024-12-02 11:45:10,856 : INFO : EventManager : Event: ======'machine_var_audits_switches_s_left_out_lane_kicker'====== Args={'value': 0, 'prev_value': None, 'change': True}
2024-12-02 11:45:10,856 : INFO : EventManager : Event: ======'machine_var_audits_switches_s_left_return_lane'====== Args={'value': 3, 'prev_value': None, 'change': True}
2024-12-02 11:45:10,857 : INFO : EventManager : Event: ======'machine_var_audits_switches_s_lower_attack_bumper'====== Args={'value': 0, 'prev_value': None, 'change': True}
2024-12-02 11:45:10,858 : INFO : EventManager : Event: ======'machine_var_audits_switches_s_lower_left_rebound'====== Args={'value': 0, 'prev_value': None, 'change': True}
2024-12-02 11:45:10,858 : INFO : EventManager : Event: ======'machine_var_audits_switches_s_lower_left_slingshot'====== Args={'value': 0, 'prev_value': None, 'change': True}
2024-12-02 11:45:10,859 : INFO : EventManager : Event: ======'machine_var_audits_switches_s_lower_right_rebound'====== Args={'value': 0, 'prev_value': None, 'change': True}
2024-12-02 11:45:10,860 : INFO : EventManager : Event: ======'machine_var_audits_switches_s_lower_right_slingshot'====== Args={'value': 0, 'prev_value': None, 'change': True}
2024-12-02 11:45:10,860 : INFO : EventManager : Event: ======'machine_var_audits_switches_s_medal_drop_left'====== Args={'value': 188, 'prev_value': None, 'change': True}
2024-12-02 11:45:10,861 : INFO : EventManager : Event: ======'machine_var_audits_switches_s_medal_drop_middle'====== Args={'value': 180, 'prev_value': None, 'change': True}
2024-12-02 11:45:10,861 : INFO : EventManager : Event: ======'machine_var_audits_switches_s_medal_drop_right'====== Args={'value': 179, 'prev_value': None, 'change': True}
2024-12-02 11:45:10,862 : INFO : EventManager : Event: ======'machine_var_audits_switches_s_mission_spot_1'====== Args={'value': 0, 'prev_value': None, 'change': True}
2024-12-02 11:45:10,862 : INFO : EventManager : Event: ======'machine_var_audits_switches_s_mission_spot_2'====== Args={'value': 2, 'prev_value': None, 'change': True}
2024-12-02 11:45:10,863 : INFO : EventManager : Event: ======'machine_var_audits_switches_s_mission_spot_3'====== Args={'value': 0, 'prev_value': None, 'change': True}
2024-12-02 11:45:10,863 : INFO : EventManager : Event: ======'machine_var_audits_switches_s_multiplier_left'====== Args={'value': 0, 'prev_value': None, 'change': True}
2024-12-02 11:45:10,864 : INFO : EventManager : Event: ======'machine_var_audits_switches_s_multiplier_middle'====== Args={'value': 0, 'prev_value': None, 'change': True}
2024-12-02 11:45:10,864 : INFO : EventManager : Event: ======'machine_var_audits_switches_s_multiplier_right'====== Args={'value': 0, 'prev_value': None, 'change': True}
2024-12-02 11:45:10,865 : INFO : EventManager : Event: ======'machine_var_audits_switches_s_plunger'====== Args={'value': 162, 'prev_value': None, 'change': True}
2024-12-02 11:45:10,865 : INFO : EventManager : Event: ======'machine_var_audits_switches_s_radiationspot_1'====== Args={'value': 0, 'prev_value': None, 'change': True}
2024-12-02 11:45:10,866 : INFO : EventManager : Event: ======'machine_var_audits_switches_s_radiationspot_2'====== Args={'value': 0, 'prev_value': None, 'change': True}
2024-12-02 11:45:10,866 : INFO : EventManager : Event: ======'machine_var_audits_switches_s_radiationspot_3'====== Args={'value': 0, 'prev_value': None, 'change': True}
2024-12-02 11:45:10,867 : INFO : EventManager : Event: ======'machine_var_audits_switches_s_red_wormhole'====== Args={'value': 0, 'prev_value': None, 'change': True}
2024-12-02 11:45:10,867 : INFO : EventManager : Event: ======'machine_var_audits_switches_s_reentry_left'====== Args={'value': 792, 'prev_value': None, 'change': True}
2024-12-02 11:45:10,868 : INFO : EventManager : Event: ======'machine_var_audits_switches_s_reentry_middle'====== Args={'value': 494, 'prev_value': None, 'change': True}
2024-12-02 11:45:10,868 : INFO : EventManager : Event: ======'machine_var_audits_switches_s_reentry_right'====== Args={'value': 445, 'prev_value': None, 'change': True}
2024-12-02 11:45:10,869 : INFO : EventManager : Event: ======'machine_var_audits_switches_s_right_flipper'====== Args={'value': 270, 'prev_value': None, 'change': True}
2024-12-02 11:45:10,869 : INFO : EventManager : Event: ======'machine_var_audits_switches_s_right_inlane'====== Args={'value': 0, 'prev_value': None, 'change': True}
2024-12-02 11:45:10,870 : INFO : EventManager : Event: ======'machine_var_audits_switches_s_right_out_lane'====== Args={'value': 4, 'prev_value': None, 'change': True}
2024-12-02 11:45:10,870 : INFO : EventManager : Event: ======'machine_var_audits_switches_s_right_out_lane_kicker'====== Args={'value': 0, 'prev_value': None, 'change': True}
2024-12-02 11:45:10,871 : INFO : EventManager : Event: ======'machine_var_audits_switches_s_right_return_lane'====== Args={'value': 1, 'prev_value': None, 'change': True}
2024-12-02 11:45:10,871 : INFO : EventManager : Event: ======'machine_var_audits_switches_s_satellite_bumper'====== Args={'value': 0, 'prev_value': None, 'change': True}
2024-12-02 11:45:10,872 : INFO : EventManager : Event: ======'machine_var_audits_switches_s_secondary_outlane_kicker'====== Args={'value': 0, 'prev_value': None, 'change': True}
2024-12-02 11:45:10,872 : INFO : EventManager : Event: ======'machine_var_audits_switches_s_skill_shot_1'====== Args={'value': 0, 'prev_value': None, 'change': True}
2024-12-02 11:45:10,873 : INFO : EventManager : Event: ======'machine_var_audits_switches_s_skill_shot_2'====== Args={'value': 0, 'prev_value': None, 'change': True}
2024-12-02 11:45:10,873 : INFO : EventManager : Event: ======'machine_var_audits_switches_s_skill_shot_3'====== Args={'value': 0, 'prev_value': None, 'change': True}
2024-12-02 11:45:10,874 : INFO : EventManager : Event: ======'machine_var_audits_switches_s_skill_shot_4'====== Args={'value': 0, 'prev_value': None, 'change': True}
2024-12-02 11:45:10,874 : INFO : EventManager : Event: ======'machine_var_audits_switches_s_skill_shot_5'====== Args={'value': 0, 'prev_value': None, 'change': True}
2024-12-02 11:45:10,875 : INFO : EventManager : Event: ======'machine_var_audits_switches_s_skill_shot_6'====== Args={'value': 0, 'prev_value': None, 'change': True}
2024-12-02 11:45:10,875 : INFO : EventManager : Event: ======'machine_var_audits_switches_s_skill_shot_lane'====== Args={'value': 0, 'prev_value': None, 'change': True}
2024-12-02 11:45:10,875 : INFO : EventManager : Event: ======'machine_var_audits_switches_s_spacewarp_rollover'====== Args={'value': 0, 'prev_value': None, 'change': True}
2024-12-02 11:45:10,876 : INFO : EventManager : Event: ======'machine_var_audits_switches_s_start'====== Args={'value': 7, 'prev_value': None, 'change': True}
2024-12-02 11:45:10,876 : INFO : EventManager : Event: ======'machine_var_audits_switches_s_trough1'====== Args={'value': 30, 'prev_value': None, 'change': True}
2024-12-02 11:45:10,877 : INFO : EventManager : Event: ======'machine_var_audits_switches_s_trough2'====== Args={'value': 0, 'prev_value': None, 'change': True}
2024-12-02 11:45:10,877 : INFO : EventManager : Event: ======'machine_var_audits_switches_s_trough3'====== Args={'value': 0, 'prev_value': None, 'change': True}
2024-12-02 11:45:10,878 : INFO : EventManager : Event: ======'machine_var_audits_switches_s_trough4'====== Args={'value': 0, 'prev_value': None, 'change': True}
2024-12-02 11:45:10,879 : INFO : EventManager : Event: ======'machine_var_audits_switches_s_trough5'====== Args={'value': 0, 'prev_value': None, 'change': True}
2024-12-02 11:45:10,879 : INFO : EventManager : Event: ======'machine_var_audits_switches_s_trough6'====== Args={'value': 0, 'prev_value': None, 'change': True}
2024-12-02 11:45:10,880 : INFO : EventManager : Event: ======'machine_var_audits_switches_s_trough_jam'====== Args={'value': 0, 'prev_value': None, 'change': True}
2024-12-02 11:45:10,880 : INFO : EventManager : Event: ======'machine_var_audits_switches_s_upper_attack_bumper'====== Args={'value': 0, 'prev_value': None, 'change': True}
2024-12-02 11:45:10,881 : INFO : EventManager : Event: ======'machine_var_audits_switches_s_upper_left_rebound'====== Args={'value': 0, 'prev_value': None, 'change': True}
2024-12-02 11:45:10,881 : INFO : EventManager : Event: ======'machine_var_audits_switches_s_upper_right_rebound'====== Args={'value': 0, 'prev_value': None, 'change': True}
2024-12-02 11:45:10,882 : INFO : EventManager : Event: ======'machine_var_audits_switches_s_wormhole_target'====== Args={'value': 0, 'prev_value': None, 'change': True}
2024-12-02 11:45:10,882 : INFO : EventManager : Event: ======'machine_var_audits_switches_s_yellow_wormhole'====== Args={'value': 0, 'prev_value': None, 'change': True}
2024-12-02 11:45:10,883 : INFO : EventManager : Event: ======'init_phase_5'====== Args={}
2024-12-02 11:45:10,906 : INFO : EventManager : Event: ======'init_done'====== Args={}
2024-12-02 11:45:10,908 : INFO : EventManager : Event: ======'machine_reset_phase_1'====== Args={}
2024-12-02 11:45:10,913 : INFO : EventManager : Event: ======'slide_welcome_slide_removed'====== Args={'_from_bcp': True}
2024-12-02 11:45:10,915 : INFO : EventManager : Event: ======'slide_welcome_slide_created'====== Args={'_from_bcp': True}
2024-12-02 11:45:10,917 : INFO : EventManager : Event: ======'machine_reset_phase_2'====== Args={}
2024-12-02 11:45:10,917 : INFO : EventManager : Event: ======'machine_reset_phase_3'====== Args={}
2024-12-02 11:45:10,917 : INFO : EventManager : Event: ======'slide_welcome_slide_active'====== Args={'_from_bcp': True}
2024-12-02 11:45:10,919 : INFO : EventManager : Event: ======'reset_complete'====== Args={}
2024-12-02 11:45:10,919 : INFO : EventManager : Event: ======'mode_attract_will_start'====== Args={}
2024-12-02 11:45:10,920 : INFO : EventManager : Event: ======'mode_attract_starting'====== Args={}
2024-12-02 11:45:10,920 : INFO : Mode.attract : Started. Priority: 10
2024-12-02 11:45:10,920 : INFO : EventManager : Event: ======'modes_active_modes_changed'====== Args={}
2024-12-02 11:45:10,920 : INFO : EventManager : Event: ======'mode_attract_started'====== Args={}
2024-12-02 11:45:10,921 : INFO : EventManager : Event: ======'collecting_balls_complete'====== Args={}
2024-12-02 11:45:10,952 : INFO : EventManager : Event: ======'slide_awesome_slide_created'====== Args={'_from_bcp': True}
2024-12-02 11:45:10,952 : INFO : EventManager : Event: ======'slide_awesome_slide_active'====== Args={'_from_bcp': True}
2024-12-02 11:45:10,953 : INFO : Machine : Starting the main run loop.
2024-12-02 11:45:13,936 : INFO : EventManager : Event: ======'slide_press_start_created'====== Args={'_from_bcp': True}
2024-12-02 11:45:13,936 : INFO : EventManager : Event: ======'slide_press_start_active'====== Args={'_from_bcp': True}
2024-12-02 11:45:14,947 : INFO : SwitchController : <<<<<<< 's_right_flipper' active >>>>>>>
2024-12-02 11:45:15,230 : INFO : SwitchController : <<<<<<< 's_right_flipper' inactive >>>>>>>
2024-12-02 11:45:16,307 : INFO : SwitchController : <<<<<<< 's_right_flipper' active >>>>>>>
2024-12-02 11:45:16,577 : INFO : SwitchController : <<<<<<< 's_right_flipper' inactive >>>>>>>
2024-12-02 11:45:16,895 : INFO : SwitchController : <<<<<<< 's_right_flipper' active >>>>>>>
2024-12-02 11:45:16,929 : INFO : EventManager : Event: ======'slide_mission_pinball_created'====== Args={'_from_bcp': True}
2024-12-02 11:45:16,929 : INFO : EventManager : Event: ======'slide_mission_pinball_active'====== Args={'_from_bcp': True}
2024-12-02 11:45:17,178 : INFO : SwitchController : <<<<<<< 's_right_flipper' inactive >>>>>>>
2024-12-02 11:45:17,304 : INFO : SwitchController : <<<<<<< 's_right_flipper' active >>>>>>>
2024-12-02 11:45:17,464 : INFO : SwitchController : <<<<<<< 's_right_flipper' inactive >>>>>>>
2024-12-02 11:45:19,096 : INFO : SwitchController : <<<<<<< 's_left_flipper' active >>>>>>>
2024-12-02 11:45:19,478 : INFO : SwitchController : <<<<<<< 's_left_flipper' inactive >>>>>>>
2024-12-02 11:45:19,903 : INFO : SwitchController : <<<<<<< 's_left_flipper' active >>>>>>>
2024-12-02 11:45:19,944 : INFO : EventManager : Event: ======'slide_last_game_score_slide_created'====== Args={'_from_bcp': True}
2024-12-02 11:45:19,945 : INFO : EventManager : Event: ======'slide_last_game_score_slide_active'====== Args={'_from_bcp': True}
2024-12-02 11:45:20,585 : INFO : SwitchController : <<<<<<< 's_left_flipper' inactive >>>>>>>
2024-12-02 11:45:20,822 : INFO : SwitchController : <<<<<<< 's_left_flipper' active >>>>>>>
2024-12-02 11:45:21,376 : INFO : SwitchController : <<<<<<< 's_left_flipper' inactive >>>>>>>
2024-12-02 11:45:21,502 : INFO : SwitchController : <<<<<<< 's_left_flipper' active >>>>>>>
2024-12-02 11:45:21,822 : INFO : SwitchController : <<<<<<< 's_left_flipper' inactive >>>>>>>
2024-12-02 11:45:21,947 : INFO : SwitchController : <<<<<<< 's_left_flipper' active >>>>>>>
2024-12-02 11:45:22,072 : INFO : SwitchController : <<<<<<< 's_left_flipper' inactive >>>>>>>
2024-12-02 11:45:22,183 : INFO : SwitchController : <<<<<<< 's_left_flipper' active >>>>>>>
2024-12-02 11:45:22,277 : INFO : SwitchController : <<<<<<< 's_left_flipper' inactive >>>>>>>
2024-12-02 11:45:22,344 : INFO : SwitchController : <<<<<<< 's_left_flipper' active >>>>>>>
2024-12-02 11:45:22,485 : INFO : SwitchController : <<<<<<< 's_left_flipper' inactive >>>>>>>
2024-12-02 11:45:22,564 : INFO : SwitchController : <<<<<<< 's_left_flipper' active >>>>>>>
2024-12-02 11:45:22,659 : INFO : SwitchController : <<<<<<< 's_left_flipper' inactive >>>>>>>
2024-12-02 11:45:22,737 : INFO : SwitchController : <<<<<<< 's_left_flipper' active >>>>>>>
2024-12-02 11:45:22,927 : INFO : EventManager : Event: ======'slide_awesome_slide_removed'====== Args={'_from_bcp': True}
2024-12-02 11:45:22,928 : INFO : EventManager : Event: ======'slide_awesome_slide_created'====== Args={'_from_bcp': True}
2024-12-02 11:45:22,928 : INFO : EventManager : Event: ======'slide_awesome_slide_active'====== Args={'_from_bcp': True}
2024-12-02 11:45:22,960 : INFO : SwitchController : <<<<<<< 's_left_flipper' inactive >>>>>>>
2024-12-02 11:45:25,925 : INFO : EventManager : Event: ======'slide_press_start_removed'====== Args={'_from_bcp': True}
2024-12-02 11:45:25,933 : INFO : EventManager : Event: ======'slide_press_start_created'====== Args={'_from_bcp': True}
2024-12-02 11:45:25,933 : INFO : EventManager : Event: ======'slide_press_start_active'====== Args={'_from_bcp': True}
2024-12-02 11:45:26,508 : INFO : SwitchController : <<<<<<< 's_start' active >>>>>>>
2024-12-02 11:45:26,684 : INFO : SwitchController : <<<<<<< 's_start' inactive >>>>>>>
2024-12-02 11:45:26,685 : INFO : EventManager : Event: ======'request_to_start_game'====== Args={}
2024-12-02 11:45:26,687 : INFO : EventManager : Event: ======'game_start'====== Args={'buttons': [], 'hold_time': 0.1720000000204891}
2024-12-02 11:45:26,688 : INFO : EventManager : Event: ======'mode_game_will_start'====== Args={'buttons': [], 'hold_time': 0.1720000000204891}
2024-12-02 11:45:26,689 : INFO : EventManager : Event: ======'mode_game_starting'====== Args={'buttons': [], 'hold_time': 0.1720000000204891}
2024-12-02 11:45:26,690 : INFO : EventManager : Event: ======'mode_attract_will_stop'====== Args={}
2024-12-02 11:45:26,690 : INFO : EventManager : Event: ======'mode_attract_stopping'====== Args={}
2024-12-02 11:45:26,690 : INFO : Mode.attract : Stopped.
2024-12-02 11:45:26,690 : INFO : EventManager : Event: ======'modes_active_modes_changed'====== Args={}
2024-12-02 11:45:26,691 : INFO : EventManager : Event: ======'mode_attract_stopped'====== Args={}
2024-12-02 11:45:26,691 : INFO : EventManager : Event: ======'clear'====== Args={'key': 'attract'}
2024-12-02 11:45:26,692 : INFO : Mode.game : Started. Priority: 20
2024-12-02 11:45:26,692 : INFO : EventManager : Event: ======'modes_active_modes_changed'====== Args={}
2024-12-02 11:45:26,693 : INFO : EventManager : Event: ======'mode_game_started'====== Args={'buttons': [], 'hold_time': 0.1720000000204891}
2024-12-02 11:45:26,707 : INFO : EventManager : Event: ======'game_will_start'====== Args={}
2024-12-02 11:45:26,707 : INFO : EventManager : Event: ======'slide_mission_pinball_removed'====== Args={'_from_bcp': True}
2024-12-02 11:45:26,707 : INFO : EventManager : Event: ======'slide_last_game_score_slide_removed'====== Args={'_from_bcp': True}
2024-12-02 11:45:26,707 : INFO : EventManager : Event: ======'slide_awesome_slide_removed'====== Args={'_from_bcp': True}
2024-12-02 11:45:26,708 : INFO : EventManager : Event: ======'slide_press_start_removed'====== Args={'_from_bcp': True}
2024-12-02 11:45:26,708 : INFO : EventManager : Event: ======'slide_welcome_slide_active'====== Args={'_from_bcp': True}
2024-12-02 11:45:26,708 : INFO : EventManager : Event: ======'game_starting'====== Args={'game': <Mode.game>}
2024-12-02 11:45:26,709 : INFO : EventManager : Event: ======'player_add_request'====== Args={}
2024-12-02 11:45:26,709 : INFO : EventManager : Event: ======'player_will_add'====== Args={'number': 1}
2024-12-02 11:45:26,709 : INFO : EventManager : Event: ======'player_adding'====== Args={'player': <Player 1>, 'number': 1}
2024-12-02 11:45:26,709 : INFO : EventManager : Event: ======'player_added'====== Args={'player': <Player 1>, 'num': 1}
2024-12-02 11:45:26,709 : INFO : Mode.game : Player added successfully. Total players: 1
2024-12-02 11:45:26,710 : INFO : EventManager : Event: ======'player_index'====== Args={'value': 0, 'prev_value': 0, 'change': 0, 'player_num': 1}
2024-12-02 11:45:26,710 : INFO : EventManager : Event: ======'player_number'====== Args={'value': 1, 'prev_value': 1, 'change': 0, 'player_num': 1}
2024-12-02 11:45:26,710 : INFO : EventManager : Event: ======'player_score'====== Args={'value': 0, 'prev_value': 0, 'change': 0, 'player_num': 1}
2024-12-02 11:45:26,711 : INFO : EventManager : Event: ======'game_started'====== Args={}
2024-12-02 11:45:26,727 : INFO : EventManager : Event: ======'player_turn_will_start'====== Args={'player': <Player 1>, 'number': 1}
2024-12-02 11:45:26,728 : INFO : EventManager : Event: ======'player_turn_starting'====== Args={'player': <Player 1>, 'number': 1}
2024-12-02 11:45:26,728 : INFO : EventManager : Event: ======'player_ball'====== Args={'value': 1, 'prev_value': 0, 'change': 1, 'player_num': 1}
2024-12-02 11:45:26,728 : INFO : EventManager : Event: ======'player_turn_started'====== Args={'player': <Player 1>, 'number': 1}
2024-12-02 11:45:26,729 : INFO : EventManager : Event: ======'ball_will_start'====== Args={'player': 1, 'ball': 1, 'balls_remaining': 2, 'is_extra_ball': False}
2024-12-02 11:45:26,732 : INFO : EventManager : Event: ======'ball_starting'====== Args={'player': 1, 'ball': 1, 'balls_remaining': 2, 'is_extra_ball': False}
2024-12-02 11:45:26,733 : INFO : EventManager : Event: ======'mode_base_will_start'====== Args={'queue': <QueuedEvent>, 'player': 1, 'ball': 1, 'balls_remaining': 2, 'is_extra_ball': False}
2024-12-02 11:45:26,733 : INFO : EventManager : Event: ======'mode_base_starting'====== Args={'queue': <QueuedEvent>, 'player': 1, 'ball': 1, 'balls_remaining': 2, 'is_extra_ball': False}
2024-12-02 11:45:26,733 : INFO : Mode.base : Started. Priority: 100
2024-12-02 11:45:26,733 : INFO : EventManager : Event: ======'modes_active_modes_changed'====== Args={}
2024-12-02 11:45:26,733 : INFO : EventManager : Event: ======'mode_base_started'====== Args={'queue': <QueuedEvent>, 'player': 1, 'ball': 1, 'balls_remaining': 2, 'is_extra_ball': False}
2024-12-02 11:45:26,734 : INFO : EventManager : Event: ======'balls_in_play'====== Args={'balls': 1}
2024-12-02 11:45:26,734 : INFO : EventManager : Event: ======'ball_started'====== Args={'player': 1, 'ball': 1, 'balls_remaining': 2, 'is_extra_ball': False}
2024-12-02 11:45:26,735 : INFO : EventManager : Event: ======'mode_reentry_will_start'====== Args={'player': 1, 'ball': 1, 'balls_remaining': 2, 'is_extra_ball': False}
2024-12-02 11:45:26,735 : INFO : EventManager : Event: ======'player_shot_reentryL_shot_enabled'====== Args={'value': True, 'prev_value': 0, 'change': 1, 'player_num': 1}
2024-12-02 11:45:26,735 : INFO : EventManager : Event: ======'player_shot_reentryM_shot_enabled'====== Args={'value': True, 'prev_value': 0, 'change': 1, 'player_num': 1}
2024-12-02 11:45:26,736 : INFO : EventManager : Event: ======'player_shot_reentryR_shot_enabled'====== Args={'value': True, 'prev_value': 0, 'change': 1, 'player_num': 1}
2024-12-02 11:45:26,736 : INFO : EventManager : Event: ======'reentry_shot_complete'====== Args={'state': 'off'}
2024-12-02 11:45:26,736 : INFO : EventManager : Event: ======'reentry_shot_off_complete'====== Args={}
2024-12-02 11:45:26,738 : INFO : EventManager : Event: ======'mode_reentry_starting'====== Args={'player': 1, 'ball': 1, 'balls_remaining': 2, 'is_extra_ball': False}
2024-12-02 11:45:26,738 : ERROR : asyncio : Exception in callback EventManager.process_event_queue()
handle: <Handle EventManager.process_event_queue()>
Traceback (most recent call last):
  File "c:\users\student\mpfenv\lib\site-packages\mpf\core\events.py", line 695, in _run_handlers
    result = handler.callback(**merged_kwargs)
  File "c:\users\student\mpfenv\lib\site-packages\mpf\devices\flipper.py", line 58, in event_enable
    self.enable()
  File "c:\users\student\mpfenv\lib\site-packages\mpf\devices\flipper.py", line 117, in enable
    self._enable_single_coil_rule()
  File "c:\users\student\mpfenv\lib\site-packages\mpf\devices\flipper.py", line 198, in _enable_single_coil_rule
    HoldRuleSettings(power=self._get_hold_power())
  File "c:\users\student\mpfenv\lib\site-packages\mpf\core\platform_controller.py", line 319, in set_pulse_on_hit_and_enable_and_release_rule
    driver_settings = self._get_configured_driver_with_hold(driver, pulse_setting, hold_settings)
  File "c:\users\student\mpfenv\lib\site-packages\mpf\core\platform_controller.py", line 162, in _get_configured_driver_with_hold
    raise AssertionError("Cannot enable driver with hold_power 0.0")
AssertionError: Cannot enable driver with hold_power 0.0

The above exception was the direct cause of the following exception:

Traceback (most recent call last):
  File "C:\Program Files\Python37\lib\asyncio\events.py", line 88, in _run
    self._context.run(self._callback, *self._args)
  File "c:\users\student\mpfenv\lib\site-packages\mpf\core\events.py", line 782, in process_event_queue
    **event[3])
  File "c:\users\student\mpfenv\lib\site-packages\mpf\core\events.py", line 741, in _process_event
    result = self._run_handlers(event, ev_type, kwargs)
  File "c:\users\student\mpfenv\lib\site-packages\mpf\core\events.py", line 697, in _run_handlers
    raise Exception("Exception while processing {} for event {}. {}".format(handler, event, e)) from e
Exception: Exception while processing RegisteredHandler(callback=<bound method Flipper.event_enable of <flipper.right_flipper>>, priority=2, kwargs={}, key=UUID('0ebb48b9-f133-44f6-9de2-dfc3bfda102a'), condition=None, blocking_facility=None) for event ball_started. Cannot enable driver with hold_power 0.0
2024-12-02 11:45:26,793 : INFO : EventManager : Event: ======'logicblock_reentry_shot_complete_count_updated'====== Args={'value': 1, 'enabled': True}
2024-12-02 11:45:26,793 : INFO : EventManager : Event: ======'logicblock_reentry_shot_complete_count_updated'====== Args={'value': 1, 'enabled': True}
2024-12-02 11:45:26,793 : INFO : Mode.reentry : Started. Priority: 200
2024-12-02 11:45:26,793 : INFO : EventManager : Event: ======'modes_active_modes_changed'====== Args={}
2024-12-02 11:45:26,793 : INFO : EventManager : Event: ======'mode_reentry_started'====== Args={'player': 1, 'ball': 1, 'balls_remaining': 2, 'is_extra_ball': False}
2024-12-02 11:45:26,794 : INFO : EventManager : Event: ======'player_attack_bumper_count'====== Args={'value': 1, 'prev_value': 0, 'change': 1, 'player_num': 1}
2024-12-02 11:45:26,795 : INFO : EventManager : Event: ======'slide_base.slide_player-mode_base_started_created'====== Args={'_from_bcp': True}
2024-12-02 11:45:26,795 : INFO : EventManager : Event: ======'slide_base.slide_player-mode_base_started_active'====== Args={'_from_bcp': True}
2024-12-02 11:45:26,796 : INFO : Machine : Shutting down...
2024-12-02 11:45:26,796 : INFO : EventManager : Event: ======'shutdown'====== Args={}
2024-12-02 11:45:26,800 : ERROR : OPP : Stop called on serial connection com5
2024-12-02 11:45:26,800 : ERROR : OPP : Stop called on serial connection com4
2024-12-02 11:45:26,803 : ERROR : asyncio : Task was destroyed but it is pending!
task: <Task pending coro=<Event.wait() running at C:\Program Files\Python37\lib\asyncio\locks.py:293> wait_for=<Future cancelled>>
2024-12-02 11:45:26,803 : ERROR : Machine : Runtime Exception
Traceback (most recent call last):
  File "c:\users\student\mpfenv\lib\site-packages\mpf\core\events.py", line 695, in _run_handlers
    result = handler.callback(**merged_kwargs)
  File "c:\users\student\mpfenv\lib\site-packages\mpf\devices\flipper.py", line 58, in event_enable
    self.enable()
  File "c:\users\student\mpfenv\lib\site-packages\mpf\devices\flipper.py", line 117, in enable
    self._enable_single_coil_rule()
  File "c:\users\student\mpfenv\lib\site-packages\mpf\devices\flipper.py", line 198, in _enable_single_coil_rule
    HoldRuleSettings(power=self._get_hold_power())
  File "c:\users\student\mpfenv\lib\site-packages\mpf\core\platform_controller.py", line 319, in set_pulse_on_hit_and_enable_and_release_rule
    driver_settings = self._get_configured_driver_with_hold(driver, pulse_setting, hold_settings)
  File "c:\users\student\mpfenv\lib\site-packages\mpf\core\platform_controller.py", line 162, in _get_configured_driver_with_hold
    raise AssertionError("Cannot enable driver with hold_power 0.0")
AssertionError: Cannot enable driver with hold_power 0.0

The above exception was the direct cause of the following exception:

Traceback (most recent call last):
  File "c:\users\student\mpfenv\lib\site-packages\mpf\core\machine.py", line 769, in _run_loop
    raise self._exception['exception']
  File "C:\Program Files\Python37\lib\asyncio\events.py", line 88, in _run
    self._context.run(self._callback, *self._args)
  File "c:\users\student\mpfenv\lib\site-packages\mpf\core\events.py", line 782, in process_event_queue
    **event[3])
  File "c:\users\student\mpfenv\lib\site-packages\mpf\core\events.py", line 741, in _process_event
    result = self._run_handlers(event, ev_type, kwargs)
  File "c:\users\student\mpfenv\lib\site-packages\mpf\core\events.py", line 697, in _run_handlers
    raise Exception("Exception while processing {} for event {}. {}".format(handler, event, e)) from e
Exception: Exception while processing RegisteredHandler(callback=<bound method Flipper.event_enable of <flipper.right_flipper>>, priority=2, kwargs={}, key=UUID('0ebb48b9-f133-44f6-9de2-dfc3bfda102a'), condition=None, blocking_facility=None) for event ball_started. Cannot enable driver with hold_power 0.0
2024-12-02 11:45:42,110 : INFO : root : MPF run loop ended.
