2024-11-24 16:59:52,889 : INFO : root : Loading config.
2024-11-24 16:59:52,893 : INFO : YamlMultifileConfigLoader : Machine config file #1: config.yaml
2024-11-24 16:59:52,894 : INFO : ConfigProcessor : Loading config from cache: C:\Users\student\AppData\Local\Temp\f1427cd4cbc9163bc2263f349f0fb463.mpf_cache
2024-11-24 16:59:52,968 : INFO : ConfigProcessor : Loading config from cache: C:\Users\student\AppData\Local\Temp\32ed7ad340ce8029344f8b9ff63edc80.mpf_cache
2024-11-24 16:59:52,969 : INFO : ConfigProcessor : Loading config from cache: C:\Users\student\AppData\Local\Temp\8696bd5a5a040ff67990be11cb4d3c0c.mpf_cache
2024-11-24 16:59:52,969 : INFO : ConfigProcessor : Loading config from cache: C:\Users\student\AppData\Local\Temp\4675a535c8328a9c278c807d999ed109.mpf_cache
2024-11-24 16:59:52,970 : INFO : ConfigProcessor : Loading config from cache: C:\Users\student\AppData\Local\Temp\0c8438cab3480347c0c749fa494946a2.mpf_cache
2024-11-24 16:59:52,971 : INFO : ConfigProcessor : Loading config from cache: C:\Users\student\AppData\Local\Temp\edae2e0e7aeda847f5007d89f37fc8de.mpf_cache
2024-11-24 16:59:52,972 : INFO : ConfigProcessor : Loading config from cache: C:\Users\student\AppData\Local\Temp\f8d2c2cf3ea01f085365ea23fa51a701.mpf_cache
2024-11-24 16:59:52,972 : INFO : ConfigProcessor : Loading config from cache: C:\Users\student\AppData\Local\Temp\30bd992f4b62a9b099207aebeb59554c.mpf_cache
2024-11-24 16:59:52,973 : INFO : Machine : Mission Pinball Framework Core Engine v0.55.0
2024-11-24 16:59:52,973 : INFO : Machine : Command line arguments: {'no_load_cache': False, 'create_config_cache': True, 'bcp': True, 'configfile': ['config.yaml'], 'force_assets_load': False, 'jsonlogging': False, 'logfile': 'logs\\2024-11-24-16-59-52-mpf-DESKTOP-0JH7ARL.log', 'pause': False, 'production': False, 'text_ui': True, 'loglevel': 15, 'consoleloglevel': 20, 'force_platform': None, 'syslog_address': None, 'mc_file_name': None, 'no_sound': False}
2024-11-24 16:59:52,973 : INFO : Machine : MPF path: c:\users\student\mpfenv\lib\site-packages\mpf
2024-11-24 16:59:52,973 : INFO : Machine : Machine path: C:\Users\student\pinball\cobraPinTest1
2024-11-24 16:59:52,973 : INFO : Machine : Platform: win32
2024-11-24 16:59:52,973 : INFO : Machine : Python executable location: c:\users\student\mpfenv\scripts\python.exe
2024-11-24 16:59:52,974 : INFO : Machine : Python version: 3.7.8 (64-bit)
2024-11-24 16:59:52,975 : INFO : Machine : Initialise MPF.
2024-11-24 16:59:53,167 : INFO : OPP : Connecting to com4 at 115200bps
2024-11-24 16:59:53,346 : INFO : OPP : Init of OPP board 0 done
2024-11-24 16:59:53,346 : INFO : OPP : Connecting to com5 at 115200bps
2024-11-24 16:59:53,521 : INFO : OPP : Init of OPP board 1 done
2024-11-24 16:59:53,522 : INFO : EventManager : Event: ======'machine_var_credits_string'====== Args={'value': 'FREE PLAY', 'prev_value': None, 'change': True}
2024-11-24 16:59:53,566 : INFO : EventManager : Event: ======'machine_var_master_volume'====== Args={'value': 0.5, 'prev_value': None, 'change': True}
2024-11-24 16:59:53,566 : INFO : EventManager : Event: ======'machine_var_player1_score'====== Args={'value': 1500, 'prev_value': None, 'change': True}
2024-11-24 16:59:53,566 : INFO : EventManager : Event: ======'machine_var_mpf_version'====== Args={'value': 'MPF v0.55.0', 'prev_value': None, 'change': True}
2024-11-24 16:59:53,566 : INFO : EventManager : Event: ======'machine_var_mpf_extended_version'====== Args={'value': 'MPF v0.55.0, Config version:5, Show version: 5, BCP version:1.1', 'prev_value': None, 'change': True}
2024-11-24 16:59:53,567 : INFO : EventManager : Event: ======'machine_var_python_version'====== Args={'value': '3.7.8', 'prev_value': None, 'change': True}
2024-11-24 16:59:53,567 : INFO : EventManager : Event: ======'machine_var_platform'====== Args={'value': 'Windows-10-10.0.19041-SP0', 'prev_value': None, 'change': True}
2024-11-24 16:59:53,567 : INFO : EventManager : Event: ======'machine_var_platform_system'====== Args={'value': 'Windows', 'prev_value': None, 'change': True}
2024-11-24 16:59:53,567 : INFO : EventManager : Event: ======'machine_var_platform_release'====== Args={'value': '10', 'prev_value': None, 'change': True}
2024-11-24 16:59:53,567 : INFO : EventManager : Event: ======'machine_var_platform_version'====== Args={'value': '10.0.19041', 'prev_value': None, 'change': True}
2024-11-24 16:59:53,567 : INFO : EventManager : Event: ======'machine_var_platform_machine'====== Args={'value': 'AMD64', 'prev_value': None, 'change': True}
2024-11-24 16:59:53,567 : INFO : EventManager : Event: ======'init_phase_1'====== Args={}
2024-11-24 16:59:53,582 : ERROR : asyncio : Exception in callback EventManager._async_handler_done(<QueuedEvent>)(<Task finishe...our config.')>) at c:\users\student\mpfenv\lib\site-packages\mpf\core\events.py:112
handle: <Handle EventManager._async_handler_done(<QueuedEvent>)(<Task finishe...our config.')>) at c:\users\student\mpfenv\lib\site-packages\mpf\core\events.py:112>
Traceback (most recent call last):
  File "C:\Program Files\Python37\lib\asyncio\events.py", line 88, in _run
    self._context.run(self._callback, *self._args)
  File "c:\users\student\mpfenv\lib\site-packages\mpf\core\events.py", line 115, in _async_handler_done
    future.result()
  File "c:\users\student\mpfenv\lib\site-packages\mpf\core\device_manager.py", line 89, in _load_device_modules
    self.load_devices_config(validate=True)
  File "c:\users\student\mpfenv\lib\site-packages\mpf\core\device_manager.py", line 147, in load_devices_config
    config[device_name] = collection[device_name].validate_and_parse_config(config[device_name], False)
  File "c:\users\student\mpfenv\lib\site-packages\mpf\core\device.py", line 109, in validate_and_parse_config
    self.config_section, config, self.name, "device", prefix=debug_prefix)
  File "c:\users\student\mpfenv\lib\site-packages\mpf\core\config_validator.py", line 180, in validate_config
    validation_failure_info=validation_failure_info)
  File "c:\users\student\mpfenv\lib\site-packages\mpf\core\config_validator.py", line 222, in _validate_config
    validation_failure_info=ValidationPath(validation_failure_info, k))
  File "c:\users\student\mpfenv\lib\site-packages\mpf\core\config_validator.py", line 259, in validate_config_item
    return self.validate_item(item, validation, validation_failure_info)
  File "c:\users\student\mpfenv\lib\site-packages\mpf\core\config_validator.py", line 709, in validate_item
    return self.validator_list[validator](item, validation_failure_info=validation_failure_info, param=param)
  File "c:\users\student\mpfenv\lib\site-packages\mpf\core\config_validator.py", line 424, in _validate_type_machine
    6)
  File "c:\users\student\mpfenv\lib\site-packages\mpf\core\config_validator.py", line 728, in validation_error
    item, msg), 5 if code is None else code, self.log.name)
mpf.exceptions.config_file_error.ConfigFileError: Config File Error in ConfigValidator: Config validation error: Entry flippers:left_flipper:activation_switch = "s_left_flipper" is not valid. Device "s_left_flipper" not found in "switches:" section in your config. Error Code: CFE-ConfigValidator-6 (https://docs.missionpinball.org/en/0.55/logs/CFE-ConfigValidator-6.html)
2024-11-24 16:59:53,585 : INFO : Machine : Starting the main run loop.
2024-11-24 16:59:53,588 : INFO : Machine : Shutting down...
2024-11-24 16:59:53,589 : INFO : EventManager : Event: ======'shutdown'====== Args={}
2024-11-24 16:59:53,589 : ERROR : OPP : Stop called on serial connection com5
2024-11-24 16:59:53,590 : ERROR : OPP : Stop called on serial connection com4
2024-11-24 16:59:53,593 : ERROR : Machine : Runtime Exception
Traceback (most recent call last):
  File "c:\users\student\mpfenv\lib\site-packages\mpf\core\machine.py", line 769, in _run_loop
    raise self._exception['exception']
  File "C:\Program Files\Python37\lib\asyncio\events.py", line 88, in _run
    self._context.run(self._callback, *self._args)
  File "c:\users\student\mpfenv\lib\site-packages\mpf\core\events.py", line 115, in _async_handler_done
    future.result()
  File "c:\users\student\mpfenv\lib\site-packages\mpf\core\device_manager.py", line 89, in _load_device_modules
    self.load_devices_config(validate=True)
  File "c:\users\student\mpfenv\lib\site-packages\mpf\core\device_manager.py", line 147, in load_devices_config
    config[device_name] = collection[device_name].validate_and_parse_config(config[device_name], False)
  File "c:\users\student\mpfenv\lib\site-packages\mpf\core\device.py", line 109, in validate_and_parse_config
    self.config_section, config, self.name, "device", prefix=debug_prefix)
  File "c:\users\student\mpfenv\lib\site-packages\mpf\core\config_validator.py", line 180, in validate_config
    validation_failure_info=validation_failure_info)
  File "c:\users\student\mpfenv\lib\site-packages\mpf\core\config_validator.py", line 222, in _validate_config
    validation_failure_info=ValidationPath(validation_failure_info, k))
  File "c:\users\student\mpfenv\lib\site-packages\mpf\core\config_validator.py", line 259, in validate_config_item
    return self.validate_item(item, validation, validation_failure_info)
  File "c:\users\student\mpfenv\lib\site-packages\mpf\core\config_validator.py", line 709, in validate_item
    return self.validator_list[validator](item, validation_failure_info=validation_failure_info, param=param)
  File "c:\users\student\mpfenv\lib\site-packages\mpf\core\config_validator.py", line 424, in _validate_type_machine
    6)
  File "c:\users\student\mpfenv\lib\site-packages\mpf\core\config_validator.py", line 728, in validation_error
    item, msg), 5 if code is None else code, self.log.name)
mpf.exceptions.config_file_error.ConfigFileError: Config File Error in ConfigValidator: Config validation error: Entry flippers:left_flipper:activation_switch = "s_left_flipper" is not valid. Device "s_left_flipper" not found in "switches:" section in your config. Error Code: CFE-ConfigValidator-6 (https://docs.missionpinball.org/en/0.55/logs/CFE-ConfigValidator-6.html)
2024-11-24 17:00:10,316 : ERROR : root : 
Traceback (most recent call last):
  File "c:\users\student\mpfenv\lib\site-packages\mpf\core\machine.py", line 769, in _run_loop
    raise self._exception['exception']
  File "C:\Program Files\Python37\lib\asyncio\events.py", line 88, in _run
    self._context.run(self._callback, *self._args)
  File "c:\users\student\mpfenv\lib\site-packages\mpf\core\events.py", line 115, in _async_handler_done
    future.result()
  File "c:\users\student\mpfenv\lib\site-packages\mpf\core\device_manager.py", line 89, in _load_device_modules
    self.load_devices_config(validate=True)
  File "c:\users\student\mpfenv\lib\site-packages\mpf\core\device_manager.py", line 147, in load_devices_config
    config[device_name] = collection[device_name].validate_and_parse_config(config[device_name], False)
  File "c:\users\student\mpfenv\lib\site-packages\mpf\core\device.py", line 109, in validate_and_parse_config
    self.config_section, config, self.name, "device", prefix=debug_prefix)
  File "c:\users\student\mpfenv\lib\site-packages\mpf\core\config_validator.py", line 180, in validate_config
    validation_failure_info=validation_failure_info)
  File "c:\users\student\mpfenv\lib\site-packages\mpf\core\config_validator.py", line 222, in _validate_config
    validation_failure_info=ValidationPath(validation_failure_info, k))
  File "c:\users\student\mpfenv\lib\site-packages\mpf\core\config_validator.py", line 259, in validate_config_item
    return self.validate_item(item, validation, validation_failure_info)
  File "c:\users\student\mpfenv\lib\site-packages\mpf\core\config_validator.py", line 709, in validate_item
    return self.validator_list[validator](item, validation_failure_info=validation_failure_info, param=param)
  File "c:\users\student\mpfenv\lib\site-packages\mpf\core\config_validator.py", line 424, in _validate_type_machine
    6)
  File "c:\users\student\mpfenv\lib\site-packages\mpf\core\config_validator.py", line 728, in validation_error
    item, msg), 5 if code is None else code, self.log.name)
mpf.exceptions.config_file_error.ConfigFileError: Config File Error in ConfigValidator: Config validation error: Entry flippers:left_flipper:activation_switch = "s_left_flipper" is not valid. Device "s_left_flipper" not found in "switches:" section in your config. Error Code: CFE-ConfigValidator-6 (https://docs.missionpinball.org/en/0.55/logs/CFE-ConfigValidator-6.html)

During handling of the above exception, another exception occurred:

Traceback (most recent call last):
  File "c:\users\student\mpfenv\lib\site-packages\mpf\commands\game.py", line 239, in __init__
    self.machine.run()
  File "c:\users\student\mpfenv\lib\site-packages\mpf\core\machine.py", line 687, in run
    self._run_loop()
  File "c:\users\student\mpfenv\lib\site-packages\mpf\core\machine.py", line 772, in _run_loop
    report_crash(self._exception['exception'], "exception_during_run", self.config)
  File "c:\users\student\mpfenv\lib\site-packages\mpf\core\crash_reporter.py", line 236, in report_crash
    response = input("Do you want to report the crash to the MPF team (yes/no/show)? ")
EOFError
