2024-12-02 11:46:37,195 : INFO : root : Loading config.
2024-12-02 11:46:37,199 : INFO : YamlMultifileConfigLoader : Machine config file #1: config.yaml
2024-12-02 11:46:37,199 : WARNING : ConfigProcessor : Config file in cache changed: C:\Users\student\pinball\cobraPinTest1\config\config.yaml
2024-12-02 11:46:37,199 : INFO : ConfigProcessor : Loading config from file c:\users\student\mpfenv\lib\site-packages\mpf\mpfconfig.yaml.
2024-12-02 11:46:37,260 : INFO : ConfigProcessor : Loading config: c:\users\student\mpfenv\lib\site-packages\mpf\mpfconfig.yaml
2024-12-02 11:46:37,261 : INFO : ConfigProcessor : Loading config from file C:\Users\student\pinball\cobraPinTest1\config\config.yaml.
2024-12-02 11:46:37,299 : INFO : ConfigProcessor : Loading config: C:\Users\student\pinball\cobraPinTest1\config\config.yaml
2024-12-02 11:46:37,301 : INFO : ConfigProcessor : Config file cache created: C:\Users\student\AppData\Local\Temp\f1427cd4cbc9163bc2263f349f0fb463.mpf_cache
2024-12-02 11:46:37,370 : INFO : ConfigProcessor : Loading config from cache: C:\Users\student\AppData\Local\Temp\32ed7ad340ce8029344f8b9ff63edc80.mpf_cache
2024-12-02 11:46:37,371 : INFO : ConfigProcessor : Loading config from cache: C:\Users\student\AppData\Local\Temp\8696bd5a5a040ff67990be11cb4d3c0c.mpf_cache
2024-12-02 11:46:37,371 : INFO : ConfigProcessor : Loading config from cache: C:\Users\student\AppData\Local\Temp\4675a535c8328a9c278c807d999ed109.mpf_cache
2024-12-02 11:46:37,372 : INFO : ConfigProcessor : Loading config from cache: C:\Users\student\AppData\Local\Temp\0c8438cab3480347c0c749fa494946a2.mpf_cache
2024-12-02 11:46:37,373 : INFO : ConfigProcessor : Loading config from cache: C:\Users\student\AppData\Local\Temp\f8d2c2cf3ea01f085365ea23fa51a701.mpf_cache
2024-12-02 11:46:37,374 : INFO : ConfigProcessor : Loading config from cache: C:\Users\student\AppData\Local\Temp\30bd992f4b62a9b099207aebeb59554c.mpf_cache
2024-12-02 11:46:37,375 : INFO : Machine : Mission Pinball Framework Core Engine v0.55.0
2024-12-02 11:46:37,375 : INFO : Machine : Command line arguments: {'no_load_cache': False, 'create_config_cache': True, 'bcp': True, 'configfile': ['config.yaml'], 'force_assets_load': False, 'jsonlogging': False, 'logfile': 'logs\\2024-12-02-11-46-37-mpf-DESKTOP-0JH7ARL.log', 'pause': False, 'production': False, 'text_ui': True, 'loglevel': 15, 'consoleloglevel': 20, 'force_platform': None, 'syslog_address': None, 'mc_file_name': None, 'no_sound': False}
2024-12-02 11:46:37,375 : INFO : Machine : MPF path: c:\users\student\mpfenv\lib\site-packages\mpf
2024-12-02 11:46:37,375 : INFO : Machine : Machine path: C:\Users\student\pinball\cobraPinTest1
2024-12-02 11:46:37,375 : INFO : Machine : Platform: win32
2024-12-02 11:46:37,375 : INFO : Machine : Python executable location: c:\users\student\mpfenv\scripts\python.exe
2024-12-02 11:46:37,375 : INFO : Machine : Python version: 3.7.8 (64-bit)
2024-12-02 11:46:37,376 : INFO : Machine : Initialise MPF.
2024-12-02 11:46:37,692 : INFO : OPP : Connecting to com4 at 115200bps
2024-12-02 11:46:37,790 : INFO : OPP : Init of OPP board 0 done
2024-12-02 11:46:37,790 : INFO : OPP : Connecting to com5 at 115200bps
2024-12-02 11:46:37,963 : INFO : OPP : Init of OPP board 1 done
2024-12-02 11:46:37,964 : INFO : EventManager : Event: ======'machine_var_credits_string'====== Args={'value': 'FREE PLAY', 'prev_value': None, 'change': True}
2024-12-02 11:46:38,010 : INFO : EventManager : Event: ======'machine_var_master_volume'====== Args={'value': 0.5, 'prev_value': None, 'change': True}
2024-12-02 11:46:38,010 : INFO : EventManager : Event: ======'machine_var_player1_score'====== Args={'value': 1500, 'prev_value': None, 'change': True}
2024-12-02 11:46:38,010 : INFO : EventManager : Event: ======'machine_var_mpf_version'====== Args={'value': 'MPF v0.55.0', 'prev_value': None, 'change': True}
2024-12-02 11:46:38,011 : INFO : EventManager : Event: ======'machine_var_mpf_extended_version'====== Args={'value': 'MPF v0.55.0, Config version:5, Show version: 5, BCP version:1.1', 'prev_value': None, 'change': True}
2024-12-02 11:46:38,011 : INFO : EventManager : Event: ======'machine_var_python_version'====== Args={'value': '3.7.8', 'prev_value': None, 'change': True}
2024-12-02 11:46:38,011 : INFO : EventManager : Event: ======'machine_var_platform'====== Args={'value': 'Windows-10-10.0.19041-SP0', 'prev_value': None, 'change': True}
2024-12-02 11:46:38,011 : INFO : EventManager : Event: ======'machine_var_platform_system'====== Args={'value': 'Windows', 'prev_value': None, 'change': True}
2024-12-02 11:46:38,011 : INFO : EventManager : Event: ======'machine_var_platform_release'====== Args={'value': '10', 'prev_value': None, 'change': True}
2024-12-02 11:46:38,011 : INFO : EventManager : Event: ======'machine_var_platform_version'====== Args={'value': '10.0.19041', 'prev_value': None, 'change': True}
2024-12-02 11:46:38,011 : INFO : EventManager : Event: ======'machine_var_platform_machine'====== Args={'value': 'AMD64', 'prev_value': None, 'change': True}
2024-12-02 11:46:38,011 : INFO : EventManager : Event: ======'init_phase_1'====== Args={}
2024-12-02 11:46:38,034 : INFO : EventManager : Event: ======'init_phase_2'====== Args={}
2024-12-02 11:46:38,035 : INFO : SwitchController : Found active switch: ('0-0-8', <Platform.OPP>) <switch.s_trough1>
2024-12-02 11:46:38,039 : INFO : EventManager : Event: ======'bcp_connection_attempt'====== Args={'name': 'local_display', 'host': 'localhost', 'port': 5050}
2024-12-02 11:46:38,040 : INFO : BCPClientSocket : Connecting BCP to 'local_display' at localhost:5050...
2024-12-02 11:46:40,085 : INFO : BCPClientSocket : Connected BCP to 'local_display' localhost:5050
2024-12-02 11:46:40,087 : INFO : EventManager : Event: ======'bcp_clients_connected'====== Args={}
2024-12-02 11:46:40,103 : INFO : ball_device.bd_trough : BCH: Initial count: 1
2024-12-02 11:46:40,104 : INFO : EventManager : Event: ======'machine_var_mc_version'====== Args={'value': 'MPF-MC v0.55.0', 'prev_value': None, 'change': True}
2024-12-02 11:46:40,104 : INFO : EventManager : Event: ======'machine_var_mc_extended_version'====== Args={'value': 'MPF-MC v0.55.0 (config_version=5, BCP v1.1, Requires MPF v0.55.0-dev.49)', 'prev_value': None, 'change': True}
2024-12-02 11:46:40,106 : INFO : ball_device.bd_trough : State: idle
2024-12-02 11:46:40,121 : INFO : ball_device.bd_plunger : BCH: Initial count: 0
2024-12-02 11:46:40,122 : INFO : ball_device.bd_plunger : State: idle
2024-12-02 11:46:40,184 : INFO : EventManager : Event: ======'init_phase_3'====== Args={}
2024-12-02 11:46:40,189 : INFO : EventManager : Event: ======'init_phase_4'====== Args={}
2024-12-02 11:46:40,190 : INFO : BallController : Initial balls found: 1
2024-12-02 11:46:40,191 : INFO : EventManager : Event: ======'machine_var_audits_events_game_ended'====== Args={'value': 0, 'prev_value': None, 'change': True}
2024-12-02 11:46:40,192 : INFO : EventManager : Event: ======'machine_var_audits_events_game_started'====== Args={'value': 0, 'prev_value': None, 'change': True}
2024-12-02 11:46:40,192 : INFO : EventManager : Event: ======'machine_var_audits_player_score'====== Args={'value': {'average': 1800.0, 'top': [2000, 1900, 1500], 'total': 3}, 'prev_value': None, 'change': True}
2024-12-02 11:46:40,192 : INFO : EventManager : Event: ======'machine_var_audits_shots_medalL_shot'====== Args={'value': 174, 'prev_value': None, 'change': True}
2024-12-02 11:46:40,192 : INFO : EventManager : Event: ======'machine_var_audits_shots_medalM_shot'====== Args={'value': 166, 'prev_value': None, 'change': True}
2024-12-02 11:46:40,193 : INFO : EventManager : Event: ======'machine_var_audits_shots_medalR_shot'====== Args={'value': 165, 'prev_value': None, 'change': True}
2024-12-02 11:46:40,193 : INFO : EventManager : Event: ======'machine_var_audits_shots_my_first_shot'====== Args={'value': 119, 'prev_value': None, 'change': True}
2024-12-02 11:46:40,193 : INFO : EventManager : Event: ======'machine_var_audits_shots_my_first_shot_mode2'====== Args={'value': 72, 'prev_value': None, 'change': True}
2024-12-02 11:46:40,193 : INFO : EventManager : Event: ======'machine_var_audits_shots_reentryL_shot'====== Args={'value': 437, 'prev_value': None, 'change': True}
2024-12-02 11:46:40,193 : INFO : EventManager : Event: ======'machine_var_audits_shots_reentryM_shot'====== Args={'value': 420, 'prev_value': None, 'change': True}
2024-12-02 11:46:40,194 : INFO : EventManager : Event: ======'machine_var_audits_shots_reentryR_shot'====== Args={'value': 386, 'prev_value': None, 'change': True}
2024-12-02 11:46:40,194 : INFO : EventManager : Event: ======'machine_var_audits_shots_reentry_shot'====== Args={'value': 9, 'prev_value': None, 'change': True}
2024-12-02 11:46:40,195 : INFO : EventManager : Event: ======'machine_var_audits_shots_top_lane_A'====== Args={'value': 12, 'prev_value': None, 'change': True}
2024-12-02 11:46:40,195 : INFO : EventManager : Event: ======'machine_var_audits_shots_top_lane_J'====== Args={'value': 12, 'prev_value': None, 'change': True}
2024-12-02 11:46:40,195 : INFO : EventManager : Event: ======'machine_var_audits_shots_top_lane_M'====== Args={'value': 9, 'prev_value': None, 'change': True}
2024-12-02 11:46:40,195 : INFO : EventManager : Event: ======'machine_var_audits_switches_s_blackhole_kicker'====== Args={'value': 0, 'prev_value': None, 'change': True}
2024-12-02 11:46:40,195 : INFO : EventManager : Event: ======'machine_var_audits_switches_s_bonus_lane'====== Args={'value': 0, 'prev_value': None, 'change': True}
2024-12-02 11:46:40,196 : INFO : EventManager : Event: ======'machine_var_audits_switches_s_booster_drop_target_1'====== Args={'value': 0, 'prev_value': None, 'change': True}
2024-12-02 11:46:40,196 : INFO : EventManager : Event: ======'machine_var_audits_switches_s_booster_drop_target_2'====== Args={'value': 0, 'prev_value': None, 'change': True}
2024-12-02 11:46:40,196 : INFO : EventManager : Event: ======'machine_var_audits_switches_s_booster_drop_target_3'====== Args={'value': 0, 'prev_value': None, 'change': True}
2024-12-02 11:46:40,196 : INFO : EventManager : Event: ======'machine_var_audits_switches_s_comet_spot_1'====== Args={'value': 0, 'prev_value': None, 'change': True}
2024-12-02 11:46:40,197 : INFO : EventManager : Event: ======'machine_var_audits_switches_s_comet_spot_2'====== Args={'value': 0, 'prev_value': None, 'change': True}
2024-12-02 11:46:40,197 : INFO : EventManager : Event: ======'machine_var_audits_switches_s_comet_spot_3'====== Args={'value': 0, 'prev_value': None, 'change': True}
2024-12-02 11:46:40,197 : INFO : EventManager : Event: ======'machine_var_audits_switches_s_engine_bumper_1'====== Args={'value': 0, 'prev_value': None, 'change': True}
2024-12-02 11:46:40,198 : INFO : EventManager : Event: ======'machine_var_audits_switches_s_engine_bumper_2'====== Args={'value': 0, 'prev_value': None, 'change': True}
2024-12-02 11:46:40,198 : INFO : EventManager : Event: ======'machine_var_audits_switches_s_engine_bumper_3'====== Args={'value': 0, 'prev_value': None, 'change': True}
2024-12-02 11:46:40,198 : INFO : EventManager : Event: ======'machine_var_audits_switches_s_fuel_chute_1'====== Args={'value': 0, 'prev_value': None, 'change': True}
2024-12-02 11:46:40,198 : INFO : EventManager : Event: ======'machine_var_audits_switches_s_fuel_chute_2'====== Args={'value': 0, 'prev_value': None, 'change': True}
2024-12-02 11:46:40,199 : INFO : EventManager : Event: ======'machine_var_audits_switches_s_fuel_chute_3'====== Args={'value': 0, 'prev_value': None, 'change': True}
2024-12-02 11:46:40,199 : INFO : EventManager : Event: ======'machine_var_audits_switches_s_fuel_chute_4'====== Args={'value': 0, 'prev_value': None, 'change': True}
2024-12-02 11:46:40,199 : INFO : EventManager : Event: ======'machine_var_audits_switches_s_fuel_chute_5'====== Args={'value': 0, 'prev_value': None, 'change': True}
2024-12-02 11:46:40,199 : INFO : EventManager : Event: ======'machine_var_audits_switches_s_fuel_chute_6'====== Args={'value': 0, 'prev_value': None, 'change': True}
2024-12-02 11:46:40,200 : INFO : EventManager : Event: ======'machine_var_audits_switches_s_fuel_flag'====== Args={'value': 0, 'prev_value': None, 'change': True}
2024-12-02 11:46:40,200 : INFO : EventManager : Event: ======'machine_var_audits_switches_s_fuel_spot_1'====== Args={'value': 0, 'prev_value': None, 'change': True}
2024-12-02 11:46:40,201 : INFO : EventManager : Event: ======'machine_var_audits_switches_s_fuel_spot_2'====== Args={'value': 0, 'prev_value': None, 'change': True}
2024-12-02 11:46:40,201 : INFO : EventManager : Event: ======'machine_var_audits_switches_s_fuel_spot_3'====== Args={'value': 0, 'prev_value': None, 'change': True}
2024-12-02 11:46:40,201 : INFO : EventManager : Event: ======'machine_var_audits_switches_s_green_wormhole'====== Args={'value': 0, 'prev_value': None, 'change': True}
2024-12-02 11:46:40,202 : INFO : EventManager : Event: ======'machine_var_audits_switches_s_hyperspace_flag'====== Args={'value': 0, 'prev_value': None, 'change': True}
2024-12-02 11:46:40,202 : INFO : EventManager : Event: ======'machine_var_audits_switches_s_hyperspacekicker'====== Args={'value': 0, 'prev_value': None, 'change': True}
2024-12-02 11:46:40,203 : INFO : EventManager : Event: ======'machine_var_audits_switches_s_launch_lane_1'====== Args={'value': 0, 'prev_value': None, 'change': True}
2024-12-02 11:46:40,204 : INFO : EventManager : Event: ======'machine_var_audits_switches_s_launch_lane_2'====== Args={'value': 0, 'prev_value': None, 'change': True}
2024-12-02 11:46:40,204 : INFO : EventManager : Event: ======'machine_var_audits_switches_s_launch_lane_3'====== Args={'value': 0, 'prev_value': None, 'change': True}
2024-12-02 11:46:40,205 : INFO : EventManager : Event: ======'machine_var_audits_switches_s_launch_ramp'====== Args={'value': 0, 'prev_value': None, 'change': True}
2024-12-02 11:46:40,205 : INFO : EventManager : Event: ======'machine_var_audits_switches_s_left_attack_bumper'====== Args={'value': 0, 'prev_value': None, 'change': True}
2024-12-02 11:46:40,206 : INFO : EventManager : Event: ======'machine_var_audits_switches_s_left_flipper'====== Args={'value': 494, 'prev_value': None, 'change': True}
2024-12-02 11:46:40,206 : INFO : EventManager : Event: ======'machine_var_audits_switches_s_left_out_lane'====== Args={'value': 1, 'prev_value': None, 'change': True}
2024-12-02 11:46:40,207 : INFO : EventManager : Event: ======'machine_var_audits_switches_s_left_out_lane_kicker'====== Args={'value': 0, 'prev_value': None, 'change': True}
2024-12-02 11:46:40,207 : INFO : EventManager : Event: ======'machine_var_audits_switches_s_left_return_lane'====== Args={'value': 3, 'prev_value': None, 'change': True}
2024-12-02 11:46:40,207 : INFO : EventManager : Event: ======'machine_var_audits_switches_s_lower_attack_bumper'====== Args={'value': 0, 'prev_value': None, 'change': True}
2024-12-02 11:46:40,208 : INFO : EventManager : Event: ======'machine_var_audits_switches_s_lower_left_rebound'====== Args={'value': 0, 'prev_value': None, 'change': True}
2024-12-02 11:46:40,208 : INFO : EventManager : Event: ======'machine_var_audits_switches_s_lower_left_slingshot'====== Args={'value': 0, 'prev_value': None, 'change': True}
2024-12-02 11:46:40,209 : INFO : EventManager : Event: ======'machine_var_audits_switches_s_lower_right_rebound'====== Args={'value': 0, 'prev_value': None, 'change': True}
2024-12-02 11:46:40,209 : INFO : EventManager : Event: ======'machine_var_audits_switches_s_lower_right_slingshot'====== Args={'value': 0, 'prev_value': None, 'change': True}
2024-12-02 11:46:40,210 : INFO : EventManager : Event: ======'machine_var_audits_switches_s_medal_drop_left'====== Args={'value': 188, 'prev_value': None, 'change': True}
2024-12-02 11:46:40,210 : INFO : EventManager : Event: ======'machine_var_audits_switches_s_medal_drop_middle'====== Args={'value': 180, 'prev_value': None, 'change': True}
2024-12-02 11:46:40,211 : INFO : EventManager : Event: ======'machine_var_audits_switches_s_medal_drop_right'====== Args={'value': 179, 'prev_value': None, 'change': True}
2024-12-02 11:46:40,211 : INFO : EventManager : Event: ======'machine_var_audits_switches_s_mission_spot_1'====== Args={'value': 0, 'prev_value': None, 'change': True}
2024-12-02 11:46:40,211 : INFO : EventManager : Event: ======'machine_var_audits_switches_s_mission_spot_2'====== Args={'value': 2, 'prev_value': None, 'change': True}
2024-12-02 11:46:40,212 : INFO : EventManager : Event: ======'machine_var_audits_switches_s_mission_spot_3'====== Args={'value': 0, 'prev_value': None, 'change': True}
2024-12-02 11:46:40,212 : INFO : EventManager : Event: ======'machine_var_audits_switches_s_multiplier_left'====== Args={'value': 0, 'prev_value': None, 'change': True}
2024-12-02 11:46:40,213 : INFO : EventManager : Event: ======'machine_var_audits_switches_s_multiplier_middle'====== Args={'value': 0, 'prev_value': None, 'change': True}
2024-12-02 11:46:40,213 : INFO : EventManager : Event: ======'machine_var_audits_switches_s_multiplier_right'====== Args={'value': 0, 'prev_value': None, 'change': True}
2024-12-02 11:46:40,214 : INFO : EventManager : Event: ======'machine_var_audits_switches_s_plunger'====== Args={'value': 162, 'prev_value': None, 'change': True}
2024-12-02 11:46:40,214 : INFO : EventManager : Event: ======'machine_var_audits_switches_s_radiationspot_1'====== Args={'value': 0, 'prev_value': None, 'change': True}
2024-12-02 11:46:40,215 : INFO : EventManager : Event: ======'machine_var_audits_switches_s_radiationspot_2'====== Args={'value': 0, 'prev_value': None, 'change': True}
2024-12-02 11:46:40,215 : INFO : EventManager : Event: ======'machine_var_audits_switches_s_radiationspot_3'====== Args={'value': 0, 'prev_value': None, 'change': True}
2024-12-02 11:46:40,216 : INFO : EventManager : Event: ======'machine_var_audits_switches_s_red_wormhole'====== Args={'value': 0, 'prev_value': None, 'change': True}
2024-12-02 11:46:40,216 : INFO : EventManager : Event: ======'machine_var_audits_switches_s_reentry_left'====== Args={'value': 792, 'prev_value': None, 'change': True}
2024-12-02 11:46:40,217 : INFO : EventManager : Event: ======'machine_var_audits_switches_s_reentry_middle'====== Args={'value': 494, 'prev_value': None, 'change': True}
2024-12-02 11:46:40,217 : INFO : EventManager : Event: ======'machine_var_audits_switches_s_reentry_right'====== Args={'value': 445, 'prev_value': None, 'change': True}
2024-12-02 11:46:40,217 : INFO : EventManager : Event: ======'machine_var_audits_switches_s_right_flipper'====== Args={'value': 270, 'prev_value': None, 'change': True}
2024-12-02 11:46:40,218 : INFO : EventManager : Event: ======'machine_var_audits_switches_s_right_inlane'====== Args={'value': 0, 'prev_value': None, 'change': True}
2024-12-02 11:46:40,218 : INFO : EventManager : Event: ======'machine_var_audits_switches_s_right_out_lane'====== Args={'value': 4, 'prev_value': None, 'change': True}
2024-12-02 11:46:40,219 : INFO : EventManager : Event: ======'machine_var_audits_switches_s_right_out_lane_kicker'====== Args={'value': 0, 'prev_value': None, 'change': True}
2024-12-02 11:46:40,219 : INFO : EventManager : Event: ======'machine_var_audits_switches_s_right_return_lane'====== Args={'value': 1, 'prev_value': None, 'change': True}
2024-12-02 11:46:40,220 : INFO : EventManager : Event: ======'machine_var_audits_switches_s_satellite_bumper'====== Args={'value': 0, 'prev_value': None, 'change': True}
2024-12-02 11:46:40,220 : INFO : EventManager : Event: ======'machine_var_audits_switches_s_secondary_outlane_kicker'====== Args={'value': 0, 'prev_value': None, 'change': True}
2024-12-02 11:46:40,221 : INFO : EventManager : Event: ======'machine_var_audits_switches_s_skill_shot_1'====== Args={'value': 0, 'prev_value': None, 'change': True}
2024-12-02 11:46:40,221 : INFO : EventManager : Event: ======'machine_var_audits_switches_s_skill_shot_2'====== Args={'value': 0, 'prev_value': None, 'change': True}
2024-12-02 11:46:40,222 : INFO : EventManager : Event: ======'machine_var_audits_switches_s_skill_shot_3'====== Args={'value': 0, 'prev_value': None, 'change': True}
2024-12-02 11:46:40,222 : INFO : EventManager : Event: ======'machine_var_audits_switches_s_skill_shot_4'====== Args={'value': 0, 'prev_value': None, 'change': True}
2024-12-02 11:46:40,222 : INFO : EventManager : Event: ======'machine_var_audits_switches_s_skill_shot_5'====== Args={'value': 0, 'prev_value': None, 'change': True}
2024-12-02 11:46:40,223 : INFO : EventManager : Event: ======'machine_var_audits_switches_s_skill_shot_6'====== Args={'value': 0, 'prev_value': None, 'change': True}
2024-12-02 11:46:40,223 : INFO : EventManager : Event: ======'machine_var_audits_switches_s_skill_shot_lane'====== Args={'value': 0, 'prev_value': None, 'change': True}
2024-12-02 11:46:40,224 : INFO : EventManager : Event: ======'machine_var_audits_switches_s_spacewarp_rollover'====== Args={'value': 0, 'prev_value': None, 'change': True}
2024-12-02 11:46:40,224 : INFO : EventManager : Event: ======'machine_var_audits_switches_s_start'====== Args={'value': 7, 'prev_value': None, 'change': True}
2024-12-02 11:46:40,224 : INFO : EventManager : Event: ======'machine_var_audits_switches_s_trough1'====== Args={'value': 30, 'prev_value': None, 'change': True}
2024-12-02 11:46:40,225 : INFO : EventManager : Event: ======'machine_var_audits_switches_s_trough2'====== Args={'value': 0, 'prev_value': None, 'change': True}
2024-12-02 11:46:40,225 : INFO : EventManager : Event: ======'machine_var_audits_switches_s_trough3'====== Args={'value': 0, 'prev_value': None, 'change': True}
2024-12-02 11:46:40,225 : INFO : EventManager : Event: ======'machine_var_audits_switches_s_trough4'====== Args={'value': 0, 'prev_value': None, 'change': True}
2024-12-02 11:46:40,226 : INFO : EventManager : Event: ======'machine_var_audits_switches_s_trough5'====== Args={'value': 0, 'prev_value': None, 'change': True}
2024-12-02 11:46:40,226 : INFO : EventManager : Event: ======'machine_var_audits_switches_s_trough6'====== Args={'value': 0, 'prev_value': None, 'change': True}
2024-12-02 11:46:40,227 : INFO : EventManager : Event: ======'machine_var_audits_switches_s_trough_jam'====== Args={'value': 0, 'prev_value': None, 'change': True}
2024-12-02 11:46:40,227 : INFO : EventManager : Event: ======'machine_var_audits_switches_s_upper_attack_bumper'====== Args={'value': 0, 'prev_value': None, 'change': True}
2024-12-02 11:46:40,228 : INFO : EventManager : Event: ======'machine_var_audits_switches_s_upper_left_rebound'====== Args={'value': 0, 'prev_value': None, 'change': True}
2024-12-02 11:46:40,228 : INFO : EventManager : Event: ======'machine_var_audits_switches_s_upper_right_rebound'====== Args={'value': 0, 'prev_value': None, 'change': True}
2024-12-02 11:46:40,229 : INFO : EventManager : Event: ======'machine_var_audits_switches_s_wormhole_target'====== Args={'value': 0, 'prev_value': None, 'change': True}
2024-12-02 11:46:40,229 : INFO : EventManager : Event: ======'machine_var_audits_switches_s_yellow_wormhole'====== Args={'value': 0, 'prev_value': None, 'change': True}
2024-12-02 11:46:40,230 : INFO : EventManager : Event: ======'init_phase_5'====== Args={}
2024-12-02 11:46:40,267 : INFO : EventManager : Event: ======'init_done'====== Args={}
2024-12-02 11:46:40,268 : INFO : EventManager : Event: ======'machine_reset_phase_1'====== Args={}
2024-12-02 11:46:40,279 : INFO : EventManager : Event: ======'slide_welcome_slide_removed'====== Args={'_from_bcp': True}
2024-12-02 11:46:40,280 : INFO : EventManager : Event: ======'slide_welcome_slide_created'====== Args={'_from_bcp': True}
2024-12-02 11:46:40,281 : INFO : EventManager : Event: ======'slide_welcome_slide_active'====== Args={'_from_bcp': True}
2024-12-02 11:46:40,282 : INFO : EventManager : Event: ======'machine_reset_phase_2'====== Args={}
2024-12-02 11:46:40,283 : INFO : EventManager : Event: ======'machine_reset_phase_3'====== Args={}
2024-12-02 11:46:40,283 : INFO : EventManager : Event: ======'reset_complete'====== Args={}
2024-12-02 11:46:40,284 : INFO : EventManager : Event: ======'mode_attract_will_start'====== Args={}
2024-12-02 11:46:40,284 : INFO : EventManager : Event: ======'mode_attract_starting'====== Args={}
2024-12-02 11:46:40,284 : INFO : Mode.attract : Started. Priority: 10
2024-12-02 11:46:40,284 : INFO : EventManager : Event: ======'modes_active_modes_changed'====== Args={}
2024-12-02 11:46:40,285 : INFO : EventManager : Event: ======'mode_attract_started'====== Args={}
2024-12-02 11:46:40,285 : INFO : EventManager : Event: ======'collecting_balls_complete'====== Args={}
2024-12-02 11:46:40,322 : INFO : EventManager : Event: ======'slide_awesome_slide_created'====== Args={'_from_bcp': True}
2024-12-02 11:46:40,322 : INFO : EventManager : Event: ======'slide_awesome_slide_active'====== Args={'_from_bcp': True}
2024-12-02 11:46:40,323 : INFO : Machine : Starting the main run loop.
2024-12-02 11:46:41,935 : INFO : SwitchController : <<<<<<< 's_right_flipper' active >>>>>>>
2024-12-02 11:46:42,567 : INFO : SwitchController : <<<<<<< 's_right_flipper' inactive >>>>>>>
2024-12-02 11:46:43,058 : INFO : SwitchController : <<<<<<< 's_right_flipper' active >>>>>>>
2024-12-02 11:46:43,282 : INFO : EventManager : Event: ======'slide_press_start_created'====== Args={'_from_bcp': True}
2024-12-02 11:46:43,283 : INFO : EventManager : Event: ======'slide_press_start_active'====== Args={'_from_bcp': True}
2024-12-02 11:46:43,631 : INFO : SwitchController : <<<<<<< 's_right_flipper' inactive >>>>>>>
2024-12-02 11:46:44,103 : INFO : SwitchController : <<<<<<< 's_right_flipper' active >>>>>>>
2024-12-02 11:46:44,519 : INFO : SwitchController : <<<<<<< 's_right_flipper' inactive >>>>>>>
2024-12-02 11:46:44,770 : INFO : SwitchController : <<<<<<< 's_right_flipper' active >>>>>>>
2024-12-02 11:46:45,151 : INFO : SwitchController : <<<<<<< 's_right_flipper' inactive >>>>>>>
2024-12-02 11:46:45,342 : INFO : SwitchController : <<<<<<< 's_right_flipper' active >>>>>>>
2024-12-02 11:46:45,619 : INFO : SwitchController : <<<<<<< 's_right_flipper' inactive >>>>>>>
2024-12-02 11:46:46,267 : INFO : EventManager : Event: ======'slide_mission_pinball_created'====== Args={'_from_bcp': True}
2024-12-02 11:46:46,267 : INFO : EventManager : Event: ======'slide_mission_pinball_active'====== Args={'_from_bcp': True}
2024-12-02 11:46:47,206 : INFO : SwitchController : <<<<<<< 's_left_flipper' active >>>>>>>
2024-12-02 11:46:47,621 : INFO : SwitchController : <<<<<<< 's_left_flipper' inactive >>>>>>>
2024-12-02 11:46:47,971 : INFO : SwitchController : <<<<<<< 's_left_flipper' active >>>>>>>
2024-12-02 11:46:48,459 : INFO : SwitchController : <<<<<<< 's_left_flipper' inactive >>>>>>>
2024-12-02 11:46:48,763 : INFO : SwitchController : <<<<<<< 's_left_flipper' active >>>>>>>
2024-12-02 11:46:49,193 : INFO : SwitchController : <<<<<<< 's_left_flipper' inactive >>>>>>>
2024-12-02 11:46:49,284 : INFO : EventManager : Event: ======'slide_last_game_score_slide_created'====== Args={'_from_bcp': True}
2024-12-02 11:46:49,284 : INFO : EventManager : Event: ======'slide_last_game_score_slide_active'====== Args={'_from_bcp': True}
2024-12-02 11:46:49,363 : INFO : SwitchController : <<<<<<< 's_left_flipper' active >>>>>>>
2024-12-02 11:46:49,649 : INFO : SwitchController : <<<<<<< 's_left_flipper' inactive >>>>>>>
2024-12-02 11:46:52,284 : INFO : EventManager : Event: ======'slide_awesome_slide_removed'====== Args={'_from_bcp': True}
2024-12-02 11:46:52,288 : INFO : EventManager : Event: ======'slide_awesome_slide_created'====== Args={'_from_bcp': True}
2024-12-02 11:46:52,288 : INFO : EventManager : Event: ======'slide_awesome_slide_active'====== Args={'_from_bcp': True}
2024-12-02 11:46:53,503 : INFO : SwitchController : <<<<<<< 's_right_flipper' active >>>>>>>
2024-12-02 11:46:53,929 : INFO : SwitchController : <<<<<<< 's_right_flipper' inactive >>>>>>>
2024-12-02 11:46:54,327 : INFO : SwitchController : <<<<<<< 's_right_flipper' active >>>>>>>
2024-12-02 11:46:54,739 : INFO : SwitchController : <<<<<<< 's_right_flipper' inactive >>>>>>>
2024-12-02 11:46:55,114 : INFO : SwitchController : <<<<<<< 's_right_flipper' active >>>>>>>
2024-12-02 11:46:55,270 : INFO : EventManager : Event: ======'slide_press_start_removed'====== Args={'_from_bcp': True}
2024-12-02 11:46:55,271 : INFO : EventManager : Event: ======'slide_press_start_created'====== Args={'_from_bcp': True}
2024-12-02 11:46:55,272 : INFO : EventManager : Event: ======'slide_press_start_active'====== Args={'_from_bcp': True}
2024-12-02 11:46:55,511 : INFO : SwitchController : <<<<<<< 's_right_flipper' inactive >>>>>>>
2024-12-02 11:46:55,673 : INFO : SwitchController : <<<<<<< 's_right_flipper' active >>>>>>>
2024-12-02 11:46:55,844 : INFO : SwitchController : <<<<<<< 's_right_flipper' inactive >>>>>>>
2024-12-02 11:46:57,160 : INFO : SwitchController : <<<<<<< 's_left_flipper' active >>>>>>>
2024-12-02 11:46:57,461 : INFO : SwitchController : <<<<<<< 's_left_flipper' inactive >>>>>>>
2024-12-02 11:46:57,635 : INFO : SwitchController : <<<<<<< 's_left_flipper' active >>>>>>>
2024-12-02 11:46:57,856 : INFO : SwitchController : <<<<<<< 's_left_flipper' inactive >>>>>>>
2024-12-02 11:46:58,280 : INFO : EventManager : Event: ======'slide_mission_pinball_removed'====== Args={'_from_bcp': True}
2024-12-02 11:46:58,283 : INFO : EventManager : Event: ======'slide_mission_pinball_created'====== Args={'_from_bcp': True}
2024-12-02 11:46:58,284 : INFO : EventManager : Event: ======'slide_mission_pinball_active'====== Args={'_from_bcp': True}
2024-12-02 11:47:01,276 : INFO : EventManager : Event: ======'slide_last_game_score_slide_removed'====== Args={'_from_bcp': True}
2024-12-02 11:47:01,281 : INFO : EventManager : Event: ======'slide_last_game_score_slide_created'====== Args={'_from_bcp': True}
2024-12-02 11:47:01,285 : INFO : EventManager : Event: ======'slide_last_game_score_slide_active'====== Args={'_from_bcp': True}
2024-12-02 11:47:04,276 : INFO : EventManager : Event: ======'slide_awesome_slide_removed'====== Args={'_from_bcp': True}
2024-12-02 11:47:04,278 : INFO : EventManager : Event: ======'slide_awesome_slide_created'====== Args={'_from_bcp': True}
2024-12-02 11:47:04,279 : INFO : EventManager : Event: ======'slide_awesome_slide_active'====== Args={'_from_bcp': True}
2024-12-02 11:47:07,266 : INFO : EventManager : Event: ======'slide_press_start_removed'====== Args={'_from_bcp': True}
2024-12-02 11:47:07,270 : INFO : EventManager : Event: ======'slide_press_start_created'====== Args={'_from_bcp': True}
2024-12-02 11:47:07,270 : INFO : EventManager : Event: ======'slide_press_start_active'====== Args={'_from_bcp': True}
2024-12-02 11:47:07,520 : INFO : SwitchController : <<<<<<< 's_start' active >>>>>>>
2024-12-02 11:47:07,691 : INFO : SwitchController : <<<<<<< 's_start' inactive >>>>>>>
2024-12-02 11:47:07,691 : INFO : EventManager : Event: ======'request_to_start_game'====== Args={}
2024-12-02 11:47:07,691 : INFO : EventManager : Event: ======'game_start'====== Args={'buttons': [], 'hold_time': 0.1720000000204891}
2024-12-02 11:47:07,692 : INFO : EventManager : Event: ======'mode_game_will_start'====== Args={'buttons': [], 'hold_time': 0.1720000000204891}
2024-12-02 11:47:07,692 : INFO : EventManager : Event: ======'mode_game_starting'====== Args={'buttons': [], 'hold_time': 0.1720000000204891}
2024-12-02 11:47:07,692 : INFO : EventManager : Event: ======'mode_attract_will_stop'====== Args={}
2024-12-02 11:47:07,692 : INFO : EventManager : Event: ======'mode_attract_stopping'====== Args={}
2024-12-02 11:47:07,692 : INFO : Mode.attract : Stopped.
2024-12-02 11:47:07,692 : INFO : EventManager : Event: ======'modes_active_modes_changed'====== Args={}
2024-12-02 11:47:07,692 : INFO : EventManager : Event: ======'mode_attract_stopped'====== Args={}
2024-12-02 11:47:07,692 : INFO : EventManager : Event: ======'clear'====== Args={'key': 'attract'}
2024-12-02 11:47:07,693 : INFO : Mode.game : Started. Priority: 20
2024-12-02 11:47:07,693 : INFO : EventManager : Event: ======'modes_active_modes_changed'====== Args={}
2024-12-02 11:47:07,693 : INFO : EventManager : Event: ======'mode_game_started'====== Args={'buttons': [], 'hold_time': 0.1720000000204891}
2024-12-02 11:47:07,699 : INFO : EventManager : Event: ======'game_will_start'====== Args={}
2024-12-02 11:47:07,700 : INFO : EventManager : Event: ======'game_starting'====== Args={'game': <Mode.game>}
2024-12-02 11:47:07,701 : INFO : EventManager : Event: ======'player_add_request'====== Args={}
2024-12-02 11:47:07,701 : INFO : EventManager : Event: ======'player_will_add'====== Args={'number': 1}
2024-12-02 11:47:07,701 : INFO : EventManager : Event: ======'player_adding'====== Args={'player': <Player 1>, 'number': 1}
2024-12-02 11:47:07,701 : INFO : EventManager : Event: ======'player_added'====== Args={'player': <Player 1>, 'num': 1}
2024-12-02 11:47:07,701 : INFO : Mode.game : Player added successfully. Total players: 1
2024-12-02 11:47:07,702 : INFO : EventManager : Event: ======'player_index'====== Args={'value': 0, 'prev_value': 0, 'change': 0, 'player_num': 1}
2024-12-02 11:47:07,702 : INFO : EventManager : Event: ======'player_number'====== Args={'value': 1, 'prev_value': 1, 'change': 0, 'player_num': 1}
2024-12-02 11:47:07,702 : INFO : EventManager : Event: ======'player_score'====== Args={'value': 0, 'prev_value': 0, 'change': 0, 'player_num': 1}
2024-12-02 11:47:07,703 : INFO : EventManager : Event: ======'game_started'====== Args={}
2024-12-02 11:47:07,719 : INFO : EventManager : Event: ======'player_turn_will_start'====== Args={'player': <Player 1>, 'number': 1}
2024-12-02 11:47:07,719 : INFO : EventManager : Event: ======'slide_mission_pinball_removed'====== Args={'_from_bcp': True}
2024-12-02 11:47:07,719 : INFO : EventManager : Event: ======'slide_last_game_score_slide_removed'====== Args={'_from_bcp': True}
2024-12-02 11:47:07,719 : INFO : EventManager : Event: ======'slide_awesome_slide_removed'====== Args={'_from_bcp': True}
2024-12-02 11:47:07,720 : INFO : EventManager : Event: ======'slide_press_start_removed'====== Args={'_from_bcp': True}
2024-12-02 11:47:07,720 : INFO : EventManager : Event: ======'slide_welcome_slide_active'====== Args={'_from_bcp': True}
2024-12-02 11:47:07,721 : INFO : EventManager : Event: ======'player_turn_starting'====== Args={'player': <Player 1>, 'number': 1}
2024-12-02 11:47:07,721 : INFO : EventManager : Event: ======'player_ball'====== Args={'value': 1, 'prev_value': 0, 'change': 1, 'player_num': 1}
2024-12-02 11:47:07,721 : INFO : EventManager : Event: ======'player_turn_started'====== Args={'player': <Player 1>, 'number': 1}
2024-12-02 11:47:07,722 : INFO : EventManager : Event: ======'ball_will_start'====== Args={'player': 1, 'ball': 1, 'balls_remaining': 2, 'is_extra_ball': False}
2024-12-02 11:47:07,726 : INFO : EventManager : Event: ======'ball_starting'====== Args={'player': 1, 'ball': 1, 'balls_remaining': 2, 'is_extra_ball': False}
2024-12-02 11:47:07,726 : INFO : EventManager : Event: ======'mode_base_will_start'====== Args={'queue': <QueuedEvent>, 'player': 1, 'ball': 1, 'balls_remaining': 2, 'is_extra_ball': False}
2024-12-02 11:47:07,727 : INFO : EventManager : Event: ======'mode_base_starting'====== Args={'queue': <QueuedEvent>, 'player': 1, 'ball': 1, 'balls_remaining': 2, 'is_extra_ball': False}
2024-12-02 11:47:07,727 : INFO : Mode.base : Started. Priority: 100
2024-12-02 11:47:07,727 : INFO : EventManager : Event: ======'modes_active_modes_changed'====== Args={}
2024-12-02 11:47:07,727 : INFO : EventManager : Event: ======'mode_base_started'====== Args={'queue': <QueuedEvent>, 'player': 1, 'ball': 1, 'balls_remaining': 2, 'is_extra_ball': False}
2024-12-02 11:47:07,728 : INFO : EventManager : Event: ======'balls_in_play'====== Args={'balls': 1}
2024-12-02 11:47:07,728 : INFO : EventManager : Event: ======'ball_started'====== Args={'player': 1, 'ball': 1, 'balls_remaining': 2, 'is_extra_ball': False}
2024-12-02 11:47:07,728 : INFO : EventManager : Event: ======'mode_reentry_will_start'====== Args={'player': 1, 'ball': 1, 'balls_remaining': 2, 'is_extra_ball': False}
2024-12-02 11:47:07,729 : INFO : EventManager : Event: ======'player_shot_reentryL_shot_enabled'====== Args={'value': True, 'prev_value': 0, 'change': 1, 'player_num': 1}
2024-12-02 11:47:07,729 : INFO : EventManager : Event: ======'player_shot_reentryM_shot_enabled'====== Args={'value': True, 'prev_value': 0, 'change': 1, 'player_num': 1}
2024-12-02 11:47:07,730 : INFO : EventManager : Event: ======'player_shot_reentryR_shot_enabled'====== Args={'value': True, 'prev_value': 0, 'change': 1, 'player_num': 1}
2024-12-02 11:47:07,730 : INFO : EventManager : Event: ======'reentry_shot_complete'====== Args={'state': 'off'}
2024-12-02 11:47:07,730 : INFO : EventManager : Event: ======'reentry_shot_off_complete'====== Args={}
2024-12-02 11:47:07,731 : INFO : EventManager : Event: ======'mode_reentry_starting'====== Args={'player': 1, 'ball': 1, 'balls_remaining': 2, 'is_extra_ball': False}
2024-12-02 11:47:07,732 : ERROR : asyncio : Exception in callback EventManager.process_event_queue()
handle: <Handle EventManager.process_event_queue()>
Traceback (most recent call last):
  File "c:\users\student\mpfenv\lib\site-packages\mpf\core\events.py", line 695, in _run_handlers
    result = handler.callback(**merged_kwargs)
  File "c:\users\student\mpfenv\lib\site-packages\mpf\devices\flipper.py", line 58, in event_enable
    self.enable()
  File "c:\users\student\mpfenv\lib\site-packages\mpf\devices\flipper.py", line 117, in enable
    self._enable_single_coil_rule()
  File "c:\users\student\mpfenv\lib\site-packages\mpf\devices\flipper.py", line 198, in _enable_single_coil_rule
    HoldRuleSettings(power=self._get_hold_power())
  File "c:\users\student\mpfenv\lib\site-packages\mpf\core\platform_controller.py", line 319, in set_pulse_on_hit_and_enable_and_release_rule
    driver_settings = self._get_configured_driver_with_hold(driver, pulse_setting, hold_settings)
  File "c:\users\student\mpfenv\lib\site-packages\mpf\core\platform_controller.py", line 162, in _get_configured_driver_with_hold
    raise AssertionError("Cannot enable driver with hold_power 0.0")
AssertionError: Cannot enable driver with hold_power 0.0

The above exception was the direct cause of the following exception:

Traceback (most recent call last):
  File "C:\Program Files\Python37\lib\asyncio\events.py", line 88, in _run
    self._context.run(self._callback, *self._args)
  File "c:\users\student\mpfenv\lib\site-packages\mpf\core\events.py", line 782, in process_event_queue
    **event[3])
  File "c:\users\student\mpfenv\lib\site-packages\mpf\core\events.py", line 741, in _process_event
    result = self._run_handlers(event, ev_type, kwargs)
  File "c:\users\student\mpfenv\lib\site-packages\mpf\core\events.py", line 697, in _run_handlers
    raise Exception("Exception while processing {} for event {}. {}".format(handler, event, e)) from e
Exception: Exception while processing RegisteredHandler(callback=<bound method Flipper.event_enable of <flipper.right_flipper>>, priority=2, kwargs={}, key=UUID('42041a16-51db-441b-bd62-b82fdf945a9f'), condition=None, blocking_facility=None) for event ball_started. Cannot enable driver with hold_power 0.0
2024-12-02 11:47:07,760 : INFO : EventManager : Event: ======'logicblock_reentry_shot_complete_count_updated'====== Args={'value': 1, 'enabled': True}
2024-12-02 11:47:07,760 : INFO : EventManager : Event: ======'logicblock_reentry_shot_complete_count_updated'====== Args={'value': 1, 'enabled': True}
2024-12-02 11:47:07,760 : INFO : Mode.reentry : Started. Priority: 200
2024-12-02 11:47:07,760 : INFO : EventManager : Event: ======'modes_active_modes_changed'====== Args={}
2024-12-02 11:47:07,760 : INFO : EventManager : Event: ======'mode_reentry_started'====== Args={'player': 1, 'ball': 1, 'balls_remaining': 2, 'is_extra_ball': False}
2024-12-02 11:47:07,761 : INFO : EventManager : Event: ======'player_attack_bumper_count'====== Args={'value': 1, 'prev_value': 0, 'change': 1, 'player_num': 1}
2024-12-02 11:47:07,762 : INFO : EventManager : Event: ======'slide_base.slide_player-mode_base_started_created'====== Args={'_from_bcp': True}
2024-12-02 11:47:07,762 : INFO : EventManager : Event: ======'slide_base.slide_player-mode_base_started_active'====== Args={'_from_bcp': True}
2024-12-02 11:47:07,763 : INFO : Machine : Shutting down...
2024-12-02 11:47:07,763 : INFO : EventManager : Event: ======'shutdown'====== Args={}
2024-12-02 11:47:07,766 : ERROR : OPP : Stop called on serial connection com5
2024-12-02 11:47:07,766 : ERROR : OPP : Stop called on serial connection com4
2024-12-02 11:47:07,769 : ERROR : Machine : Runtime Exception
Traceback (most recent call last):
  File "c:\users\student\mpfenv\lib\site-packages\mpf\core\events.py", line 695, in _run_handlers
    result = handler.callback(**merged_kwargs)
  File "c:\users\student\mpfenv\lib\site-packages\mpf\devices\flipper.py", line 58, in event_enable
    self.enable()
  File "c:\users\student\mpfenv\lib\site-packages\mpf\devices\flipper.py", line 117, in enable
    self._enable_single_coil_rule()
  File "c:\users\student\mpfenv\lib\site-packages\mpf\devices\flipper.py", line 198, in _enable_single_coil_rule
    HoldRuleSettings(power=self._get_hold_power())
  File "c:\users\student\mpfenv\lib\site-packages\mpf\core\platform_controller.py", line 319, in set_pulse_on_hit_and_enable_and_release_rule
    driver_settings = self._get_configured_driver_with_hold(driver, pulse_setting, hold_settings)
  File "c:\users\student\mpfenv\lib\site-packages\mpf\core\platform_controller.py", line 162, in _get_configured_driver_with_hold
    raise AssertionError("Cannot enable driver with hold_power 0.0")
AssertionError: Cannot enable driver with hold_power 0.0

The above exception was the direct cause of the following exception:

Traceback (most recent call last):
  File "c:\users\student\mpfenv\lib\site-packages\mpf\core\machine.py", line 769, in _run_loop
    raise self._exception['exception']
  File "C:\Program Files\Python37\lib\asyncio\events.py", line 88, in _run
    self._context.run(self._callback, *self._args)
  File "c:\users\student\mpfenv\lib\site-packages\mpf\core\events.py", line 782, in process_event_queue
    **event[3])
  File "c:\users\student\mpfenv\lib\site-packages\mpf\core\events.py", line 741, in _process_event
    result = self._run_handlers(event, ev_type, kwargs)
  File "c:\users\student\mpfenv\lib\site-packages\mpf\core\events.py", line 697, in _run_handlers
    raise Exception("Exception while processing {} for event {}. {}".format(handler, event, e)) from e
Exception: Exception while processing RegisteredHandler(callback=<bound method Flipper.event_enable of <flipper.right_flipper>>, priority=2, kwargs={}, key=UUID('42041a16-51db-441b-bd62-b82fdf945a9f'), condition=None, blocking_facility=None) for event ball_started. Cannot enable driver with hold_power 0.0
2024-12-02 11:48:01,871 : INFO : root : MPF run loop ended.
