2025-01-13 20:06:59,314 : INFO : root : Loading config.
2025-01-13 20:06:59,365 : INFO : ConfigProcessor : Config spec file cache created: C:\Users\student\AppData\Local\Temp\config_spec.mpf_cache
2025-01-13 20:06:59,366 : INFO : YamlMultifileConfigLoader : Machine config file #1: config.yaml
2025-01-13 20:06:59,366 : INFO : ConfigProcessor : Loading config from file C:\Users\student\mpfenv3\Lib\site-packages\mpf\mpfconfig.yaml.
2025-01-13 20:06:59,379 : INFO : ConfigProcessor : Loading config: C:\Users\student\mpfenv3\Lib\site-packages\mpf\mpfconfig.yaml
2025-01-13 20:06:59,379 : INFO : ConfigProcessor : Loading config from file C:\Users\student\pinball\cobraPinTest1\config\config.yaml.
2025-01-13 20:06:59,388 : INFO : ConfigProcessor : Loading config: C:\Users\student\pinball\cobraPinTest1\config\config.yaml
2025-01-13 20:06:59,389 : INFO : ConfigProcessor : Config file cache created: C:\Users\student\AppData\Local\Temp\a20d2796aecf24feaad48747be24652a.mpf_cache
2025-01-13 20:06:59,475 : INFO : ConfigProcessor : Loading config from file C:\Users\student\mpfenv3\Lib\site-packages\mpf\modes\attract\config\attract.yaml.
2025-01-13 20:06:59,476 : INFO : ConfigProcessor : Loading config: C:\Users\student\mpfenv3\Lib\site-packages\mpf\modes\attract\config\attract.yaml
2025-01-13 20:06:59,476 : INFO : ConfigProcessor : Loading config from file C:\Users\student\pinball\cobraPinTest1\modes\attract\config\attract.yaml.
2025-01-13 20:06:59,476 : INFO : ConfigProcessor : Loading config: C:\Users\student\pinball\cobraPinTest1\modes\attract\config\attract.yaml
2025-01-13 20:06:59,477 : INFO : ConfigProcessor : Config file cache created: C:\Users\student\AppData\Local\Temp\0196918bccd620e51d3c4d2630650aa0.mpf_cache
2025-01-13 20:06:59,477 : INFO : ConfigProcessor : Loading config from file C:\Users\student\mpfenv3\Lib\site-packages\mpf\modes\game\config\game.yaml.
2025-01-13 20:06:59,478 : INFO : ConfigProcessor : Loading config: C:\Users\student\mpfenv3\Lib\site-packages\mpf\modes\game\config\game.yaml
2025-01-13 20:06:59,478 : INFO : ConfigProcessor : Config file cache created: C:\Users\student\AppData\Local\Temp\511dcc6b491b0fa2d7aa9abdf6497e9c.mpf_cache
2025-01-13 20:06:59,478 : INFO : ConfigProcessor : Loading config from file C:\Users\student\pinball\cobraPinTest1\modes\base\config\base.yaml.
2025-01-13 20:06:59,479 : INFO : ConfigProcessor : Loading config: C:\Users\student\pinball\cobraPinTest1\modes\base\config\base.yaml
2025-01-13 20:06:59,480 : INFO : ConfigProcessor : Config file cache created: C:\Users\student\AppData\Local\Temp\4675a535c8328a9c278c807d999ed109.mpf_cache
2025-01-13 20:06:59,480 : INFO : ConfigProcessor : Loading config from file C:\Users\student\pinball\cobraPinTest1\modes\reentry\config\reentry.yaml.
2025-01-13 20:06:59,483 : INFO : ConfigProcessor : Loading config: C:\Users\student\pinball\cobraPinTest1\modes\reentry\config\reentry.yaml
2025-01-13 20:06:59,483 : INFO : ConfigProcessor : Config file cache created: C:\Users\student\AppData\Local\Temp\0c8438cab3480347c0c749fa494946a2.mpf_cache
2025-01-13 20:06:59,484 : INFO : ConfigProcessor : Loading config from file C:\Users\student\pinball\cobraPinTest1\modes\lowerlanes\config\lowerlanes.yaml.
2025-01-13 20:06:59,485 : INFO : ConfigProcessor : Loading config: C:\Users\student\pinball\cobraPinTest1\modes\lowerlanes\config\lowerlanes.yaml
2025-01-13 20:06:59,486 : INFO : ConfigProcessor : Config file cache created: C:\Users\student\AppData\Local\Temp\5052615755bdf1309b248cf8695ad4ff.mpf_cache
2025-01-13 20:06:59,487 : INFO : ConfigProcessor : Loading config from file C:\Users\student\pinball\cobraPinTest1\modes\attract\shows\.\attract_display_loop.yaml.
2025-01-13 20:06:59,490 : INFO : ConfigProcessor : Loading config: C:\Users\student\pinball\cobraPinTest1\modes\attract\shows\.\attract_display_loop.yaml
2025-01-13 20:06:59,490 : INFO : ConfigProcessor : Config file cache created: C:\Users\student\AppData\Local\Temp\f8d2c2cf3ea01f085365ea23fa51a701.mpf_cache
2025-01-13 20:06:59,491 : INFO : ConfigProcessor : Loading config from file C:\Users\student\pinball\cobraPinTest1\modes\attract\shows\.\attract_light_show.yaml.
2025-01-13 20:06:59,496 : INFO : ConfigProcessor : Loading config: C:\Users\student\pinball\cobraPinTest1\modes\attract\shows\.\attract_light_show.yaml
2025-01-13 20:06:59,496 : INFO : ConfigProcessor : Config file cache created: C:\Users\student\AppData\Local\Temp\30bd992f4b62a9b099207aebeb59554c.mpf_cache
2025-01-13 20:06:59,497 : INFO : Machine : Mission Pinball Framework Core Engine v0.57.3
2025-01-13 20:06:59,497 : INFO : Machine : Command line arguments: {'no_load_cache': True, 'create_config_cache': True, 'bcp': True, 'configfile': ['config.yaml'], 'force_assets_load': False, 'platform_integration_test': False, 'jsonlogging': False, 'logfile': 'logs\\2025-01-13-20-06-59-mpf-DESKTOP-0JH7ARL.log', 'pause': False, 'production': False, 'text_ui': True, 'loglevel': 15, 'consoleloglevel': 20, 'force_platform': None, 'syslog_address': None, 'mc_file_name': None, 'no_sound': False}
2025-01-13 20:06:59,497 : INFO : Machine : MPF path: C:\Users\student\mpfenv3\Lib\site-packages\mpf
2025-01-13 20:06:59,497 : INFO : Machine : Machine path: C:\Users\student\pinball\cobraPinTest1
2025-01-13 20:06:59,497 : INFO : Machine : Platform: win32
2025-01-13 20:06:59,497 : INFO : Machine : Python executable location: C:\Users\student\mpfenv3\Scripts\python.exe
2025-01-13 20:06:59,497 : INFO : Machine : Python version: 3.11.8 (64-bit)
2025-01-13 20:06:59,499 : INFO : Machine : Initializing MPF...
2025-01-13 20:06:59,814 : INFO : OPP : Connecting to com4 at 115200bps
2025-01-13 20:06:59,996 : INFO : OPP : Init of OPP board 0 done
2025-01-13 20:06:59,996 : INFO : OPP : Connecting to com5 at 115200bps
2025-01-13 20:07:00,091 : INFO : OPP : Init of OPP board 1 done
2025-01-13 20:07:00,092 : INFO : EventManager : Event: ======'machine_var_credits_string'====== Args={'value': 'FREE PLAY', 'prev_value': None, 'change': True}
2025-01-13 20:07:00,162 : INFO : EventManager : Event: ======'machine_var_master_volume'====== Args={'value': 0.5, 'prev_value': None, 'change': True}
2025-01-13 20:07:00,162 : INFO : EventManager : Event: ======'machine_var_player1_score'====== Args={'value': 1500, 'prev_value': None, 'change': True}
2025-01-13 20:07:00,162 : INFO : EventManager : Event: ======'machine_var_mpf_version'====== Args={'value': 'Mission Pinball Framework v0.57.3', 'prev_value': None, 'change': True}
2025-01-13 20:07:00,162 : INFO : EventManager : Event: ======'machine_var_mpf_extended_version'====== Args={'value': 'Mission Pinball Framework v0.57.3, Config version:6, Show version: 6, BCP version:1.1', 'prev_value': None, 'change': True}
2025-01-13 20:07:00,162 : INFO : EventManager : Event: ======'machine_var_python_version'====== Args={'value': '3.11.8', 'prev_value': None, 'change': True}
2025-01-13 20:07:00,170 : INFO : EventManager : Event: ======'machine_var_platform'====== Args={'value': 'Windows-10-10.0.19045-SP0', 'prev_value': None, 'change': True}
2025-01-13 20:07:00,170 : INFO : EventManager : Event: ======'machine_var_platform_system'====== Args={'value': 'Windows', 'prev_value': None, 'change': True}
2025-01-13 20:07:00,171 : INFO : EventManager : Event: ======'machine_var_platform_release'====== Args={'value': '10', 'prev_value': None, 'change': True}
2025-01-13 20:07:00,171 : INFO : EventManager : Event: ======'machine_var_platform_version'====== Args={'value': '10.0.19045', 'prev_value': None, 'change': True}
2025-01-13 20:07:00,171 : INFO : EventManager : Event: ======'machine_var_platform_machine'====== Args={'value': 'AMD64', 'prev_value': None, 'change': True}
2025-01-13 20:07:00,171 : INFO : EventManager : Event: ======'init_phase_1'====== Args={}
2025-01-13 20:07:00,197 : ERROR : asyncio : Task exception was never retrieved
future: <Task finished name='Task-25' coro=<SystemWideDevice.device_added_system_wide() done, defined at C:\Users\student\mpfenv3\Lib\site-packages\mpf\core\system_wide_device.py:15> exception=ConfigFileError('Failed to configure switch s_spacewarp_rollover in platform. See error above')>
Traceback (most recent call last):
  File "C:\Users\student\mpfenv3\Lib\site-packages\mpf\devices\switch.py", line 149, in _initialize
    self.hw_switch = self.platform.configure_switch(
                     ^^^^^^^^^^^^^^^^^^^^^^^^^^^^^^^
  File "C:\Users\student\mpfenv3\Lib\site-packages\mpf\platforms\opp\opp.py", line 860, in configure_switch
    number = self._get_dict_index(number)
             ^^^^^^^^^^^^^^^^^^^^^^^^^^^^
  File "C:\Users\student\mpfenv3\Lib\site-packages\mpf\platforms\opp\opp.py", line 795, in _get_dict_index
    self.raise_config_error("You need to specify a chain as chain-card-number in: {}".format(input_str), 17)
  File "C:\Users\student\mpfenv3\Lib\site-packages\mpf\core\logging.py", line 174, in raise_config_error
    raise ConfigFileError(msg, error_no, self.log.name if self.log else "", context, self._url_base) \
mpf.exceptions.config_file_error.ConfigFileError: Config File Error in OPP: You need to specify a chain as chain-card-number in: 17 Error Code: CFE-OPP-17 (https://missionpinball.org/logs)

The above exception was the direct cause of the following exception:

Traceback (most recent call last):
  File "C:\Users\student\mpfenv3\Lib\site-packages\mpf\core\system_wide_device.py", line 17, in device_added_system_wide
    await self._initialize()
  File "C:\Users\student\mpfenv3\Lib\site-packages\mpf\devices\switch.py", line 152, in _initialize
    raise ConfigFileError("Failed to configure switch {} in platform. See error above".format(self.name), 2,
mpf.exceptions.config_file_error.ConfigFileError: Config File Error in switch: Failed to configure switch s_spacewarp_rollover in platform. See error above Error Code: CFE-switch-2 (https://missionpinball.org/logs)
2025-01-13 20:07:00,245 : INFO : EventManager : Event: ======'init_phase_2'====== Args={}
2025-01-13 20:07:00,245 : INFO : Machine : Starting the main run loop with active modes: []
2025-01-13 20:07:00,245 : WARNING : Machine : Attract mode is not active, game will not be playable. Please check your attract mode configuration.
2025-01-13 20:07:00,251 : INFO : Machine : Shutting down...
2025-01-13 20:07:00,251 : INFO : EventManager : Event: ======'shutdown'====== Args={}
2025-01-13 20:07:00,252 : ERROR : OPP : Stop called on serial connection com5
2025-01-13 20:07:00,253 : ERROR : asyncio : Exception in callback EventManager._async_handler_done(<QueuedEvent>)(<Task finishe...te 'number'")>) at C:\Users\student\mpfenv3\Lib\site-packages\mpf\core\events.py:124
handle: <Handle EventManager._async_handler_done(<QueuedEvent>)(<Task finishe...te 'number'")>) at C:\Users\student\mpfenv3\Lib\site-packages\mpf\core\events.py:124>
Traceback (most recent call last):
  File "C:\Program Files\Python311\Lib\asyncio\events.py", line 84, in _run
    self._context.run(self._callback, *self._args)
  File "C:\Users\student\mpfenv3\Lib\site-packages\mpf\core\events.py", line 127, in _async_handler_done
    future.result()
  File "C:\Users\student\mpfenv3\Lib\site-packages\mpf\core\switch_controller.py", line 84, in _initialize_switches
    await self.update_switches_from_hw()
  File "C:\Users\student\mpfenv3\Lib\site-packages\mpf\core\switch_controller.py", line 106, in update_switches_from_hw
    switches.add((switch, switch.hw_switch.number))
                          ^^^^^^^^^^^^^^^^^^^^^^^
AttributeError: 'NoneType' object has no attribute 'number'
2025-01-13 20:07:00,278 : ERROR : OPP : Stop called on serial connection com4
2025-01-13 20:07:01,292 : ERROR : Machine : Runtime Exception
Traceback (most recent call last):
  File "C:\Users\student\mpfenv3\Lib\site-packages\mpf\devices\switch.py", line 149, in _initialize
    self.hw_switch = self.platform.configure_switch(
                     ^^^^^^^^^^^^^^^^^^^^^^^^^^^^^^^
  File "C:\Users\student\mpfenv3\Lib\site-packages\mpf\platforms\opp\opp.py", line 860, in configure_switch
    number = self._get_dict_index(number)
             ^^^^^^^^^^^^^^^^^^^^^^^^^^^^
  File "C:\Users\student\mpfenv3\Lib\site-packages\mpf\platforms\opp\opp.py", line 795, in _get_dict_index
    self.raise_config_error("You need to specify a chain as chain-card-number in: {}".format(input_str), 17)
  File "C:\Users\student\mpfenv3\Lib\site-packages\mpf\core\logging.py", line 174, in raise_config_error
    raise ConfigFileError(msg, error_no, self.log.name if self.log else "", context, self._url_base) \
mpf.exceptions.config_file_error.ConfigFileError: Config File Error in OPP: You need to specify a chain as chain-card-number in: 17 Error Code: CFE-OPP-17 (https://missionpinball.org/logs)

The above exception was the direct cause of the following exception:

Traceback (most recent call last):
  File "C:\Users\student\mpfenv3\Lib\site-packages\mpf\core\machine.py", line 808, in _run_loop
    raise self._exception['exception']
  File "C:\Users\student\mpfenv3\Lib\site-packages\mpf\core\system_wide_device.py", line 17, in device_added_system_wide
    await self._initialize()
  File "C:\Users\student\mpfenv3\Lib\site-packages\mpf\devices\switch.py", line 152, in _initialize
    raise ConfigFileError("Failed to configure switch {} in platform. See error above".format(self.name), 2,
mpf.exceptions.config_file_error.ConfigFileError: Config File Error in switch: Failed to configure switch s_spacewarp_rollover in platform. See error above Error Code: CFE-switch-2 (https://missionpinball.org/logs)
2025-01-13 20:07:22,220 : INFO : root : MPF run loop ended.
