2025-02-06 21:08:24,638 : INFO : root : Loading config.
2025-02-06 21:08:24,685 : INFO : ConfigProcessor : Config spec file cache created: C:\Users\student\AppData\Local\Temp\config_spec.mpf_cache
2025-02-06 21:08:24,685 : INFO : YamlMultifileConfigLoader : Machine config file #1: config.yaml
2025-02-06 21:08:24,685 : INFO : ConfigProcessor : Loading config from file C:\Users\student\mpfenv3\Lib\site-packages\mpf\mpfconfig.yaml.
2025-02-06 21:08:24,697 : INFO : ConfigProcessor : Loading config: C:\Users\student\mpfenv3\Lib\site-packages\mpf\mpfconfig.yaml
2025-02-06 21:08:24,698 : INFO : ConfigProcessor : Loading config from file C:\Users\student\pinball\cobraPinTest1\config\config.yaml.
2025-02-06 21:08:24,704 : INFO : ConfigProcessor : Loading config: C:\Users\student\pinball\cobraPinTest1\config\config.yaml
2025-02-06 21:08:24,705 : INFO : ConfigProcessor : Config file cache created: C:\Users\student\AppData\Local\Temp\a20d2796aecf24feaad48747be24652a.mpf_cache
2025-02-06 21:08:24,781 : INFO : ConfigProcessor : Loading config from file C:\Users\student\mpfenv3\Lib\site-packages\mpf\modes\attract\config\attract.yaml.
2025-02-06 21:08:24,782 : INFO : ConfigProcessor : Loading config: C:\Users\student\mpfenv3\Lib\site-packages\mpf\modes\attract\config\attract.yaml
2025-02-06 21:08:24,782 : INFO : ConfigProcessor : Loading config from file C:\Users\student\pinball\cobraPinTest1\modes\attract\config\attract.yaml.
2025-02-06 21:08:24,783 : INFO : ConfigProcessor : Loading config: C:\Users\student\pinball\cobraPinTest1\modes\attract\config\attract.yaml
2025-02-06 21:08:24,783 : INFO : ConfigProcessor : Config file cache created: C:\Users\student\AppData\Local\Temp\0196918bccd620e51d3c4d2630650aa0.mpf_cache
2025-02-06 21:08:24,784 : INFO : ConfigProcessor : Loading config from file C:\Users\student\mpfenv3\Lib\site-packages\mpf\modes\game\config\game.yaml.
2025-02-06 21:08:24,784 : INFO : ConfigProcessor : Loading config: C:\Users\student\mpfenv3\Lib\site-packages\mpf\modes\game\config\game.yaml
2025-02-06 21:08:24,785 : INFO : ConfigProcessor : Config file cache created: C:\Users\student\AppData\Local\Temp\511dcc6b491b0fa2d7aa9abdf6497e9c.mpf_cache
2025-02-06 21:08:24,785 : INFO : ConfigProcessor : Loading config from file C:\Users\student\pinball\cobraPinTest1\modes\base\config\base.yaml.
2025-02-06 21:08:24,786 : INFO : ConfigProcessor : Loading config: C:\Users\student\pinball\cobraPinTest1\modes\base\config\base.yaml
2025-02-06 21:08:24,787 : INFO : ConfigProcessor : Config file cache created: C:\Users\student\AppData\Local\Temp\4675a535c8328a9c278c807d999ed109.mpf_cache
2025-02-06 21:08:24,787 : INFO : ConfigProcessor : Loading config from file C:\Users\student\pinball\cobraPinTest1\modes\reentry\config\reentry.yaml.
2025-02-06 21:08:24,790 : INFO : ConfigProcessor : Loading config: C:\Users\student\pinball\cobraPinTest1\modes\reentry\config\reentry.yaml
2025-02-06 21:08:24,791 : INFO : ConfigProcessor : Config file cache created: C:\Users\student\AppData\Local\Temp\0c8438cab3480347c0c749fa494946a2.mpf_cache
2025-02-06 21:08:24,791 : INFO : ConfigProcessor : Loading config from file C:\Users\student\pinball\cobraPinTest1\modes\lowerlanes\config\lowerlanes.yaml.
2025-02-06 21:08:24,792 : INFO : ConfigProcessor : Loading config: C:\Users\student\pinball\cobraPinTest1\modes\lowerlanes\config\lowerlanes.yaml
2025-02-06 21:08:24,793 : INFO : ConfigProcessor : Config file cache created: C:\Users\student\AppData\Local\Temp\5052615755bdf1309b248cf8695ad4ff.mpf_cache
2025-02-06 21:08:24,793 : INFO : ConfigProcessor : Loading config from file C:\Users\student\pinball\cobraPinTest1\modes\returnlanes\config\returnlanes.yaml.
2025-02-06 21:08:24,795 : INFO : ConfigProcessor : Loading config: C:\Users\student\pinball\cobraPinTest1\modes\returnlanes\config\returnlanes.yaml
2025-02-06 21:08:24,795 : INFO : ConfigProcessor : Config file cache created: C:\Users\student\AppData\Local\Temp\55e33f498afd3883899abc6da4842b47.mpf_cache
2025-02-06 21:08:24,796 : INFO : ConfigProcessor : Loading config from file C:\Users\student\pinball\cobraPinTest1\modes\attract\shows\.\attract_display_loop.yaml.
2025-02-06 21:08:24,798 : INFO : ConfigProcessor : Loading config: C:\Users\student\pinball\cobraPinTest1\modes\attract\shows\.\attract_display_loop.yaml
2025-02-06 21:08:24,798 : INFO : ConfigProcessor : Config file cache created: C:\Users\student\AppData\Local\Temp\f8d2c2cf3ea01f085365ea23fa51a701.mpf_cache
2025-02-06 21:08:24,798 : INFO : ConfigProcessor : Loading config from file C:\Users\student\pinball\cobraPinTest1\modes\attract\shows\.\attract_light_show.yaml.
2025-02-06 21:08:24,799 : INFO : ConfigProcessor : Loading config: C:\Users\student\pinball\cobraPinTest1\modes\attract\shows\.\attract_light_show.yaml
2025-02-06 21:08:24,800 : INFO : ConfigProcessor : Config file cache created: C:\Users\student\AppData\Local\Temp\30bd992f4b62a9b099207aebeb59554c.mpf_cache
2025-02-06 21:08:24,800 : INFO : Machine : Mission Pinball Framework Core Engine v0.57.3
2025-02-06 21:08:24,800 : INFO : Machine : Command line arguments: {'no_load_cache': True, 'create_config_cache': True, 'bcp': True, 'configfile': ['config.yaml'], 'force_assets_load': False, 'platform_integration_test': False, 'jsonlogging': False, 'logfile': 'logs\\2025-02-06-21-08-24-mpf-DESKTOP-0JH7ARL.log', 'pause': False, 'production': False, 'text_ui': True, 'loglevel': 15, 'consoleloglevel': 20, 'force_platform': None, 'syslog_address': None, 'mc_file_name': None, 'no_sound': False}
2025-02-06 21:08:24,801 : INFO : Machine : MPF path: C:\Users\student\mpfenv3\Lib\site-packages\mpf
2025-02-06 21:08:24,801 : INFO : Machine : Machine path: C:\Users\student\pinball\cobraPinTest1
2025-02-06 21:08:24,801 : INFO : Machine : Platform: win32
2025-02-06 21:08:24,801 : INFO : Machine : Python executable location: C:\Users\student\mpfenv3\Scripts\python.exe
2025-02-06 21:08:24,801 : INFO : Machine : Python version: 3.11.8 (64-bit)
2025-02-06 21:08:24,802 : INFO : Machine : Initializing MPF...
2025-02-06 21:08:24,972 : INFO : OPP : Connecting to com4 at 115200bps
2025-02-06 21:08:25,082 : INFO : OPP : Init of OPP board 0 done
2025-02-06 21:08:25,082 : INFO : OPP : Connecting to com5 at 115200bps
2025-02-06 21:08:25,255 : INFO : OPP : Init of OPP board 1 done
2025-02-06 21:08:25,255 : INFO : EventManager : Event: ======'machine_var_credits_string'====== Args={'value': 'FREE PLAY', 'prev_value': None, 'change': True}
2025-02-06 21:08:25,320 : INFO : EventManager : Event: ======'machine_var_master_volume'====== Args={'value': 0.5, 'prev_value': None, 'change': True}
2025-02-06 21:08:25,320 : INFO : EventManager : Event: ======'machine_var_player1_score'====== Args={'value': 1500, 'prev_value': None, 'change': True}
2025-02-06 21:08:25,320 : INFO : EventManager : Event: ======'machine_var_mpf_version'====== Args={'value': 'Mission Pinball Framework v0.57.3', 'prev_value': None, 'change': True}
2025-02-06 21:08:25,320 : INFO : EventManager : Event: ======'machine_var_mpf_extended_version'====== Args={'value': 'Mission Pinball Framework v0.57.3, Config version:6, Show version: 6, BCP version:1.1', 'prev_value': None, 'change': True}
2025-02-06 21:08:25,320 : INFO : EventManager : Event: ======'machine_var_python_version'====== Args={'value': '3.11.8', 'prev_value': None, 'change': True}
2025-02-06 21:08:25,329 : INFO : EventManager : Event: ======'machine_var_platform'====== Args={'value': 'Windows-10-10.0.19045-SP0', 'prev_value': None, 'change': True}
2025-02-06 21:08:25,329 : INFO : EventManager : Event: ======'machine_var_platform_system'====== Args={'value': 'Windows', 'prev_value': None, 'change': True}
2025-02-06 21:08:25,329 : INFO : EventManager : Event: ======'machine_var_platform_release'====== Args={'value': '10', 'prev_value': None, 'change': True}
2025-02-06 21:08:25,329 : INFO : EventManager : Event: ======'machine_var_platform_version'====== Args={'value': '10.0.19045', 'prev_value': None, 'change': True}
2025-02-06 21:08:25,329 : INFO : EventManager : Event: ======'machine_var_platform_machine'====== Args={'value': 'AMD64', 'prev_value': None, 'change': True}
2025-02-06 21:08:25,330 : INFO : EventManager : Event: ======'init_phase_1'====== Args={}
2025-02-06 21:08:25,351 : INFO : EventManager : Event: ======'init_phase_2'====== Args={}
2025-02-06 21:08:25,352 : INFO : SwitchController : Found active switch: ('0-0-8', <Platform.OPP>) <switch.s_trough1>
2025-02-06 21:08:25,355 : ERROR : asyncio : Exception in callback EventManager._queue_task_done(<Task finishe..."value==1}"')>)
handle: <Handle EventManager._queue_task_done(<Task finishe..."value==1}"')>)>
Traceback (most recent call last):
  File "C:\Users\student\mpfenv3\Lib\site-packages\mpf\core\placeholder_manager.py", line 667, in _parse_template
    return ast.parse(template_str, mode='eval').body
           ^^^^^^^^^^^^^^^^^^^^^^^^^^^^^^^^^^^^
  File "C:\Program Files\Python311\Lib\ast.py", line 50, in parse
    return compile(source, filename, mode, flags,
           ^^^^^^^^^^^^^^^^^^^^^^^^^^^^^^^^^^^^^^
  File "<unknown>", line 1
    value==1}
            ^
SyntaxError: unmatched '}'

During handling of the above exception, another exception occurred:

Traceback (most recent call last):
  File "C:\Program Files\Python311\Lib\asyncio\events.py", line 84, in _run
    self._context.run(self._callback, *self._args)
  File "C:\Users\student\mpfenv3\Lib\site-packages\mpf\core\events.py", line 795, in _queue_task_done
    future.result()
  File "C:\Users\student\mpfenv3\Lib\site-packages\mpf\core\events.py", line 708, in _run_handlers_sequential
    handler.callback(queue=queue, **merged_kwargs)
  File "C:\Users\student\mpfenv3\Lib\site-packages\mpf\core\mode_controller.py", line 97, in initialize_modes
    item.method(config=mode.config[item.config_section],
  File "C:\Users\student\mpfenv3\Lib\site-packages\mpf\core\config_player.py", line 150, in process_mode_config
    config = self.validate_config(config)
             ^^^^^^^^^^^^^^^^^^^^^^^^^^^^
  File "C:\Users\student\mpfenv3\Lib\site-packages\mpf\core\config_player.py", line 113, in validate_config
    validated_config[event] = self.validate_config_entry(settings, event)
                              ^^^^^^^^^^^^^^^^^^^^^^^^^^^^^^^^^^^^^^^^^^^
  File "C:\Users\student\mpfenv3\Lib\site-packages\mpf\config_players\variable_player.py", line 159, in validate_config_entry
    var_conditional_event = self._parse_and_validate_conditional(var, name)
                            ^^^^^^^^^^^^^^^^^^^^^^^^^^^^^^^^^^^^^^^^^^^^^^^
  File "C:\Users\student\mpfenv3\Lib\site-packages\mpf\core\config_player.py", line 119, in _parse_and_validate_conditional
    var_conditional_event = self.machine.placeholder_manager.parse_conditional_template(key)
                            ^^^^^^^^^^^^^^^^^^^^^^^^^^^^^^^^^^^^^^^^^^^^^^^^^^^^^^^^^^^^^^^^
  File "C:\Users\student\mpfenv3\Lib\site-packages\mpf\core\placeholder_manager.py", line 895, in parse_conditional_template
    match_dict['condition'] = self.build_bool_template(match_dict['condition'])
                              ^^^^^^^^^^^^^^^^^^^^^^^^^^^^^^^^^^^^^^^^^^^^^^^^^
  File "C:\Users\student\mpfenv3\Lib\site-packages\mpf\core\placeholder_manager.py", line 826, in build_bool_template
    return BoolTemplate(self._parse_template(template_str), template_str, self, default_value)
                        ^^^^^^^^^^^^^^^^^^^^^^^^^^^^^^^^^^
  File "C:\Users\student\mpfenv3\Lib\site-packages\mpf\core\placeholder_manager.py", line 669, in _parse_template
    raise AssertionError('Failed to parse template "{}"'.format(template_str))
AssertionError: Failed to parse template "value==1}"
2025-02-06 21:08:25,431 : INFO : Machine : Starting the main run loop with active modes: []
2025-02-06 21:08:25,431 : WARNING : Machine : Attract mode is not active, game will not be playable. Please check your attract mode configuration.
2025-02-06 21:08:25,435 : INFO : Machine : Shutting down...
2025-02-06 21:08:25,435 : INFO : EventManager : Event: ======'shutdown'====== Args={}
2025-02-06 21:08:25,435 : ERROR : OPP : Stop called on serial connection com5
2025-02-06 21:08:25,437 : ERROR : OPP : Stop called on serial connection com4
2025-02-06 21:08:26,450 : ERROR : Machine : Runtime Exception
Traceback (most recent call last):
  File "C:\Users\student\mpfenv3\Lib\site-packages\mpf\core\placeholder_manager.py", line 667, in _parse_template
    return ast.parse(template_str, mode='eval').body
           ^^^^^^^^^^^^^^^^^^^^^^^^^^^^^^^^^^^^
  File "C:\Program Files\Python311\Lib\ast.py", line 50, in parse
    return compile(source, filename, mode, flags,
           ^^^^^^^^^^^^^^^^^^^^^^^^^^^^^^^^^^^^^^
  File "<unknown>", line 1
    value==1}
            ^
SyntaxError: unmatched '}'

During handling of the above exception, another exception occurred:

Traceback (most recent call last):
  File "C:\Users\student\mpfenv3\Lib\site-packages\mpf\core\machine.py", line 808, in _run_loop
    raise self._exception['exception']
  File "C:\Program Files\Python311\Lib\asyncio\events.py", line 84, in _run
    self._context.run(self._callback, *self._args)
  File "C:\Users\student\mpfenv3\Lib\site-packages\mpf\core\events.py", line 795, in _queue_task_done
    future.result()
  File "C:\Users\student\mpfenv3\Lib\site-packages\mpf\core\events.py", line 708, in _run_handlers_sequential
    handler.callback(queue=queue, **merged_kwargs)
  File "C:\Users\student\mpfenv3\Lib\site-packages\mpf\core\mode_controller.py", line 97, in initialize_modes
    item.method(config=mode.config[item.config_section],
  File "C:\Users\student\mpfenv3\Lib\site-packages\mpf\core\config_player.py", line 150, in process_mode_config
    config = self.validate_config(config)
             ^^^^^^^^^^^^^^^^^^^^^^^^^^^^
  File "C:\Users\student\mpfenv3\Lib\site-packages\mpf\core\config_player.py", line 113, in validate_config
    validated_config[event] = self.validate_config_entry(settings, event)
                              ^^^^^^^^^^^^^^^^^^^^^^^^^^^^^^^^^^^^^^^^^^^
  File "C:\Users\student\mpfenv3\Lib\site-packages\mpf\config_players\variable_player.py", line 159, in validate_config_entry
    var_conditional_event = self._parse_and_validate_conditional(var, name)
                            ^^^^^^^^^^^^^^^^^^^^^^^^^^^^^^^^^^^^^^^^^^^^^^^
  File "C:\Users\student\mpfenv3\Lib\site-packages\mpf\core\config_player.py", line 119, in _parse_and_validate_conditional
    var_conditional_event = self.machine.placeholder_manager.parse_conditional_template(key)
                            ^^^^^^^^^^^^^^^^^^^^^^^^^^^^^^^^^^^^^^^^^^^^^^^^^^^^^^^^^^^^^^^^
  File "C:\Users\student\mpfenv3\Lib\site-packages\mpf\core\placeholder_manager.py", line 895, in parse_conditional_template
    match_dict['condition'] = self.build_bool_template(match_dict['condition'])
                              ^^^^^^^^^^^^^^^^^^^^^^^^^^^^^^^^^^^^^^^^^^^^^^^^^
  File "C:\Users\student\mpfenv3\Lib\site-packages\mpf\core\placeholder_manager.py", line 826, in build_bool_template
    return BoolTemplate(self._parse_template(template_str), template_str, self, default_value)
                        ^^^^^^^^^^^^^^^^^^^^^^^^^^^^^^^^^^
  File "C:\Users\student\mpfenv3\Lib\site-packages\mpf\core\placeholder_manager.py", line 669, in _parse_template
    raise AssertionError('Failed to parse template "{}"'.format(template_str))
AssertionError: Failed to parse template "value==1}"
2025-02-06 21:08:33,123 : INFO : root : MPF run loop ended.
