2025-07-04 14:38:24,518 : INFO : root : Loading config.
2025-07-04 14:38:24,561 : INFO : ConfigProcessor : Config spec file cache created: C:\Users\student\AppData\Local\Temp\config_spec.mpf_cache
2025-07-04 14:38:24,561 : INFO : YamlMultifileConfigLoader : Machine config file #1: config.yaml
2025-07-04 14:38:24,561 : INFO : ConfigProcessor : Loading config from file C:\Users\student\mpfenv3\Lib\site-packages\mpf\mpfconfig.yaml.
2025-07-04 14:38:24,570 : INFO : ConfigProcessor : Loading config: C:\Users\student\mpfenv3\Lib\site-packages\mpf\mpfconfig.yaml
2025-07-04 14:38:24,571 : INFO : ConfigProcessor : Loading config from file C:\Users\student\pinball\cobraPinTest1\config\config.yaml.
2025-07-04 14:38:24,578 : INFO : ConfigProcessor : Loading config: C:\Users\student\pinball\cobraPinTest1\config\config.yaml
2025-07-04 14:38:24,579 : INFO : ConfigProcessor : Config file cache created: C:\Users\student\AppData\Local\Temp\a20d2796aecf24feaad48747be24652a.mpf_cache
2025-07-04 14:38:24,648 : INFO : ConfigProcessor : Loading config from file C:\Users\student\mpfenv3\Lib\site-packages\mpf\modes\attract\config\attract.yaml.
2025-07-04 14:38:24,649 : INFO : ConfigProcessor : Loading config: C:\Users\student\mpfenv3\Lib\site-packages\mpf\modes\attract\config\attract.yaml
2025-07-04 14:38:24,649 : INFO : ConfigProcessor : Loading config from file C:\Users\student\pinball\cobraPinTest1\modes\attract\config\attract.yaml.
2025-07-04 14:38:24,649 : INFO : ConfigProcessor : Loading config: C:\Users\student\pinball\cobraPinTest1\modes\attract\config\attract.yaml
2025-07-04 14:38:24,650 : INFO : ConfigProcessor : Config file cache created: C:\Users\student\AppData\Local\Temp\0196918bccd620e51d3c4d2630650aa0.mpf_cache
2025-07-04 14:38:24,650 : INFO : ConfigProcessor : Loading config from file C:\Users\student\mpfenv3\Lib\site-packages\mpf\modes\game\config\game.yaml.
2025-07-04 14:38:24,651 : INFO : ConfigProcessor : Loading config: C:\Users\student\mpfenv3\Lib\site-packages\mpf\modes\game\config\game.yaml
2025-07-04 14:38:24,651 : INFO : ConfigProcessor : Config file cache created: C:\Users\student\AppData\Local\Temp\511dcc6b491b0fa2d7aa9abdf6497e9c.mpf_cache
2025-07-04 14:38:24,652 : INFO : ConfigProcessor : Loading config from file C:\Users\student\pinball\cobraPinTest1\modes\base\config\base.yaml.
2025-07-04 14:38:24,653 : INFO : ConfigProcessor : Loading config: C:\Users\student\pinball\cobraPinTest1\modes\base\config\base.yaml
2025-07-04 14:38:24,654 : INFO : ConfigProcessor : Config file cache created: C:\Users\student\AppData\Local\Temp\4675a535c8328a9c278c807d999ed109.mpf_cache
2025-07-04 14:38:24,654 : INFO : ConfigProcessor : Loading config from file C:\Users\student\pinball\cobraPinTest1\modes\reentry\config\reentry.yaml.
2025-07-04 14:38:24,657 : INFO : ConfigProcessor : Loading config: C:\Users\student\pinball\cobraPinTest1\modes\reentry\config\reentry.yaml
2025-07-04 14:38:24,658 : INFO : ConfigProcessor : Config file cache created: C:\Users\student\AppData\Local\Temp\0c8438cab3480347c0c749fa494946a2.mpf_cache
2025-07-04 14:38:24,659 : INFO : ConfigProcessor : Loading config from file C:\Users\student\pinball\cobraPinTest1\modes\lowerlanes\config\lowerlanes.yaml.
2025-07-04 14:38:24,660 : INFO : ConfigProcessor : Loading config: C:\Users\student\pinball\cobraPinTest1\modes\lowerlanes\config\lowerlanes.yaml
2025-07-04 14:38:24,660 : INFO : ConfigProcessor : Config file cache created: C:\Users\student\AppData\Local\Temp\5052615755bdf1309b248cf8695ad4ff.mpf_cache
2025-07-04 14:38:24,661 : INFO : ConfigProcessor : Loading config from file C:\Users\student\pinball\cobraPinTest1\modes\returnlanes\config\returnlanes.yaml.
2025-07-04 14:38:24,662 : INFO : ConfigProcessor : Loading config: C:\Users\student\pinball\cobraPinTest1\modes\returnlanes\config\returnlanes.yaml
2025-07-04 14:38:24,663 : INFO : ConfigProcessor : Config file cache created: C:\Users\student\AppData\Local\Temp\55e33f498afd3883899abc6da4842b47.mpf_cache
2025-07-04 14:38:24,663 : INFO : ConfigProcessor : Loading config from file C:\Users\student\pinball\cobraPinTest1\modes\attract\shows\.\attract_display_loop.yaml.
2025-07-04 14:38:24,665 : INFO : ConfigProcessor : Loading config: C:\Users\student\pinball\cobraPinTest1\modes\attract\shows\.\attract_display_loop.yaml
2025-07-04 14:38:24,665 : INFO : ConfigProcessor : Config file cache created: C:\Users\student\AppData\Local\Temp\f8d2c2cf3ea01f085365ea23fa51a701.mpf_cache
2025-07-04 14:38:24,666 : INFO : ConfigProcessor : Loading config from file C:\Users\student\pinball\cobraPinTest1\modes\attract\shows\.\attract_light_show.yaml.
2025-07-04 14:38:24,669 : INFO : ConfigProcessor : Loading config: C:\Users\student\pinball\cobraPinTest1\modes\attract\shows\.\attract_light_show.yaml
2025-07-04 14:38:24,669 : INFO : ConfigProcessor : Config file cache created: C:\Users\student\AppData\Local\Temp\30bd992f4b62a9b099207aebeb59554c.mpf_cache
2025-07-04 14:38:24,670 : INFO : Machine : Mission Pinball Framework Core Engine v0.57.3
2025-07-04 14:38:24,670 : INFO : Machine : Command line arguments: {'no_load_cache': True, 'create_config_cache': True, 'bcp': True, 'configfile': ['config.yaml'], 'force_assets_load': False, 'platform_integration_test': False, 'jsonlogging': False, 'logfile': 'logs\\2025-07-04-14-38-24-mpf-DESKTOP-0JH7ARL.log', 'pause': False, 'production': False, 'text_ui': True, 'loglevel': 15, 'consoleloglevel': 20, 'force_platform': None, 'syslog_address': None, 'mc_file_name': None, 'no_sound': False}
2025-07-04 14:38:24,670 : INFO : Machine : MPF path: C:\Users\student\mpfenv3\Lib\site-packages\mpf
2025-07-04 14:38:24,670 : INFO : Machine : Machine path: C:\Users\student\pinball\cobraPinTest1
2025-07-04 14:38:24,670 : INFO : Machine : Platform: win32
2025-07-04 14:38:24,670 : INFO : Machine : Python executable location: C:\Users\student\mpfenv3\Scripts\python.exe
2025-07-04 14:38:24,670 : INFO : Machine : Python version: 3.11.8 (64-bit)
2025-07-04 14:38:24,672 : INFO : Machine : Initializing MPF...
2025-07-04 14:38:24,919 : INFO : OPP : Connecting to com4 at 115200bps
2025-07-04 14:38:25,094 : INFO : OPP : Init of OPP board 0 done
2025-07-04 14:38:25,094 : INFO : OPP : Connecting to com5 at 115200bps
2025-07-04 14:38:25,205 : INFO : OPP : Init of OPP board 1 done
2025-07-04 14:38:25,206 : INFO : EventManager : Event: ======'machine_var_credits_string'====== Args={'value': 'FREE PLAY', 'prev_value': None, 'change': True}
2025-07-04 14:38:25,269 : INFO : EventManager : Event: ======'machine_var_master_volume'====== Args={'value': 0.5, 'prev_value': None, 'change': True}
2025-07-04 14:38:25,269 : INFO : EventManager : Event: ======'machine_var_player1_score'====== Args={'value': 1500, 'prev_value': None, 'change': True}
2025-07-04 14:38:25,269 : INFO : EventManager : Event: ======'machine_var_mpf_version'====== Args={'value': 'Mission Pinball Framework v0.57.3', 'prev_value': None, 'change': True}
2025-07-04 14:38:25,269 : INFO : EventManager : Event: ======'machine_var_mpf_extended_version'====== Args={'value': 'Mission Pinball Framework v0.57.3, Config version:6, Show version: 6, BCP version:1.1', 'prev_value': None, 'change': True}
2025-07-04 14:38:25,269 : INFO : EventManager : Event: ======'machine_var_python_version'====== Args={'value': '3.11.8', 'prev_value': None, 'change': True}
2025-07-04 14:38:25,278 : INFO : EventManager : Event: ======'machine_var_platform'====== Args={'value': 'Windows-10-10.0.19045-SP0', 'prev_value': None, 'change': True}
2025-07-04 14:38:25,278 : INFO : EventManager : Event: ======'machine_var_platform_system'====== Args={'value': 'Windows', 'prev_value': None, 'change': True}
2025-07-04 14:38:25,279 : INFO : EventManager : Event: ======'machine_var_platform_release'====== Args={'value': '10', 'prev_value': None, 'change': True}
2025-07-04 14:38:25,279 : INFO : EventManager : Event: ======'machine_var_platform_version'====== Args={'value': '10.0.19045', 'prev_value': None, 'change': True}
2025-07-04 14:38:25,279 : INFO : EventManager : Event: ======'machine_var_platform_machine'====== Args={'value': 'AMD64', 'prev_value': None, 'change': True}
2025-07-04 14:38:25,279 : INFO : EventManager : Event: ======'init_phase_1'====== Args={}
2025-07-04 14:38:25,300 : INFO : EventManager : Event: ======'init_phase_2'====== Args={}
2025-07-04 14:38:25,301 : INFO : SwitchController : Found active switch: ('0-0-8', <Platform.OPP>) <switch.s_trough1>
2025-07-04 14:38:25,305 : INFO : EventManager : Event: ======'bcp_connection_attempt'====== Args={'name': 'local_display', 'host': 'localhost', 'port': 5050}
2025-07-04 14:38:25,306 : INFO : BCPClientSocket : Connecting BCP to 'local_display' at localhost:5050...
2025-07-04 14:38:27,350 : INFO : BCPClientSocket : Connected BCP to 'local_display' localhost:5050
2025-07-04 14:38:27,351 : INFO : EventManager : Event: ======'bcp_clients_connected'====== Args={}
2025-07-04 14:38:27,554 : INFO : EventManager : Event: ======'machine_var_mc_version'====== Args={'value': 'MPF-MC v0.57.1', 'prev_value': None, 'change': True}
2025-07-04 14:38:27,554 : INFO : EventManager : Event: ======'machine_var_mc_extended_version'====== Args={'value': 'MPF-MC v0.57.1 (config_version=6, BCP v1.1,                      Requires MPF API compatibility v0.57.0 or newer)', 'prev_value': None, 'change': True}
2025-07-04 14:38:27,556 : INFO : ball_device.bd_trough : BCH: Initial count: 1
2025-07-04 14:38:27,593 : INFO : ball_device.bd_trough : State: idle
2025-07-04 14:38:27,594 : INFO : ball_device.bd_plunger : BCH: Initial count: 0
2025-07-04 14:38:27,594 : INFO : ball_device.bd_plunger : State: idle
2025-07-04 14:38:27,612 : INFO : EventManager : Event: ======'init_phase_3'====== Args={}
2025-07-04 14:38:27,616 : INFO : EventManager : Event: ======'init_phase_4'====== Args={}
2025-07-04 14:38:27,617 : INFO : BallController : Initial balls found: 1
2025-07-04 14:38:27,619 : INFO : EventManager : Event: ======'machine_var_audits_events_game_ended'====== Args={'value': 0, 'prev_value': None, 'change': True}
2025-07-04 14:38:27,619 : INFO : EventManager : Event: ======'machine_var_audits_events_game_started'====== Args={'value': 99, 'prev_value': None, 'change': True}
2025-07-04 14:38:27,619 : INFO : EventManager : Event: ======'machine_var_audits_missing_switches_s_bonus_lane'====== Args={'value': 23, 'prev_value': None, 'change': True}
2025-07-04 14:38:27,619 : INFO : EventManager : Event: ======'machine_var_audits_missing_switches_s_hyperspacekicker'====== Args={'value': 22, 'prev_value': None, 'change': True}
2025-07-04 14:38:27,619 : INFO : EventManager : Event: ======'machine_var_audits_missing_switches_s_left_attack_bumper'====== Args={'value': 2, 'prev_value': None, 'change': True}
2025-07-04 14:38:27,619 : INFO : EventManager : Event: ======'machine_var_audits_missing_switches_s_left_flipper'====== Args={'value': 23, 'prev_value': None, 'change': True}
2025-07-04 14:38:27,620 : INFO : EventManager : Event: ======'machine_var_audits_missing_switches_s_left_out_lane'====== Args={'value': 23, 'prev_value': None, 'change': True}
2025-07-04 14:38:27,620 : INFO : EventManager : Event: ======'machine_var_audits_missing_switches_s_left_return_lane'====== Args={'value': 23, 'prev_value': None, 'change': True}
2025-07-04 14:38:27,620 : INFO : EventManager : Event: ======'machine_var_audits_missing_switches_s_lower_left_slingshot'====== Args={'value': 23, 'prev_value': None, 'change': True}
2025-07-04 14:38:27,620 : INFO : EventManager : Event: ======'machine_var_audits_missing_switches_s_lower_right_slingshot'====== Args={'value': 23, 'prev_value': None, 'change': True}
2025-07-04 14:38:27,620 : INFO : EventManager : Event: ======'machine_var_audits_missing_switches_s_plunger'====== Args={'value': 97, 'prev_value': None, 'change': True}
2025-07-04 14:38:27,620 : INFO : EventManager : Event: ======'machine_var_audits_missing_switches_s_right_attack_bumper'====== Args={'value': 2, 'prev_value': None, 'change': True}
2025-07-04 14:38:27,620 : INFO : EventManager : Event: ======'machine_var_audits_missing_switches_s_right_flipper'====== Args={'value': 23, 'prev_value': None, 'change': True}
2025-07-04 14:38:27,620 : INFO : EventManager : Event: ======'machine_var_audits_missing_switches_s_right_out_lane'====== Args={'value': 23, 'prev_value': None, 'change': True}
2025-07-04 14:38:27,620 : INFO : EventManager : Event: ======'machine_var_audits_missing_switches_s_right_return_lane'====== Args={'value': 23, 'prev_value': None, 'change': True}
2025-07-04 14:38:27,620 : INFO : EventManager : Event: ======'machine_var_audits_missing_switches_s_spacewarp_rollover'====== Args={'value': 81, 'prev_value': None, 'change': True}
2025-07-04 14:38:27,621 : INFO : EventManager : Event: ======'machine_var_audits_missing_switches_s_start'====== Args={'value': 98, 'prev_value': None, 'change': True}
2025-07-04 14:38:27,621 : INFO : EventManager : Event: ======'machine_var_audits_missing_switches_s_trough1'====== Args={'value': 98, 'prev_value': None, 'change': True}
2025-07-04 14:38:27,621 : INFO : EventManager : Event: ======'machine_var_audits_missing_switches_s_upper_attack_bumper'====== Args={'value': 3, 'prev_value': None, 'change': True}
2025-07-04 14:38:27,621 : INFO : EventManager : Event: ======'machine_var_audits_missing_switches_s_wormhole_target'====== Args={'value': 23, 'prev_value': None, 'change': True}
2025-07-04 14:38:27,621 : INFO : EventManager : Event: ======'machine_var_audits_player_score'====== Args={'value': {'average': 1800.0, 'top': [2000, 1900, 1500], 'total': 3}, 'prev_value': None, 'change': True}
2025-07-04 14:38:27,621 : INFO : EventManager : Event: ======'machine_var_audits_shots_attack_bumper_left_shot'====== Args={'value': 104, 'prev_value': None, 'change': True}
2025-07-04 14:38:27,621 : INFO : EventManager : Event: ======'machine_var_audits_shots_attack_bumper_lower_shot'====== Args={'value': 172, 'prev_value': None, 'change': True}
2025-07-04 14:38:27,621 : INFO : EventManager : Event: ======'machine_var_audits_shots_attack_bumper_right_shot'====== Args={'value': 24, 'prev_value': None, 'change': True}
2025-07-04 14:38:27,621 : INFO : EventManager : Event: ======'machine_var_audits_shots_attack_bumper_upper_shot'====== Args={'value': 41, 'prev_value': None, 'change': True}
2025-07-04 14:38:27,621 : INFO : EventManager : Event: ======'machine_var_audits_shots_bonusLane_shot'====== Args={'value': 91, 'prev_value': None, 'change': True}
2025-07-04 14:38:27,622 : INFO : EventManager : Event: ======'machine_var_audits_shots_medalL_shot'====== Args={'value': 174, 'prev_value': None, 'change': True}
2025-07-04 14:38:27,622 : INFO : EventManager : Event: ======'machine_var_audits_shots_medalM_shot'====== Args={'value': 166, 'prev_value': None, 'change': True}
2025-07-04 14:38:27,622 : INFO : EventManager : Event: ======'machine_var_audits_shots_medalR_shot'====== Args={'value': 165, 'prev_value': None, 'change': True}
2025-07-04 14:38:27,622 : INFO : EventManager : Event: ======'machine_var_audits_shots_my_first_shot'====== Args={'value': 119, 'prev_value': None, 'change': True}
2025-07-04 14:38:27,622 : INFO : EventManager : Event: ======'machine_var_audits_shots_my_first_shot_mode2'====== Args={'value': 72, 'prev_value': None, 'change': True}
2025-07-04 14:38:27,622 : INFO : EventManager : Event: ======'machine_var_audits_shots_outLaneL_shot'====== Args={'value': 30, 'prev_value': None, 'change': True}
2025-07-04 14:38:27,622 : INFO : EventManager : Event: ======'machine_var_audits_shots_outLaneR_shot'====== Args={'value': 104, 'prev_value': None, 'change': True}
2025-07-04 14:38:27,622 : INFO : EventManager : Event: ======'machine_var_audits_shots_reentryL_shot'====== Args={'value': 577, 'prev_value': None, 'change': True}
2025-07-04 14:38:27,622 : INFO : EventManager : Event: ======'machine_var_audits_shots_reentryM_shot'====== Args={'value': 535, 'prev_value': None, 'change': True}
2025-07-04 14:38:27,623 : INFO : EventManager : Event: ======'machine_var_audits_shots_reentryR_shot'====== Args={'value': 527, 'prev_value': None, 'change': True}
2025-07-04 14:38:27,623 : INFO : EventManager : Event: ======'machine_var_audits_shots_reentry_shot'====== Args={'value': 9, 'prev_value': None, 'change': True}
2025-07-04 14:38:27,623 : INFO : EventManager : Event: ======'machine_var_audits_shots_returnLaneL_shot'====== Args={'value': 201, 'prev_value': None, 'change': True}
2025-07-04 14:38:27,623 : INFO : EventManager : Event: ======'machine_var_audits_shots_returnLaneR_shot'====== Args={'value': 143, 'prev_value': None, 'change': True}
2025-07-04 14:38:27,623 : INFO : EventManager : Event: ======'machine_var_audits_shots_spacewarp_rollover_shot'====== Args={'value': 47, 'prev_value': None, 'change': True}
2025-07-04 14:38:27,623 : INFO : EventManager : Event: ======'machine_var_audits_shots_top_lane_A'====== Args={'value': 12, 'prev_value': None, 'change': True}
2025-07-04 14:38:27,623 : INFO : EventManager : Event: ======'machine_var_audits_shots_top_lane_J'====== Args={'value': 12, 'prev_value': None, 'change': True}
2025-07-04 14:38:27,623 : INFO : EventManager : Event: ======'machine_var_audits_shots_top_lane_M'====== Args={'value': 9, 'prev_value': None, 'change': True}
2025-07-04 14:38:27,624 : INFO : EventManager : Event: ======'machine_var_audits_switches_s_blackhole_kicker'====== Args={'value': 0, 'prev_value': None, 'change': True}
2025-07-04 14:38:27,624 : INFO : EventManager : Event: ======'machine_var_audits_switches_s_bonus_lane'====== Args={'value': 104, 'prev_value': None, 'change': True}
2025-07-04 14:38:27,624 : INFO : EventManager : Event: ======'machine_var_audits_switches_s_booster_drop_target_1'====== Args={'value': 0, 'prev_value': None, 'change': True}
2025-07-04 14:38:27,624 : INFO : EventManager : Event: ======'machine_var_audits_switches_s_booster_drop_target_2'====== Args={'value': 0, 'prev_value': None, 'change': True}
2025-07-04 14:38:27,624 : INFO : EventManager : Event: ======'machine_var_audits_switches_s_booster_drop_target_3'====== Args={'value': 0, 'prev_value': None, 'change': True}
2025-07-04 14:38:27,624 : INFO : EventManager : Event: ======'machine_var_audits_switches_s_comet_spot_1'====== Args={'value': 0, 'prev_value': None, 'change': True}
2025-07-04 14:38:27,624 : INFO : EventManager : Event: ======'machine_var_audits_switches_s_comet_spot_2'====== Args={'value': 0, 'prev_value': None, 'change': True}
2025-07-04 14:38:27,625 : INFO : EventManager : Event: ======'machine_var_audits_switches_s_comet_spot_3'====== Args={'value': 0, 'prev_value': None, 'change': True}
2025-07-04 14:38:27,625 : INFO : EventManager : Event: ======'machine_var_audits_switches_s_engine_bumper_1'====== Args={'value': 0, 'prev_value': None, 'change': True}
2025-07-04 14:38:27,625 : INFO : EventManager : Event: ======'machine_var_audits_switches_s_engine_bumper_2'====== Args={'value': 0, 'prev_value': None, 'change': True}
2025-07-04 14:38:27,625 : INFO : EventManager : Event: ======'machine_var_audits_switches_s_engine_bumper_3'====== Args={'value': 0, 'prev_value': None, 'change': True}
2025-07-04 14:38:27,625 : INFO : EventManager : Event: ======'machine_var_audits_switches_s_fuel_chute_1'====== Args={'value': 0, 'prev_value': None, 'change': True}
2025-07-04 14:38:27,625 : INFO : EventManager : Event: ======'machine_var_audits_switches_s_fuel_chute_2'====== Args={'value': 0, 'prev_value': None, 'change': True}
2025-07-04 14:38:27,625 : INFO : EventManager : Event: ======'machine_var_audits_switches_s_fuel_chute_3'====== Args={'value': 0, 'prev_value': None, 'change': True}
2025-07-04 14:38:27,625 : INFO : EventManager : Event: ======'machine_var_audits_switches_s_fuel_chute_4'====== Args={'value': 0, 'prev_value': None, 'change': True}
2025-07-04 14:38:27,626 : INFO : EventManager : Event: ======'machine_var_audits_switches_s_fuel_chute_5'====== Args={'value': 0, 'prev_value': None, 'change': True}
2025-07-04 14:38:27,626 : INFO : EventManager : Event: ======'machine_var_audits_switches_s_fuel_chute_6'====== Args={'value': 0, 'prev_value': None, 'change': True}
2025-07-04 14:38:27,626 : INFO : EventManager : Event: ======'machine_var_audits_switches_s_fuel_flag'====== Args={'value': 0, 'prev_value': None, 'change': True}
2025-07-04 14:38:27,626 : INFO : EventManager : Event: ======'machine_var_audits_switches_s_fuel_spot_1'====== Args={'value': 0, 'prev_value': None, 'change': True}
2025-07-04 14:38:27,626 : INFO : EventManager : Event: ======'machine_var_audits_switches_s_fuel_spot_2'====== Args={'value': 0, 'prev_value': None, 'change': True}
2025-07-04 14:38:27,626 : INFO : EventManager : Event: ======'machine_var_audits_switches_s_fuel_spot_3'====== Args={'value': 0, 'prev_value': None, 'change': True}
2025-07-04 14:38:27,626 : INFO : EventManager : Event: ======'machine_var_audits_switches_s_green_wormhole'====== Args={'value': 0, 'prev_value': None, 'change': True}
2025-07-04 14:38:27,627 : INFO : EventManager : Event: ======'machine_var_audits_switches_s_hyperspace_flag'====== Args={'value': 0, 'prev_value': None, 'change': True}
2025-07-04 14:38:27,627 : INFO : EventManager : Event: ======'machine_var_audits_switches_s_hyperspacekicker'====== Args={'value': 694, 'prev_value': None, 'change': True}
2025-07-04 14:38:27,627 : INFO : EventManager : Event: ======'machine_var_audits_switches_s_launch_lane_1'====== Args={'value': 0, 'prev_value': None, 'change': True}
2025-07-04 14:38:27,627 : INFO : EventManager : Event: ======'machine_var_audits_switches_s_launch_lane_2'====== Args={'value': 0, 'prev_value': None, 'change': True}
2025-07-04 14:38:27,627 : INFO : EventManager : Event: ======'machine_var_audits_switches_s_launch_lane_3'====== Args={'value': 0, 'prev_value': None, 'change': True}
2025-07-04 14:38:27,627 : INFO : EventManager : Event: ======'machine_var_audits_switches_s_launch_ramp'====== Args={'value': 0, 'prev_value': None, 'change': True}
2025-07-04 14:38:27,628 : INFO : EventManager : Event: ======'machine_var_audits_switches_s_left_attack_bumper'====== Args={'value': 841, 'prev_value': None, 'change': True}
2025-07-04 14:38:27,628 : INFO : EventManager : Event: ======'machine_var_audits_switches_s_left_flipper'====== Args={'value': 2499, 'prev_value': None, 'change': True}
2025-07-04 14:38:27,628 : INFO : EventManager : Event: ======'machine_var_audits_switches_s_left_out_lane'====== Args={'value': 34, 'prev_value': None, 'change': True}
2025-07-04 14:38:27,628 : INFO : EventManager : Event: ======'machine_var_audits_switches_s_left_out_lane_kicker'====== Args={'value': 0, 'prev_value': None, 'change': True}
2025-07-04 14:38:27,628 : INFO : EventManager : Event: ======'machine_var_audits_switches_s_left_return_lane'====== Args={'value': 208, 'prev_value': None, 'change': True}
2025-07-04 14:38:27,628 : INFO : EventManager : Event: ======'machine_var_audits_switches_s_lower_attack_bumper'====== Args={'value': 420, 'prev_value': None, 'change': True}
2025-07-04 14:38:27,629 : INFO : EventManager : Event: ======'machine_var_audits_switches_s_lower_left_rebound'====== Args={'value': 0, 'prev_value': None, 'change': True}
2025-07-04 14:38:27,629 : INFO : EventManager : Event: ======'machine_var_audits_switches_s_lower_left_slingshot'====== Args={'value': 273, 'prev_value': None, 'change': True}
2025-07-04 14:38:27,629 : INFO : EventManager : Event: ======'machine_var_audits_switches_s_lower_right_rebound'====== Args={'value': 0, 'prev_value': None, 'change': True}
2025-07-04 14:38:27,629 : INFO : EventManager : Event: ======'machine_var_audits_switches_s_lower_right_slingshot'====== Args={'value': 281, 'prev_value': None, 'change': True}
2025-07-04 14:38:27,629 : INFO : EventManager : Event: ======'machine_var_audits_switches_s_medal_drop_left'====== Args={'value': 188, 'prev_value': None, 'change': True}
2025-07-04 14:38:27,629 : INFO : EventManager : Event: ======'machine_var_audits_switches_s_medal_drop_middle'====== Args={'value': 180, 'prev_value': None, 'change': True}
2025-07-04 14:38:27,630 : INFO : EventManager : Event: ======'machine_var_audits_switches_s_medal_drop_right'====== Args={'value': 179, 'prev_value': None, 'change': True}
2025-07-04 14:38:27,630 : INFO : EventManager : Event: ======'machine_var_audits_switches_s_mission_spot_1'====== Args={'value': 0, 'prev_value': None, 'change': True}
2025-07-04 14:38:27,630 : INFO : EventManager : Event: ======'machine_var_audits_switches_s_mission_spot_2'====== Args={'value': 2, 'prev_value': None, 'change': True}
2025-07-04 14:38:27,630 : INFO : EventManager : Event: ======'machine_var_audits_switches_s_mission_spot_3'====== Args={'value': 0, 'prev_value': None, 'change': True}
2025-07-04 14:38:27,630 : INFO : EventManager : Event: ======'machine_var_audits_switches_s_multiplier_left'====== Args={'value': 0, 'prev_value': None, 'change': True}
2025-07-04 14:38:27,630 : INFO : EventManager : Event: ======'machine_var_audits_switches_s_multiplier_middle'====== Args={'value': 0, 'prev_value': None, 'change': True}
2025-07-04 14:38:27,631 : INFO : EventManager : Event: ======'machine_var_audits_switches_s_multiplier_right'====== Args={'value': 0, 'prev_value': None, 'change': True}
2025-07-04 14:38:27,631 : INFO : EventManager : Event: ======'machine_var_audits_switches_s_plunger'====== Args={'value': 177, 'prev_value': None, 'change': True}
2025-07-04 14:38:27,631 : INFO : EventManager : Event: ======'machine_var_audits_switches_s_radiationspot_1'====== Args={'value': 0, 'prev_value': None, 'change': True}
2025-07-04 14:38:27,631 : INFO : EventManager : Event: ======'machine_var_audits_switches_s_radiationspot_2'====== Args={'value': 0, 'prev_value': None, 'change': True}
2025-07-04 14:38:27,631 : INFO : EventManager : Event: ======'machine_var_audits_switches_s_radiationspot_3'====== Args={'value': 0, 'prev_value': None, 'change': True}
2025-07-04 14:38:27,632 : INFO : EventManager : Event: ======'machine_var_audits_switches_s_red_wormhole'====== Args={'value': 0, 'prev_value': None, 'change': True}
2025-07-04 14:38:27,632 : INFO : EventManager : Event: ======'machine_var_audits_switches_s_reentry_left'====== Args={'value': 935, 'prev_value': None, 'change': True}
2025-07-04 14:38:27,632 : INFO : EventManager : Event: ======'machine_var_audits_switches_s_reentry_middle'====== Args={'value': 609, 'prev_value': None, 'change': True}
2025-07-04 14:38:27,632 : INFO : EventManager : Event: ======'machine_var_audits_switches_s_reentry_right'====== Args={'value': 586, 'prev_value': None, 'change': True}
2025-07-04 14:38:27,632 : INFO : EventManager : Event: ======'machine_var_audits_switches_s_right_attack_bumper'====== Args={'value': 25, 'prev_value': None, 'change': True}
2025-07-04 14:38:27,633 : INFO : EventManager : Event: ======'machine_var_audits_switches_s_right_flipper'====== Args={'value': 2699, 'prev_value': None, 'change': True}
2025-07-04 14:38:27,633 : INFO : EventManager : Event: ======'machine_var_audits_switches_s_right_inlane'====== Args={'value': 0, 'prev_value': None, 'change': True}
2025-07-04 14:38:27,633 : INFO : EventManager : Event: ======'machine_var_audits_switches_s_right_out_lane'====== Args={'value': 130, 'prev_value': None, 'change': True}
2025-07-04 14:38:27,633 : INFO : EventManager : Event: ======'machine_var_audits_switches_s_right_out_lane_kicker'====== Args={'value': 0, 'prev_value': None, 'change': True}
2025-07-04 14:38:27,634 : INFO : EventManager : Event: ======'machine_var_audits_switches_s_right_return_lane'====== Args={'value': 155, 'prev_value': None, 'change': True}
2025-07-04 14:38:27,634 : INFO : EventManager : Event: ======'machine_var_audits_switches_s_satellite_bumper'====== Args={'value': 0, 'prev_value': None, 'change': True}
2025-07-04 14:38:27,634 : INFO : EventManager : Event: ======'machine_var_audits_switches_s_secondary_outlane_kicker'====== Args={'value': 0, 'prev_value': None, 'change': True}
2025-07-04 14:38:27,635 : INFO : EventManager : Event: ======'machine_var_audits_switches_s_skill_shot_1'====== Args={'value': 0, 'prev_value': None, 'change': True}
2025-07-04 14:38:27,635 : INFO : EventManager : Event: ======'machine_var_audits_switches_s_skill_shot_2'====== Args={'value': 0, 'prev_value': None, 'change': True}
2025-07-04 14:38:27,635 : INFO : EventManager : Event: ======'machine_var_audits_switches_s_skill_shot_3'====== Args={'value': 0, 'prev_value': None, 'change': True}
2025-07-04 14:38:27,635 : INFO : EventManager : Event: ======'machine_var_audits_switches_s_skill_shot_4'====== Args={'value': 0, 'prev_value': None, 'change': True}
2025-07-04 14:38:27,635 : INFO : EventManager : Event: ======'machine_var_audits_switches_s_skill_shot_5'====== Args={'value': 0, 'prev_value': None, 'change': True}
2025-07-04 14:38:27,636 : INFO : EventManager : Event: ======'machine_var_audits_switches_s_skill_shot_6'====== Args={'value': 0, 'prev_value': None, 'change': True}
2025-07-04 14:38:27,636 : INFO : EventManager : Event: ======'machine_var_audits_switches_s_skill_shot_lane'====== Args={'value': 0, 'prev_value': None, 'change': True}
2025-07-04 14:38:27,636 : INFO : EventManager : Event: ======'machine_var_audits_switches_s_spacewarp_rollover'====== Args={'value': 48, 'prev_value': None, 'change': True}
2025-07-04 14:38:27,636 : INFO : EventManager : Event: ======'machine_var_audits_switches_s_start'====== Args={'value': 7, 'prev_value': None, 'change': True}
2025-07-04 14:38:27,636 : INFO : EventManager : Event: ======'machine_var_audits_switches_s_trough1'====== Args={'value': 30, 'prev_value': None, 'change': True}
2025-07-04 14:38:27,637 : INFO : EventManager : Event: ======'machine_var_audits_switches_s_trough2'====== Args={'value': 0, 'prev_value': None, 'change': True}
2025-07-04 14:38:27,637 : INFO : EventManager : Event: ======'machine_var_audits_switches_s_trough3'====== Args={'value': 0, 'prev_value': None, 'change': True}
2025-07-04 14:38:27,637 : INFO : EventManager : Event: ======'machine_var_audits_switches_s_trough4'====== Args={'value': 0, 'prev_value': None, 'change': True}
2025-07-04 14:38:27,637 : INFO : EventManager : Event: ======'machine_var_audits_switches_s_trough5'====== Args={'value': 0, 'prev_value': None, 'change': True}
2025-07-04 14:38:27,637 : INFO : EventManager : Event: ======'machine_var_audits_switches_s_trough6'====== Args={'value': 0, 'prev_value': None, 'change': True}
2025-07-04 14:38:27,637 : INFO : EventManager : Event: ======'machine_var_audits_switches_s_trough_jam'====== Args={'value': 0, 'prev_value': None, 'change': True}
2025-07-04 14:38:27,638 : INFO : EventManager : Event: ======'machine_var_audits_switches_s_upper_attack_bumper'====== Args={'value': 415, 'prev_value': None, 'change': True}
2025-07-04 14:38:27,638 : INFO : EventManager : Event: ======'machine_var_audits_switches_s_upper_left_rebound'====== Args={'value': 0, 'prev_value': None, 'change': True}
2025-07-04 14:38:27,638 : INFO : EventManager : Event: ======'machine_var_audits_switches_s_upper_right_rebound'====== Args={'value': 0, 'prev_value': None, 'change': True}
2025-07-04 14:38:27,639 : INFO : EventManager : Event: ======'machine_var_audits_switches_s_wormhole_target'====== Args={'value': 95, 'prev_value': None, 'change': True}
2025-07-04 14:38:27,639 : INFO : EventManager : Event: ======'machine_var_audits_switches_s_yellow_wormhole'====== Args={'value': 0, 'prev_value': None, 'change': True}
2025-07-04 14:38:27,640 : INFO : EventManager : Event: ======'init_phase_5'====== Args={}
2025-07-04 14:38:27,678 : INFO : EventManager : Event: ======'init_done'====== Args={}
2025-07-04 14:38:27,679 : INFO : EventManager : Event: ======'machine_reset_phase_1'====== Args={}
2025-07-04 14:38:27,689 : INFO : EventManager : Event: ======'slide_welcome_slide_removed'====== Args={'_from_bcp': True}
2025-07-04 14:38:27,691 : INFO : EventManager : Event: ======'slide_welcome_slide_created'====== Args={'_from_bcp': True}
2025-07-04 14:38:27,692 : INFO : EventManager : Event: ======'machine_reset_phase_2'====== Args={}
2025-07-04 14:38:27,693 : INFO : EventManager : Event: ======'machine_reset_phase_3'====== Args={}
2025-07-04 14:38:27,693 : INFO : EventManager : Event: ======'slide_welcome_slide_active'====== Args={'_from_bcp': True}
2025-07-04 14:38:27,693 : INFO : EventManager : Event: ======'reset_complete'====== Args={}
2025-07-04 14:38:27,694 : INFO : EventManager : Event: ======'mode_attract_will_start'====== Args={}
2025-07-04 14:38:27,695 : INFO : EventManager : Event: ======'mode_attract_starting'====== Args={}
2025-07-04 14:38:27,695 : INFO : Mode.attract : Started. Priority: 10
2025-07-04 14:38:27,695 : INFO : EventManager : Event: ======'modes_active_modes_changed'====== Args={}
2025-07-04 14:38:27,695 : INFO : EventManager : Event: ======'mode_attract_started'====== Args={}
2025-07-04 14:38:27,695 : INFO : EventManager : Event: ======'collecting_balls_complete'====== Args={}
2025-07-04 14:38:27,726 : INFO : EventManager : Event: ======'slide_awesome_slide_created'====== Args={'_from_bcp': True}
2025-07-04 14:38:27,726 : INFO : EventManager : Event: ======'slide_awesome_slide_active'====== Args={'_from_bcp': True}
2025-07-04 14:38:27,735 : INFO : Machine : Starting the main run loop with active modes: [<Mode.attract>]
2025-07-04 14:38:28,219 : INFO : BcpServer : New client connected.
2025-07-04 14:38:28,454 : INFO : SwitchController : <<<<<<< 's_start' active >>>>>>>
2025-07-04 14:38:28,528 : INFO : SwitchController : <<<<<<< 's_start' inactive >>>>>>>
2025-07-04 14:38:28,529 : INFO : EventManager : Event: ======'request_to_start_game'====== Args={}
2025-07-04 14:38:28,529 : INFO : EventManager : Event: ======'game_start'====== Args={'buttons': [], 'hold_time': 0.0779999999795109}
2025-07-04 14:38:28,529 : INFO : EventManager : Event: ======'mode_game_will_start'====== Args={'buttons': [], 'hold_time': 0.0779999999795109}
2025-07-04 14:38:28,530 : INFO : EventManager : Event: ======'mode_game_starting'====== Args={'buttons': [], 'hold_time': 0.0779999999795109}
2025-07-04 14:38:28,530 : INFO : EventManager : Event: ======'mode_attract_will_stop'====== Args={}
2025-07-04 14:38:28,530 : INFO : EventManager : Event: ======'mode_attract_stopping'====== Args={}
2025-07-04 14:38:28,530 : INFO : Mode.attract : Stopped.
2025-07-04 14:38:28,530 : INFO : EventManager : Event: ======'modes_active_modes_changed'====== Args={}
2025-07-04 14:38:28,531 : INFO : EventManager : Event: ======'mode_attract_stopped'====== Args={}
2025-07-04 14:38:28,531 : INFO : EventManager : Event: ======'clear'====== Args={'key': 'attract'}
2025-07-04 14:38:28,531 : INFO : Mode.game : Started. Priority: 20
2025-07-04 14:38:28,531 : INFO : EventManager : Event: ======'modes_active_modes_changed'====== Args={}
2025-07-04 14:38:28,531 : INFO : EventManager : Event: ======'mode_game_started'====== Args={'buttons': [], 'hold_time': 0.0779999999795109}
2025-07-04 14:38:28,537 : INFO : EventManager : Event: ======'game_will_start'====== Args={}
2025-07-04 14:38:28,539 : INFO : EventManager : Event: ======'game_starting'====== Args={'game': <Mode.game>}
2025-07-04 14:38:28,540 : INFO : EventManager : Unordered handler for class <Auditor> on event game_ended with priority 1. Handlers: [RegisteredHandler(callback=<bound method Auditor.disable of <Auditor>>, priority=1, kwargs={}, key=UUID('effe393d-d00e-4178-9dd6-c3d5477adc98'), condition=None, blocking_facility=None), RegisteredHandler(callback=<bound method Auditor._save_audits of <Auditor>>, priority=1, kwargs={}, key=UUID('f1b04212-6c27-4d37-a056-7e7d364a8344'), condition=None, blocking_facility=None)]. The order of those handlers is not defined and they will be executed in random order. This might lead to race conditions and potential bugs.
2025-07-04 14:38:28,540 : INFO : EventManager : Event: ======'slide_awesome_slide_removed'====== Args={'_from_bcp': True}
2025-07-04 14:38:28,540 : INFO : EventManager : Event: ======'player_add_request'====== Args={}
2025-07-04 14:38:28,541 : INFO : EventManager : Event: ======'player_will_add'====== Args={'number': 1}
2025-07-04 14:38:28,541 : INFO : EventManager : Event: ======'player_adding'====== Args={'player': <Player 1>, 'number': 1}
2025-07-04 14:38:28,541 : INFO : EventManager : Event: ======'player_added'====== Args={'player': <Player 1>, 'num': 1}
2025-07-04 14:38:28,541 : INFO : Mode.game : Player added successfully. Total players: 1
2025-07-04 14:38:28,541 : INFO : EventManager : Event: ======'player_index'====== Args={'value': 0, 'prev_value': 0, 'change': 0, 'player_num': 1}
2025-07-04 14:38:28,541 : INFO : EventManager : Event: ======'player_number'====== Args={'value': 1, 'prev_value': 1, 'change': 0, 'player_num': 1}
2025-07-04 14:38:28,541 : INFO : EventManager : Event: ======'player_score'====== Args={'value': 0, 'prev_value': 0, 'change': 0, 'player_num': 1}
2025-07-04 14:38:28,542 : INFO : EventManager : Event: ======'game_started'====== Args={}
2025-07-04 14:38:28,543 : INFO : EventManager : Event: ======'slide_welcome_slide_active'====== Args={'_from_bcp': True}
2025-07-04 14:38:28,548 : INFO : EventManager : Event: ======'player_turn_will_start'====== Args={'player': <Player 1>, 'number': 1}
2025-07-04 14:38:28,549 : INFO : EventManager : Event: ======'player_turn_starting'====== Args={'player': <Player 1>, 'number': 1}
2025-07-04 14:38:28,549 : INFO : EventManager : Event: ======'player_ball'====== Args={'value': 1, 'prev_value': 0, 'change': 1, 'player_num': 1}
2025-07-04 14:38:28,550 : INFO : EventManager : Event: ======'player_turn_started'====== Args={'player': <Player 1>, 'number': 1}
2025-07-04 14:38:28,551 : INFO : EventManager : Event: ======'ball_will_start'====== Args={'player': 1, 'ball': 1, 'balls_remaining': 2, 'is_extra_ball': False}
2025-07-04 14:38:28,554 : INFO : EventManager : Event: ======'ball_starting'====== Args={'player': 1, 'ball': 1, 'balls_remaining': 2, 'is_extra_ball': False}
2025-07-04 14:38:28,555 : INFO : EventManager : Event: ======'mode_base_will_start'====== Args={'queue': <QueuedEvent>, 'player': 1, 'ball': 1, 'balls_remaining': 2, 'is_extra_ball': False}
2025-07-04 14:38:28,555 : INFO : EventManager : Event: ======'mode_base_starting'====== Args={'queue': <QueuedEvent>, 'player': 1, 'ball': 1, 'balls_remaining': 2, 'is_extra_ball': False}
2025-07-04 14:38:28,556 : INFO : Mode.base : Started. Priority: 100
2025-07-04 14:38:28,556 : INFO : EventManager : Event: ======'modes_active_modes_changed'====== Args={}
2025-07-04 14:38:28,556 : INFO : EventManager : Event: ======'mode_base_started'====== Args={'queue': <QueuedEvent>, 'player': 1, 'ball': 1, 'balls_remaining': 2, 'is_extra_ball': False}
2025-07-04 14:38:28,557 : INFO : EventManager : Event: ======'balls_in_play'====== Args={'balls': 1}
2025-07-04 14:38:28,557 : INFO : EventManager : Event: ======'ball_started'====== Args={'player': 1, 'ball': 1, 'balls_remaining': 2, 'is_extra_ball': False}
2025-07-04 14:38:28,557 : INFO : EventManager : Event: ======'mode_lowerlanes_will_start'====== Args={'player': 1, 'ball': 1, 'balls_remaining': 2, 'is_extra_ball': False}
2025-07-04 14:38:28,557 : INFO : EventManager : Event: ======'player_shot_bonusLane_shot_enabled'====== Args={'value': True, 'prev_value': 0, 'change': 1, 'player_num': 1}
2025-07-04 14:38:28,558 : INFO : EventManager : Event: ======'player_shot_outLaneL_shot_enabled'====== Args={'value': True, 'prev_value': 0, 'change': 1, 'player_num': 1}
2025-07-04 14:38:28,558 : INFO : EventManager : Event: ======'player_shot_outLaneR_shot_enabled'====== Args={'value': True, 'prev_value': 0, 'change': 1, 'player_num': 1}
2025-07-04 14:38:28,558 : INFO : EventManager : Event: ======'outLane_shot_complete'====== Args={'state': 'unlit'}
2025-07-04 14:38:28,558 : INFO : EventManager : Event: ======'outLane_shot_unlit_complete'====== Args={}
2025-07-04 14:38:28,559 : INFO : EventManager : Event: ======'mode_lowerlanes_starting'====== Args={'player': 1, 'ball': 1, 'balls_remaining': 2, 'is_extra_ball': False}
2025-07-04 14:38:28,559 : INFO : EventManager : Event: ======'mode_reentry_will_start'====== Args={'player': 1, 'ball': 1, 'balls_remaining': 2, 'is_extra_ball': False}
2025-07-04 14:38:28,559 : INFO : EventManager : Event: ======'player_shot_reentryL_shot_enabled'====== Args={'value': True, 'prev_value': 0, 'change': 1, 'player_num': 1}
2025-07-04 14:38:28,560 : INFO : EventManager : Event: ======'player_shot_reentryM_shot_enabled'====== Args={'value': True, 'prev_value': 0, 'change': 1, 'player_num': 1}
2025-07-04 14:38:28,560 : INFO : EventManager : Event: ======'player_shot_reentryR_shot_enabled'====== Args={'value': True, 'prev_value': 0, 'change': 1, 'player_num': 1}
2025-07-04 14:38:28,560 : INFO : EventManager : Event: ======'player_shot_attack_bumper_left_shot_enabled'====== Args={'value': True, 'prev_value': 0, 'change': 1, 'player_num': 1}
2025-07-04 14:38:28,560 : INFO : EventManager : Event: ======'player_shot_attack_bumper_right_shot_enabled'====== Args={'value': True, 'prev_value': 0, 'change': 1, 'player_num': 1}
2025-07-04 14:38:28,561 : INFO : EventManager : Event: ======'player_shot_attack_bumper_lower_shot_enabled'====== Args={'value': True, 'prev_value': 0, 'change': 1, 'player_num': 1}
2025-07-04 14:38:28,561 : INFO : EventManager : Event: ======'reentry_shot_complete'====== Args={'state': 'off'}
2025-07-04 14:38:28,561 : INFO : EventManager : Event: ======'reentry_shot_off_complete'====== Args={}
2025-07-04 14:38:28,562 : INFO : EventManager : Event: ======'mode_reentry_starting'====== Args={'player': 1, 'ball': 1, 'balls_remaining': 2, 'is_extra_ball': False}
2025-07-04 14:38:28,562 : INFO : EventManager : Event: ======'mode_returnlanes_will_start'====== Args={'player': 1, 'ball': 1, 'balls_remaining': 2, 'is_extra_ball': False}
2025-07-04 14:38:28,563 : INFO : EventManager : Event: ======'player_shot_returnLaneL_shot_enabled'====== Args={'value': True, 'prev_value': 0, 'change': 1, 'player_num': 1}
2025-07-04 14:38:28,563 : INFO : EventManager : Event: ======'player_shot_returnLaneR_shot_enabled'====== Args={'value': True, 'prev_value': 0, 'change': 1, 'player_num': 1}
2025-07-04 14:38:28,563 : INFO : EventManager : Event: ======'player_shot_spacewarp_rollover_shot_enabled'====== Args={'value': True, 'prev_value': 0, 'change': 1, 'player_num': 1}
2025-07-04 14:38:28,563 : INFO : EventManager : Event: ======'returnLane_shot_complete'====== Args={'state': 'unlit'}
2025-07-04 14:38:28,563 : INFO : EventManager : Event: ======'returnLane_shot_unlit_complete'====== Args={}
2025-07-04 14:38:28,564 : INFO : EventManager : Event: ======'mode_returnlanes_starting'====== Args={'player': 1, 'ball': 1, 'balls_remaining': 2, 'is_extra_ball': False}
2025-07-04 14:38:28,565 : INFO : Mode.returnlanes : Started. Priority: 200
2025-07-04 14:38:28,565 : INFO : EventManager : Event: ======'modes_active_modes_changed'====== Args={}
2025-07-04 14:38:28,565 : INFO : EventManager : Event: ======'mode_returnlanes_started'====== Args={'player': 1, 'ball': 1, 'balls_remaining': 2, 'is_extra_ball': False}
2025-07-04 14:38:28,566 : INFO : Mode.lowerlanes : Started. Priority: 200
2025-07-04 14:38:28,566 : INFO : EventManager : Event: ======'modes_active_modes_changed'====== Args={}
2025-07-04 14:38:28,566 : INFO : EventManager : Event: ======'mode_lowerlanes_started'====== Args={'player': 1, 'ball': 1, 'balls_remaining': 2, 'is_extra_ball': False}
2025-07-04 14:38:28,595 : INFO : EventManager : Event: ======'logicblock_reentry_shot_complete_count_updated'====== Args={'value': 1, 'enabled': True}
2025-07-04 14:38:28,596 : INFO : EventManager : Event: ======'logicblock_reentry_shot_complete_count_updated'====== Args={'value': 1, 'enabled': True}
2025-07-04 14:38:28,596 : INFO : Mode.reentry : Started. Priority: 200
2025-07-04 14:38:28,596 : INFO : EventManager : Event: ======'modes_active_modes_changed'====== Args={}
2025-07-04 14:38:28,596 : INFO : EventManager : Event: ======'mode_reentry_started'====== Args={'player': 1, 'ball': 1, 'balls_remaining': 2, 'is_extra_ball': False}
2025-07-04 14:38:28,596 : INFO : EventManager : Event: ======'player_attack_bumper_count'====== Args={'value': 1, 'prev_value': 0, 'change': 1, 'player_num': 1, 'source': 'reentry'}
2025-07-04 14:38:28,596 : INFO : EventManager : Event: ======'single_player_ball_started'====== Args={}
2025-07-04 14:38:28,597 : INFO : EventManager : Event: ======'slide_base.slide_player-mode_base_started_created'====== Args={'_from_bcp': True}
2025-07-04 14:38:28,598 : INFO : EventManager : Event: ======'slide_base.slide_player-mode_base_started_active'====== Args={'_from_bcp': True}
2025-07-04 14:38:28,598 : INFO : EventManager : Event: ======'slide__global.slide_player-ball_started_created'====== Args={'_from_bcp': True}
2025-07-04 14:38:28,621 : INFO : EventManager : Event: ======'ball_start_target'====== Args={'target': 'playfield'}
2025-07-04 14:38:28,625 : INFO : ball_device.bd_plunger : Setting up player-controlled eject. Balls: 1, Target: <playfield.playfield>, player_controlled_eject_event: None
2025-07-04 14:38:28,625 : INFO : EventManager : Event: ======'balldevice_balls_available'====== Args={}
2025-07-04 14:38:28,627 : INFO : ball_device.bd_trough : State: waiting_for_target_ready
2025-07-04 14:38:28,628 : INFO : EventManager : Event: ======'balldevice_bd_trough_ball_eject_attempt'====== Args={'balls': 1, 'target': <ball_device.bd_plunger>, 'source': <ball_device.bd_trough>, 'mechanical_eject': True, 'num_attempts': 0}
2025-07-04 14:38:28,628 : INFO : ball_device.bd_plunger : State: waiting_for_ball
2025-07-04 14:38:28,629 : INFO : ball_device.bd_trough : State: ejecting
2025-07-04 14:38:28,629 : INFO : ball_device.bd_trough : Ejecting ball to <ball_device.bd_plunger>
2025-07-04 14:38:28,630 : INFO : EventManager : Event: ======'balldevice_bd_trough_ejecting_ball'====== Args={'balls': 1, 'target': <ball_device.bd_plunger>, 'source': <ball_device.bd_trough>, 'mechanical_eject': True, 'num_attempts': 0}
2025-07-04 14:38:28,631 : INFO : ball_device.bd_trough : Wait for ball to leave device
2025-07-04 14:38:28,631 : INFO : coil.c_trough_eject : Pulsing Driver for 10ms (1.0 pulse_power)
2025-07-04 14:38:31,386 : INFO : SwitchController : <<<<<<< 's_lower_attack_bumper' active >>>>>>>
2025-07-04 14:38:31,386 : INFO : EventManager : Event: ======'playfield_active'====== Args={'source': 'attack_bumper_lower_shot'}
2025-07-04 14:38:31,387 : INFO : EventManager : Event: ======'unexpected_ball_on_playfield'====== Args={}
2025-07-04 14:38:31,387 : INFO : EventManager : Event: ======'s_lower_attack_bumper_active'====== Args={}
2025-07-04 14:38:31,387 : INFO : EventManager : Event: ======'playfield_active'====== Args={'source': 'lower_attack_bumper'}
2025-07-04 14:38:31,387 : INFO : EventManager : Event: ======'unexpected_ball_on_playfield'====== Args={}
2025-07-04 14:38:31,387 : INFO : EventManager : Event: ======'machine_var_audits_switches_s_lower_attack_bumper'====== Args={'value': 421, 'prev_value': 420, 'change': 1}
2025-07-04 14:38:31,389 : INFO : EventManager : Event: ======'player_shot_attack_bumper_lower_shot'====== Args={'value': 1, 'prev_value': 0, 'change': 1, 'player_num': 1}
2025-07-04 14:38:31,390 : ERROR : asyncio : Exception in callback EventManager.process_event_queue()
handle: <Handle EventManager.process_event_queue()>
Traceback (most recent call last):
  File "C:\Users\student\mpfenv3\Lib\site-packages\mpf\config_players\light_player.py", line 122, in _convert_color
    color = RGBColor(color)
            ^^^^^^^^^^^^^^^
  File "C:\Users\student\mpfenv3\Lib\site-packages\mpf\core\rgb_color.py", line 177, in __init__
    self._color = RGBColor.string_to_rgb(color)
                  ^^^^^^^^^^^^^^^^^^^^^^^^^^^^^
  File "C:\Users\student\mpfenv3\Lib\site-packages\mpf\core\rgb_color.py", line 420, in string_to_rgb
    raise ColorException("Invalid RGB string: {}".format(value))
mpf.core.rgb_color.ColorException: Invalid RGB string: (color)

The above exception was the direct cause of the following exception:

Traceback (most recent call last):
  File "C:\Users\student\mpfenv3\Lib\site-packages\mpf\core\events.py", line 755, in _run_handlers
    result = handler.callback(**merged_kwargs)
             ^^^^^^^^^^^^^^^^^^^^^^^^^^^^^^^^^
  File "C:\Users\student\mpfenv3\Lib\site-packages\mpf\devices\shot.py", line 285, in event_hit
    success = self.hit()
              ^^^^^^^^^^
  File "C:\Users\student\mpfenv3\Lib\site-packages\mpf\devices\shot.py", line 325, in hit
    advancing = self.advance()
                ^^^^^^^^^^^^^^
  File "C:\Users\student\mpfenv3\Lib\site-packages\mpf\devices\shot.py", line 145, in advance
    self._update_show()
  File "C:\Users\student\mpfenv3\Lib\site-packages\mpf\devices\shot.py", line 214, in _update_show
    self._play_show(settings=state_settings)
  File "C:\Users\student\mpfenv3\Lib\site-packages\mpf\devices\shot.py", line 268, in _play_show
    self.running_show = self.machine.show_controller.replace_or_advance_show(self.running_show, show_config,
                        ^^^^^^^^^^^^^^^^^^^^^^^^^^^^^^^^^^^^^^^^^^^^^^^^^^^^^^^^^^^^^^^^^^^^^^^^^^^^^^^^^^^^
  File "C:\Users\student\mpfenv3\Lib\site-packages\mpf\core\show_controller.py", line 135, in replace_or_advance_show
    return show_obj.play_with_config(
           ^^^^^^^^^^^^^^^^^^^^^^^^^^
  File "C:\Users\student\mpfenv3\Lib\site-packages\mpf\assets\show.py", line 291, in play_with_config
    running_show = RunningShow(machine=self.machine,
                   ^^^^^^^^^^^^^^^^^^^^^^^^^^^^^^^^^
  File "C:\Users\student\mpfenv3\Lib\site-packages\mpf\assets\show.py", line 519, in __init__
    self._start_play()
  File "C:\Users\student\mpfenv3\Lib\site-packages\mpf\assets\show.py", line 545, in _start_play
    self._start_now()
  File "C:\Users\student\mpfenv3\Lib\site-packages\mpf\assets\show.py", line 647, in _start_now
    self._run_next_step(post_events=self.show_config.events_when_played,
  File "C:\Users\student\mpfenv3\Lib\site-packages\mpf\assets\show.py", line 690, in _run_next_step
    player.show_play_callback(
  File "C:\Users\student\mpfenv3\Lib\site-packages\mpf\core\config_player.py", line 365, in show_play_callback
    self.play(settings=settings, priority=priority, calling_context=calling_context,
  File "C:\Users\student\mpfenv3\Lib\site-packages\mpf\config_players\show_player.py", line 60, in play
    self._update_show(show.name, show_settings, context, queue, start_time, show_tokens)
  File "C:\Users\student\mpfenv3\Lib\site-packages\mpf\config_players\show_player.py", line 225, in _update_show
    action(key, instance_dict, show_name, show_settings, queue, start_time, placeholder_args)
  File "C:\Users\student\mpfenv3\Lib\site-packages\mpf\config_players\show_player.py", line 117, in _play
    instance_dict[key] = self.machine.show_controller.replace_or_advance_show(previous_show, show_config,
                         ^^^^^^^^^^^^^^^^^^^^^^^^^^^^^^^^^^^^^^^^^^^^^^^^^^^^^^^^^^^^^^^^^^^^^^^^^^^^^^^^
  File "C:\Users\student\mpfenv3\Lib\site-packages\mpf\core\show_controller.py", line 135, in replace_or_advance_show
    return show_obj.play_with_config(
           ^^^^^^^^^^^^^^^^^^^^^^^^^^
  File "C:\Users\student\mpfenv3\Lib\site-packages\mpf\assets\show.py", line 291, in play_with_config
    running_show = RunningShow(machine=self.machine,
                   ^^^^^^^^^^^^^^^^^^^^^^^^^^^^^^^^^
  File "C:\Users\student\mpfenv3\Lib\site-packages\mpf\assets\show.py", line 519, in __init__
    self._start_play()
  File "C:\Users\student\mpfenv3\Lib\site-packages\mpf\assets\show.py", line 545, in _start_play
    self._start_now()
  File "C:\Users\student\mpfenv3\Lib\site-packages\mpf\assets\show.py", line 647, in _start_now
    self._run_next_step(post_events=self.show_config.events_when_played,
  File "C:\Users\student\mpfenv3\Lib\site-packages\mpf\assets\show.py", line 690, in _run_next_step
    player.show_play_callback(
  File "C:\Users\student\mpfenv3\Lib\site-packages\mpf\core\config_player.py", line 365, in show_play_callback
    self.play(settings=settings, priority=priority, calling_context=calling_context,
  File "C:\Users\student\mpfenv3\Lib\site-packages\mpf\config_players\light_player.py", line 43, in play
    self._light_color(light, instance_dict, full_context, s['color'], s["fade"], final_priority, start_time)
  File "C:\Users\student\mpfenv3\Lib\site-packages\mpf\config_players\light_player.py", line 102, in _light_color
    color = self._convert_color(color, context=light)
            ^^^^^^^^^^^^^^^^^^^^^^^^^^^^^^^^^^^^^^^^^
  File "C:\Users\student\mpfenv3\Lib\site-packages\mpf\config_players\light_player.py", line 124, in _convert_color
    self.raise_config_error("Invalid color {}".format(color), 1, source_exception=e, context=context)
  File "C:\Users\student\mpfenv3\Lib\site-packages\mpf\core\logging.py", line 174, in raise_config_error
    raise ConfigFileError(msg, error_no, self.log.name if self.log else "", context, self._url_base) \
mpf.exceptions.config_file_error.ConfigFileError: Config File Error in light_player: Invalid color (color) Context: <light.l_attack_bumper_right> Error Code: CFE-light_player-1 (https://missionpinball.org/logs)

The above exception was the direct cause of the following exception:

Traceback (most recent call last):
  File "C:\Program Files\Python311\Lib\asyncio\events.py", line 84, in _run
    self._context.run(self._callback, *self._args)
  File "C:\Users\student\mpfenv3\Lib\site-packages\mpf\core\events.py", line 846, in process_event_queue
    self._process_event(event=event[0],
  File "C:\Users\student\mpfenv3\Lib\site-packages\mpf\core\events.py", line 808, in _process_event
    result = self._run_handlers(event, ev_type, kwargs)
             ^^^^^^^^^^^^^^^^^^^^^^^^^^^^^^^^^^^^^^^^^^
  File "C:\Users\student\mpfenv3\Lib\site-packages\mpf\core\events.py", line 757, in _run_handlers
    raise EventHandlerException(
mpf.core.events.EventHandlerException: Exception while processing RegisteredHandler(callback=<bound method Shot.event_hit of <shot.attack_bumper_lower_shot>>, priority=205, kwargs={}, key=UUID('240b3af4-d808-4e72-8ff3-2354d45ea9d4'), condition=None, blocking_facility='shot') for event s_lower_attack_bumper_active. Config File Error in light_player: Invalid color (color) Context: <light.l_attack_bumper_right> Error Code: CFE-light_player-1 (https://missionpinball.org/logs)
2025-07-04 14:38:31,458 : INFO : Machine : Shutting down...
2025-07-04 14:38:31,458 : INFO : EventManager : Event: ======'shutdown'====== Args={}
2025-07-04 14:38:31,459 : INFO : EventManager : Event: ======'mode_game_will_stop'====== Args={}
2025-07-04 14:38:31,459 : INFO : EventManager : Event: ======'mode_game_stopping'====== Args={}
2025-07-04 14:38:31,460 : INFO : SwitchController : <<<<<<< 's_lower_attack_bumper' inactive >>>>>>>
2025-07-04 14:38:31,460 : INFO : EventManager : Event: ======'mode_lowerlanes_will_stop'====== Args={}
2025-07-04 14:38:31,460 : INFO : EventManager : Event: ======'mode_lowerlanes_stopping'====== Args={}
2025-07-04 14:38:31,461 : INFO : EventManager : Event: ======'mode_base_will_stop'====== Args={}
2025-07-04 14:38:31,461 : INFO : EventManager : Event: ======'mode_base_stopping'====== Args={}
2025-07-04 14:38:31,461 : INFO : EventManager : Event: ======'mode_reentry_will_stop'====== Args={}
2025-07-04 14:38:31,461 : INFO : EventManager : Event: ======'mode_reentry_stopping'====== Args={}
2025-07-04 14:38:31,461 : INFO : EventManager : Event: ======'mode_returnlanes_will_stop'====== Args={}
2025-07-04 14:38:31,462 : INFO : EventManager : Event: ======'mode_returnlanes_stopping'====== Args={}
2025-07-04 14:38:31,462 : INFO : Mode.returnlanes : Stopped.
2025-07-04 14:38:31,462 : INFO : EventManager : Event: ======'modes_active_modes_changed'====== Args={}
2025-07-04 14:38:31,463 : INFO : EventManager : Event: ======'mode_returnlanes_stopped'====== Args={}
2025-07-04 14:38:31,463 : INFO : EventManager : Event: ======'clear'====== Args={'key': 'returnlanes'}
2025-07-04 14:38:31,463 : INFO : Mode.reentry : Stopped.
2025-07-04 14:38:31,463 : INFO : EventManager : Event: ======'modes_active_modes_changed'====== Args={}
2025-07-04 14:38:31,464 : INFO : EventManager : Event: ======'mode_reentry_stopped'====== Args={}
2025-07-04 14:38:31,467 : INFO : EventManager : Event: ======'clear'====== Args={'key': 'reentry'}
2025-07-04 14:38:31,467 : ERROR : asyncio : Exception in callback EventManager.process_event_queue()
handle: <Handle EventManager.process_event_queue()>
Traceback (most recent call last):
  File "C:\Users\student\mpfenv3\Lib\site-packages\mpf\config_players\light_player.py", line 122, in _convert_color
    color = RGBColor(color)
            ^^^^^^^^^^^^^^^
  File "C:\Users\student\mpfenv3\Lib\site-packages\mpf\core\rgb_color.py", line 177, in __init__
    self._color = RGBColor.string_to_rgb(color)
                  ^^^^^^^^^^^^^^^^^^^^^^^^^^^^^
  File "C:\Users\student\mpfenv3\Lib\site-packages\mpf\core\rgb_color.py", line 420, in string_to_rgb
    raise ColorException("Invalid RGB string: {}".format(value))
mpf.core.rgb_color.ColorException: Invalid RGB string: (color)

The above exception was the direct cause of the following exception:

Traceback (most recent call last):
  File "C:\Program Files\Python311\Lib\asyncio\events.py", line 84, in _run
    self._context.run(self._callback, *self._args)
  File "C:\Users\student\mpfenv3\Lib\site-packages\mpf\core\events.py", line 862, in process_event_queue
    callback(**kwargs)
  File "C:\Users\student\mpfenv3\Lib\site-packages\mpf\core\mode.py", line 383, in _mode_stopped_callback
    self._remove_mode_devices()
  File "C:\Users\student\mpfenv3\Lib\site-packages\mpf\core\mode.py", line 461, in _remove_mode_devices
    device.device_removed_from_mode(self)
  File "C:\Users\student\mpfenv3\Lib\site-packages\mpf\devices\shot.py", line 276, in device_removed_from_mode
    super().device_removed_from_mode(mode)
  File "C:\Users\student\mpfenv3\Lib\site-packages\mpf\core\enable_disable_mixin.py", line 135, in device_removed_from_mode
    self._disable()
  File "C:\Users\student\mpfenv3\Lib\site-packages\mpf\devices\shot.py", line 506, in _disable
    self._update_show()
  File "C:\Users\student\mpfenv3\Lib\site-packages\mpf\devices\shot.py", line 214, in _update_show
    self._play_show(settings=state_settings)
  File "C:\Users\student\mpfenv3\Lib\site-packages\mpf\devices\shot.py", line 268, in _play_show
    self.running_show = self.machine.show_controller.replace_or_advance_show(self.running_show, show_config,
                        ^^^^^^^^^^^^^^^^^^^^^^^^^^^^^^^^^^^^^^^^^^^^^^^^^^^^^^^^^^^^^^^^^^^^^^^^^^^^^^^^^^^^
  File "C:\Users\student\mpfenv3\Lib\site-packages\mpf\core\show_controller.py", line 135, in replace_or_advance_show
    return show_obj.play_with_config(
           ^^^^^^^^^^^^^^^^^^^^^^^^^^
  File "C:\Users\student\mpfenv3\Lib\site-packages\mpf\assets\show.py", line 291, in play_with_config
    running_show = RunningShow(machine=self.machine,
                   ^^^^^^^^^^^^^^^^^^^^^^^^^^^^^^^^^
  File "C:\Users\student\mpfenv3\Lib\site-packages\mpf\assets\show.py", line 519, in __init__
    self._start_play()
  File "C:\Users\student\mpfenv3\Lib\site-packages\mpf\assets\show.py", line 545, in _start_play
    self._start_now()
  File "C:\Users\student\mpfenv3\Lib\site-packages\mpf\assets\show.py", line 647, in _start_now
    self._run_next_step(post_events=self.show_config.events_when_played,
  File "C:\Users\student\mpfenv3\Lib\site-packages\mpf\assets\show.py", line 690, in _run_next_step
    player.show_play_callback(
  File "C:\Users\student\mpfenv3\Lib\site-packages\mpf\core\config_player.py", line 365, in show_play_callback
    self.play(settings=settings, priority=priority, calling_context=calling_context,
  File "C:\Users\student\mpfenv3\Lib\site-packages\mpf\config_players\show_player.py", line 60, in play
    self._update_show(show.name, show_settings, context, queue, start_time, show_tokens)
  File "C:\Users\student\mpfenv3\Lib\site-packages\mpf\config_players\show_player.py", line 225, in _update_show
    action(key, instance_dict, show_name, show_settings, queue, start_time, placeholder_args)
  File "C:\Users\student\mpfenv3\Lib\site-packages\mpf\config_players\show_player.py", line 117, in _play
    instance_dict[key] = self.machine.show_controller.replace_or_advance_show(previous_show, show_config,
                         ^^^^^^^^^^^^^^^^^^^^^^^^^^^^^^^^^^^^^^^^^^^^^^^^^^^^^^^^^^^^^^^^^^^^^^^^^^^^^^^^
  File "C:\Users\student\mpfenv3\Lib\site-packages\mpf\core\show_controller.py", line 135, in replace_or_advance_show
    return show_obj.play_with_config(
           ^^^^^^^^^^^^^^^^^^^^^^^^^^
  File "C:\Users\student\mpfenv3\Lib\site-packages\mpf\assets\show.py", line 291, in play_with_config
    running_show = RunningShow(machine=self.machine,
                   ^^^^^^^^^^^^^^^^^^^^^^^^^^^^^^^^^
  File "C:\Users\student\mpfenv3\Lib\site-packages\mpf\assets\show.py", line 519, in __init__
    self._start_play()
  File "C:\Users\student\mpfenv3\Lib\site-packages\mpf\assets\show.py", line 545, in _start_play
    self._start_now()
  File "C:\Users\student\mpfenv3\Lib\site-packages\mpf\assets\show.py", line 647, in _start_now
    self._run_next_step(post_events=self.show_config.events_when_played,
  File "C:\Users\student\mpfenv3\Lib\site-packages\mpf\assets\show.py", line 690, in _run_next_step
    player.show_play_callback(
  File "C:\Users\student\mpfenv3\Lib\site-packages\mpf\core\config_player.py", line 365, in show_play_callback
    self.play(settings=settings, priority=priority, calling_context=calling_context,
  File "C:\Users\student\mpfenv3\Lib\site-packages\mpf\config_players\light_player.py", line 43, in play
    self._light_color(light, instance_dict, full_context, s['color'], s["fade"], final_priority, start_time)
  File "C:\Users\student\mpfenv3\Lib\site-packages\mpf\config_players\light_player.py", line 102, in _light_color
    color = self._convert_color(color, context=light)
            ^^^^^^^^^^^^^^^^^^^^^^^^^^^^^^^^^^^^^^^^^
  File "C:\Users\student\mpfenv3\Lib\site-packages\mpf\config_players\light_player.py", line 124, in _convert_color
    self.raise_config_error("Invalid color {}".format(color), 1, source_exception=e, context=context)
  File "C:\Users\student\mpfenv3\Lib\site-packages\mpf\core\logging.py", line 174, in raise_config_error
    raise ConfigFileError(msg, error_no, self.log.name if self.log else "", context, self._url_base) \
mpf.exceptions.config_file_error.ConfigFileError: Config File Error in light_player: Invalid color (color) Context: <light.l_attack_bumper_right> Error Code: CFE-light_player-1 (https://missionpinball.org/logs)
2025-07-04 14:38:31,471 : INFO : Mode.base : Stopped.
2025-07-04 14:38:31,471 : INFO : EventManager : Event: ======'modes_active_modes_changed'====== Args={}
2025-07-04 14:38:31,471 : INFO : EventManager : Event: ======'mode_base_stopped'====== Args={}
2025-07-04 14:38:31,471 : INFO : EventManager : Event: ======'clear'====== Args={'key': 'base'}
2025-07-04 14:38:31,472 : INFO : Mode.lowerlanes : Stopped.
2025-07-04 14:38:31,472 : INFO : EventManager : Event: ======'modes_active_modes_changed'====== Args={}
2025-07-04 14:38:31,472 : INFO : EventManager : Event: ======'mode_lowerlanes_stopped'====== Args={}
2025-07-04 14:38:31,472 : INFO : EventManager : Event: ======'clear'====== Args={'key': 'lowerlanes'}
2025-07-04 14:38:31,474 : ERROR : OPP : Stop called on serial connection com5
2025-07-04 14:38:31,475 : ERROR : OPP : Stop called on serial connection com4
2025-07-04 14:38:32,492 : ERROR : Machine : Runtime Exception
Traceback (most recent call last):
  File "C:\Users\student\mpfenv3\Lib\site-packages\mpf\config_players\light_player.py", line 122, in _convert_color
    color = RGBColor(color)
            ^^^^^^^^^^^^^^^
  File "C:\Users\student\mpfenv3\Lib\site-packages\mpf\core\rgb_color.py", line 177, in __init__
    self._color = RGBColor.string_to_rgb(color)
                  ^^^^^^^^^^^^^^^^^^^^^^^^^^^^^
  File "C:\Users\student\mpfenv3\Lib\site-packages\mpf\core\rgb_color.py", line 420, in string_to_rgb
    raise ColorException("Invalid RGB string: {}".format(value))
mpf.core.rgb_color.ColorException: Invalid RGB string: (color)

The above exception was the direct cause of the following exception:

Traceback (most recent call last):
  File "C:\Users\student\mpfenv3\Lib\site-packages\mpf\core\events.py", line 755, in _run_handlers
    result = handler.callback(**merged_kwargs)
             ^^^^^^^^^^^^^^^^^^^^^^^^^^^^^^^^^
  File "C:\Users\student\mpfenv3\Lib\site-packages\mpf\devices\shot.py", line 285, in event_hit
    success = self.hit()
              ^^^^^^^^^^
  File "C:\Users\student\mpfenv3\Lib\site-packages\mpf\devices\shot.py", line 325, in hit
    advancing = self.advance()
                ^^^^^^^^^^^^^^
  File "C:\Users\student\mpfenv3\Lib\site-packages\mpf\devices\shot.py", line 145, in advance
    self._update_show()
  File "C:\Users\student\mpfenv3\Lib\site-packages\mpf\devices\shot.py", line 214, in _update_show
    self._play_show(settings=state_settings)
  File "C:\Users\student\mpfenv3\Lib\site-packages\mpf\devices\shot.py", line 268, in _play_show
    self.running_show = self.machine.show_controller.replace_or_advance_show(self.running_show, show_config,
                        ^^^^^^^^^^^^^^^^^^^^^^^^^^^^^^^^^^^^^^^^^^^^^^^^^^^^^^^^^^^^^^^^^^^^^^^^^^^^^^^^^^^^
  File "C:\Users\student\mpfenv3\Lib\site-packages\mpf\core\show_controller.py", line 135, in replace_or_advance_show
    return show_obj.play_with_config(
           ^^^^^^^^^^^^^^^^^^^^^^^^^^
  File "C:\Users\student\mpfenv3\Lib\site-packages\mpf\assets\show.py", line 291, in play_with_config
    running_show = RunningShow(machine=self.machine,
                   ^^^^^^^^^^^^^^^^^^^^^^^^^^^^^^^^^
  File "C:\Users\student\mpfenv3\Lib\site-packages\mpf\assets\show.py", line 519, in __init__
    self._start_play()
  File "C:\Users\student\mpfenv3\Lib\site-packages\mpf\assets\show.py", line 545, in _start_play
    self._start_now()
  File "C:\Users\student\mpfenv3\Lib\site-packages\mpf\assets\show.py", line 647, in _start_now
    self._run_next_step(post_events=self.show_config.events_when_played,
  File "C:\Users\student\mpfenv3\Lib\site-packages\mpf\assets\show.py", line 690, in _run_next_step
    player.show_play_callback(
  File "C:\Users\student\mpfenv3\Lib\site-packages\mpf\core\config_player.py", line 365, in show_play_callback
    self.play(settings=settings, priority=priority, calling_context=calling_context,
  File "C:\Users\student\mpfenv3\Lib\site-packages\mpf\config_players\show_player.py", line 60, in play
    self._update_show(show.name, show_settings, context, queue, start_time, show_tokens)
  File "C:\Users\student\mpfenv3\Lib\site-packages\mpf\config_players\show_player.py", line 225, in _update_show
    action(key, instance_dict, show_name, show_settings, queue, start_time, placeholder_args)
  File "C:\Users\student\mpfenv3\Lib\site-packages\mpf\config_players\show_player.py", line 117, in _play
    instance_dict[key] = self.machine.show_controller.replace_or_advance_show(previous_show, show_config,
                         ^^^^^^^^^^^^^^^^^^^^^^^^^^^^^^^^^^^^^^^^^^^^^^^^^^^^^^^^^^^^^^^^^^^^^^^^^^^^^^^^
  File "C:\Users\student\mpfenv3\Lib\site-packages\mpf\core\show_controller.py", line 135, in replace_or_advance_show
    return show_obj.play_with_config(
           ^^^^^^^^^^^^^^^^^^^^^^^^^^
  File "C:\Users\student\mpfenv3\Lib\site-packages\mpf\assets\show.py", line 291, in play_with_config
    running_show = RunningShow(machine=self.machine,
                   ^^^^^^^^^^^^^^^^^^^^^^^^^^^^^^^^^
  File "C:\Users\student\mpfenv3\Lib\site-packages\mpf\assets\show.py", line 519, in __init__
    self._start_play()
  File "C:\Users\student\mpfenv3\Lib\site-packages\mpf\assets\show.py", line 545, in _start_play
    self._start_now()
  File "C:\Users\student\mpfenv3\Lib\site-packages\mpf\assets\show.py", line 647, in _start_now
    self._run_next_step(post_events=self.show_config.events_when_played,
  File "C:\Users\student\mpfenv3\Lib\site-packages\mpf\assets\show.py", line 690, in _run_next_step
    player.show_play_callback(
  File "C:\Users\student\mpfenv3\Lib\site-packages\mpf\core\config_player.py", line 365, in show_play_callback
    self.play(settings=settings, priority=priority, calling_context=calling_context,
  File "C:\Users\student\mpfenv3\Lib\site-packages\mpf\config_players\light_player.py", line 43, in play
    self._light_color(light, instance_dict, full_context, s['color'], s["fade"], final_priority, start_time)
  File "C:\Users\student\mpfenv3\Lib\site-packages\mpf\config_players\light_player.py", line 102, in _light_color
    color = self._convert_color(color, context=light)
            ^^^^^^^^^^^^^^^^^^^^^^^^^^^^^^^^^^^^^^^^^
  File "C:\Users\student\mpfenv3\Lib\site-packages\mpf\config_players\light_player.py", line 124, in _convert_color
    self.raise_config_error("Invalid color {}".format(color), 1, source_exception=e, context=context)
  File "C:\Users\student\mpfenv3\Lib\site-packages\mpf\core\logging.py", line 174, in raise_config_error
    raise ConfigFileError(msg, error_no, self.log.name if self.log else "", context, self._url_base) \
mpf.exceptions.config_file_error.ConfigFileError: Config File Error in light_player: Invalid color (color) Context: <light.l_attack_bumper_right> Error Code: CFE-light_player-1 (https://missionpinball.org/logs)

The above exception was the direct cause of the following exception:

Traceback (most recent call last):
  File "C:\Users\student\mpfenv3\Lib\site-packages\mpf\core\machine.py", line 808, in _run_loop
    raise self._exception['exception']
  File "C:\Program Files\Python311\Lib\asyncio\events.py", line 84, in _run
    self._context.run(self._callback, *self._args)
  File "C:\Users\student\mpfenv3\Lib\site-packages\mpf\core\events.py", line 846, in process_event_queue
    self._process_event(event=event[0],
  File "C:\Users\student\mpfenv3\Lib\site-packages\mpf\core\events.py", line 808, in _process_event
    result = self._run_handlers(event, ev_type, kwargs)
             ^^^^^^^^^^^^^^^^^^^^^^^^^^^^^^^^^^^^^^^^^^
  File "C:\Users\student\mpfenv3\Lib\site-packages\mpf\core\events.py", line 757, in _run_handlers
    raise EventHandlerException(
mpf.core.events.EventHandlerException: Exception while processing RegisteredHandler(callback=<bound method Shot.event_hit of <shot.attack_bumper_lower_shot>>, priority=205, kwargs={}, key=UUID('240b3af4-d808-4e72-8ff3-2354d45ea9d4'), condition=None, blocking_facility='shot') for event s_lower_attack_bumper_active. Config File Error in light_player: Invalid color (color) Context: <light.l_attack_bumper_right> Error Code: CFE-light_player-1 (https://missionpinball.org/logs)
2025-07-04 14:38:55,307 : ERROR : root : 
Traceback (most recent call last):
  File "C:\Users\student\mpfenv3\Lib\site-packages\mpf\config_players\light_player.py", line 122, in _convert_color
    color = RGBColor(color)
            ^^^^^^^^^^^^^^^
  File "C:\Users\student\mpfenv3\Lib\site-packages\mpf\core\rgb_color.py", line 177, in __init__
    self._color = RGBColor.string_to_rgb(color)
                  ^^^^^^^^^^^^^^^^^^^^^^^^^^^^^
  File "C:\Users\student\mpfenv3\Lib\site-packages\mpf\core\rgb_color.py", line 420, in string_to_rgb
    raise ColorException("Invalid RGB string: {}".format(value))
mpf.core.rgb_color.ColorException: Invalid RGB string: (color)

The above exception was the direct cause of the following exception:

Traceback (most recent call last):
  File "C:\Users\student\mpfenv3\Lib\site-packages\mpf\core\events.py", line 755, in _run_handlers
    result = handler.callback(**merged_kwargs)
             ^^^^^^^^^^^^^^^^^^^^^^^^^^^^^^^^^
  File "C:\Users\student\mpfenv3\Lib\site-packages\mpf\devices\shot.py", line 285, in event_hit
    success = self.hit()
              ^^^^^^^^^^
  File "C:\Users\student\mpfenv3\Lib\site-packages\mpf\devices\shot.py", line 325, in hit
    advancing = self.advance()
                ^^^^^^^^^^^^^^
  File "C:\Users\student\mpfenv3\Lib\site-packages\mpf\devices\shot.py", line 145, in advance
    self._update_show()
  File "C:\Users\student\mpfenv3\Lib\site-packages\mpf\devices\shot.py", line 214, in _update_show
    self._play_show(settings=state_settings)
  File "C:\Users\student\mpfenv3\Lib\site-packages\mpf\devices\shot.py", line 268, in _play_show
    self.running_show = self.machine.show_controller.replace_or_advance_show(self.running_show, show_config,
                        ^^^^^^^^^^^^^^^^^^^^^^^^^^^^^^^^^^^^^^^^^^^^^^^^^^^^^^^^^^^^^^^^^^^^^^^^^^^^^^^^^^^^
  File "C:\Users\student\mpfenv3\Lib\site-packages\mpf\core\show_controller.py", line 135, in replace_or_advance_show
    return show_obj.play_with_config(
           ^^^^^^^^^^^^^^^^^^^^^^^^^^
  File "C:\Users\student\mpfenv3\Lib\site-packages\mpf\assets\show.py", line 291, in play_with_config
    running_show = RunningShow(machine=self.machine,
                   ^^^^^^^^^^^^^^^^^^^^^^^^^^^^^^^^^
  File "C:\Users\student\mpfenv3\Lib\site-packages\mpf\assets\show.py", line 519, in __init__
    self._start_play()
  File "C:\Users\student\mpfenv3\Lib\site-packages\mpf\assets\show.py", line 545, in _start_play
    self._start_now()
  File "C:\Users\student\mpfenv3\Lib\site-packages\mpf\assets\show.py", line 647, in _start_now
    self._run_next_step(post_events=self.show_config.events_when_played,
  File "C:\Users\student\mpfenv3\Lib\site-packages\mpf\assets\show.py", line 690, in _run_next_step
    player.show_play_callback(
  File "C:\Users\student\mpfenv3\Lib\site-packages\mpf\core\config_player.py", line 365, in show_play_callback
    self.play(settings=settings, priority=priority, calling_context=calling_context,
  File "C:\Users\student\mpfenv3\Lib\site-packages\mpf\config_players\show_player.py", line 60, in play
    self._update_show(show.name, show_settings, context, queue, start_time, show_tokens)
  File "C:\Users\student\mpfenv3\Lib\site-packages\mpf\config_players\show_player.py", line 225, in _update_show
    action(key, instance_dict, show_name, show_settings, queue, start_time, placeholder_args)
  File "C:\Users\student\mpfenv3\Lib\site-packages\mpf\config_players\show_player.py", line 117, in _play
    instance_dict[key] = self.machine.show_controller.replace_or_advance_show(previous_show, show_config,
                         ^^^^^^^^^^^^^^^^^^^^^^^^^^^^^^^^^^^^^^^^^^^^^^^^^^^^^^^^^^^^^^^^^^^^^^^^^^^^^^^^
  File "C:\Users\student\mpfenv3\Lib\site-packages\mpf\core\show_controller.py", line 135, in replace_or_advance_show
    return show_obj.play_with_config(
           ^^^^^^^^^^^^^^^^^^^^^^^^^^
  File "C:\Users\student\mpfenv3\Lib\site-packages\mpf\assets\show.py", line 291, in play_with_config
    running_show = RunningShow(machine=self.machine,
                   ^^^^^^^^^^^^^^^^^^^^^^^^^^^^^^^^^
  File "C:\Users\student\mpfenv3\Lib\site-packages\mpf\assets\show.py", line 519, in __init__
    self._start_play()
  File "C:\Users\student\mpfenv3\Lib\site-packages\mpf\assets\show.py", line 545, in _start_play
    self._start_now()
  File "C:\Users\student\mpfenv3\Lib\site-packages\mpf\assets\show.py", line 647, in _start_now
    self._run_next_step(post_events=self.show_config.events_when_played,
  File "C:\Users\student\mpfenv3\Lib\site-packages\mpf\assets\show.py", line 690, in _run_next_step
    player.show_play_callback(
  File "C:\Users\student\mpfenv3\Lib\site-packages\mpf\core\config_player.py", line 365, in show_play_callback
    self.play(settings=settings, priority=priority, calling_context=calling_context,
  File "C:\Users\student\mpfenv3\Lib\site-packages\mpf\config_players\light_player.py", line 43, in play
    self._light_color(light, instance_dict, full_context, s['color'], s["fade"], final_priority, start_time)
  File "C:\Users\student\mpfenv3\Lib\site-packages\mpf\config_players\light_player.py", line 102, in _light_color
    color = self._convert_color(color, context=light)
            ^^^^^^^^^^^^^^^^^^^^^^^^^^^^^^^^^^^^^^^^^
  File "C:\Users\student\mpfenv3\Lib\site-packages\mpf\config_players\light_player.py", line 124, in _convert_color
    self.raise_config_error("Invalid color {}".format(color), 1, source_exception=e, context=context)
  File "C:\Users\student\mpfenv3\Lib\site-packages\mpf\core\logging.py", line 174, in raise_config_error
    raise ConfigFileError(msg, error_no, self.log.name if self.log else "", context, self._url_base) \
mpf.exceptions.config_file_error.ConfigFileError: Config File Error in light_player: Invalid color (color) Context: <light.l_attack_bumper_right> Error Code: CFE-light_player-1 (https://missionpinball.org/logs)

The above exception was the direct cause of the following exception:

Traceback (most recent call last):
  File "C:\Users\student\mpfenv3\Lib\site-packages\mpf\core\machine.py", line 808, in _run_loop
    raise self._exception['exception']
  File "C:\Program Files\Python311\Lib\asyncio\events.py", line 84, in _run
    self._context.run(self._callback, *self._args)
  File "C:\Users\student\mpfenv3\Lib\site-packages\mpf\core\events.py", line 846, in process_event_queue
    self._process_event(event=event[0],
  File "C:\Users\student\mpfenv3\Lib\site-packages\mpf\core\events.py", line 808, in _process_event
    result = self._run_handlers(event, ev_type, kwargs)
             ^^^^^^^^^^^^^^^^^^^^^^^^^^^^^^^^^^^^^^^^^^
  File "C:\Users\student\mpfenv3\Lib\site-packages\mpf\core\events.py", line 757, in _run_handlers
    raise EventHandlerException(
mpf.core.events.EventHandlerException: Exception while processing RegisteredHandler(callback=<bound method Shot.event_hit of <shot.attack_bumper_lower_shot>>, priority=205, kwargs={}, key=UUID('240b3af4-d808-4e72-8ff3-2354d45ea9d4'), condition=None, blocking_facility='shot') for event s_lower_attack_bumper_active. Config File Error in light_player: Invalid color (color) Context: <light.l_attack_bumper_right> Error Code: CFE-light_player-1 (https://missionpinball.org/logs)

During handling of the above exception, another exception occurred:

Traceback (most recent call last):
  File "C:\Users\student\mpfenv3\Lib\site-packages\mpf\commands\game.py", line 240, in __init__
    self.machine.run()
  File "C:\Users\student\mpfenv3\Lib\site-packages\mpf\core\machine.py", line 704, in run
    self._run_loop()
  File "C:\Users\student\mpfenv3\Lib\site-packages\mpf\core\machine.py", line 811, in _run_loop
    report_crash(self._exception['exception'], "exception_during_run", self.config)
  File "C:\Users\student\mpfenv3\Lib\site-packages\mpf\core\crash_reporter.py", line 236, in report_crash
    response = input("Do you want to report the crash to the MPF team (yes/no/show)? ")
               ^^^^^^^^^^^^^^^^^^^^^^^^^^^^^^^^^^^^^^^^^^^^^^^^^^^^^^^^^^^^^^^^^^^^^^^^
EOFError
