2025-01-29 19:29:05,655 : INFO : root : Loading config.
2025-01-29 19:29:05,699 : INFO : ConfigProcessor : Config spec file cache created: C:\Users\student\AppData\Local\Temp\config_spec.mpf_cache
2025-01-29 19:29:05,700 : INFO : YamlMultifileConfigLoader : Machine config file #1: config.yaml
2025-01-29 19:29:05,700 : INFO : ConfigProcessor : Loading config from file C:\Users\student\mpfenv3\Lib\site-packages\mpf\mpfconfig.yaml.
2025-01-29 19:29:05,708 : INFO : ConfigProcessor : Loading config: C:\Users\student\mpfenv3\Lib\site-packages\mpf\mpfconfig.yaml
2025-01-29 19:29:05,709 : INFO : ConfigProcessor : Loading config from file C:\Users\student\pinball\cobraPinTest1\config\config.yaml.
2025-01-29 19:29:05,715 : INFO : ConfigProcessor : Loading config: C:\Users\student\pinball\cobraPinTest1\config\config.yaml
2025-01-29 19:29:05,716 : INFO : ConfigProcessor : Config file cache created: C:\Users\student\AppData\Local\Temp\a20d2796aecf24feaad48747be24652a.mpf_cache
2025-01-29 19:29:05,790 : INFO : ConfigProcessor : Loading config from file C:\Users\student\mpfenv3\Lib\site-packages\mpf\modes\attract\config\attract.yaml.
2025-01-29 19:29:05,791 : INFO : ConfigProcessor : Loading config: C:\Users\student\mpfenv3\Lib\site-packages\mpf\modes\attract\config\attract.yaml
2025-01-29 19:29:05,791 : INFO : ConfigProcessor : Loading config from file C:\Users\student\pinball\cobraPinTest1\modes\attract\config\attract.yaml.
2025-01-29 19:29:05,791 : INFO : ConfigProcessor : Loading config: C:\Users\student\pinball\cobraPinTest1\modes\attract\config\attract.yaml
2025-01-29 19:29:05,792 : INFO : ConfigProcessor : Config file cache created: C:\Users\student\AppData\Local\Temp\0196918bccd620e51d3c4d2630650aa0.mpf_cache
2025-01-29 19:29:05,792 : INFO : ConfigProcessor : Loading config from file C:\Users\student\mpfenv3\Lib\site-packages\mpf\modes\game\config\game.yaml.
2025-01-29 19:29:05,793 : INFO : ConfigProcessor : Loading config: C:\Users\student\mpfenv3\Lib\site-packages\mpf\modes\game\config\game.yaml
2025-01-29 19:29:05,793 : INFO : ConfigProcessor : Config file cache created: C:\Users\student\AppData\Local\Temp\511dcc6b491b0fa2d7aa9abdf6497e9c.mpf_cache
2025-01-29 19:29:05,793 : INFO : ConfigProcessor : Loading config from file C:\Users\student\pinball\cobraPinTest1\modes\base\config\base.yaml.
2025-01-29 19:29:05,794 : INFO : ConfigProcessor : Loading config: C:\Users\student\pinball\cobraPinTest1\modes\base\config\base.yaml
2025-01-29 19:29:05,795 : INFO : ConfigProcessor : Config file cache created: C:\Users\student\AppData\Local\Temp\4675a535c8328a9c278c807d999ed109.mpf_cache
2025-01-29 19:29:05,795 : INFO : ConfigProcessor : Loading config from file C:\Users\student\pinball\cobraPinTest1\modes\reentry\config\reentry.yaml.
2025-01-29 19:29:05,798 : INFO : ConfigProcessor : Loading config: C:\Users\student\pinball\cobraPinTest1\modes\reentry\config\reentry.yaml
2025-01-29 19:29:05,798 : INFO : ConfigProcessor : Config file cache created: C:\Users\student\AppData\Local\Temp\0c8438cab3480347c0c749fa494946a2.mpf_cache
2025-01-29 19:29:05,799 : INFO : ConfigProcessor : Loading config from file C:\Users\student\pinball\cobraPinTest1\modes\lowerlanes\config\lowerlanes.yaml.
2025-01-29 19:29:05,800 : INFO : ConfigProcessor : Loading config: C:\Users\student\pinball\cobraPinTest1\modes\lowerlanes\config\lowerlanes.yaml
2025-01-29 19:29:05,800 : INFO : ConfigProcessor : Config file cache created: C:\Users\student\AppData\Local\Temp\5052615755bdf1309b248cf8695ad4ff.mpf_cache
2025-01-29 19:29:05,800 : INFO : ConfigProcessor : Loading config from file C:\Users\student\pinball\cobraPinTest1\modes\returnlanes\config\returnlanes.yaml.
2025-01-29 19:29:05,802 : INFO : ConfigProcessor : Loading config: C:\Users\student\pinball\cobraPinTest1\modes\returnlanes\config\returnlanes.yaml
2025-01-29 19:29:05,802 : INFO : ConfigProcessor : Config file cache created: C:\Users\student\AppData\Local\Temp\55e33f498afd3883899abc6da4842b47.mpf_cache
2025-01-29 19:29:05,803 : INFO : ConfigProcessor : Loading config from file C:\Users\student\pinball\cobraPinTest1\modes\attract\shows\.\attract_display_loop.yaml.
2025-01-29 19:29:05,804 : INFO : ConfigProcessor : Loading config: C:\Users\student\pinball\cobraPinTest1\modes\attract\shows\.\attract_display_loop.yaml
2025-01-29 19:29:05,805 : INFO : ConfigProcessor : Config file cache created: C:\Users\student\AppData\Local\Temp\f8d2c2cf3ea01f085365ea23fa51a701.mpf_cache
2025-01-29 19:29:05,805 : INFO : ConfigProcessor : Loading config from file C:\Users\student\pinball\cobraPinTest1\modes\attract\shows\.\attract_light_show.yaml.
2025-01-29 19:29:05,806 : INFO : ConfigProcessor : Loading config: C:\Users\student\pinball\cobraPinTest1\modes\attract\shows\.\attract_light_show.yaml
2025-01-29 19:29:05,807 : INFO : ConfigProcessor : Config file cache created: C:\Users\student\AppData\Local\Temp\30bd992f4b62a9b099207aebeb59554c.mpf_cache
2025-01-29 19:29:05,807 : INFO : Machine : Mission Pinball Framework Core Engine v0.57.3
2025-01-29 19:29:05,807 : INFO : Machine : Command line arguments: {'no_load_cache': True, 'create_config_cache': True, 'bcp': True, 'configfile': ['config.yaml'], 'force_assets_load': False, 'platform_integration_test': False, 'jsonlogging': False, 'logfile': 'logs\\2025-01-29-19-29-05-mpf-DESKTOP-0JH7ARL.log', 'pause': False, 'production': False, 'text_ui': True, 'loglevel': 15, 'consoleloglevel': 20, 'force_platform': None, 'syslog_address': None, 'mc_file_name': None, 'no_sound': False}
2025-01-29 19:29:05,807 : INFO : Machine : MPF path: C:\Users\student\mpfenv3\Lib\site-packages\mpf
2025-01-29 19:29:05,807 : INFO : Machine : Machine path: C:\Users\student\pinball\cobraPinTest1
2025-01-29 19:29:05,807 : INFO : Machine : Platform: win32
2025-01-29 19:29:05,808 : INFO : Machine : Python executable location: C:\Users\student\mpfenv3\Scripts\python.exe
2025-01-29 19:29:05,808 : INFO : Machine : Python version: 3.11.8 (64-bit)
2025-01-29 19:29:05,809 : INFO : Machine : Initializing MPF...
2025-01-29 19:29:05,978 : INFO : OPP : Connecting to com4 at 115200bps
2025-01-29 19:29:06,079 : INFO : OPP : Init of OPP board 0 done
2025-01-29 19:29:06,079 : INFO : OPP : Connecting to com5 at 115200bps
2025-01-29 19:29:06,083 : INFO : Machine : Shutting down...
2025-01-29 19:29:06,083 : INFO : EventManager : Event: ======'shutdown'====== Args={}
2025-01-29 19:29:06,084 : ERROR : OPP : Stop called on serial connection com4
2025-01-29 19:29:06,085 : ERROR : Machine : Failed to initialize MPF
Traceback (most recent call last):
  File "C:\Users\student\mpfenv3\Lib\site-packages\mpf\core\machine.py", line 686, in initialize_mpf
    raise init.exception()
  File "C:\Users\student\mpfenv3\Lib\site-packages\mpf\core\machine.py", line 248, in initialize
    await self.initialize_core_and_hardware()
  File "C:\Users\student\mpfenv3\Lib\site-packages\mpf\core\machine.py", line 244, in initialize_core_and_hardware
    await self._initialize_platforms()
  File "C:\Users\student\mpfenv3\Lib\site-packages\mpf\core\machine.py", line 334, in _initialize_platforms
    result.result()
  File "C:\Users\student\mpfenv3\Lib\site-packages\mpf\platforms\opp\opp.py", line 107, in initialize
    await self._connect_to_hardware()
  File "C:\Users\student\mpfenv3\Lib\site-packages\mpf\platforms\opp\opp.py", line 312, in _connect_to_hardware
    await comm.connect()
  File "C:\Users\student\mpfenv3\Lib\site-packages\mpf\platforms\base_serial_communicator.py", line 47, in connect
    await self._connect_to_hardware(self.port, self.baud, self.xonxoff)
  File "C:\Users\student\mpfenv3\Lib\site-packages\mpf\platforms\base_serial_communicator.py", line 56, in _connect_to_hardware
    self.reader, self.writer = await connector
                               ^^^^^^^^^^^^^^^
  File "C:\Users\student\mpfenv3\Lib\site-packages\mpf\core\clock.py", line 151, in open_serial_connection
    transport, _ = await create_serial_connection(
                   ^^^^^^^^^^^^^^^^^^^^^^^^^^^^^^^
  File "C:\Users\student\mpfenv3\Lib\site-packages\serial_asyncio\__init__.py", line 448, in create_serial_connection
    serial_instance = serial.serial_for_url(*args, **kwargs)
                      ^^^^^^^^^^^^^^^^^^^^^^^^^^^^^^^^^^^^^^
  File "C:\Users\student\mpfenv3\Lib\site-packages\serial\__init__.py", line 90, in serial_for_url
    instance.open()
  File "C:\Users\student\mpfenv3\Lib\site-packages\serial\serialwin32.py", line 64, in open
    raise SerialException("could not open port {!r}: {!r}".format(self.portstr, ctypes.WinError()))
serial.serialutil.SerialException: could not open port 'com5': FileNotFoundError(2, 'The system cannot find the file specified.', None, 2)
2025-01-29 19:29:12,809 : ERROR : root : 
Traceback (most recent call last):
  File "C:\Users\student\mpfenv3\Lib\site-packages\mpf\core\machine.py", line 686, in initialize_mpf
    raise init.exception()
  File "C:\Users\student\mpfenv3\Lib\site-packages\mpf\core\machine.py", line 248, in initialize
    await self.initialize_core_and_hardware()
  File "C:\Users\student\mpfenv3\Lib\site-packages\mpf\core\machine.py", line 244, in initialize_core_and_hardware
    await self._initialize_platforms()
  File "C:\Users\student\mpfenv3\Lib\site-packages\mpf\core\machine.py", line 334, in _initialize_platforms
    result.result()
  File "C:\Users\student\mpfenv3\Lib\site-packages\mpf\platforms\opp\opp.py", line 107, in initialize
    await self._connect_to_hardware()
  File "C:\Users\student\mpfenv3\Lib\site-packages\mpf\platforms\opp\opp.py", line 312, in _connect_to_hardware
    await comm.connect()
  File "C:\Users\student\mpfenv3\Lib\site-packages\mpf\platforms\base_serial_communicator.py", line 47, in connect
    await self._connect_to_hardware(self.port, self.baud, self.xonxoff)
  File "C:\Users\student\mpfenv3\Lib\site-packages\mpf\platforms\base_serial_communicator.py", line 56, in _connect_to_hardware
    self.reader, self.writer = await connector
                               ^^^^^^^^^^^^^^^
  File "C:\Users\student\mpfenv3\Lib\site-packages\mpf\core\clock.py", line 151, in open_serial_connection
    transport, _ = await create_serial_connection(
                   ^^^^^^^^^^^^^^^^^^^^^^^^^^^^^^^
  File "C:\Users\student\mpfenv3\Lib\site-packages\serial_asyncio\__init__.py", line 448, in create_serial_connection
    serial_instance = serial.serial_for_url(*args, **kwargs)
                      ^^^^^^^^^^^^^^^^^^^^^^^^^^^^^^^^^^^^^^
  File "C:\Users\student\mpfenv3\Lib\site-packages\serial\__init__.py", line 90, in serial_for_url
    instance.open()
  File "C:\Users\student\mpfenv3\Lib\site-packages\serial\serialwin32.py", line 64, in open
    raise SerialException("could not open port {!r}: {!r}".format(self.portstr, ctypes.WinError()))
serial.serialutil.SerialException: could not open port 'com5': FileNotFoundError(2, 'The system cannot find the file specified.', None, 2)

During handling of the above exception, another exception occurred:

Traceback (most recent call last):
  File "C:\Users\student\mpfenv3\Lib\site-packages\mpf\commands\game.py", line 240, in __init__
    self.machine.run()
  File "C:\Users\student\mpfenv3\Lib\site-packages\mpf\core\machine.py", line 696, in run
    if not self.initialize_mpf():
           ^^^^^^^^^^^^^^^^^^^^^
  File "C:\Users\student\mpfenv3\Lib\site-packages\mpf\core\machine.py", line 689, in initialize_mpf
    report_crash(init.exception(), "init_exception", self.config)
  File "C:\Users\student\mpfenv3\Lib\site-packages\mpf\core\crash_reporter.py", line 236, in report_crash
    response = input("Do you want to report the crash to the MPF team (yes/no/show)? ")
               ^^^^^^^^^^^^^^^^^^^^^^^^^^^^^^^^^^^^^^^^^^^^^^^^^^^^^^^^^^^^^^^^^^^^^^^^
EOFError
