2025-05-08 13:14:57,302 : INFO : root : Loading config.
2025-05-08 13:14:57,352 : INFO : ConfigProcessor : Config spec file cache created: C:\Users\student\AppData\Local\Temp\config_spec.mpf_cache
2025-05-08 13:14:57,352 : INFO : YamlMultifileConfigLoader : Machine config file #1: config.yaml
2025-05-08 13:14:57,352 : INFO : ConfigProcessor : Loading config from file C:\Users\student\mpfenv3\Lib\site-packages\mpf\mpfconfig.yaml.
2025-05-08 13:14:57,361 : INFO : ConfigProcessor : Loading config: C:\Users\student\mpfenv3\Lib\site-packages\mpf\mpfconfig.yaml
2025-05-08 13:14:57,362 : INFO : ConfigProcessor : Loading config from file C:\Users\student\pinball\cobraPinTest1\config\config.yaml.
2025-05-08 13:14:57,368 : INFO : ConfigProcessor : Loading config: C:\Users\student\pinball\cobraPinTest1\config\config.yaml
2025-05-08 13:14:57,370 : INFO : ConfigProcessor : Config file cache created: C:\Users\student\AppData\Local\Temp\a20d2796aecf24feaad48747be24652a.mpf_cache
2025-05-08 13:14:57,440 : INFO : ConfigProcessor : Loading config from file C:\Users\student\mpfenv3\Lib\site-packages\mpf\modes\attract\config\attract.yaml.
2025-05-08 13:14:57,441 : INFO : ConfigProcessor : Loading config: C:\Users\student\mpfenv3\Lib\site-packages\mpf\modes\attract\config\attract.yaml
2025-05-08 13:14:57,441 : INFO : ConfigProcessor : Loading config from file C:\Users\student\pinball\cobraPinTest1\modes\attract\config\attract.yaml.
2025-05-08 13:14:57,441 : INFO : ConfigProcessor : Loading config: C:\Users\student\pinball\cobraPinTest1\modes\attract\config\attract.yaml
2025-05-08 13:14:57,442 : INFO : ConfigProcessor : Config file cache created: C:\Users\student\AppData\Local\Temp\0196918bccd620e51d3c4d2630650aa0.mpf_cache
2025-05-08 13:14:57,442 : INFO : ConfigProcessor : Loading config from file C:\Users\student\mpfenv3\Lib\site-packages\mpf\modes\game\config\game.yaml.
2025-05-08 13:14:57,443 : INFO : ConfigProcessor : Loading config: C:\Users\student\mpfenv3\Lib\site-packages\mpf\modes\game\config\game.yaml
2025-05-08 13:14:57,443 : INFO : ConfigProcessor : Config file cache created: C:\Users\student\AppData\Local\Temp\511dcc6b491b0fa2d7aa9abdf6497e9c.mpf_cache
2025-05-08 13:14:57,444 : INFO : ConfigProcessor : Loading config from file C:\Users\student\pinball\cobraPinTest1\modes\base\config\base.yaml.
2025-05-08 13:14:57,445 : INFO : ConfigProcessor : Loading config: C:\Users\student\pinball\cobraPinTest1\modes\base\config\base.yaml
2025-05-08 13:14:57,445 : INFO : ConfigProcessor : Config file cache created: C:\Users\student\AppData\Local\Temp\4675a535c8328a9c278c807d999ed109.mpf_cache
2025-05-08 13:14:57,446 : INFO : ConfigProcessor : Loading config from file C:\Users\student\pinball\cobraPinTest1\modes\reentry\config\reentry.yaml.
2025-05-08 13:14:57,448 : INFO : ConfigProcessor : Loading config: C:\Users\student\pinball\cobraPinTest1\modes\reentry\config\reentry.yaml
2025-05-08 13:14:57,449 : INFO : ConfigProcessor : Config file cache created: C:\Users\student\AppData\Local\Temp\0c8438cab3480347c0c749fa494946a2.mpf_cache
2025-05-08 13:14:57,450 : INFO : ConfigProcessor : Loading config from file C:\Users\student\pinball\cobraPinTest1\modes\lowerlanes\config\lowerlanes.yaml.
2025-05-08 13:14:57,451 : INFO : ConfigProcessor : Loading config: C:\Users\student\pinball\cobraPinTest1\modes\lowerlanes\config\lowerlanes.yaml
2025-05-08 13:14:57,451 : INFO : ConfigProcessor : Config file cache created: C:\Users\student\AppData\Local\Temp\5052615755bdf1309b248cf8695ad4ff.mpf_cache
2025-05-08 13:14:57,451 : INFO : ConfigProcessor : Loading config from file C:\Users\student\pinball\cobraPinTest1\modes\returnlanes\config\returnlanes.yaml.
2025-05-08 13:14:57,453 : INFO : ConfigProcessor : Loading config: C:\Users\student\pinball\cobraPinTest1\modes\returnlanes\config\returnlanes.yaml
2025-05-08 13:14:57,453 : INFO : ConfigProcessor : Config file cache created: C:\Users\student\AppData\Local\Temp\55e33f498afd3883899abc6da4842b47.mpf_cache
2025-05-08 13:14:57,454 : INFO : ConfigProcessor : Loading config from file C:\Users\student\pinball\cobraPinTest1\modes\attract\shows\.\attract_display_loop.yaml.
2025-05-08 13:14:57,456 : INFO : ConfigProcessor : Loading config: C:\Users\student\pinball\cobraPinTest1\modes\attract\shows\.\attract_display_loop.yaml
2025-05-08 13:14:57,456 : INFO : ConfigProcessor : Config file cache created: C:\Users\student\AppData\Local\Temp\f8d2c2cf3ea01f085365ea23fa51a701.mpf_cache
2025-05-08 13:14:57,456 : INFO : ConfigProcessor : Loading config from file C:\Users\student\pinball\cobraPinTest1\modes\attract\shows\.\attract_light_show.yaml.
2025-05-08 13:14:57,457 : INFO : ConfigProcessor : Loading config: C:\Users\student\pinball\cobraPinTest1\modes\attract\shows\.\attract_light_show.yaml
2025-05-08 13:14:57,458 : INFO : ConfigProcessor : Config file cache created: C:\Users\student\AppData\Local\Temp\30bd992f4b62a9b099207aebeb59554c.mpf_cache
2025-05-08 13:14:57,459 : INFO : Machine : Mission Pinball Framework Core Engine v0.57.3
2025-05-08 13:14:57,459 : INFO : Machine : Command line arguments: {'no_load_cache': True, 'create_config_cache': True, 'bcp': True, 'configfile': ['config.yaml'], 'force_assets_load': False, 'platform_integration_test': False, 'jsonlogging': False, 'logfile': 'logs\\2025-05-08-13-14-57-mpf-DESKTOP-0JH7ARL.log', 'pause': False, 'production': False, 'text_ui': True, 'loglevel': 15, 'consoleloglevel': 20, 'force_platform': None, 'syslog_address': None, 'mc_file_name': None, 'no_sound': False}
2025-05-08 13:14:57,459 : INFO : Machine : MPF path: C:\Users\student\mpfenv3\Lib\site-packages\mpf
2025-05-08 13:14:57,459 : INFO : Machine : Machine path: C:\Users\student\pinball\cobraPinTest1
2025-05-08 13:14:57,459 : INFO : Machine : Platform: win32
2025-05-08 13:14:57,459 : INFO : Machine : Python executable location: C:\Users\student\mpfenv3\Scripts\python.exe
2025-05-08 13:14:57,459 : INFO : Machine : Python version: 3.11.8 (64-bit)
2025-05-08 13:14:57,461 : INFO : Machine : Initializing MPF...
2025-05-08 13:14:57,648 : INFO : OPP : Connecting to com4 at 115200bps
2025-05-08 13:14:57,756 : INFO : OPP : Init of OPP board 0 done
2025-05-08 13:14:57,756 : INFO : OPP : Connecting to com5 at 115200bps
2025-05-08 13:14:57,932 : INFO : OPP : Init of OPP board 1 done
2025-05-08 13:14:57,932 : INFO : EventManager : Event: ======'machine_var_credits_string'====== Args={'value': 'FREE PLAY', 'prev_value': None, 'change': True}
2025-05-08 13:14:57,999 : INFO : EventManager : Event: ======'machine_var_master_volume'====== Args={'value': 0.5, 'prev_value': None, 'change': True}
2025-05-08 13:14:57,999 : INFO : EventManager : Event: ======'machine_var_player1_score'====== Args={'value': 1500, 'prev_value': None, 'change': True}
2025-05-08 13:14:57,999 : INFO : EventManager : Event: ======'machine_var_mpf_version'====== Args={'value': 'Mission Pinball Framework v0.57.3', 'prev_value': None, 'change': True}
2025-05-08 13:14:57,999 : INFO : EventManager : Event: ======'machine_var_mpf_extended_version'====== Args={'value': 'Mission Pinball Framework v0.57.3, Config version:6, Show version: 6, BCP version:1.1', 'prev_value': None, 'change': True}
2025-05-08 13:14:57,999 : INFO : EventManager : Event: ======'machine_var_python_version'====== Args={'value': '3.11.8', 'prev_value': None, 'change': True}
2025-05-08 13:14:58,008 : INFO : EventManager : Event: ======'machine_var_platform'====== Args={'value': 'Windows-10-10.0.19045-SP0', 'prev_value': None, 'change': True}
2025-05-08 13:14:58,008 : INFO : EventManager : Event: ======'machine_var_platform_system'====== Args={'value': 'Windows', 'prev_value': None, 'change': True}
2025-05-08 13:14:58,008 : INFO : EventManager : Event: ======'machine_var_platform_release'====== Args={'value': '10', 'prev_value': None, 'change': True}
2025-05-08 13:14:58,008 : INFO : EventManager : Event: ======'machine_var_platform_version'====== Args={'value': '10.0.19045', 'prev_value': None, 'change': True}
2025-05-08 13:14:58,008 : INFO : EventManager : Event: ======'machine_var_platform_machine'====== Args={'value': 'AMD64', 'prev_value': None, 'change': True}
2025-05-08 13:14:58,008 : INFO : EventManager : Event: ======'init_phase_1'====== Args={}
2025-05-08 13:14:58,029 : INFO : EventManager : Event: ======'init_phase_2'====== Args={}
2025-05-08 13:14:58,030 : INFO : SwitchController : Found active switch: ('0-0-8', <Platform.OPP>) <switch.s_trough1>
2025-05-08 13:14:58,033 : INFO : EventManager : Event: ======'bcp_connection_attempt'====== Args={'name': 'local_display', 'host': 'localhost', 'port': 5050}
2025-05-08 13:14:58,035 : INFO : BCPClientSocket : Connecting BCP to 'local_display' at localhost:5050...
2025-05-08 13:15:00,086 : INFO : BCPClientSocket : Connected BCP to 'local_display' localhost:5050
2025-05-08 13:15:00,088 : INFO : EventManager : Event: ======'bcp_clients_connected'====== Args={}
2025-05-08 13:15:00,232 : INFO : EventManager : Event: ======'machine_var_mc_version'====== Args={'value': 'MPF-MC v0.57.1', 'prev_value': None, 'change': True}
2025-05-08 13:15:00,232 : INFO : EventManager : Event: ======'machine_var_mc_extended_version'====== Args={'value': 'MPF-MC v0.57.1 (config_version=6, BCP v1.1,                      Requires MPF API compatibility v0.57.0 or newer)', 'prev_value': None, 'change': True}
2025-05-08 13:15:00,234 : INFO : ball_device.bd_trough : BCH: Initial count: 1
2025-05-08 13:15:00,270 : INFO : ball_device.bd_trough : State: idle
2025-05-08 13:15:00,270 : INFO : ball_device.bd_plunger : BCH: Initial count: 0
2025-05-08 13:15:00,271 : INFO : ball_device.bd_plunger : State: idle
2025-05-08 13:15:00,289 : INFO : EventManager : Event: ======'init_phase_3'====== Args={}
2025-05-08 13:15:00,293 : INFO : EventManager : Event: ======'init_phase_4'====== Args={}
2025-05-08 13:15:00,293 : INFO : BallController : Initial balls found: 1
2025-05-08 13:15:00,295 : INFO : EventManager : Event: ======'machine_var_audits_events_game_ended'====== Args={'value': 0, 'prev_value': None, 'change': True}
2025-05-08 13:15:00,295 : INFO : EventManager : Event: ======'machine_var_audits_events_game_started'====== Args={'value': 60, 'prev_value': None, 'change': True}
2025-05-08 13:15:00,295 : INFO : EventManager : Event: ======'machine_var_audits_missing_switches_s_bonus_lane'====== Args={'value': 8, 'prev_value': None, 'change': True}
2025-05-08 13:15:00,295 : INFO : EventManager : Event: ======'machine_var_audits_missing_switches_s_hyperspacekicker'====== Args={'value': 7, 'prev_value': None, 'change': True}
2025-05-08 13:15:00,295 : INFO : EventManager : Event: ======'machine_var_audits_missing_switches_s_left_attack_bumper'====== Args={'value': 8, 'prev_value': None, 'change': True}
2025-05-08 13:15:00,295 : INFO : EventManager : Event: ======'machine_var_audits_missing_switches_s_left_flipper'====== Args={'value': 8, 'prev_value': None, 'change': True}
2025-05-08 13:15:00,296 : INFO : EventManager : Event: ======'machine_var_audits_missing_switches_s_left_out_lane'====== Args={'value': 9, 'prev_value': None, 'change': True}
2025-05-08 13:15:00,296 : INFO : EventManager : Event: ======'machine_var_audits_missing_switches_s_left_return_lane'====== Args={'value': 8, 'prev_value': None, 'change': True}
2025-05-08 13:15:00,296 : INFO : EventManager : Event: ======'machine_var_audits_missing_switches_s_lower_attack_bumper'====== Args={'value': 6, 'prev_value': None, 'change': True}
2025-05-08 13:15:00,296 : INFO : EventManager : Event: ======'machine_var_audits_missing_switches_s_lower_left_slingshot'====== Args={'value': 8, 'prev_value': None, 'change': True}
2025-05-08 13:15:00,296 : INFO : EventManager : Event: ======'machine_var_audits_missing_switches_s_lower_right_slingshot'====== Args={'value': 8, 'prev_value': None, 'change': True}
2025-05-08 13:15:00,296 : INFO : EventManager : Event: ======'machine_var_audits_missing_switches_s_plunger'====== Args={'value': 58, 'prev_value': None, 'change': True}
2025-05-08 13:15:00,296 : INFO : EventManager : Event: ======'machine_var_audits_missing_switches_s_reentry_left'====== Args={'value': 8, 'prev_value': None, 'change': True}
2025-05-08 13:15:00,296 : INFO : EventManager : Event: ======'machine_var_audits_missing_switches_s_reentry_middle'====== Args={'value': 7, 'prev_value': None, 'change': True}
2025-05-08 13:15:00,296 : INFO : EventManager : Event: ======'machine_var_audits_missing_switches_s_reentry_right'====== Args={'value': 7, 'prev_value': None, 'change': True}
2025-05-08 13:15:00,296 : INFO : EventManager : Event: ======'machine_var_audits_missing_switches_s_right_flipper'====== Args={'value': 6, 'prev_value': None, 'change': True}
2025-05-08 13:15:00,296 : INFO : EventManager : Event: ======'machine_var_audits_missing_switches_s_right_out_lane'====== Args={'value': 8, 'prev_value': None, 'change': True}
2025-05-08 13:15:00,297 : INFO : EventManager : Event: ======'machine_var_audits_missing_switches_s_right_return_lane'====== Args={'value': 8, 'prev_value': None, 'change': True}
2025-05-08 13:15:00,297 : INFO : EventManager : Event: ======'machine_var_audits_missing_switches_s_spacewarp_rollover'====== Args={'value': 42, 'prev_value': None, 'change': True}
2025-05-08 13:15:00,297 : INFO : EventManager : Event: ======'machine_var_audits_missing_switches_s_start'====== Args={'value': 59, 'prev_value': None, 'change': True}
2025-05-08 13:15:00,297 : INFO : EventManager : Event: ======'machine_var_audits_missing_switches_s_trough1'====== Args={'value': 59, 'prev_value': None, 'change': True}
2025-05-08 13:15:00,297 : INFO : EventManager : Event: ======'machine_var_audits_missing_switches_s_upper_attack_bumper'====== Args={'value': 8, 'prev_value': None, 'change': True}
2025-05-08 13:15:00,297 : INFO : EventManager : Event: ======'machine_var_audits_missing_switches_s_wormhole_target'====== Args={'value': 8, 'prev_value': None, 'change': True}
2025-05-08 13:15:00,297 : INFO : EventManager : Event: ======'machine_var_audits_player_score'====== Args={'value': {'average': 1800.0, 'top': [2000, 1900, 1500], 'total': 3}, 'prev_value': None, 'change': True}
2025-05-08 13:15:00,297 : INFO : EventManager : Event: ======'machine_var_audits_shots_attack_bumper_left_shot'====== Args={'value': 40, 'prev_value': None, 'change': True}
2025-05-08 13:15:00,297 : INFO : EventManager : Event: ======'machine_var_audits_shots_attack_bumper_lower_shot'====== Args={'value': 20, 'prev_value': None, 'change': True}
2025-05-08 13:15:00,298 : INFO : EventManager : Event: ======'machine_var_audits_shots_attack_bumper_upper_shot'====== Args={'value': 18, 'prev_value': None, 'change': True}
2025-05-08 13:15:00,298 : INFO : EventManager : Event: ======'machine_var_audits_shots_bonusLane_shot'====== Args={'value': 81, 'prev_value': None, 'change': True}
2025-05-08 13:15:00,298 : INFO : EventManager : Event: ======'machine_var_audits_shots_medalL_shot'====== Args={'value': 174, 'prev_value': None, 'change': True}
2025-05-08 13:15:00,298 : INFO : EventManager : Event: ======'machine_var_audits_shots_medalM_shot'====== Args={'value': 166, 'prev_value': None, 'change': True}
2025-05-08 13:15:00,298 : INFO : EventManager : Event: ======'machine_var_audits_shots_medalR_shot'====== Args={'value': 165, 'prev_value': None, 'change': True}
2025-05-08 13:15:00,298 : INFO : EventManager : Event: ======'machine_var_audits_shots_my_first_shot'====== Args={'value': 119, 'prev_value': None, 'change': True}
2025-05-08 13:15:00,298 : INFO : EventManager : Event: ======'machine_var_audits_shots_my_first_shot_mode2'====== Args={'value': 72, 'prev_value': None, 'change': True}
2025-05-08 13:15:00,298 : INFO : EventManager : Event: ======'machine_var_audits_shots_outLaneL_shot'====== Args={'value': 20, 'prev_value': None, 'change': True}
2025-05-08 13:15:00,298 : INFO : EventManager : Event: ======'machine_var_audits_shots_outLaneR_shot'====== Args={'value': 93, 'prev_value': None, 'change': True}
2025-05-08 13:15:00,299 : INFO : EventManager : Event: ======'machine_var_audits_shots_reentryL_shot'====== Args={'value': 554, 'prev_value': None, 'change': True}
2025-05-08 13:15:00,299 : INFO : EventManager : Event: ======'machine_var_audits_shots_reentryM_shot'====== Args={'value': 513, 'prev_value': None, 'change': True}
2025-05-08 13:15:00,299 : INFO : EventManager : Event: ======'machine_var_audits_shots_reentryR_shot'====== Args={'value': 505, 'prev_value': None, 'change': True}
2025-05-08 13:15:00,299 : INFO : EventManager : Event: ======'machine_var_audits_shots_reentry_shot'====== Args={'value': 9, 'prev_value': None, 'change': True}
2025-05-08 13:15:00,299 : INFO : EventManager : Event: ======'machine_var_audits_shots_returnLaneL_shot'====== Args={'value': 193, 'prev_value': None, 'change': True}
2025-05-08 13:15:00,299 : INFO : EventManager : Event: ======'machine_var_audits_shots_returnLaneR_shot'====== Args={'value': 136, 'prev_value': None, 'change': True}
2025-05-08 13:15:00,299 : INFO : EventManager : Event: ======'machine_var_audits_shots_spacewarp_rollover_shot'====== Args={'value': 47, 'prev_value': None, 'change': True}
2025-05-08 13:15:00,299 : INFO : EventManager : Event: ======'machine_var_audits_shots_top_lane_A'====== Args={'value': 12, 'prev_value': None, 'change': True}
2025-05-08 13:15:00,300 : INFO : EventManager : Event: ======'machine_var_audits_shots_top_lane_J'====== Args={'value': 12, 'prev_value': None, 'change': True}
2025-05-08 13:15:00,300 : INFO : EventManager : Event: ======'machine_var_audits_shots_top_lane_M'====== Args={'value': 9, 'prev_value': None, 'change': True}
2025-05-08 13:15:00,300 : INFO : EventManager : Event: ======'machine_var_audits_switches_s_blackhole_kicker'====== Args={'value': 0, 'prev_value': None, 'change': True}
2025-05-08 13:15:00,300 : INFO : EventManager : Event: ======'machine_var_audits_switches_s_bonus_lane'====== Args={'value': 94, 'prev_value': None, 'change': True}
2025-05-08 13:15:00,300 : INFO : EventManager : Event: ======'machine_var_audits_switches_s_booster_drop_target_1'====== Args={'value': 0, 'prev_value': None, 'change': True}
2025-05-08 13:15:00,300 : INFO : EventManager : Event: ======'machine_var_audits_switches_s_booster_drop_target_2'====== Args={'value': 0, 'prev_value': None, 'change': True}
2025-05-08 13:15:00,300 : INFO : EventManager : Event: ======'machine_var_audits_switches_s_booster_drop_target_3'====== Args={'value': 0, 'prev_value': None, 'change': True}
2025-05-08 13:15:00,301 : INFO : EventManager : Event: ======'machine_var_audits_switches_s_comet_spot_1'====== Args={'value': 0, 'prev_value': None, 'change': True}
2025-05-08 13:15:00,301 : INFO : EventManager : Event: ======'machine_var_audits_switches_s_comet_spot_2'====== Args={'value': 0, 'prev_value': None, 'change': True}
2025-05-08 13:15:00,301 : INFO : EventManager : Event: ======'machine_var_audits_switches_s_comet_spot_3'====== Args={'value': 0, 'prev_value': None, 'change': True}
2025-05-08 13:15:00,301 : INFO : EventManager : Event: ======'machine_var_audits_switches_s_engine_bumper_1'====== Args={'value': 0, 'prev_value': None, 'change': True}
2025-05-08 13:15:00,301 : INFO : EventManager : Event: ======'machine_var_audits_switches_s_engine_bumper_2'====== Args={'value': 0, 'prev_value': None, 'change': True}
2025-05-08 13:15:00,301 : INFO : EventManager : Event: ======'machine_var_audits_switches_s_engine_bumper_3'====== Args={'value': 0, 'prev_value': None, 'change': True}
2025-05-08 13:15:00,302 : INFO : EventManager : Event: ======'machine_var_audits_switches_s_fuel_chute_1'====== Args={'value': 0, 'prev_value': None, 'change': True}
2025-05-08 13:15:00,302 : INFO : EventManager : Event: ======'machine_var_audits_switches_s_fuel_chute_2'====== Args={'value': 0, 'prev_value': None, 'change': True}
2025-05-08 13:15:00,302 : INFO : EventManager : Event: ======'machine_var_audits_switches_s_fuel_chute_3'====== Args={'value': 0, 'prev_value': None, 'change': True}
2025-05-08 13:15:00,302 : INFO : EventManager : Event: ======'machine_var_audits_switches_s_fuel_chute_4'====== Args={'value': 0, 'prev_value': None, 'change': True}
2025-05-08 13:15:00,302 : INFO : EventManager : Event: ======'machine_var_audits_switches_s_fuel_chute_5'====== Args={'value': 0, 'prev_value': None, 'change': True}
2025-05-08 13:15:00,302 : INFO : EventManager : Event: ======'machine_var_audits_switches_s_fuel_chute_6'====== Args={'value': 0, 'prev_value': None, 'change': True}
2025-05-08 13:15:00,302 : INFO : EventManager : Event: ======'machine_var_audits_switches_s_fuel_flag'====== Args={'value': 0, 'prev_value': None, 'change': True}
2025-05-08 13:15:00,303 : INFO : EventManager : Event: ======'machine_var_audits_switches_s_fuel_spot_1'====== Args={'value': 0, 'prev_value': None, 'change': True}
2025-05-08 13:15:00,303 : INFO : EventManager : Event: ======'machine_var_audits_switches_s_fuel_spot_2'====== Args={'value': 0, 'prev_value': None, 'change': True}
2025-05-08 13:15:00,303 : INFO : EventManager : Event: ======'machine_var_audits_switches_s_fuel_spot_3'====== Args={'value': 0, 'prev_value': None, 'change': True}
2025-05-08 13:15:00,303 : INFO : EventManager : Event: ======'machine_var_audits_switches_s_green_wormhole'====== Args={'value': 0, 'prev_value': None, 'change': True}
2025-05-08 13:15:00,303 : INFO : EventManager : Event: ======'machine_var_audits_switches_s_hyperspace_flag'====== Args={'value': 0, 'prev_value': None, 'change': True}
2025-05-08 13:15:00,303 : INFO : EventManager : Event: ======'machine_var_audits_switches_s_hyperspacekicker'====== Args={'value': 0, 'prev_value': None, 'change': True}
2025-05-08 13:15:00,304 : INFO : EventManager : Event: ======'machine_var_audits_switches_s_launch_lane_1'====== Args={'value': 0, 'prev_value': None, 'change': True}
2025-05-08 13:15:00,304 : INFO : EventManager : Event: ======'machine_var_audits_switches_s_launch_lane_2'====== Args={'value': 0, 'prev_value': None, 'change': True}
2025-05-08 13:15:00,304 : INFO : EventManager : Event: ======'machine_var_audits_switches_s_launch_lane_3'====== Args={'value': 0, 'prev_value': None, 'change': True}
2025-05-08 13:15:00,304 : INFO : EventManager : Event: ======'machine_var_audits_switches_s_launch_ramp'====== Args={'value': 0, 'prev_value': None, 'change': True}
2025-05-08 13:15:00,304 : INFO : EventManager : Event: ======'machine_var_audits_switches_s_left_attack_bumper'====== Args={'value': 777, 'prev_value': None, 'change': True}
2025-05-08 13:15:00,304 : INFO : EventManager : Event: ======'machine_var_audits_switches_s_left_flipper'====== Args={'value': 2311, 'prev_value': None, 'change': True}
2025-05-08 13:15:00,305 : INFO : EventManager : Event: ======'machine_var_audits_switches_s_left_out_lane'====== Args={'value': 24, 'prev_value': None, 'change': True}
2025-05-08 13:15:00,305 : INFO : EventManager : Event: ======'machine_var_audits_switches_s_left_out_lane_kicker'====== Args={'value': 0, 'prev_value': None, 'change': True}
2025-05-08 13:15:00,305 : INFO : EventManager : Event: ======'machine_var_audits_switches_s_left_return_lane'====== Args={'value': 200, 'prev_value': None, 'change': True}
2025-05-08 13:15:00,305 : INFO : EventManager : Event: ======'machine_var_audits_switches_s_lower_attack_bumper'====== Args={'value': 268, 'prev_value': None, 'change': True}
2025-05-08 13:15:00,305 : INFO : EventManager : Event: ======'machine_var_audits_switches_s_lower_left_rebound'====== Args={'value': 0, 'prev_value': None, 'change': True}
2025-05-08 13:15:00,305 : INFO : EventManager : Event: ======'machine_var_audits_switches_s_lower_left_slingshot'====== Args={'value': 256, 'prev_value': None, 'change': True}
2025-05-08 13:15:00,306 : INFO : EventManager : Event: ======'machine_var_audits_switches_s_lower_right_rebound'====== Args={'value': 0, 'prev_value': None, 'change': True}
2025-05-08 13:15:00,306 : INFO : EventManager : Event: ======'machine_var_audits_switches_s_lower_right_slingshot'====== Args={'value': 252, 'prev_value': None, 'change': True}
2025-05-08 13:15:00,306 : INFO : EventManager : Event: ======'machine_var_audits_switches_s_medal_drop_left'====== Args={'value': 188, 'prev_value': None, 'change': True}
2025-05-08 13:15:00,306 : INFO : EventManager : Event: ======'machine_var_audits_switches_s_medal_drop_middle'====== Args={'value': 180, 'prev_value': None, 'change': True}
2025-05-08 13:15:00,306 : INFO : EventManager : Event: ======'machine_var_audits_switches_s_medal_drop_right'====== Args={'value': 179, 'prev_value': None, 'change': True}
2025-05-08 13:15:00,306 : INFO : EventManager : Event: ======'machine_var_audits_switches_s_mission_spot_1'====== Args={'value': 0, 'prev_value': None, 'change': True}
2025-05-08 13:15:00,307 : INFO : EventManager : Event: ======'machine_var_audits_switches_s_mission_spot_2'====== Args={'value': 2, 'prev_value': None, 'change': True}
2025-05-08 13:15:00,307 : INFO : EventManager : Event: ======'machine_var_audits_switches_s_mission_spot_3'====== Args={'value': 0, 'prev_value': None, 'change': True}
2025-05-08 13:15:00,307 : INFO : EventManager : Event: ======'machine_var_audits_switches_s_multiplier_left'====== Args={'value': 0, 'prev_value': None, 'change': True}
2025-05-08 13:15:00,307 : INFO : EventManager : Event: ======'machine_var_audits_switches_s_multiplier_middle'====== Args={'value': 0, 'prev_value': None, 'change': True}
2025-05-08 13:15:00,307 : INFO : EventManager : Event: ======'machine_var_audits_switches_s_multiplier_right'====== Args={'value': 0, 'prev_value': None, 'change': True}
2025-05-08 13:15:00,308 : INFO : EventManager : Event: ======'machine_var_audits_switches_s_plunger'====== Args={'value': 177, 'prev_value': None, 'change': True}
2025-05-08 13:15:00,308 : INFO : EventManager : Event: ======'machine_var_audits_switches_s_radiationspot_1'====== Args={'value': 0, 'prev_value': None, 'change': True}
2025-05-08 13:15:00,308 : INFO : EventManager : Event: ======'machine_var_audits_switches_s_radiationspot_2'====== Args={'value': 0, 'prev_value': None, 'change': True}
2025-05-08 13:15:00,308 : INFO : EventManager : Event: ======'machine_var_audits_switches_s_radiationspot_3'====== Args={'value': 0, 'prev_value': None, 'change': True}
2025-05-08 13:15:00,308 : INFO : EventManager : Event: ======'machine_var_audits_switches_s_red_wormhole'====== Args={'value': 0, 'prev_value': None, 'change': True}
2025-05-08 13:15:00,309 : INFO : EventManager : Event: ======'machine_var_audits_switches_s_reentry_left'====== Args={'value': 912, 'prev_value': None, 'change': True}
2025-05-08 13:15:00,309 : INFO : EventManager : Event: ======'machine_var_audits_switches_s_reentry_middle'====== Args={'value': 587, 'prev_value': None, 'change': True}
2025-05-08 13:15:00,309 : INFO : EventManager : Event: ======'machine_var_audits_switches_s_reentry_right'====== Args={'value': 564, 'prev_value': None, 'change': True}
2025-05-08 13:15:00,309 : INFO : EventManager : Event: ======'machine_var_audits_switches_s_right_flipper'====== Args={'value': 2528, 'prev_value': None, 'change': True}
2025-05-08 13:15:00,309 : INFO : EventManager : Event: ======'machine_var_audits_switches_s_right_inlane'====== Args={'value': 0, 'prev_value': None, 'change': True}
2025-05-08 13:15:00,309 : INFO : EventManager : Event: ======'machine_var_audits_switches_s_right_out_lane'====== Args={'value': 119, 'prev_value': None, 'change': True}
2025-05-08 13:15:00,310 : INFO : EventManager : Event: ======'machine_var_audits_switches_s_right_out_lane_kicker'====== Args={'value': 0, 'prev_value': None, 'change': True}
2025-05-08 13:15:00,310 : INFO : EventManager : Event: ======'machine_var_audits_switches_s_right_return_lane'====== Args={'value': 148, 'prev_value': None, 'change': True}
2025-05-08 13:15:00,310 : INFO : EventManager : Event: ======'machine_var_audits_switches_s_satellite_bumper'====== Args={'value': 0, 'prev_value': None, 'change': True}
2025-05-08 13:15:00,310 : INFO : EventManager : Event: ======'machine_var_audits_switches_s_secondary_outlane_kicker'====== Args={'value': 0, 'prev_value': None, 'change': True}
2025-05-08 13:15:00,311 : INFO : EventManager : Event: ======'machine_var_audits_switches_s_skill_shot_1'====== Args={'value': 0, 'prev_value': None, 'change': True}
2025-05-08 13:15:00,311 : INFO : EventManager : Event: ======'machine_var_audits_switches_s_skill_shot_2'====== Args={'value': 0, 'prev_value': None, 'change': True}
2025-05-08 13:15:00,311 : INFO : EventManager : Event: ======'machine_var_audits_switches_s_skill_shot_3'====== Args={'value': 0, 'prev_value': None, 'change': True}
2025-05-08 13:15:00,311 : INFO : EventManager : Event: ======'machine_var_audits_switches_s_skill_shot_4'====== Args={'value': 0, 'prev_value': None, 'change': True}
2025-05-08 13:15:00,311 : INFO : EventManager : Event: ======'machine_var_audits_switches_s_skill_shot_5'====== Args={'value': 0, 'prev_value': None, 'change': True}
2025-05-08 13:15:00,311 : INFO : EventManager : Event: ======'machine_var_audits_switches_s_skill_shot_6'====== Args={'value': 0, 'prev_value': None, 'change': True}
2025-05-08 13:15:00,312 : INFO : EventManager : Event: ======'machine_var_audits_switches_s_skill_shot_lane'====== Args={'value': 0, 'prev_value': None, 'change': True}
2025-05-08 13:15:00,312 : INFO : EventManager : Event: ======'machine_var_audits_switches_s_spacewarp_rollover'====== Args={'value': 48, 'prev_value': None, 'change': True}
2025-05-08 13:15:00,312 : INFO : EventManager : Event: ======'machine_var_audits_switches_s_start'====== Args={'value': 7, 'prev_value': None, 'change': True}
2025-05-08 13:15:00,312 : INFO : EventManager : Event: ======'machine_var_audits_switches_s_trough1'====== Args={'value': 30, 'prev_value': None, 'change': True}
2025-05-08 13:15:00,312 : INFO : EventManager : Event: ======'machine_var_audits_switches_s_trough2'====== Args={'value': 0, 'prev_value': None, 'change': True}
2025-05-08 13:15:00,313 : INFO : EventManager : Event: ======'machine_var_audits_switches_s_trough3'====== Args={'value': 0, 'prev_value': None, 'change': True}
2025-05-08 13:15:00,313 : INFO : EventManager : Event: ======'machine_var_audits_switches_s_trough4'====== Args={'value': 0, 'prev_value': None, 'change': True}
2025-05-08 13:15:00,313 : INFO : EventManager : Event: ======'machine_var_audits_switches_s_trough5'====== Args={'value': 0, 'prev_value': None, 'change': True}
2025-05-08 13:15:00,313 : INFO : EventManager : Event: ======'machine_var_audits_switches_s_trough6'====== Args={'value': 0, 'prev_value': None, 'change': True}
2025-05-08 13:15:00,314 : INFO : EventManager : Event: ======'machine_var_audits_switches_s_trough_jam'====== Args={'value': 0, 'prev_value': None, 'change': True}
2025-05-08 13:15:00,314 : INFO : EventManager : Event: ======'machine_var_audits_switches_s_upper_attack_bumper'====== Args={'value': 392, 'prev_value': None, 'change': True}
2025-05-08 13:15:00,314 : INFO : EventManager : Event: ======'machine_var_audits_switches_s_upper_left_rebound'====== Args={'value': 0, 'prev_value': None, 'change': True}
2025-05-08 13:15:00,314 : INFO : EventManager : Event: ======'machine_var_audits_switches_s_upper_right_rebound'====== Args={'value': 0, 'prev_value': None, 'change': True}
2025-05-08 13:15:00,314 : INFO : EventManager : Event: ======'machine_var_audits_switches_s_wormhole_target'====== Args={'value': 81, 'prev_value': None, 'change': True}
2025-05-08 13:15:00,315 : INFO : EventManager : Event: ======'machine_var_audits_switches_s_yellow_wormhole'====== Args={'value': 0, 'prev_value': None, 'change': True}
2025-05-08 13:15:00,316 : INFO : EventManager : Event: ======'init_phase_5'====== Args={}
2025-05-08 13:15:00,332 : INFO : EventManager : Event: ======'init_done'====== Args={}
2025-05-08 13:15:00,333 : INFO : EventManager : Event: ======'machine_reset_phase_1'====== Args={}
2025-05-08 13:15:00,343 : INFO : EventManager : Event: ======'slide_welcome_slide_removed'====== Args={'_from_bcp': True}
2025-05-08 13:15:00,343 : INFO : EventManager : Event: ======'slide_welcome_slide_created'====== Args={'_from_bcp': True}
2025-05-08 13:15:00,344 : INFO : EventManager : Event: ======'machine_reset_phase_2'====== Args={}
2025-05-08 13:15:00,345 : INFO : EventManager : Event: ======'machine_reset_phase_3'====== Args={}
2025-05-08 13:15:00,345 : INFO : EventManager : Event: ======'slide_welcome_slide_active'====== Args={'_from_bcp': True}
2025-05-08 13:15:00,345 : INFO : EventManager : Event: ======'reset_complete'====== Args={}
2025-05-08 13:15:00,346 : INFO : EventManager : Event: ======'mode_attract_will_start'====== Args={}
2025-05-08 13:15:00,346 : INFO : EventManager : Event: ======'mode_attract_starting'====== Args={}
2025-05-08 13:15:00,346 : INFO : Mode.attract : Started. Priority: 10
2025-05-08 13:15:00,346 : INFO : EventManager : Event: ======'modes_active_modes_changed'====== Args={}
2025-05-08 13:15:00,346 : INFO : EventManager : Event: ======'mode_attract_started'====== Args={}
2025-05-08 13:15:00,347 : INFO : EventManager : Event: ======'collecting_balls_complete'====== Args={}
2025-05-08 13:15:00,369 : INFO : EventManager : Event: ======'slide_awesome_slide_created'====== Args={'_from_bcp': True}
2025-05-08 13:15:00,369 : INFO : EventManager : Event: ======'slide_awesome_slide_active'====== Args={'_from_bcp': True}
2025-05-08 13:15:00,370 : INFO : Machine : Starting the main run loop with active modes: [<Mode.attract>]
2025-05-08 13:15:03,333 : INFO : EventManager : Event: ======'slide_press_start_created'====== Args={'_from_bcp': True}
2025-05-08 13:15:03,334 : INFO : EventManager : Event: ======'slide_press_start_active'====== Args={'_from_bcp': True}
2025-05-08 13:15:06,339 : INFO : EventManager : Event: ======'slide_mission_pinball_created'====== Args={'_from_bcp': True}
2025-05-08 13:15:06,339 : INFO : EventManager : Event: ======'slide_mission_pinball_active'====== Args={'_from_bcp': True}
2025-05-08 13:15:06,702 : INFO : SwitchController : <<<<<<< 's_start' active >>>>>>>
2025-05-08 13:15:06,825 : INFO : SwitchController : <<<<<<< 's_start' inactive >>>>>>>
2025-05-08 13:15:06,825 : INFO : EventManager : Event: ======'request_to_start_game'====== Args={}
2025-05-08 13:15:06,826 : INFO : EventManager : Event: ======'game_start'====== Args={'buttons': [], 'hold_time': 0.125}
2025-05-08 13:15:06,826 : INFO : EventManager : Event: ======'mode_game_will_start'====== Args={'buttons': [], 'hold_time': 0.125}
2025-05-08 13:15:06,826 : INFO : EventManager : Event: ======'mode_game_starting'====== Args={'buttons': [], 'hold_time': 0.125}
2025-05-08 13:15:06,826 : INFO : EventManager : Event: ======'mode_attract_will_stop'====== Args={}
2025-05-08 13:15:06,826 : INFO : EventManager : Event: ======'mode_attract_stopping'====== Args={}
2025-05-08 13:15:06,826 : INFO : Mode.attract : Stopped.
2025-05-08 13:15:06,827 : INFO : EventManager : Event: ======'modes_active_modes_changed'====== Args={}
2025-05-08 13:15:06,827 : INFO : EventManager : Event: ======'mode_attract_stopped'====== Args={}
2025-05-08 13:15:06,827 : INFO : EventManager : Event: ======'clear'====== Args={'key': 'attract'}
2025-05-08 13:15:06,827 : INFO : Mode.game : Started. Priority: 20
2025-05-08 13:15:06,827 : INFO : EventManager : Event: ======'modes_active_modes_changed'====== Args={}
2025-05-08 13:15:06,827 : INFO : EventManager : Event: ======'mode_game_started'====== Args={'buttons': [], 'hold_time': 0.125}
2025-05-08 13:15:06,834 : INFO : EventManager : Event: ======'game_will_start'====== Args={}
2025-05-08 13:15:06,835 : INFO : EventManager : Event: ======'game_starting'====== Args={'game': <Mode.game>}
2025-05-08 13:15:06,836 : INFO : EventManager : Unordered handler for class <Auditor> on event game_ended with priority 1. Handlers: [RegisteredHandler(callback=<bound method Auditor.disable of <Auditor>>, priority=1, kwargs={}, key=UUID('b61e3844-bc3c-4994-b5b7-59fd98f079a0'), condition=None, blocking_facility=None), RegisteredHandler(callback=<bound method Auditor._save_audits of <Auditor>>, priority=1, kwargs={}, key=UUID('f3e24512-43a3-4bde-a85c-de2ef19b1748'), condition=None, blocking_facility=None)]. The order of those handlers is not defined and they will be executed in random order. This might lead to race conditions and potential bugs.
2025-05-08 13:15:06,836 : INFO : EventManager : Event: ======'slide_awesome_slide_removed'====== Args={'_from_bcp': True}
2025-05-08 13:15:06,836 : INFO : EventManager : Event: ======'slide_press_start_removed'====== Args={'_from_bcp': True}
2025-05-08 13:15:06,836 : INFO : EventManager : Event: ======'slide_mission_pinball_removed'====== Args={'_from_bcp': True}
2025-05-08 13:15:06,837 : INFO : EventManager : Event: ======'player_add_request'====== Args={}
2025-05-08 13:15:06,837 : INFO : EventManager : Event: ======'player_will_add'====== Args={'number': 1}
2025-05-08 13:15:06,837 : INFO : EventManager : Event: ======'player_adding'====== Args={'player': <Player 1>, 'number': 1}
2025-05-08 13:15:06,837 : INFO : EventManager : Event: ======'player_added'====== Args={'player': <Player 1>, 'num': 1}
2025-05-08 13:15:06,837 : INFO : Mode.game : Player added successfully. Total players: 1
2025-05-08 13:15:06,837 : INFO : EventManager : Event: ======'player_index'====== Args={'value': 0, 'prev_value': 0, 'change': 0, 'player_num': 1}
2025-05-08 13:15:06,838 : INFO : EventManager : Event: ======'player_number'====== Args={'value': 1, 'prev_value': 1, 'change': 0, 'player_num': 1}
2025-05-08 13:15:06,838 : INFO : EventManager : Event: ======'player_score'====== Args={'value': 0, 'prev_value': 0, 'change': 0, 'player_num': 1}
2025-05-08 13:15:06,838 : INFO : EventManager : Event: ======'slide_welcome_slide_active'====== Args={'_from_bcp': True}
2025-05-08 13:15:06,838 : INFO : EventManager : Event: ======'game_started'====== Args={}
2025-05-08 13:15:06,844 : INFO : EventManager : Event: ======'player_turn_will_start'====== Args={'player': <Player 1>, 'number': 1}
2025-05-08 13:15:06,849 : INFO : EventManager : Event: ======'player_turn_starting'====== Args={'player': <Player 1>, 'number': 1}
2025-05-08 13:15:06,850 : INFO : EventManager : Event: ======'player_ball'====== Args={'value': 1, 'prev_value': 0, 'change': 1, 'player_num': 1}
2025-05-08 13:15:06,850 : INFO : EventManager : Event: ======'player_turn_started'====== Args={'player': <Player 1>, 'number': 1}
2025-05-08 13:15:06,851 : INFO : EventManager : Event: ======'ball_will_start'====== Args={'player': 1, 'ball': 1, 'balls_remaining': 2, 'is_extra_ball': False}
2025-05-08 13:15:06,853 : INFO : EventManager : Event: ======'ball_starting'====== Args={'player': 1, 'ball': 1, 'balls_remaining': 2, 'is_extra_ball': False}
2025-05-08 13:15:06,854 : INFO : EventManager : Event: ======'mode_base_will_start'====== Args={'queue': <QueuedEvent>, 'player': 1, 'ball': 1, 'balls_remaining': 2, 'is_extra_ball': False}
2025-05-08 13:15:06,854 : INFO : EventManager : Event: ======'mode_base_starting'====== Args={'queue': <QueuedEvent>, 'player': 1, 'ball': 1, 'balls_remaining': 2, 'is_extra_ball': False}
2025-05-08 13:15:06,854 : INFO : Mode.base : Started. Priority: 100
2025-05-08 13:15:06,854 : INFO : EventManager : Event: ======'modes_active_modes_changed'====== Args={}
2025-05-08 13:15:06,854 : INFO : EventManager : Event: ======'mode_base_started'====== Args={'queue': <QueuedEvent>, 'player': 1, 'ball': 1, 'balls_remaining': 2, 'is_extra_ball': False}
2025-05-08 13:15:06,855 : INFO : EventManager : Event: ======'balls_in_play'====== Args={'balls': 1}
2025-05-08 13:15:06,855 : INFO : EventManager : Event: ======'ball_started'====== Args={'player': 1, 'ball': 1, 'balls_remaining': 2, 'is_extra_ball': False}
2025-05-08 13:15:06,855 : INFO : EventManager : Event: ======'mode_lowerlanes_will_start'====== Args={'player': 1, 'ball': 1, 'balls_remaining': 2, 'is_extra_ball': False}
2025-05-08 13:15:06,855 : INFO : EventManager : Event: ======'player_shot_bonusLane_shot_enabled'====== Args={'value': True, 'prev_value': 0, 'change': 1, 'player_num': 1}
2025-05-08 13:15:06,855 : INFO : EventManager : Event: ======'player_shot_outLaneL_shot_enabled'====== Args={'value': True, 'prev_value': 0, 'change': 1, 'player_num': 1}
2025-05-08 13:15:06,856 : INFO : EventManager : Event: ======'player_shot_outLaneR_shot_enabled'====== Args={'value': True, 'prev_value': 0, 'change': 1, 'player_num': 1}
2025-05-08 13:15:06,856 : INFO : EventManager : Event: ======'outLane_shot_complete'====== Args={'state': 'unlit'}
2025-05-08 13:15:06,856 : INFO : EventManager : Event: ======'outLane_shot_unlit_complete'====== Args={}
2025-05-08 13:15:06,856 : INFO : EventManager : Event: ======'mode_lowerlanes_starting'====== Args={'player': 1, 'ball': 1, 'balls_remaining': 2, 'is_extra_ball': False}
2025-05-08 13:15:06,856 : INFO : EventManager : Event: ======'mode_returnlanes_will_start'====== Args={'player': 1, 'ball': 1, 'balls_remaining': 2, 'is_extra_ball': False}
2025-05-08 13:15:06,856 : INFO : EventManager : Event: ======'player_shot_returnLaneL_shot_enabled'====== Args={'value': True, 'prev_value': 0, 'change': 1, 'player_num': 1}
2025-05-08 13:15:06,857 : INFO : EventManager : Event: ======'player_shot_returnLaneR_shot_enabled'====== Args={'value': True, 'prev_value': 0, 'change': 1, 'player_num': 1}
2025-05-08 13:15:06,857 : INFO : EventManager : Event: ======'player_shot_spacewarp_rollover_shot_enabled'====== Args={'value': True, 'prev_value': 0, 'change': 1, 'player_num': 1}
2025-05-08 13:15:06,857 : INFO : EventManager : Event: ======'returnLane_shot_complete'====== Args={'state': 'unlit'}
2025-05-08 13:15:06,857 : INFO : EventManager : Event: ======'returnLane_shot_unlit_complete'====== Args={}
2025-05-08 13:15:06,858 : INFO : EventManager : Event: ======'mode_returnlanes_starting'====== Args={'player': 1, 'ball': 1, 'balls_remaining': 2, 'is_extra_ball': False}
2025-05-08 13:15:06,858 : INFO : EventManager : Event: ======'mode_reentry_will_start'====== Args={'player': 1, 'ball': 1, 'balls_remaining': 2, 'is_extra_ball': False}
2025-05-08 13:15:06,858 : INFO : EventManager : Event: ======'player_shot_reentryL_shot_enabled'====== Args={'value': True, 'prev_value': 0, 'change': 1, 'player_num': 1}
2025-05-08 13:15:06,858 : INFO : EventManager : Event: ======'player_shot_reentryM_shot_enabled'====== Args={'value': True, 'prev_value': 0, 'change': 1, 'player_num': 1}
2025-05-08 13:15:06,858 : INFO : EventManager : Event: ======'player_shot_reentryR_shot_enabled'====== Args={'value': True, 'prev_value': 0, 'change': 1, 'player_num': 1}
2025-05-08 13:15:06,859 : INFO : EventManager : Event: ======'player_shot_attack_bumper_left_shot_enabled'====== Args={'value': True, 'prev_value': 0, 'change': 1, 'player_num': 1}
2025-05-08 13:15:06,859 : INFO : EventManager : Event: ======'player_shot_attack_bumper_upper_shot_enabled'====== Args={'value': True, 'prev_value': 0, 'change': 1, 'player_num': 1}
2025-05-08 13:15:06,859 : INFO : EventManager : Event: ======'player_shot_attack_bumper_lower_shot_enabled'====== Args={'value': True, 'prev_value': 0, 'change': 1, 'player_num': 1}
2025-05-08 13:15:06,859 : INFO : EventManager : Event: ======'reentry_shot_complete'====== Args={'state': 'off'}
2025-05-08 13:15:06,859 : INFO : EventManager : Event: ======'reentry_shot_off_complete'====== Args={}
2025-05-08 13:15:06,859 : INFO : EventManager : Event: ======'attack_bumper_shot_complete'====== Args={'state': 'unlit'}
2025-05-08 13:15:06,859 : INFO : EventManager : Event: ======'attack_bumper_shot_unlit_complete'====== Args={}
2025-05-08 13:15:06,861 : INFO : EventManager : Event: ======'mode_reentry_starting'====== Args={'player': 1, 'ball': 1, 'balls_remaining': 2, 'is_extra_ball': False}
2025-05-08 13:15:06,861 : ERROR : asyncio : Exception in callback EventManager.process_event_queue()
handle: <Handle EventManager.process_event_queue()>
Traceback (most recent call last):
  File "C:\Users\student\mpfenv3\Lib\site-packages\mpf\core\events.py", line 755, in _run_handlers
    result = handler.callback(**merged_kwargs)
             ^^^^^^^^^^^^^^^^^^^^^^^^^^^^^^^^^
  File "C:\Users\student\mpfenv3\Lib\site-packages\mpf\devices\autofire.py", line 82, in event_enable
    self.enable()
  File "C:\Users\student\mpfenv3\Lib\site-packages\mpf\devices\autofire.py", line 123, in enable
    self._rule = self.machine.platform_controller.set_pulse_on_hit_rule(
                 ^^^^^^^^^^^^^^^^^^^^^^^^^^^^^^^^^^^^^^^^^^^^^^^^^^^^^^^
  File "C:\Users\student\mpfenv3\Lib\site-packages\mpf\core\platform_controller.py", line 200, in set_pulse_on_hit_rule
    platform.set_pulse_on_hit_rule(enable_settings, driver_settings)
  File "C:\Users\student\mpfenv3\Lib\site-packages\mpf\platforms\opp\opp.py", line 997, in set_pulse_on_hit_rule
    self._write_hw_rule(enable_switch, coil, use_hold=False, can_cancel=False)
  File "C:\Users\student\mpfenv3\Lib\site-packages\mpf\platforms\opp\opp.py", line 1063, in _write_hw_rule
    self._verify_coil_and_switch_fit(switch_obj, driver_obj)
  File "C:\Users\student\mpfenv3\Lib\site-packages\mpf\platforms\opp\opp.py", line 980, in _verify_coil_and_switch_fit
    self.raise_config_error('Invalid switch being configured for driver. Driver = {} '
  File "C:\Users\student\mpfenv3\Lib\site-packages\mpf\core\logging.py", line 174, in raise_config_error
    raise ConfigFileError(msg, error_no, self.log.name if self.log else "", context, self._url_base) \
mpf.exceptions.config_file_error.ConfigFileError: Config File Error in OPP: Invalid switch being configured for driver. Driver = 1-0-4 Switch = 0-0-9. Driver and switch have to be on the same board. Error Code: CFE-OPP-13 (https://missionpinball.org/logs)

The above exception was the direct cause of the following exception:

Traceback (most recent call last):
  File "C:\Program Files\Python311\Lib\asyncio\events.py", line 84, in _run
    self._context.run(self._callback, *self._args)
  File "C:\Users\student\mpfenv3\Lib\site-packages\mpf\core\events.py", line 846, in process_event_queue
    self._process_event(event=event[0],
  File "C:\Users\student\mpfenv3\Lib\site-packages\mpf\core\events.py", line 808, in _process_event
    result = self._run_handlers(event, ev_type, kwargs)
             ^^^^^^^^^^^^^^^^^^^^^^^^^^^^^^^^^^^^^^^^^^
  File "C:\Users\student\mpfenv3\Lib\site-packages\mpf\core\events.py", line 757, in _run_handlers
    raise EventHandlerException(
mpf.core.events.EventHandlerException: Exception while processing RegisteredHandler(callback=<bound method AutofireCoil.event_enable of <autofire.hyperspacekicker>>, priority=2, kwargs={}, key=UUID('fb0c41b3-4a60-4b77-bc8f-6a1c12195609'), condition=None, blocking_facility=None) for event ball_started. Config File Error in OPP: Invalid switch being configured for driver. Driver = 1-0-4 Switch = 0-0-9. Driver and switch have to be on the same board. Error Code: CFE-OPP-13 (https://missionpinball.org/logs)
2025-05-08 13:15:06,865 : INFO : Mode.returnlanes : Will not start because machine is shutting down.
2025-05-08 13:15:06,865 : INFO : Mode.lowerlanes : Will not start because machine is shutting down.
2025-05-08 13:15:06,885 : INFO : EventManager : Event: ======'logicblock_reentry_shot_complete_count_updated'====== Args={'value': 1, 'enabled': True}
2025-05-08 13:15:06,885 : INFO : EventManager : Event: ======'logicblock_reentry_shot_complete_count_updated'====== Args={'value': 1, 'enabled': True}
2025-05-08 13:15:06,885 : INFO : Mode.reentry : Will not start because machine is shutting down.
2025-05-08 13:15:06,886 : INFO : EventManager : Event: ======'slide_base.slide_player-mode_base_started_created'====== Args={'_from_bcp': True}
2025-05-08 13:15:06,886 : INFO : EventManager : Event: ======'slide_base.slide_player-mode_base_started_active'====== Args={'_from_bcp': True}
2025-05-08 13:15:06,886 : INFO : Machine : Shutting down...
2025-05-08 13:15:06,887 : INFO : EventManager : Event: ======'shutdown'====== Args={}
2025-05-08 13:15:06,887 : INFO : EventManager : Event: ======'mode_game_will_stop'====== Args={}
2025-05-08 13:15:06,887 : INFO : EventManager : Event: ======'mode_game_stopping'====== Args={}
2025-05-08 13:15:06,888 : INFO : EventManager : Event: ======'mode_base_will_stop'====== Args={}
2025-05-08 13:15:06,888 : INFO : EventManager : Event: ======'mode_base_stopping'====== Args={}
2025-05-08 13:15:06,889 : INFO : Mode.base : Stopped.
2025-05-08 13:15:06,889 : INFO : EventManager : Event: ======'modes_active_modes_changed'====== Args={}
2025-05-08 13:15:06,889 : INFO : EventManager : Event: ======'mode_base_stopped'====== Args={}
2025-05-08 13:15:06,889 : INFO : EventManager : Event: ======'clear'====== Args={'key': 'base'}
2025-05-08 13:15:06,890 : INFO : Mode.game : Stopped.
2025-05-08 13:15:06,890 : INFO : EventManager : Event: ======'modes_active_modes_changed'====== Args={}
2025-05-08 13:15:06,890 : INFO : EventManager : Event: ======'mode_game_stopped'====== Args={}
2025-05-08 13:15:06,890 : INFO : EventManager : Event: ======'clear'====== Args={'key': 'game'}
2025-05-08 13:15:06,891 : ERROR : OPP : Stop called on serial connection com5
2025-05-08 13:15:06,896 : ERROR : OPP : Stop called on serial connection com4
2025-05-08 13:15:07,159 : WARNING : OPP : Poll took more than 250.0ms for 0
2025-05-08 13:15:07,160 : ERROR : asyncio : Exception in callback Util.raise_exceptions(<Task finishe...ute 'write'")>) at C:\Users\student\mpfenv3\Lib\site-packages\mpf\core\utility_functions.py:790
handle: <Handle Util.raise_exceptions(<Task finishe...ute 'write'")>) at C:\Users\student\mpfenv3\Lib\site-packages\mpf\core\utility_functions.py:790>
Traceback (most recent call last):
  File "C:\Program Files\Python311\Lib\asyncio\events.py", line 84, in _run
    self._context.run(self._callback, *self._args)
  File "C:\Users\student\mpfenv3\Lib\site-packages\mpf\core\utility_functions.py", line 798, in raise_exceptions
    future.result()
  File "C:\Users\student\mpfenv3\Lib\site-packages\mpf\platforms\opp\opp.py", line 970, in _poll_sender
    self.send_to_processor(chain_serial, self.read_input_msg[chain_serial])
  File "C:\Users\student\mpfenv3\Lib\site-packages\mpf\platforms\opp\opp.py", line 349, in send_to_processor
    self.opp_connection[chain_serial].send(msg)
  File "C:\Users\student\mpfenv3\Lib\site-packages\mpf\platforms\base_serial_communicator.py", line 161, in send
    self.writer.write(msg)
    ^^^^^^^^^^^^^^^^^
AttributeError: 'NoneType' object has no attribute 'write'
2025-05-08 13:15:07,166 : ERROR : Machine : Runtime Exception
Traceback (most recent call last):
  File "C:\Users\student\mpfenv3\Lib\site-packages\mpf\core\events.py", line 755, in _run_handlers
    result = handler.callback(**merged_kwargs)
             ^^^^^^^^^^^^^^^^^^^^^^^^^^^^^^^^^
  File "C:\Users\student\mpfenv3\Lib\site-packages\mpf\devices\autofire.py", line 82, in event_enable
    self.enable()
  File "C:\Users\student\mpfenv3\Lib\site-packages\mpf\devices\autofire.py", line 123, in enable
    self._rule = self.machine.platform_controller.set_pulse_on_hit_rule(
                 ^^^^^^^^^^^^^^^^^^^^^^^^^^^^^^^^^^^^^^^^^^^^^^^^^^^^^^^
  File "C:\Users\student\mpfenv3\Lib\site-packages\mpf\core\platform_controller.py", line 200, in set_pulse_on_hit_rule
    platform.set_pulse_on_hit_rule(enable_settings, driver_settings)
  File "C:\Users\student\mpfenv3\Lib\site-packages\mpf\platforms\opp\opp.py", line 997, in set_pulse_on_hit_rule
    self._write_hw_rule(enable_switch, coil, use_hold=False, can_cancel=False)
  File "C:\Users\student\mpfenv3\Lib\site-packages\mpf\platforms\opp\opp.py", line 1063, in _write_hw_rule
    self._verify_coil_and_switch_fit(switch_obj, driver_obj)
  File "C:\Users\student\mpfenv3\Lib\site-packages\mpf\platforms\opp\opp.py", line 980, in _verify_coil_and_switch_fit
    self.raise_config_error('Invalid switch being configured for driver. Driver = {} '
  File "C:\Users\student\mpfenv3\Lib\site-packages\mpf\core\logging.py", line 174, in raise_config_error
    raise ConfigFileError(msg, error_no, self.log.name if self.log else "", context, self._url_base) \
mpf.exceptions.config_file_error.ConfigFileError: Config File Error in OPP: Invalid switch being configured for driver. Driver = 1-0-4 Switch = 0-0-9. Driver and switch have to be on the same board. Error Code: CFE-OPP-13 (https://missionpinball.org/logs)

The above exception was the direct cause of the following exception:

Traceback (most recent call last):
  File "C:\Users\student\mpfenv3\Lib\site-packages\mpf\core\machine.py", line 808, in _run_loop
    raise self._exception['exception']
  File "C:\Program Files\Python311\Lib\asyncio\events.py", line 84, in _run
    self._context.run(self._callback, *self._args)
  File "C:\Users\student\mpfenv3\Lib\site-packages\mpf\core\events.py", line 846, in process_event_queue
    self._process_event(event=event[0],
  File "C:\Users\student\mpfenv3\Lib\site-packages\mpf\core\events.py", line 808, in _process_event
    result = self._run_handlers(event, ev_type, kwargs)
             ^^^^^^^^^^^^^^^^^^^^^^^^^^^^^^^^^^^^^^^^^^
  File "C:\Users\student\mpfenv3\Lib\site-packages\mpf\core\events.py", line 757, in _run_handlers
    raise EventHandlerException(
mpf.core.events.EventHandlerException: Exception while processing RegisteredHandler(callback=<bound method AutofireCoil.event_enable of <autofire.hyperspacekicker>>, priority=2, kwargs={}, key=UUID('fb0c41b3-4a60-4b77-bc8f-6a1c12195609'), condition=None, blocking_facility=None) for event ball_started. Config File Error in OPP: Invalid switch being configured for driver. Driver = 1-0-4 Switch = 0-0-9. Driver and switch have to be on the same board. Error Code: CFE-OPP-13 (https://missionpinball.org/logs)
2025-05-08 13:15:11,581 : ERROR : root : 
Traceback (most recent call last):
  File "C:\Users\student\mpfenv3\Lib\site-packages\mpf\core\events.py", line 755, in _run_handlers
    result = handler.callback(**merged_kwargs)
             ^^^^^^^^^^^^^^^^^^^^^^^^^^^^^^^^^
  File "C:\Users\student\mpfenv3\Lib\site-packages\mpf\devices\autofire.py", line 82, in event_enable
    self.enable()
  File "C:\Users\student\mpfenv3\Lib\site-packages\mpf\devices\autofire.py", line 123, in enable
    self._rule = self.machine.platform_controller.set_pulse_on_hit_rule(
                 ^^^^^^^^^^^^^^^^^^^^^^^^^^^^^^^^^^^^^^^^^^^^^^^^^^^^^^^
  File "C:\Users\student\mpfenv3\Lib\site-packages\mpf\core\platform_controller.py", line 200, in set_pulse_on_hit_rule
    platform.set_pulse_on_hit_rule(enable_settings, driver_settings)
  File "C:\Users\student\mpfenv3\Lib\site-packages\mpf\platforms\opp\opp.py", line 997, in set_pulse_on_hit_rule
    self._write_hw_rule(enable_switch, coil, use_hold=False, can_cancel=False)
  File "C:\Users\student\mpfenv3\Lib\site-packages\mpf\platforms\opp\opp.py", line 1063, in _write_hw_rule
    self._verify_coil_and_switch_fit(switch_obj, driver_obj)
  File "C:\Users\student\mpfenv3\Lib\site-packages\mpf\platforms\opp\opp.py", line 980, in _verify_coil_and_switch_fit
    self.raise_config_error('Invalid switch being configured for driver. Driver = {} '
  File "C:\Users\student\mpfenv3\Lib\site-packages\mpf\core\logging.py", line 174, in raise_config_error
    raise ConfigFileError(msg, error_no, self.log.name if self.log else "", context, self._url_base) \
mpf.exceptions.config_file_error.ConfigFileError: Config File Error in OPP: Invalid switch being configured for driver. Driver = 1-0-4 Switch = 0-0-9. Driver and switch have to be on the same board. Error Code: CFE-OPP-13 (https://missionpinball.org/logs)

The above exception was the direct cause of the following exception:

Traceback (most recent call last):
  File "C:\Users\student\mpfenv3\Lib\site-packages\mpf\core\machine.py", line 808, in _run_loop
    raise self._exception['exception']
  File "C:\Program Files\Python311\Lib\asyncio\events.py", line 84, in _run
    self._context.run(self._callback, *self._args)
  File "C:\Users\student\mpfenv3\Lib\site-packages\mpf\core\events.py", line 846, in process_event_queue
    self._process_event(event=event[0],
  File "C:\Users\student\mpfenv3\Lib\site-packages\mpf\core\events.py", line 808, in _process_event
    result = self._run_handlers(event, ev_type, kwargs)
             ^^^^^^^^^^^^^^^^^^^^^^^^^^^^^^^^^^^^^^^^^^
  File "C:\Users\student\mpfenv3\Lib\site-packages\mpf\core\events.py", line 757, in _run_handlers
    raise EventHandlerException(
mpf.core.events.EventHandlerException: Exception while processing RegisteredHandler(callback=<bound method AutofireCoil.event_enable of <autofire.hyperspacekicker>>, priority=2, kwargs={}, key=UUID('fb0c41b3-4a60-4b77-bc8f-6a1c12195609'), condition=None, blocking_facility=None) for event ball_started. Config File Error in OPP: Invalid switch being configured for driver. Driver = 1-0-4 Switch = 0-0-9. Driver and switch have to be on the same board. Error Code: CFE-OPP-13 (https://missionpinball.org/logs)

During handling of the above exception, another exception occurred:

Traceback (most recent call last):
  File "C:\Users\student\mpfenv3\Lib\site-packages\mpf\commands\game.py", line 240, in __init__
    self.machine.run()
  File "C:\Users\student\mpfenv3\Lib\site-packages\mpf\core\machine.py", line 704, in run
    self._run_loop()
  File "C:\Users\student\mpfenv3\Lib\site-packages\mpf\core\machine.py", line 811, in _run_loop
    report_crash(self._exception['exception'], "exception_during_run", self.config)
  File "C:\Users\student\mpfenv3\Lib\site-packages\mpf\core\crash_reporter.py", line 236, in report_crash
    response = input("Do you want to report the crash to the MPF team (yes/no/show)? ")
               ^^^^^^^^^^^^^^^^^^^^^^^^^^^^^^^^^^^^^^^^^^^^^^^^^^^^^^^^^^^^^^^^^^^^^^^^
EOFError
